[2023-06-10T01:56:05.719+0000] {taskinstance.py:1165} INFO - Dependencies all met for <TaskInstance: fhv_taxi_data.download_dataset_task scheduled__2020-11-02T07:00:00+00:00 [queued]>
[2023-06-10T01:56:05.734+0000] {taskinstance.py:1165} INFO - Dependencies all met for <TaskInstance: fhv_taxi_data.download_dataset_task scheduled__2020-11-02T07:00:00+00:00 [queued]>
[2023-06-10T01:56:05.735+0000] {taskinstance.py:1362} INFO - 
--------------------------------------------------------------------------------
[2023-06-10T01:56:05.735+0000] {taskinstance.py:1363} INFO - Starting attempt 1 of 2
[2023-06-10T01:56:05.736+0000] {taskinstance.py:1364} INFO - 
--------------------------------------------------------------------------------
[2023-06-10T01:56:05.747+0000] {taskinstance.py:1383} INFO - Executing <Task(BashOperator): download_dataset_task> on 2020-11-02 07:00:00+00:00
[2023-06-10T01:56:05.752+0000] {standard_task_runner.py:54} INFO - Started process 3244 to run task
[2023-06-10T01:56:05.762+0000] {standard_task_runner.py:82} INFO - Running: ['***', 'tasks', 'run', 'fhv_taxi_data', 'download_dataset_task', 'scheduled__2020-11-02T07:00:00+00:00', '--job-id', '155', '--raw', '--subdir', 'DAGS_FOLDER/data_ingestion_gcs_multiFile_v02.py', '--cfg-path', '/tmp/tmprownxqi8']
[2023-06-10T01:56:05.768+0000] {standard_task_runner.py:83} INFO - Job 155: Subtask download_dataset_task
[2023-06-10T01:56:05.772+0000] {dagbag.py:525} INFO - Filling up the DagBag from /opt/***/dags/data_ingestion_gcs_multiFile_v02.py
[2023-06-10T01:56:05.857+0000] {data_ingestion_gcs_multiFile_v02.py:20} INFO - dtc_data_lake_dtc-dezc-001 is the bucket.
[2023-06-10T01:56:05.877+0000] {warnings.py:110} WARNING - /home/***/.local/lib/python3.7/site-packages/***/configuration.py:545: DeprecationWarning: The sql_alchemy_conn option in [core] has been moved to the sql_alchemy_conn option in [database] - the old setting has been used, but please update your config.
  option = self._get_environment_variables(deprecated_key, deprecated_section, key, section)

[2023-06-10T01:56:05.927+0000] {task_command.py:384} INFO - Running <TaskInstance: fhv_taxi_data.download_dataset_task scheduled__2020-11-02T07:00:00+00:00 [running]> on host f41d61956f54
[2023-06-10T01:56:05.957+0000] {warnings.py:110} WARNING - /home/***/.local/lib/python3.7/site-packages/***/utils/context.py:204: AirflowContextDeprecationWarning: Accessing 'execution_date' from the template is deprecated and will be removed in a future version. Please use 'data_interval_start' or 'logical_date' instead.
  warnings.warn(_create_deprecation_warning(key, self._deprecation_replacements[key]))

[2023-06-10T01:56:05.991+0000] {taskinstance.py:1592} INFO - Exporting the following env vars:
AIRFLOW_CTX_DAG_OWNER=admin
AIRFLOW_CTX_DAG_ID=fhv_taxi_data
AIRFLOW_CTX_TASK_ID=download_dataset_task
AIRFLOW_CTX_EXECUTION_DATE=2020-11-02T07:00:00+00:00
AIRFLOW_CTX_TRY_NUMBER=1
AIRFLOW_CTX_DAG_RUN_ID=scheduled__2020-11-02T07:00:00+00:00
[2023-06-10T01:56:05.992+0000] {subprocess.py:63} INFO - Tmp dir root location: 
 /tmp
[2023-06-10T01:56:05.993+0000] {subprocess.py:75} INFO - Running command: ['/bin/bash', '-c', 'curl -sSLf https://github.com/DataTalksClub/nyc-tlc-data/releases/tag/fhv/fhv_tripdata_2020-11.csv.gz > /opt/***/fhv_tripdata_2020-11.csv.gz']
[2023-06-10T01:56:06.004+0000] {subprocess.py:86} INFO - Output:
[2023-06-10T01:56:06.653+0000] {subprocess.py:97} INFO - Command exited with return code 0
[2023-06-10T01:56:06.676+0000] {taskinstance.py:1406} INFO - Marking task as SUCCESS. dag_id=fhv_taxi_data, task_id=download_dataset_task, execution_date=20201102T070000, start_date=20230610T015605, end_date=20230610T015606
[2023-06-10T01:56:06.697+0000] {local_task_job.py:164} INFO - Task exited with return code 0
[2023-06-10T01:56:06.723+0000] {local_task_job.py:273} INFO - 0 downstream tasks scheduled from follow-on schedule check
[2023-06-11T01:36:38.773+0000] {taskinstance.py:1165} INFO - Dependencies all met for <TaskInstance: fhv_taxi_data.download_dataset_task scheduled__2020-11-02T07:00:00+00:00 [queued]>
[2023-06-11T01:36:38.781+0000] {taskinstance.py:1165} INFO - Dependencies all met for <TaskInstance: fhv_taxi_data.download_dataset_task scheduled__2020-11-02T07:00:00+00:00 [queued]>
[2023-06-11T01:36:38.782+0000] {taskinstance.py:1362} INFO - 
--------------------------------------------------------------------------------
[2023-06-11T01:36:38.783+0000] {taskinstance.py:1363} INFO - Starting attempt 1 of 2
[2023-06-11T01:36:38.783+0000] {taskinstance.py:1364} INFO - 
--------------------------------------------------------------------------------
[2023-06-11T01:36:38.791+0000] {taskinstance.py:1383} INFO - Executing <Task(BashOperator): download_dataset_task> on 2020-11-02 07:00:00+00:00
[2023-06-11T01:36:38.796+0000] {standard_task_runner.py:54} INFO - Started process 7238 to run task
[2023-06-11T01:36:38.799+0000] {standard_task_runner.py:82} INFO - Running: ['***', 'tasks', 'run', 'fhv_taxi_data', 'download_dataset_task', 'scheduled__2020-11-02T07:00:00+00:00', '--job-id', '729', '--raw', '--subdir', 'DAGS_FOLDER/data_ingestion_gcs_multiFile_v02.py', '--cfg-path', '/tmp/tmp3530dnw2']
[2023-06-11T01:36:38.800+0000] {standard_task_runner.py:83} INFO - Job 729: Subtask download_dataset_task
[2023-06-11T01:36:38.801+0000] {dagbag.py:525} INFO - Filling up the DagBag from /opt/***/dags/data_ingestion_gcs_multiFile_v02.py
[2023-06-11T01:36:38.861+0000] {data_ingestion_gcs_multiFile_v02.py:20} INFO - dtc_data_lake_dtc-dezc-001 is the bucket.
[2023-06-11T01:36:38.877+0000] {warnings.py:110} WARNING - /home/***/.local/lib/python3.7/site-packages/***/configuration.py:545: DeprecationWarning: The sql_alchemy_conn option in [core] has been moved to the sql_alchemy_conn option in [database] - the old setting has been used, but please update your config.
  option = self._get_environment_variables(deprecated_key, deprecated_section, key, section)

[2023-06-11T01:36:38.920+0000] {task_command.py:384} INFO - Running <TaskInstance: fhv_taxi_data.download_dataset_task scheduled__2020-11-02T07:00:00+00:00 [running]> on host f41d61956f54
[2023-06-11T01:36:38.945+0000] {warnings.py:110} WARNING - /home/***/.local/lib/python3.7/site-packages/***/utils/context.py:204: AirflowContextDeprecationWarning: Accessing 'execution_date' from the template is deprecated and will be removed in a future version. Please use 'data_interval_start' or 'logical_date' instead.
  warnings.warn(_create_deprecation_warning(key, self._deprecation_replacements[key]))

[2023-06-11T01:36:38.981+0000] {taskinstance.py:1592} INFO - Exporting the following env vars:
AIRFLOW_CTX_DAG_OWNER=admin
AIRFLOW_CTX_DAG_ID=fhv_taxi_data
AIRFLOW_CTX_TASK_ID=download_dataset_task
AIRFLOW_CTX_EXECUTION_DATE=2020-11-02T07:00:00+00:00
AIRFLOW_CTX_TRY_NUMBER=1
AIRFLOW_CTX_DAG_RUN_ID=scheduled__2020-11-02T07:00:00+00:00
[2023-06-11T01:36:38.982+0000] {subprocess.py:63} INFO - Tmp dir root location: 
 /tmp
[2023-06-11T01:36:38.983+0000] {subprocess.py:75} INFO - Running command: ['/bin/bash', '-c', 'curl -sSLf https://github.com/DataTalksClub/nyc-tlc-data/releases/download/fhv/fhv_tripdata_2020-11.csv.gz > /opt/***/fhv_tripdata_2020-11.csv.gz']
[2023-06-11T01:36:38.993+0000] {subprocess.py:86} INFO - Output:
[2023-06-11T01:36:41.281+0000] {subprocess.py:97} INFO - Command exited with return code 0
[2023-06-11T01:36:41.321+0000] {taskinstance.py:1406} INFO - Marking task as SUCCESS. dag_id=fhv_taxi_data, task_id=download_dataset_task, execution_date=20201102T070000, start_date=20230611T013638, end_date=20230611T013641
[2023-06-11T01:36:41.385+0000] {local_task_job.py:164} INFO - Task exited with return code 0
[2023-06-11T01:36:41.406+0000] {local_task_job.py:273} INFO - 1 downstream tasks scheduled from follow-on schedule check
