[2023-06-11T00:54:07.106+0000] {taskinstance.py:1165} INFO - Dependencies all met for <TaskInstance: yellow_taxi_data.local_to_gcs_task scheduled__2019-01-02T06:00:00+00:00 [queued]>
[2023-06-11T00:54:07.113+0000] {taskinstance.py:1165} INFO - Dependencies all met for <TaskInstance: yellow_taxi_data.local_to_gcs_task scheduled__2019-01-02T06:00:00+00:00 [queued]>
[2023-06-11T00:54:07.114+0000] {taskinstance.py:1362} INFO - 
--------------------------------------------------------------------------------
[2023-06-11T00:54:07.115+0000] {taskinstance.py:1363} INFO - Starting attempt 1 of 2
[2023-06-11T00:54:07.115+0000] {taskinstance.py:1364} INFO - 
--------------------------------------------------------------------------------
[2023-06-11T00:54:07.124+0000] {taskinstance.py:1383} INFO - Executing <Task(PythonOperator): local_to_gcs_task> on 2019-01-02 06:00:00+00:00
[2023-06-11T00:54:07.128+0000] {standard_task_runner.py:54} INFO - Started process 2876 to run task
[2023-06-11T00:54:07.132+0000] {standard_task_runner.py:82} INFO - Running: ['***', 'tasks', 'run', 'yellow_taxi_data', 'local_to_gcs_task', 'scheduled__2019-01-02T06:00:00+00:00', '--job-id', '375', '--pool', 'default_pool', '--raw', '--subdir', 'DAGS_FOLDER/data_ingestion_gcs_multiFile_v02.py', '--cfg-path', '/tmp/tmpbyoqlq_q']
[2023-06-11T00:54:07.133+0000] {standard_task_runner.py:83} INFO - Job 375: Subtask local_to_gcs_task
[2023-06-11T00:54:07.134+0000] {dagbag.py:525} INFO - Filling up the DagBag from /opt/***/dags/data_ingestion_gcs_multiFile_v02.py
[2023-06-11T00:54:07.202+0000] {data_ingestion_gcs_multiFile_v02.py:20} INFO - dtc_data_lake_dtc-dezc-001 is the bucket.
[2023-06-11T00:54:07.217+0000] {warnings.py:110} WARNING - /home/***/.local/lib/python3.7/site-packages/***/configuration.py:545: DeprecationWarning: The sql_alchemy_conn option in [core] has been moved to the sql_alchemy_conn option in [database] - the old setting has been used, but please update your config.
  option = self._get_environment_variables(deprecated_key, deprecated_section, key, section)

[2023-06-11T00:54:07.251+0000] {task_command.py:384} INFO - Running <TaskInstance: yellow_taxi_data.local_to_gcs_task scheduled__2019-01-02T06:00:00+00:00 [running]> on host f41d61956f54
[2023-06-11T00:54:07.273+0000] {warnings.py:110} WARNING - /home/***/.local/lib/python3.7/site-packages/***/utils/context.py:204: AirflowContextDeprecationWarning: Accessing 'execution_date' from the template is deprecated and will be removed in a future version. Please use 'data_interval_start' or 'logical_date' instead.
  warnings.warn(_create_deprecation_warning(key, self._deprecation_replacements[key]))

[2023-06-11T00:54:07.299+0000] {taskinstance.py:1592} INFO - Exporting the following env vars:
AIRFLOW_CTX_DAG_OWNER=admin
AIRFLOW_CTX_DAG_ID=yellow_taxi_data
AIRFLOW_CTX_TASK_ID=local_to_gcs_task
AIRFLOW_CTX_EXECUTION_DATE=2019-01-02T06:00:00+00:00
AIRFLOW_CTX_TRY_NUMBER=1
AIRFLOW_CTX_DAG_RUN_ID=scheduled__2019-01-02T06:00:00+00:00
[2023-06-11T00:54:08.356+0000] {data_ingestion_gcs_multiFile_v02.py:47} INFO - Blob is <Blob: dtc_data_lake_dtc-dezc-001, raw/yellow_tripdata/2019/yellow_tripdata_2019-01.parquet, None>
[2023-06-11T00:58:37.731+0000] {python.py:177} INFO - Done. Returned value was: None
[2023-06-11T00:58:37.771+0000] {taskinstance.py:1406} INFO - Marking task as SUCCESS. dag_id=yellow_taxi_data, task_id=local_to_gcs_task, execution_date=20190102T060000, start_date=20230611T005407, end_date=20230611T005837
[2023-06-11T00:58:37.843+0000] {local_task_job.py:164} INFO - Task exited with return code 0
[2023-06-11T00:58:37.864+0000] {local_task_job.py:273} INFO - 1 downstream tasks scheduled from follow-on schedule check
[2023-06-11T01:02:41.245+0000] {taskinstance.py:1165} INFO - Dependencies all met for <TaskInstance: yellow_taxi_data.local_to_gcs_task scheduled__2019-01-02T06:00:00+00:00 [queued]>
[2023-06-11T01:02:41.252+0000] {taskinstance.py:1165} INFO - Dependencies all met for <TaskInstance: yellow_taxi_data.local_to_gcs_task scheduled__2019-01-02T06:00:00+00:00 [queued]>
[2023-06-11T01:02:41.252+0000] {taskinstance.py:1362} INFO - 
--------------------------------------------------------------------------------
[2023-06-11T01:02:41.253+0000] {taskinstance.py:1363} INFO - Starting attempt 1 of 2
[2023-06-11T01:02:41.254+0000] {taskinstance.py:1364} INFO - 
--------------------------------------------------------------------------------
[2023-06-11T01:02:41.263+0000] {taskinstance.py:1383} INFO - Executing <Task(PythonOperator): local_to_gcs_task> on 2019-01-02 06:00:00+00:00
[2023-06-11T01:02:41.267+0000] {standard_task_runner.py:54} INFO - Started process 3372 to run task
[2023-06-11T01:02:41.271+0000] {standard_task_runner.py:82} INFO - Running: ['***', 'tasks', 'run', 'yellow_taxi_data', 'local_to_gcs_task', 'scheduled__2019-01-02T06:00:00+00:00', '--job-id', '386', '--raw', '--subdir', 'DAGS_FOLDER/data_ingestion_gcs_multiFile_v02.py', '--cfg-path', '/tmp/tmp88e4ojlr']
[2023-06-11T01:02:41.272+0000] {standard_task_runner.py:83} INFO - Job 386: Subtask local_to_gcs_task
[2023-06-11T01:02:41.273+0000] {dagbag.py:525} INFO - Filling up the DagBag from /opt/***/dags/data_ingestion_gcs_multiFile_v02.py
[2023-06-11T01:02:41.348+0000] {data_ingestion_gcs_multiFile_v02.py:20} INFO - dtc_data_lake_dtc-dezc-001 is the bucket.
[2023-06-11T01:02:41.365+0000] {warnings.py:110} WARNING - /home/***/.local/lib/python3.7/site-packages/***/configuration.py:545: DeprecationWarning: The sql_alchemy_conn option in [core] has been moved to the sql_alchemy_conn option in [database] - the old setting has been used, but please update your config.
  option = self._get_environment_variables(deprecated_key, deprecated_section, key, section)

[2023-06-11T01:02:41.407+0000] {task_command.py:384} INFO - Running <TaskInstance: yellow_taxi_data.local_to_gcs_task scheduled__2019-01-02T06:00:00+00:00 [running]> on host f41d61956f54
[2023-06-11T01:02:41.431+0000] {warnings.py:110} WARNING - /home/***/.local/lib/python3.7/site-packages/***/utils/context.py:204: AirflowContextDeprecationWarning: Accessing 'execution_date' from the template is deprecated and will be removed in a future version. Please use 'data_interval_start' or 'logical_date' instead.
  warnings.warn(_create_deprecation_warning(key, self._deprecation_replacements[key]))

[2023-06-11T01:02:41.461+0000] {taskinstance.py:1592} INFO - Exporting the following env vars:
AIRFLOW_CTX_DAG_OWNER=admin
AIRFLOW_CTX_DAG_ID=yellow_taxi_data
AIRFLOW_CTX_TASK_ID=local_to_gcs_task
AIRFLOW_CTX_EXECUTION_DATE=2019-01-02T06:00:00+00:00
AIRFLOW_CTX_TRY_NUMBER=1
AIRFLOW_CTX_DAG_RUN_ID=scheduled__2019-01-02T06:00:00+00:00
[2023-06-11T01:02:42.576+0000] {data_ingestion_gcs_multiFile_v02.py:47} INFO - Blob is <Blob: dtc_data_lake_dtc-dezc-001, raw/yellow_tripdata/2019/yellow_tripdata_2019-01.parquet, None>
[2023-06-11T01:05:34.340+0000] {python.py:177} INFO - Done. Returned value was: None
[2023-06-11T01:05:34.356+0000] {taskinstance.py:1406} INFO - Marking task as SUCCESS. dag_id=yellow_taxi_data, task_id=local_to_gcs_task, execution_date=20190102T060000, start_date=20230611T010241, end_date=20230611T010534
[2023-06-11T01:05:34.420+0000] {local_task_job.py:164} INFO - Task exited with return code 0
[2023-06-11T01:05:34.439+0000] {local_task_job.py:273} INFO - 1 downstream tasks scheduled from follow-on schedule check
