[2023-06-11T01:47:18.255+0000] {taskinstance.py:1165} INFO - Dependencies all met for <TaskInstance: yellow_taxi_data.purge_task scheduled__2021-07-02T06:00:00+00:00 [queued]>
[2023-06-11T01:47:18.262+0000] {taskinstance.py:1165} INFO - Dependencies all met for <TaskInstance: yellow_taxi_data.purge_task scheduled__2021-07-02T06:00:00+00:00 [queued]>
[2023-06-11T01:47:18.263+0000] {taskinstance.py:1362} INFO - 
--------------------------------------------------------------------------------
[2023-06-11T01:47:18.264+0000] {taskinstance.py:1363} INFO - Starting attempt 1 of 2
[2023-06-11T01:47:18.264+0000] {taskinstance.py:1364} INFO - 
--------------------------------------------------------------------------------
[2023-06-11T01:47:18.272+0000] {taskinstance.py:1383} INFO - Executing <Task(BashOperator): purge_task> on 2021-07-02 06:00:00+00:00
[2023-06-11T01:47:18.276+0000] {standard_task_runner.py:54} INFO - Started process 7765 to run task
[2023-06-11T01:47:18.280+0000] {standard_task_runner.py:82} INFO - Running: ['***', 'tasks', 'run', 'yellow_taxi_data', 'purge_task', 'scheduled__2021-07-02T06:00:00+00:00', '--job-id', '782', '--raw', '--subdir', 'DAGS_FOLDER/data_ingestion_gcs_multiFile_v02.py', '--cfg-path', '/tmp/tmpk10s6rlg']
[2023-06-11T01:47:18.281+0000] {standard_task_runner.py:83} INFO - Job 782: Subtask purge_task
[2023-06-11T01:47:18.282+0000] {dagbag.py:525} INFO - Filling up the DagBag from /opt/***/dags/data_ingestion_gcs_multiFile_v02.py
[2023-06-11T01:47:18.347+0000] {data_ingestion_gcs_multiFile_v02.py:20} INFO - dtc_data_lake_dtc-dezc-001 is the bucket.
[2023-06-11T01:47:18.362+0000] {warnings.py:110} WARNING - /home/***/.local/lib/python3.7/site-packages/***/configuration.py:545: DeprecationWarning: The sql_alchemy_conn option in [core] has been moved to the sql_alchemy_conn option in [database] - the old setting has been used, but please update your config.
  option = self._get_environment_variables(deprecated_key, deprecated_section, key, section)

[2023-06-11T01:47:18.403+0000] {task_command.py:384} INFO - Running <TaskInstance: yellow_taxi_data.purge_task scheduled__2021-07-02T06:00:00+00:00 [running]> on host f41d61956f54
[2023-06-11T01:47:18.425+0000] {warnings.py:110} WARNING - /home/***/.local/lib/python3.7/site-packages/***/utils/context.py:204: AirflowContextDeprecationWarning: Accessing 'execution_date' from the template is deprecated and will be removed in a future version. Please use 'data_interval_start' or 'logical_date' instead.
  warnings.warn(_create_deprecation_warning(key, self._deprecation_replacements[key]))

[2023-06-11T01:47:18.452+0000] {taskinstance.py:1592} INFO - Exporting the following env vars:
AIRFLOW_CTX_DAG_OWNER=admin
AIRFLOW_CTX_DAG_ID=yellow_taxi_data
AIRFLOW_CTX_TASK_ID=purge_task
AIRFLOW_CTX_EXECUTION_DATE=2021-07-02T06:00:00+00:00
AIRFLOW_CTX_TRY_NUMBER=1
AIRFLOW_CTX_DAG_RUN_ID=scheduled__2021-07-02T06:00:00+00:00
[2023-06-11T01:47:18.453+0000] {subprocess.py:63} INFO - Tmp dir root location: 
 /tmp
[2023-06-11T01:47:18.454+0000] {subprocess.py:75} INFO - Running command: ['/bin/bash', '-c', 'rm /opt/***/yellow_tripdata_2021-07.csv.gz /opt/***/yellow_tripdata_2021-07.parquet']
[2023-06-11T01:47:18.465+0000] {subprocess.py:86} INFO - Output:
[2023-06-11T01:47:18.513+0000] {subprocess.py:97} INFO - Command exited with return code 0
[2023-06-11T01:47:18.535+0000] {taskinstance.py:1406} INFO - Marking task as SUCCESS. dag_id=yellow_taxi_data, task_id=purge_task, execution_date=20210702T060000, start_date=20230611T014718, end_date=20230611T014718
[2023-06-11T01:47:18.574+0000] {local_task_job.py:164} INFO - Task exited with return code 0
[2023-06-11T01:47:18.589+0000] {local_task_job.py:273} INFO - 0 downstream tasks scheduled from follow-on schedule check
