[2023-06-07T00:00:30.970+0000] {taskinstance.py:1165} INFO - Dependencies all met for <TaskInstance: data_ingestion_gcs_dag.bigquery_external_table_task scheduled__2023-06-06T00:00:00+00:00 [queued]>
[2023-06-07T00:00:30.976+0000] {taskinstance.py:1165} INFO - Dependencies all met for <TaskInstance: data_ingestion_gcs_dag.bigquery_external_table_task scheduled__2023-06-06T00:00:00+00:00 [queued]>
[2023-06-07T00:00:30.977+0000] {taskinstance.py:1362} INFO - 
--------------------------------------------------------------------------------
[2023-06-07T00:00:30.977+0000] {taskinstance.py:1363} INFO - Starting attempt 1 of 2
[2023-06-07T00:00:30.978+0000] {taskinstance.py:1364} INFO - 
--------------------------------------------------------------------------------
[2023-06-07T00:00:30.984+0000] {taskinstance.py:1383} INFO - Executing <Task(BigQueryCreateExternalTableOperator): bigquery_external_table_task> on 2023-06-06 00:00:00+00:00
[2023-06-07T00:00:30.989+0000] {standard_task_runner.py:54} INFO - Started process 4619 to run task
[2023-06-07T00:00:30.993+0000] {standard_task_runner.py:82} INFO - Running: ['***', 'tasks', 'run', 'data_ingestion_gcs_dag', 'bigquery_external_table_task', 'scheduled__2023-06-06T00:00:00+00:00', '--job-id', '20', '--raw', '--subdir', 'DAGS_FOLDER/data_ingestion_gcs.py', '--cfg-path', '/tmp/tmp718dk23b']
[2023-06-07T00:00:30.994+0000] {standard_task_runner.py:83} INFO - Job 20: Subtask bigquery_external_table_task
[2023-06-07T00:00:30.995+0000] {dagbag.py:525} INFO - Filling up the DagBag from /opt/***/dags/data_ingestion_gcs.py
[2023-06-07T00:00:31.014+0000] {data_ingestion_gcs.py:24} INFO - Dataset file is yellow_tripdata_2021-01.csv.gz, url is https://github.com/DataTalksClub/nyc-tlc-data/releases/download/yellow/yellow_tripdata_2021-01.csv.gz, local_home is /opt/***, parquet file is yellow_tripdata_2021-01.parquet
[2023-06-07T00:00:31.015+0000] {data_ingestion_gcs.py:32} INFO - dtc_data_lake_dtc-dezc-001 is the bucket,  dtc-dezc is the project name, dtc-dezc-001 is the project id, trips_data_all is the bigquery dataset.
[2023-06-07T00:00:31.029+0000] {warnings.py:110} WARNING - /home/***/.local/lib/python3.7/site-packages/***/configuration.py:545: DeprecationWarning: The sql_alchemy_conn option in [core] has been moved to the sql_alchemy_conn option in [database] - the old setting has been used, but please update your config.
  option = self._get_environment_variables(deprecated_key, deprecated_section, key, section)

[2023-06-07T00:00:31.072+0000] {task_command.py:384} INFO - Running <TaskInstance: data_ingestion_gcs_dag.bigquery_external_table_task scheduled__2023-06-06T00:00:00+00:00 [running]> on host 1d8c795fd30d
[2023-06-07T00:00:31.127+0000] {taskinstance.py:1592} INFO - Exporting the following env vars:
AIRFLOW_CTX_DAG_OWNER=admin
AIRFLOW_CTX_DAG_ID=data_ingestion_gcs_dag
AIRFLOW_CTX_TASK_ID=bigquery_external_table_task
AIRFLOW_CTX_EXECUTION_DATE=2023-06-06T00:00:00+00:00
AIRFLOW_CTX_TRY_NUMBER=1
AIRFLOW_CTX_DAG_RUN_ID=scheduled__2023-06-06T00:00:00+00:00
[2023-06-07T00:00:31.129+0000] {crypto.py:84} WARNING - empty cryptography key - values will not be stored encrypted.
[2023-06-07T00:00:31.130+0000] {base.py:71} INFO - Using connection ID 'google_cloud_default' for task execution.
[2023-06-07T00:00:31.965+0000] {taskinstance.py:1406} INFO - Marking task as SUCCESS. dag_id=data_ingestion_gcs_dag, task_id=bigquery_external_table_task, execution_date=20230606T000000, start_date=20230607T000030, end_date=20230607T000031
[2023-06-07T00:00:32.022+0000] {local_task_job.py:164} INFO - Task exited with return code 0
[2023-06-07T00:00:32.040+0000] {local_task_job.py:273} INFO - 0 downstream tasks scheduled from follow-on schedule check
