[2023-06-10T02:21:42.791+0000] {taskinstance.py:1165} INFO - Dependencies all met for <TaskInstance: green_taxi_data.download_dataset_task scheduled__2022-02-02T06:30:00+00:00 [queued]>
[2023-06-10T02:21:42.799+0000] {taskinstance.py:1165} INFO - Dependencies all met for <TaskInstance: green_taxi_data.download_dataset_task scheduled__2022-02-02T06:30:00+00:00 [queued]>
[2023-06-10T02:21:42.800+0000] {taskinstance.py:1362} INFO - 
--------------------------------------------------------------------------------
[2023-06-10T02:21:42.800+0000] {taskinstance.py:1363} INFO - Starting attempt 1 of 2
[2023-06-10T02:21:42.801+0000] {taskinstance.py:1364} INFO - 
--------------------------------------------------------------------------------
[2023-06-10T02:21:42.821+0000] {taskinstance.py:1383} INFO - Executing <Task(BashOperator): download_dataset_task> on 2022-02-02 06:30:00+00:00
[2023-06-10T02:21:42.824+0000] {standard_task_runner.py:54} INFO - Started process 5031 to run task
[2023-06-10T02:21:42.830+0000] {standard_task_runner.py:82} INFO - Running: ['***', 'tasks', 'run', 'green_taxi_data', 'download_dataset_task', 'scheduled__2022-02-02T06:30:00+00:00', '--job-id', '247', '--raw', '--subdir', 'DAGS_FOLDER/data_ingestion_gcs_multiFile_v02.py', '--cfg-path', '/tmp/tmp8y96s965']
[2023-06-10T02:21:42.833+0000] {standard_task_runner.py:83} INFO - Job 247: Subtask download_dataset_task
[2023-06-10T02:21:42.836+0000] {dagbag.py:525} INFO - Filling up the DagBag from /opt/***/dags/data_ingestion_gcs_multiFile_v02.py
[2023-06-10T02:21:42.901+0000] {data_ingestion_gcs_multiFile_v02.py:20} INFO - dtc_data_lake_dtc-dezc-001 is the bucket.
[2023-06-10T02:21:42.917+0000] {warnings.py:110} WARNING - /home/***/.local/lib/python3.7/site-packages/***/configuration.py:545: DeprecationWarning: The sql_alchemy_conn option in [core] has been moved to the sql_alchemy_conn option in [database] - the old setting has been used, but please update your config.
  option = self._get_environment_variables(deprecated_key, deprecated_section, key, section)

[2023-06-10T02:21:42.955+0000] {task_command.py:384} INFO - Running <TaskInstance: green_taxi_data.download_dataset_task scheduled__2022-02-02T06:30:00+00:00 [running]> on host f41d61956f54
[2023-06-10T02:21:42.984+0000] {warnings.py:110} WARNING - /home/***/.local/lib/python3.7/site-packages/***/utils/context.py:204: AirflowContextDeprecationWarning: Accessing 'execution_date' from the template is deprecated and will be removed in a future version. Please use 'data_interval_start' or 'logical_date' instead.
  warnings.warn(_create_deprecation_warning(key, self._deprecation_replacements[key]))

[2023-06-10T02:21:43.016+0000] {taskinstance.py:1592} INFO - Exporting the following env vars:
AIRFLOW_CTX_DAG_OWNER=admin
AIRFLOW_CTX_DAG_ID=green_taxi_data
AIRFLOW_CTX_TASK_ID=download_dataset_task
AIRFLOW_CTX_EXECUTION_DATE=2022-02-02T06:30:00+00:00
AIRFLOW_CTX_TRY_NUMBER=1
AIRFLOW_CTX_DAG_RUN_ID=scheduled__2022-02-02T06:30:00+00:00
[2023-06-10T02:21:43.018+0000] {subprocess.py:63} INFO - Tmp dir root location: 
 /tmp
[2023-06-10T02:21:43.018+0000] {subprocess.py:75} INFO - Running command: ['/bin/bash', '-c', 'curl -sSLf https://github.com/DataTalksClub/nyc-tlc-data/releases/tag/green/green_tripdata_2022-02.csv.gz > /opt/***/green_tripdata_2022-02.csv.gz']
[2023-06-10T02:21:43.028+0000] {subprocess.py:86} INFO - Output:
[2023-06-10T02:21:43.689+0000] {subprocess.py:97} INFO - Command exited with return code 0
[2023-06-10T02:21:43.712+0000] {taskinstance.py:1406} INFO - Marking task as SUCCESS. dag_id=green_taxi_data, task_id=download_dataset_task, execution_date=20220202T063000, start_date=20230610T022142, end_date=20230610T022143
[2023-06-10T02:21:43.736+0000] {local_task_job.py:164} INFO - Task exited with return code 0
[2023-06-10T02:21:43.758+0000] {local_task_job.py:273} INFO - 1 downstream tasks scheduled from follow-on schedule check
[2023-06-11T01:25:36.802+0000] {taskinstance.py:1165} INFO - Dependencies all met for <TaskInstance: green_taxi_data.download_dataset_task scheduled__2022-02-02T06:30:00+00:00 [queued]>
[2023-06-11T01:25:36.812+0000] {taskinstance.py:1165} INFO - Dependencies all met for <TaskInstance: green_taxi_data.download_dataset_task scheduled__2022-02-02T06:30:00+00:00 [queued]>
[2023-06-11T01:25:36.813+0000] {taskinstance.py:1362} INFO - 
--------------------------------------------------------------------------------
[2023-06-11T01:25:36.813+0000] {taskinstance.py:1363} INFO - Starting attempt 1 of 2
[2023-06-11T01:25:36.814+0000] {taskinstance.py:1364} INFO - 
--------------------------------------------------------------------------------
[2023-06-11T01:25:36.825+0000] {taskinstance.py:1383} INFO - Executing <Task(BashOperator): download_dataset_task> on 2022-02-02 06:30:00+00:00
[2023-06-11T01:25:36.830+0000] {standard_task_runner.py:54} INFO - Started process 5841 to run task
[2023-06-11T01:25:36.834+0000] {standard_task_runner.py:82} INFO - Running: ['***', 'tasks', 'run', 'green_taxi_data', 'download_dataset_task', 'scheduled__2022-02-02T06:30:00+00:00', '--job-id', '596', '--raw', '--subdir', 'DAGS_FOLDER/data_ingestion_gcs_multiFile_v02.py', '--cfg-path', '/tmp/tmpibzp_hd0']
[2023-06-11T01:25:36.834+0000] {standard_task_runner.py:83} INFO - Job 596: Subtask download_dataset_task
[2023-06-11T01:25:36.837+0000] {dagbag.py:525} INFO - Filling up the DagBag from /opt/***/dags/data_ingestion_gcs_multiFile_v02.py
[2023-06-11T01:25:36.991+0000] {data_ingestion_gcs_multiFile_v02.py:20} INFO - dtc_data_lake_dtc-dezc-001 is the bucket.
[2023-06-11T01:25:37.008+0000] {warnings.py:110} WARNING - /home/***/.local/lib/python3.7/site-packages/***/configuration.py:545: DeprecationWarning: The sql_alchemy_conn option in [core] has been moved to the sql_alchemy_conn option in [database] - the old setting has been used, but please update your config.
  option = self._get_environment_variables(deprecated_key, deprecated_section, key, section)

[2023-06-11T01:25:37.052+0000] {task_command.py:384} INFO - Running <TaskInstance: green_taxi_data.download_dataset_task scheduled__2022-02-02T06:30:00+00:00 [running]> on host f41d61956f54
[2023-06-11T01:25:37.080+0000] {warnings.py:110} WARNING - /home/***/.local/lib/python3.7/site-packages/***/utils/context.py:204: AirflowContextDeprecationWarning: Accessing 'execution_date' from the template is deprecated and will be removed in a future version. Please use 'data_interval_start' or 'logical_date' instead.
  warnings.warn(_create_deprecation_warning(key, self._deprecation_replacements[key]))

[2023-06-11T01:25:37.111+0000] {taskinstance.py:1592} INFO - Exporting the following env vars:
AIRFLOW_CTX_DAG_OWNER=admin
AIRFLOW_CTX_DAG_ID=green_taxi_data
AIRFLOW_CTX_TASK_ID=download_dataset_task
AIRFLOW_CTX_EXECUTION_DATE=2022-02-02T06:30:00+00:00
AIRFLOW_CTX_TRY_NUMBER=1
AIRFLOW_CTX_DAG_RUN_ID=scheduled__2022-02-02T06:30:00+00:00
[2023-06-11T01:25:37.114+0000] {subprocess.py:63} INFO - Tmp dir root location: 
 /tmp
[2023-06-11T01:25:37.115+0000] {subprocess.py:75} INFO - Running command: ['/bin/bash', '-c', 'curl -sSLf https://github.com/DataTalksClub/nyc-tlc-data/releases/download/green/green_tripdata_2022-02.csv.gz > /opt/***/green_tripdata_2022-02.csv.gz']
[2023-06-11T01:25:37.126+0000] {subprocess.py:86} INFO - Output:
[2023-06-11T01:25:37.403+0000] {subprocess.py:93} INFO - curl: (22) The requested URL returned error: 404
[2023-06-11T01:25:37.406+0000] {subprocess.py:97} INFO - Command exited with return code 22
[2023-06-11T01:25:37.420+0000] {taskinstance.py:1851} ERROR - Task failed with exception
Traceback (most recent call last):
  File "/home/airflow/.local/lib/python3.7/site-packages/airflow/operators/bash.py", line 197, in execute
    f'Bash command failed. The command returned a non-zero exit code {result.exit_code}.'
airflow.exceptions.AirflowException: Bash command failed. The command returned a non-zero exit code 22.
[2023-06-11T01:25:37.425+0000] {taskinstance.py:1406} INFO - Marking task as UP_FOR_RETRY. dag_id=green_taxi_data, task_id=download_dataset_task, execution_date=20220202T063000, start_date=20230611T012536, end_date=20230611T012537
[2023-06-11T01:25:37.435+0000] {standard_task_runner.py:107} ERROR - Failed to execute job 596 for task download_dataset_task (Bash command failed. The command returned a non-zero exit code 22.; 5841)
[2023-06-11T01:25:37.495+0000] {local_task_job.py:164} INFO - Task exited with return code 1
[2023-06-11T01:25:37.515+0000] {local_task_job.py:273} INFO - 0 downstream tasks scheduled from follow-on schedule check
