[2023-06-11T00:59:02.811+0000] {taskinstance.py:1165} INFO - Dependencies all met for <TaskInstance: yellow_taxi_data.purge_task scheduled__2019-02-02T06:00:00+00:00 [queued]>
[2023-06-11T00:59:02.817+0000] {taskinstance.py:1165} INFO - Dependencies all met for <TaskInstance: yellow_taxi_data.purge_task scheduled__2019-02-02T06:00:00+00:00 [queued]>
[2023-06-11T00:59:02.817+0000] {taskinstance.py:1362} INFO - 
--------------------------------------------------------------------------------
[2023-06-11T00:59:02.818+0000] {taskinstance.py:1363} INFO - Starting attempt 1 of 2
[2023-06-11T00:59:02.818+0000] {taskinstance.py:1364} INFO - 
--------------------------------------------------------------------------------
[2023-06-11T00:59:02.826+0000] {taskinstance.py:1383} INFO - Executing <Task(BashOperator): purge_task> on 2019-02-02 06:00:00+00:00
[2023-06-11T00:59:02.830+0000] {standard_task_runner.py:54} INFO - Started process 3134 to run task
[2023-06-11T00:59:02.833+0000] {standard_task_runner.py:82} INFO - Running: ['***', 'tasks', 'run', 'yellow_taxi_data', 'purge_task', 'scheduled__2019-02-02T06:00:00+00:00', '--job-id', '379', '--pool', 'default_pool', '--raw', '--subdir', 'DAGS_FOLDER/data_ingestion_gcs_multiFile_v02.py', '--cfg-path', '/tmp/tmpsxuz7dyj']
[2023-06-11T00:59:02.834+0000] {standard_task_runner.py:83} INFO - Job 379: Subtask purge_task
[2023-06-11T00:59:02.835+0000] {dagbag.py:525} INFO - Filling up the DagBag from /opt/***/dags/data_ingestion_gcs_multiFile_v02.py
[2023-06-11T00:59:02.900+0000] {data_ingestion_gcs_multiFile_v02.py:20} INFO - dtc_data_lake_dtc-dezc-001 is the bucket.
[2023-06-11T00:59:02.915+0000] {warnings.py:110} WARNING - /home/***/.local/lib/python3.7/site-packages/***/configuration.py:545: DeprecationWarning: The sql_alchemy_conn option in [core] has been moved to the sql_alchemy_conn option in [database] - the old setting has been used, but please update your config.
  option = self._get_environment_variables(deprecated_key, deprecated_section, key, section)

[2023-06-11T00:59:02.956+0000] {task_command.py:384} INFO - Running <TaskInstance: yellow_taxi_data.purge_task scheduled__2019-02-02T06:00:00+00:00 [running]> on host f41d61956f54
[2023-06-11T00:59:02.979+0000] {warnings.py:110} WARNING - /home/***/.local/lib/python3.7/site-packages/***/utils/context.py:204: AirflowContextDeprecationWarning: Accessing 'execution_date' from the template is deprecated and will be removed in a future version. Please use 'data_interval_start' or 'logical_date' instead.
  warnings.warn(_create_deprecation_warning(key, self._deprecation_replacements[key]))

[2023-06-11T00:59:03.007+0000] {taskinstance.py:1592} INFO - Exporting the following env vars:
AIRFLOW_CTX_DAG_OWNER=admin
AIRFLOW_CTX_DAG_ID=yellow_taxi_data
AIRFLOW_CTX_TASK_ID=purge_task
AIRFLOW_CTX_EXECUTION_DATE=2019-02-02T06:00:00+00:00
AIRFLOW_CTX_TRY_NUMBER=1
AIRFLOW_CTX_DAG_RUN_ID=scheduled__2019-02-02T06:00:00+00:00
[2023-06-11T00:59:03.009+0000] {subprocess.py:63} INFO - Tmp dir root location: 
 /tmp
[2023-06-11T00:59:03.010+0000] {subprocess.py:75} INFO - Running command: ['/bin/bash', '-c', 'rm /opt/***/yellow_tripdata_2019-02.csv.gz /opt/***/yellow_tripdata_2019-02.parquet']
[2023-06-11T00:59:03.021+0000] {subprocess.py:86} INFO - Output:
[2023-06-11T00:59:03.154+0000] {subprocess.py:97} INFO - Command exited with return code 0
[2023-06-11T00:59:03.178+0000] {taskinstance.py:1406} INFO - Marking task as SUCCESS. dag_id=yellow_taxi_data, task_id=purge_task, execution_date=20190202T060000, start_date=20230611T005902, end_date=20230611T005903
[2023-06-11T00:59:03.207+0000] {local_task_job.py:164} INFO - Task exited with return code 0
[2023-06-11T00:59:03.223+0000] {local_task_job.py:273} INFO - 0 downstream tasks scheduled from follow-on schedule check
[2023-06-11T01:05:43.241+0000] {taskinstance.py:1165} INFO - Dependencies all met for <TaskInstance: yellow_taxi_data.purge_task scheduled__2019-02-02T06:00:00+00:00 [queued]>
[2023-06-11T01:05:43.249+0000] {taskinstance.py:1165} INFO - Dependencies all met for <TaskInstance: yellow_taxi_data.purge_task scheduled__2019-02-02T06:00:00+00:00 [queued]>
[2023-06-11T01:05:43.251+0000] {taskinstance.py:1362} INFO - 
--------------------------------------------------------------------------------
[2023-06-11T01:05:43.251+0000] {taskinstance.py:1363} INFO - Starting attempt 1 of 2
[2023-06-11T01:05:43.252+0000] {taskinstance.py:1364} INFO - 
--------------------------------------------------------------------------------
[2023-06-11T01:05:43.263+0000] {taskinstance.py:1383} INFO - Executing <Task(BashOperator): purge_task> on 2019-02-02 06:00:00+00:00
[2023-06-11T01:05:43.268+0000] {standard_task_runner.py:54} INFO - Started process 3539 to run task
[2023-06-11T01:05:43.272+0000] {standard_task_runner.py:82} INFO - Running: ['***', 'tasks', 'run', 'yellow_taxi_data', 'purge_task', 'scheduled__2019-02-02T06:00:00+00:00', '--job-id', '389', '--raw', '--subdir', 'DAGS_FOLDER/data_ingestion_gcs_multiFile_v02.py', '--cfg-path', '/tmp/tmpu7omhcb3']
[2023-06-11T01:05:43.273+0000] {standard_task_runner.py:83} INFO - Job 389: Subtask purge_task
[2023-06-11T01:05:43.274+0000] {dagbag.py:525} INFO - Filling up the DagBag from /opt/***/dags/data_ingestion_gcs_multiFile_v02.py
[2023-06-11T01:05:43.350+0000] {data_ingestion_gcs_multiFile_v02.py:20} INFO - dtc_data_lake_dtc-dezc-001 is the bucket.
[2023-06-11T01:05:43.369+0000] {warnings.py:110} WARNING - /home/***/.local/lib/python3.7/site-packages/***/configuration.py:545: DeprecationWarning: The sql_alchemy_conn option in [core] has been moved to the sql_alchemy_conn option in [database] - the old setting has been used, but please update your config.
  option = self._get_environment_variables(deprecated_key, deprecated_section, key, section)

[2023-06-11T01:05:43.418+0000] {task_command.py:384} INFO - Running <TaskInstance: yellow_taxi_data.purge_task scheduled__2019-02-02T06:00:00+00:00 [running]> on host f41d61956f54
[2023-06-11T01:05:43.446+0000] {warnings.py:110} WARNING - /home/***/.local/lib/python3.7/site-packages/***/utils/context.py:204: AirflowContextDeprecationWarning: Accessing 'execution_date' from the template is deprecated and will be removed in a future version. Please use 'data_interval_start' or 'logical_date' instead.
  warnings.warn(_create_deprecation_warning(key, self._deprecation_replacements[key]))

[2023-06-11T01:05:43.480+0000] {taskinstance.py:1592} INFO - Exporting the following env vars:
AIRFLOW_CTX_DAG_OWNER=admin
AIRFLOW_CTX_DAG_ID=yellow_taxi_data
AIRFLOW_CTX_TASK_ID=purge_task
AIRFLOW_CTX_EXECUTION_DATE=2019-02-02T06:00:00+00:00
AIRFLOW_CTX_TRY_NUMBER=1
AIRFLOW_CTX_DAG_RUN_ID=scheduled__2019-02-02T06:00:00+00:00
[2023-06-11T01:05:43.481+0000] {subprocess.py:63} INFO - Tmp dir root location: 
 /tmp
[2023-06-11T01:05:43.483+0000] {subprocess.py:75} INFO - Running command: ['/bin/bash', '-c', 'rm /opt/***/yellow_tripdata_2019-02.csv.gz /opt/***/yellow_tripdata_2019-02.parquet']
[2023-06-11T01:05:43.494+0000] {subprocess.py:86} INFO - Output:
[2023-06-11T01:05:43.628+0000] {subprocess.py:97} INFO - Command exited with return code 0
[2023-06-11T01:05:43.651+0000] {taskinstance.py:1406} INFO - Marking task as SUCCESS. dag_id=yellow_taxi_data, task_id=purge_task, execution_date=20190202T060000, start_date=20230611T010543, end_date=20230611T010543
[2023-06-11T01:05:43.685+0000] {local_task_job.py:164} INFO - Task exited with return code 0
[2023-06-11T01:05:43.701+0000] {local_task_job.py:273} INFO - 0 downstream tasks scheduled from follow-on schedule check
