[2023-06-10T02:06:21.545+0000] {taskinstance.py:1165} INFO - Dependencies all met for <TaskInstance: fhv_taxi_data.download_dataset_task scheduled__2021-05-02T07:00:00+00:00 [queued]>
[2023-06-10T02:06:21.552+0000] {taskinstance.py:1165} INFO - Dependencies all met for <TaskInstance: fhv_taxi_data.download_dataset_task scheduled__2021-05-02T07:00:00+00:00 [queued]>
[2023-06-10T02:06:21.553+0000] {taskinstance.py:1362} INFO - 
--------------------------------------------------------------------------------
[2023-06-10T02:06:21.554+0000] {taskinstance.py:1363} INFO - Starting attempt 1 of 2
[2023-06-10T02:06:21.556+0000] {taskinstance.py:1364} INFO - 
--------------------------------------------------------------------------------
[2023-06-10T02:06:21.571+0000] {taskinstance.py:1383} INFO - Executing <Task(BashOperator): download_dataset_task> on 2021-05-02 07:00:00+00:00
[2023-06-10T02:06:21.582+0000] {standard_task_runner.py:54} INFO - Started process 3966 to run task
[2023-06-10T02:06:21.586+0000] {standard_task_runner.py:82} INFO - Running: ['***', 'tasks', 'run', 'fhv_taxi_data', 'download_dataset_task', 'scheduled__2021-05-02T07:00:00+00:00', '--job-id', '193', '--raw', '--subdir', 'DAGS_FOLDER/data_ingestion_gcs_multiFile_v02.py', '--cfg-path', '/tmp/tmp_lxg8ih_']
[2023-06-10T02:06:21.587+0000] {standard_task_runner.py:83} INFO - Job 193: Subtask download_dataset_task
[2023-06-10T02:06:21.589+0000] {dagbag.py:525} INFO - Filling up the DagBag from /opt/***/dags/data_ingestion_gcs_multiFile_v02.py
[2023-06-10T02:06:21.702+0000] {data_ingestion_gcs_multiFile_v02.py:20} INFO - dtc_data_lake_dtc-dezc-001 is the bucket.
[2023-06-10T02:06:21.720+0000] {warnings.py:110} WARNING - /home/***/.local/lib/python3.7/site-packages/***/configuration.py:545: DeprecationWarning: The sql_alchemy_conn option in [core] has been moved to the sql_alchemy_conn option in [database] - the old setting has been used, but please update your config.
  option = self._get_environment_variables(deprecated_key, deprecated_section, key, section)

[2023-06-10T02:06:21.766+0000] {task_command.py:384} INFO - Running <TaskInstance: fhv_taxi_data.download_dataset_task scheduled__2021-05-02T07:00:00+00:00 [running]> on host f41d61956f54
[2023-06-10T02:06:21.789+0000] {warnings.py:110} WARNING - /home/***/.local/lib/python3.7/site-packages/***/utils/context.py:204: AirflowContextDeprecationWarning: Accessing 'execution_date' from the template is deprecated and will be removed in a future version. Please use 'data_interval_start' or 'logical_date' instead.
  warnings.warn(_create_deprecation_warning(key, self._deprecation_replacements[key]))

[2023-06-10T02:06:21.822+0000] {taskinstance.py:1592} INFO - Exporting the following env vars:
AIRFLOW_CTX_DAG_OWNER=admin
AIRFLOW_CTX_DAG_ID=fhv_taxi_data
AIRFLOW_CTX_TASK_ID=download_dataset_task
AIRFLOW_CTX_EXECUTION_DATE=2021-05-02T07:00:00+00:00
AIRFLOW_CTX_TRY_NUMBER=1
AIRFLOW_CTX_DAG_RUN_ID=scheduled__2021-05-02T07:00:00+00:00
[2023-06-10T02:06:21.823+0000] {subprocess.py:63} INFO - Tmp dir root location: 
 /tmp
[2023-06-10T02:06:21.824+0000] {subprocess.py:75} INFO - Running command: ['/bin/bash', '-c', 'curl -sSLf https://github.com/DataTalksClub/nyc-tlc-data/releases/tag/fhv/fhv_tripdata_2021-05.csv.gz > /opt/***/fhv_tripdata_2021-05.csv.gz']
[2023-06-10T02:06:21.834+0000] {subprocess.py:86} INFO - Output:
[2023-06-10T02:06:22.491+0000] {subprocess.py:97} INFO - Command exited with return code 0
[2023-06-10T02:06:22.565+0000] {taskinstance.py:1406} INFO - Marking task as SUCCESS. dag_id=fhv_taxi_data, task_id=download_dataset_task, execution_date=20210502T070000, start_date=20230610T020621, end_date=20230610T020622
[2023-06-10T02:06:22.655+0000] {local_task_job.py:164} INFO - Task exited with return code 0
[2023-06-10T02:06:22.779+0000] {local_task_job.py:273} INFO - 0 downstream tasks scheduled from follow-on schedule check
[2023-06-11T01:46:00.725+0000] {taskinstance.py:1165} INFO - Dependencies all met for <TaskInstance: fhv_taxi_data.download_dataset_task scheduled__2021-05-02T07:00:00+00:00 [queued]>
[2023-06-11T01:46:00.732+0000] {taskinstance.py:1165} INFO - Dependencies all met for <TaskInstance: fhv_taxi_data.download_dataset_task scheduled__2021-05-02T07:00:00+00:00 [queued]>
[2023-06-11T01:46:00.733+0000] {taskinstance.py:1362} INFO - 
--------------------------------------------------------------------------------
[2023-06-11T01:46:00.734+0000] {taskinstance.py:1363} INFO - Starting attempt 1 of 2
[2023-06-11T01:46:00.734+0000] {taskinstance.py:1364} INFO - 
--------------------------------------------------------------------------------
[2023-06-11T01:46:00.745+0000] {taskinstance.py:1383} INFO - Executing <Task(BashOperator): download_dataset_task> on 2021-05-02 07:00:00+00:00
[2023-06-11T01:46:00.754+0000] {standard_task_runner.py:54} INFO - Started process 7564 to run task
[2023-06-11T01:46:00.754+0000] {standard_task_runner.py:82} INFO - Running: ['***', 'tasks', 'run', 'fhv_taxi_data', 'download_dataset_task', 'scheduled__2021-05-02T07:00:00+00:00', '--job-id', '762', '--raw', '--subdir', 'DAGS_FOLDER/data_ingestion_gcs_multiFile_v02.py', '--cfg-path', '/tmp/tmpfarj7pbn']
[2023-06-11T01:46:00.756+0000] {standard_task_runner.py:83} INFO - Job 762: Subtask download_dataset_task
[2023-06-11T01:46:00.757+0000] {dagbag.py:525} INFO - Filling up the DagBag from /opt/***/dags/data_ingestion_gcs_multiFile_v02.py
[2023-06-11T01:46:00.827+0000] {data_ingestion_gcs_multiFile_v02.py:20} INFO - dtc_data_lake_dtc-dezc-001 is the bucket.
[2023-06-11T01:46:00.845+0000] {warnings.py:110} WARNING - /home/***/.local/lib/python3.7/site-packages/***/configuration.py:545: DeprecationWarning: The sql_alchemy_conn option in [core] has been moved to the sql_alchemy_conn option in [database] - the old setting has been used, but please update your config.
  option = self._get_environment_variables(deprecated_key, deprecated_section, key, section)

[2023-06-11T01:46:00.893+0000] {task_command.py:384} INFO - Running <TaskInstance: fhv_taxi_data.download_dataset_task scheduled__2021-05-02T07:00:00+00:00 [running]> on host f41d61956f54
[2023-06-11T01:46:00.918+0000] {warnings.py:110} WARNING - /home/***/.local/lib/python3.7/site-packages/***/utils/context.py:204: AirflowContextDeprecationWarning: Accessing 'execution_date' from the template is deprecated and will be removed in a future version. Please use 'data_interval_start' or 'logical_date' instead.
  warnings.warn(_create_deprecation_warning(key, self._deprecation_replacements[key]))

[2023-06-11T01:46:00.958+0000] {taskinstance.py:1592} INFO - Exporting the following env vars:
AIRFLOW_CTX_DAG_OWNER=admin
AIRFLOW_CTX_DAG_ID=fhv_taxi_data
AIRFLOW_CTX_TASK_ID=download_dataset_task
AIRFLOW_CTX_EXECUTION_DATE=2021-05-02T07:00:00+00:00
AIRFLOW_CTX_TRY_NUMBER=1
AIRFLOW_CTX_DAG_RUN_ID=scheduled__2021-05-02T07:00:00+00:00
[2023-06-11T01:46:00.959+0000] {subprocess.py:63} INFO - Tmp dir root location: 
 /tmp
[2023-06-11T01:46:00.960+0000] {subprocess.py:75} INFO - Running command: ['/bin/bash', '-c', 'curl -sSLf https://github.com/DataTalksClub/nyc-tlc-data/releases/download/fhv/fhv_tripdata_2021-05.csv.gz > /opt/***/fhv_tripdata_2021-05.csv.gz']
[2023-06-11T01:46:00.977+0000] {subprocess.py:86} INFO - Output:
[2023-06-11T01:46:05.146+0000] {subprocess.py:97} INFO - Command exited with return code 0
[2023-06-11T01:46:05.172+0000] {taskinstance.py:1406} INFO - Marking task as SUCCESS. dag_id=fhv_taxi_data, task_id=download_dataset_task, execution_date=20210502T070000, start_date=20230611T014600, end_date=20230611T014605
[2023-06-11T01:46:05.203+0000] {local_task_job.py:164} INFO - Task exited with return code 0
[2023-06-11T01:46:05.226+0000] {local_task_job.py:273} INFO - 1 downstream tasks scheduled from follow-on schedule check
