[2023-06-11T01:29:03.728+0000] {taskinstance.py:1165} INFO - Dependencies all met for <TaskInstance: fhv_taxi_data.local_to_gcs_task scheduled__2019-11-02T07:00:00+00:00 [queued]>
[2023-06-11T01:29:03.734+0000] {taskinstance.py:1165} INFO - Dependencies all met for <TaskInstance: fhv_taxi_data.local_to_gcs_task scheduled__2019-11-02T07:00:00+00:00 [queued]>
[2023-06-11T01:29:03.735+0000] {taskinstance.py:1362} INFO - 
--------------------------------------------------------------------------------
[2023-06-11T01:29:03.735+0000] {taskinstance.py:1363} INFO - Starting attempt 1 of 2
[2023-06-11T01:29:03.736+0000] {taskinstance.py:1364} INFO - 
--------------------------------------------------------------------------------
[2023-06-11T01:29:03.744+0000] {taskinstance.py:1383} INFO - Executing <Task(PythonOperator): local_to_gcs_task> on 2019-11-02 07:00:00+00:00
[2023-06-11T01:29:03.748+0000] {standard_task_runner.py:54} INFO - Started process 6233 to run task
[2023-06-11T01:29:03.751+0000] {standard_task_runner.py:82} INFO - Running: ['***', 'tasks', 'run', 'fhv_taxi_data', 'local_to_gcs_task', 'scheduled__2019-11-02T07:00:00+00:00', '--job-id', '631', '--raw', '--subdir', 'DAGS_FOLDER/data_ingestion_gcs_multiFile_v02.py', '--cfg-path', '/tmp/tmpluszheqq']
[2023-06-11T01:29:03.752+0000] {standard_task_runner.py:83} INFO - Job 631: Subtask local_to_gcs_task
[2023-06-11T01:29:03.754+0000] {dagbag.py:525} INFO - Filling up the DagBag from /opt/***/dags/data_ingestion_gcs_multiFile_v02.py
[2023-06-11T01:29:03.820+0000] {data_ingestion_gcs_multiFile_v02.py:20} INFO - dtc_data_lake_dtc-dezc-001 is the bucket.
[2023-06-11T01:29:03.835+0000] {warnings.py:110} WARNING - /home/***/.local/lib/python3.7/site-packages/***/configuration.py:545: DeprecationWarning: The sql_alchemy_conn option in [core] has been moved to the sql_alchemy_conn option in [database] - the old setting has been used, but please update your config.
  option = self._get_environment_variables(deprecated_key, deprecated_section, key, section)

[2023-06-11T01:29:03.875+0000] {task_command.py:384} INFO - Running <TaskInstance: fhv_taxi_data.local_to_gcs_task scheduled__2019-11-02T07:00:00+00:00 [running]> on host f41d61956f54
[2023-06-11T01:29:03.899+0000] {warnings.py:110} WARNING - /home/***/.local/lib/python3.7/site-packages/***/utils/context.py:204: AirflowContextDeprecationWarning: Accessing 'execution_date' from the template is deprecated and will be removed in a future version. Please use 'data_interval_start' or 'logical_date' instead.
  warnings.warn(_create_deprecation_warning(key, self._deprecation_replacements[key]))

[2023-06-11T01:29:03.927+0000] {taskinstance.py:1592} INFO - Exporting the following env vars:
AIRFLOW_CTX_DAG_OWNER=admin
AIRFLOW_CTX_DAG_ID=fhv_taxi_data
AIRFLOW_CTX_TASK_ID=local_to_gcs_task
AIRFLOW_CTX_EXECUTION_DATE=2019-11-02T07:00:00+00:00
AIRFLOW_CTX_TRY_NUMBER=1
AIRFLOW_CTX_DAG_RUN_ID=scheduled__2019-11-02T07:00:00+00:00
[2023-06-11T01:29:05.111+0000] {data_ingestion_gcs_multiFile_v02.py:47} INFO - Blob is <Blob: dtc_data_lake_dtc-dezc-001, raw/fhv_tripdata/2019/fhv_tripdata_2019-11.parquet, None>
[2023-06-11T01:30:25.666+0000] {python.py:177} INFO - Done. Returned value was: None
[2023-06-11T01:30:25.693+0000] {taskinstance.py:1406} INFO - Marking task as SUCCESS. dag_id=fhv_taxi_data, task_id=local_to_gcs_task, execution_date=20191102T070000, start_date=20230611T012903, end_date=20230611T013025
[2023-06-11T01:30:25.778+0000] {local_task_job.py:164} INFO - Task exited with return code 0
[2023-06-11T01:30:25.797+0000] {local_task_job.py:273} INFO - 0 downstream tasks scheduled from follow-on schedule check
