[2023-06-10T01:27:50.045+0000] {taskinstance.py:1165} INFO - Dependencies all met for <TaskInstance: fhv_taxi_data.download_dataset_task scheduled__2019-09-02T07:00:00+00:00 [queued]>
[2023-06-10T01:27:50.051+0000] {taskinstance.py:1165} INFO - Dependencies all met for <TaskInstance: fhv_taxi_data.download_dataset_task scheduled__2019-09-02T07:00:00+00:00 [queued]>
[2023-06-10T01:27:50.051+0000] {taskinstance.py:1362} INFO - 
--------------------------------------------------------------------------------
[2023-06-10T01:27:50.052+0000] {taskinstance.py:1363} INFO - Starting attempt 1 of 2
[2023-06-10T01:27:50.052+0000] {taskinstance.py:1364} INFO - 
--------------------------------------------------------------------------------
[2023-06-10T01:27:50.059+0000] {taskinstance.py:1383} INFO - Executing <Task(BashOperator): download_dataset_task> on 2019-09-02 07:00:00+00:00
[2023-06-10T01:27:50.063+0000] {standard_task_runner.py:54} INFO - Started process 1867 to run task
[2023-06-10T01:27:50.066+0000] {standard_task_runner.py:82} INFO - Running: ['***', 'tasks', 'run', 'fhv_taxi_data', 'download_dataset_task', 'scheduled__2019-09-02T07:00:00+00:00', '--job-id', '80', '--raw', '--subdir', 'DAGS_FOLDER/data_ingestion_gcs_multiFile_v02.py', '--cfg-path', '/tmp/tmp38plu_g9']
[2023-06-10T01:27:50.067+0000] {standard_task_runner.py:83} INFO - Job 80: Subtask download_dataset_task
[2023-06-10T01:27:50.068+0000] {dagbag.py:525} INFO - Filling up the DagBag from /opt/***/dags/data_ingestion_gcs_multiFile_v02.py
[2023-06-10T01:27:50.127+0000] {data_ingestion_gcs_multiFile_v02.py:20} INFO - dtc_data_lake_dtc-dezc-001 is the bucket.
[2023-06-10T01:27:50.143+0000] {warnings.py:110} WARNING - /home/***/.local/lib/python3.7/site-packages/***/configuration.py:545: DeprecationWarning: The sql_alchemy_conn option in [core] has been moved to the sql_alchemy_conn option in [database] - the old setting has been used, but please update your config.
  option = self._get_environment_variables(deprecated_key, deprecated_section, key, section)

[2023-06-10T01:27:50.181+0000] {task_command.py:384} INFO - Running <TaskInstance: fhv_taxi_data.download_dataset_task scheduled__2019-09-02T07:00:00+00:00 [running]> on host f41d61956f54
[2023-06-10T01:27:50.201+0000] {warnings.py:110} WARNING - /home/***/.local/lib/python3.7/site-packages/***/utils/context.py:204: AirflowContextDeprecationWarning: Accessing 'execution_date' from the template is deprecated and will be removed in a future version. Please use 'data_interval_start' or 'logical_date' instead.
  warnings.warn(_create_deprecation_warning(key, self._deprecation_replacements[key]))

[2023-06-10T01:27:50.227+0000] {taskinstance.py:1592} INFO - Exporting the following env vars:
AIRFLOW_CTX_DAG_OWNER=admin
AIRFLOW_CTX_DAG_ID=fhv_taxi_data
AIRFLOW_CTX_TASK_ID=download_dataset_task
AIRFLOW_CTX_EXECUTION_DATE=2019-09-02T07:00:00+00:00
AIRFLOW_CTX_TRY_NUMBER=1
AIRFLOW_CTX_DAG_RUN_ID=scheduled__2019-09-02T07:00:00+00:00
[2023-06-10T01:27:50.228+0000] {subprocess.py:63} INFO - Tmp dir root location: 
 /tmp
[2023-06-10T01:27:50.229+0000] {subprocess.py:75} INFO - Running command: ['/bin/bash', '-c', 'curl -sSLf https://github.com/DataTalksClub/nyc-tlc-data/releases/tag/fhv/fhv_tripdata_2019-09.csv.gz > /opt/***/fhv_tripdata_2019-09.csv.gz']
[2023-06-10T01:27:50.239+0000] {subprocess.py:86} INFO - Output:
[2023-06-10T01:27:50.896+0000] {subprocess.py:97} INFO - Command exited with return code 0
[2023-06-10T01:27:50.930+0000] {taskinstance.py:1406} INFO - Marking task as SUCCESS. dag_id=fhv_taxi_data, task_id=download_dataset_task, execution_date=20190902T070000, start_date=20230610T012750, end_date=20230610T012750
[2023-06-10T01:27:50.980+0000] {local_task_job.py:164} INFO - Task exited with return code 0
[2023-06-10T01:27:51.004+0000] {local_task_job.py:273} INFO - 0 downstream tasks scheduled from follow-on schedule check
[2023-06-11T01:27:56.210+0000] {taskinstance.py:1165} INFO - Dependencies all met for <TaskInstance: fhv_taxi_data.download_dataset_task scheduled__2019-09-02T07:00:00+00:00 [queued]>
[2023-06-11T01:27:56.217+0000] {taskinstance.py:1165} INFO - Dependencies all met for <TaskInstance: fhv_taxi_data.download_dataset_task scheduled__2019-09-02T07:00:00+00:00 [queued]>
[2023-06-11T01:27:56.218+0000] {taskinstance.py:1362} INFO - 
--------------------------------------------------------------------------------
[2023-06-11T01:27:56.218+0000] {taskinstance.py:1363} INFO - Starting attempt 1 of 2
[2023-06-11T01:27:56.218+0000] {taskinstance.py:1364} INFO - 
--------------------------------------------------------------------------------
[2023-06-11T01:27:56.226+0000] {taskinstance.py:1383} INFO - Executing <Task(BashOperator): download_dataset_task> on 2019-09-02 07:00:00+00:00
[2023-06-11T01:27:56.230+0000] {standard_task_runner.py:54} INFO - Started process 6082 to run task
[2023-06-11T01:27:56.233+0000] {standard_task_runner.py:82} INFO - Running: ['***', 'tasks', 'run', 'fhv_taxi_data', 'download_dataset_task', 'scheduled__2019-09-02T07:00:00+00:00', '--job-id', '616', '--raw', '--subdir', 'DAGS_FOLDER/data_ingestion_gcs_multiFile_v02.py', '--cfg-path', '/tmp/tmpz_0dfz7z']
[2023-06-11T01:27:56.234+0000] {standard_task_runner.py:83} INFO - Job 616: Subtask download_dataset_task
[2023-06-11T01:27:56.235+0000] {dagbag.py:525} INFO - Filling up the DagBag from /opt/***/dags/data_ingestion_gcs_multiFile_v02.py
[2023-06-11T01:27:56.296+0000] {data_ingestion_gcs_multiFile_v02.py:20} INFO - dtc_data_lake_dtc-dezc-001 is the bucket.
[2023-06-11T01:27:56.311+0000] {warnings.py:110} WARNING - /home/***/.local/lib/python3.7/site-packages/***/configuration.py:545: DeprecationWarning: The sql_alchemy_conn option in [core] has been moved to the sql_alchemy_conn option in [database] - the old setting has been used, but please update your config.
  option = self._get_environment_variables(deprecated_key, deprecated_section, key, section)

[2023-06-11T01:27:56.352+0000] {task_command.py:384} INFO - Running <TaskInstance: fhv_taxi_data.download_dataset_task scheduled__2019-09-02T07:00:00+00:00 [running]> on host f41d61956f54
[2023-06-11T01:27:56.374+0000] {warnings.py:110} WARNING - /home/***/.local/lib/python3.7/site-packages/***/utils/context.py:204: AirflowContextDeprecationWarning: Accessing 'execution_date' from the template is deprecated and will be removed in a future version. Please use 'data_interval_start' or 'logical_date' instead.
  warnings.warn(_create_deprecation_warning(key, self._deprecation_replacements[key]))

[2023-06-11T01:27:56.401+0000] {taskinstance.py:1592} INFO - Exporting the following env vars:
AIRFLOW_CTX_DAG_OWNER=admin
AIRFLOW_CTX_DAG_ID=fhv_taxi_data
AIRFLOW_CTX_TASK_ID=download_dataset_task
AIRFLOW_CTX_EXECUTION_DATE=2019-09-02T07:00:00+00:00
AIRFLOW_CTX_TRY_NUMBER=1
AIRFLOW_CTX_DAG_RUN_ID=scheduled__2019-09-02T07:00:00+00:00
[2023-06-11T01:27:56.403+0000] {subprocess.py:63} INFO - Tmp dir root location: 
 /tmp
[2023-06-11T01:27:56.403+0000] {subprocess.py:75} INFO - Running command: ['/bin/bash', '-c', 'curl -sSLf https://github.com/DataTalksClub/nyc-tlc-data/releases/download/fhv/fhv_tripdata_2019-09.csv.gz > /opt/***/fhv_tripdata_2019-09.csv.gz']
[2023-06-11T01:27:56.414+0000] {subprocess.py:86} INFO - Output:
[2023-06-11T01:27:58.270+0000] {subprocess.py:97} INFO - Command exited with return code 0
[2023-06-11T01:27:58.301+0000] {taskinstance.py:1406} INFO - Marking task as SUCCESS. dag_id=fhv_taxi_data, task_id=download_dataset_task, execution_date=20190902T070000, start_date=20230611T012756, end_date=20230611T012758
[2023-06-11T01:27:58.351+0000] {local_task_job.py:164} INFO - Task exited with return code 0
[2023-06-11T01:27:58.377+0000] {local_task_job.py:273} INFO - 1 downstream tasks scheduled from follow-on schedule check
