[2023-06-10T02:26:49.522+0000] {taskinstance.py:1165} INFO - Dependencies all met for <TaskInstance: fhv_taxi_data.download_dataset_task scheduled__2022-04-02T07:00:00+00:00 [queued]>
[2023-06-10T02:26:49.530+0000] {taskinstance.py:1165} INFO - Dependencies all met for <TaskInstance: fhv_taxi_data.download_dataset_task scheduled__2022-04-02T07:00:00+00:00 [queued]>
[2023-06-10T02:26:49.531+0000] {taskinstance.py:1362} INFO - 
--------------------------------------------------------------------------------
[2023-06-10T02:26:49.532+0000] {taskinstance.py:1363} INFO - Starting attempt 1 of 2
[2023-06-10T02:26:49.533+0000] {taskinstance.py:1364} INFO - 
--------------------------------------------------------------------------------
[2023-06-10T02:26:49.564+0000] {taskinstance.py:1383} INFO - Executing <Task(BashOperator): download_dataset_task> on 2022-04-02 07:00:00+00:00
[2023-06-10T02:26:49.567+0000] {standard_task_runner.py:54} INFO - Started process 5380 to run task
[2023-06-10T02:26:49.585+0000] {standard_task_runner.py:82} INFO - Running: ['***', 'tasks', 'run', 'fhv_taxi_data', 'download_dataset_task', 'scheduled__2022-04-02T07:00:00+00:00', '--job-id', '264', '--raw', '--subdir', 'DAGS_FOLDER/data_ingestion_gcs_multiFile_v02.py', '--cfg-path', '/tmp/tmp6kuqfsav']
[2023-06-10T02:26:49.591+0000] {standard_task_runner.py:83} INFO - Job 264: Subtask download_dataset_task
[2023-06-10T02:26:49.592+0000] {dagbag.py:525} INFO - Filling up the DagBag from /opt/***/dags/data_ingestion_gcs_multiFile_v02.py
[2023-06-10T02:26:49.686+0000] {data_ingestion_gcs_multiFile_v02.py:20} INFO - dtc_data_lake_dtc-dezc-001 is the bucket.
[2023-06-10T02:26:49.713+0000] {warnings.py:110} WARNING - /home/***/.local/lib/python3.7/site-packages/***/configuration.py:545: DeprecationWarning: The sql_alchemy_conn option in [core] has been moved to the sql_alchemy_conn option in [database] - the old setting has been used, but please update your config.
  option = self._get_environment_variables(deprecated_key, deprecated_section, key, section)

[2023-06-10T02:26:49.790+0000] {task_command.py:384} INFO - Running <TaskInstance: fhv_taxi_data.download_dataset_task scheduled__2022-04-02T07:00:00+00:00 [running]> on host f41d61956f54
[2023-06-10T02:26:49.835+0000] {warnings.py:110} WARNING - /home/***/.local/lib/python3.7/site-packages/***/utils/context.py:204: AirflowContextDeprecationWarning: Accessing 'execution_date' from the template is deprecated and will be removed in a future version. Please use 'data_interval_start' or 'logical_date' instead.
  warnings.warn(_create_deprecation_warning(key, self._deprecation_replacements[key]))

[2023-06-10T02:26:49.887+0000] {taskinstance.py:1592} INFO - Exporting the following env vars:
AIRFLOW_CTX_DAG_OWNER=admin
AIRFLOW_CTX_DAG_ID=fhv_taxi_data
AIRFLOW_CTX_TASK_ID=download_dataset_task
AIRFLOW_CTX_EXECUTION_DATE=2022-04-02T07:00:00+00:00
AIRFLOW_CTX_TRY_NUMBER=1
AIRFLOW_CTX_DAG_RUN_ID=scheduled__2022-04-02T07:00:00+00:00
[2023-06-10T02:26:49.889+0000] {subprocess.py:63} INFO - Tmp dir root location: 
 /tmp
[2023-06-10T02:26:49.890+0000] {subprocess.py:75} INFO - Running command: ['/bin/bash', '-c', 'curl -sSLf https://github.com/DataTalksClub/nyc-tlc-data/releases/tag/fhv/fhv_tripdata_2022-04.csv.gz > /opt/***/fhv_tripdata_2022-04.csv.gz']
[2023-06-10T02:26:49.906+0000] {subprocess.py:86} INFO - Output:
[2023-06-10T02:26:50.507+0000] {subprocess.py:97} INFO - Command exited with return code 0
[2023-06-10T02:26:50.533+0000] {taskinstance.py:1406} INFO - Marking task as SUCCESS. dag_id=fhv_taxi_data, task_id=download_dataset_task, execution_date=20220402T070000, start_date=20230610T022649, end_date=20230610T022650
[2023-06-10T02:26:50.564+0000] {local_task_job.py:164} INFO - Task exited with return code 0
[2023-06-10T02:26:50.599+0000] {local_task_job.py:273} INFO - 1 downstream tasks scheduled from follow-on schedule check
[2023-06-11T01:57:49.398+0000] {taskinstance.py:1165} INFO - Dependencies all met for <TaskInstance: fhv_taxi_data.download_dataset_task scheduled__2022-04-02T07:00:00+00:00 [queued]>
[2023-06-11T01:57:49.404+0000] {taskinstance.py:1165} INFO - Dependencies all met for <TaskInstance: fhv_taxi_data.download_dataset_task scheduled__2022-04-02T07:00:00+00:00 [queued]>
[2023-06-11T01:57:49.405+0000] {taskinstance.py:1362} INFO - 
--------------------------------------------------------------------------------
[2023-06-11T01:57:49.406+0000] {taskinstance.py:1363} INFO - Starting attempt 1 of 2
[2023-06-11T01:57:49.406+0000] {taskinstance.py:1364} INFO - 
--------------------------------------------------------------------------------
[2023-06-11T01:57:49.414+0000] {taskinstance.py:1383} INFO - Executing <Task(BashOperator): download_dataset_task> on 2022-04-02 07:00:00+00:00
[2023-06-11T01:57:49.418+0000] {standard_task_runner.py:54} INFO - Started process 8462 to run task
[2023-06-11T01:57:49.421+0000] {standard_task_runner.py:82} INFO - Running: ['***', 'tasks', 'run', 'fhv_taxi_data', 'download_dataset_task', 'scheduled__2022-04-02T07:00:00+00:00', '--job-id', '811', '--raw', '--subdir', 'DAGS_FOLDER/data_ingestion_gcs_multiFile_v02.py', '--cfg-path', '/tmp/tmp3nebzrd9']
[2023-06-11T01:57:49.422+0000] {standard_task_runner.py:83} INFO - Job 811: Subtask download_dataset_task
[2023-06-11T01:57:49.423+0000] {dagbag.py:525} INFO - Filling up the DagBag from /opt/***/dags/data_ingestion_gcs_multiFile_v02.py
[2023-06-11T01:57:49.482+0000] {data_ingestion_gcs_multiFile_v02.py:20} INFO - dtc_data_lake_dtc-dezc-001 is the bucket.
[2023-06-11T01:57:49.498+0000] {warnings.py:110} WARNING - /home/***/.local/lib/python3.7/site-packages/***/configuration.py:545: DeprecationWarning: The sql_alchemy_conn option in [core] has been moved to the sql_alchemy_conn option in [database] - the old setting has been used, but please update your config.
  option = self._get_environment_variables(deprecated_key, deprecated_section, key, section)

[2023-06-11T01:57:49.536+0000] {task_command.py:384} INFO - Running <TaskInstance: fhv_taxi_data.download_dataset_task scheduled__2022-04-02T07:00:00+00:00 [running]> on host f41d61956f54
[2023-06-11T01:57:49.558+0000] {warnings.py:110} WARNING - /home/***/.local/lib/python3.7/site-packages/***/utils/context.py:204: AirflowContextDeprecationWarning: Accessing 'execution_date' from the template is deprecated and will be removed in a future version. Please use 'data_interval_start' or 'logical_date' instead.
  warnings.warn(_create_deprecation_warning(key, self._deprecation_replacements[key]))

[2023-06-11T01:57:49.586+0000] {taskinstance.py:1592} INFO - Exporting the following env vars:
AIRFLOW_CTX_DAG_OWNER=admin
AIRFLOW_CTX_DAG_ID=fhv_taxi_data
AIRFLOW_CTX_TASK_ID=download_dataset_task
AIRFLOW_CTX_EXECUTION_DATE=2022-04-02T07:00:00+00:00
AIRFLOW_CTX_TRY_NUMBER=1
AIRFLOW_CTX_DAG_RUN_ID=scheduled__2022-04-02T07:00:00+00:00
[2023-06-11T01:57:49.587+0000] {subprocess.py:63} INFO - Tmp dir root location: 
 /tmp
[2023-06-11T01:57:49.588+0000] {subprocess.py:75} INFO - Running command: ['/bin/bash', '-c', 'curl -sSLf https://github.com/DataTalksClub/nyc-tlc-data/releases/download/fhv/fhv_tripdata_2022-04.csv.gz > /opt/***/fhv_tripdata_2022-04.csv.gz']
[2023-06-11T01:57:49.598+0000] {subprocess.py:86} INFO - Output:
[2023-06-11T01:57:49.855+0000] {subprocess.py:93} INFO - curl: (22) The requested URL returned error: 404
[2023-06-11T01:57:49.867+0000] {subprocess.py:97} INFO - Command exited with return code 22
[2023-06-11T01:57:49.895+0000] {taskinstance.py:1851} ERROR - Task failed with exception
Traceback (most recent call last):
  File "/home/airflow/.local/lib/python3.7/site-packages/airflow/operators/bash.py", line 197, in execute
    f'Bash command failed. The command returned a non-zero exit code {result.exit_code}.'
airflow.exceptions.AirflowException: Bash command failed. The command returned a non-zero exit code 22.
[2023-06-11T01:57:49.901+0000] {taskinstance.py:1406} INFO - Marking task as UP_FOR_RETRY. dag_id=fhv_taxi_data, task_id=download_dataset_task, execution_date=20220402T070000, start_date=20230611T015749, end_date=20230611T015749
[2023-06-11T01:57:49.917+0000] {standard_task_runner.py:107} ERROR - Failed to execute job 811 for task download_dataset_task (Bash command failed. The command returned a non-zero exit code 22.; 8462)
[2023-06-11T01:57:49.967+0000] {local_task_job.py:164} INFO - Task exited with return code 1
[2023-06-11T01:57:49.987+0000] {local_task_job.py:273} INFO - 0 downstream tasks scheduled from follow-on schedule check
