[2023-06-11T01:30:24.805+0000] {taskinstance.py:1165} INFO - Dependencies all met for <TaskInstance: yellow_taxi_data.download_dataset_task scheduled__2020-07-02T06:00:00+00:00 [queued]>
[2023-06-11T01:30:24.811+0000] {taskinstance.py:1165} INFO - Dependencies all met for <TaskInstance: yellow_taxi_data.download_dataset_task scheduled__2020-07-02T06:00:00+00:00 [queued]>
[2023-06-11T01:30:24.812+0000] {taskinstance.py:1362} INFO - 
--------------------------------------------------------------------------------
[2023-06-11T01:30:24.812+0000] {taskinstance.py:1363} INFO - Starting attempt 1 of 2
[2023-06-11T01:30:24.813+0000] {taskinstance.py:1364} INFO - 
--------------------------------------------------------------------------------
[2023-06-11T01:30:24.820+0000] {taskinstance.py:1383} INFO - Executing <Task(BashOperator): download_dataset_task> on 2020-07-02 06:00:00+00:00
[2023-06-11T01:30:24.825+0000] {standard_task_runner.py:54} INFO - Started process 6358 to run task
[2023-06-11T01:30:24.828+0000] {standard_task_runner.py:82} INFO - Running: ['***', 'tasks', 'run', 'yellow_taxi_data', 'download_dataset_task', 'scheduled__2020-07-02T06:00:00+00:00', '--job-id', '640', '--raw', '--subdir', 'DAGS_FOLDER/data_ingestion_gcs_multiFile_v02.py', '--cfg-path', '/tmp/tmpxsckh6ps']
[2023-06-11T01:30:24.829+0000] {standard_task_runner.py:83} INFO - Job 640: Subtask download_dataset_task
[2023-06-11T01:30:24.830+0000] {dagbag.py:525} INFO - Filling up the DagBag from /opt/***/dags/data_ingestion_gcs_multiFile_v02.py
[2023-06-11T01:30:24.894+0000] {data_ingestion_gcs_multiFile_v02.py:20} INFO - dtc_data_lake_dtc-dezc-001 is the bucket.
[2023-06-11T01:30:24.910+0000] {warnings.py:110} WARNING - /home/***/.local/lib/python3.7/site-packages/***/configuration.py:545: DeprecationWarning: The sql_alchemy_conn option in [core] has been moved to the sql_alchemy_conn option in [database] - the old setting has been used, but please update your config.
  option = self._get_environment_variables(deprecated_key, deprecated_section, key, section)

[2023-06-11T01:30:24.952+0000] {task_command.py:384} INFO - Running <TaskInstance: yellow_taxi_data.download_dataset_task scheduled__2020-07-02T06:00:00+00:00 [running]> on host f41d61956f54
[2023-06-11T01:30:24.978+0000] {warnings.py:110} WARNING - /home/***/.local/lib/python3.7/site-packages/***/utils/context.py:204: AirflowContextDeprecationWarning: Accessing 'execution_date' from the template is deprecated and will be removed in a future version. Please use 'data_interval_start' or 'logical_date' instead.
  warnings.warn(_create_deprecation_warning(key, self._deprecation_replacements[key]))

[2023-06-11T01:30:25.011+0000] {taskinstance.py:1592} INFO - Exporting the following env vars:
AIRFLOW_CTX_DAG_OWNER=admin
AIRFLOW_CTX_DAG_ID=yellow_taxi_data
AIRFLOW_CTX_TASK_ID=download_dataset_task
AIRFLOW_CTX_EXECUTION_DATE=2020-07-02T06:00:00+00:00
AIRFLOW_CTX_TRY_NUMBER=1
AIRFLOW_CTX_DAG_RUN_ID=scheduled__2020-07-02T06:00:00+00:00
[2023-06-11T01:30:25.012+0000] {subprocess.py:63} INFO - Tmp dir root location: 
 /tmp
[2023-06-11T01:30:25.014+0000] {subprocess.py:75} INFO - Running command: ['/bin/bash', '-c', 'curl -sSLf https://github.com/DataTalksClub/nyc-tlc-data/releases/download/yellow/yellow_tripdata_2020-07.csv.gz > /opt/***/yellow_tripdata_2020-07.csv.gz']
[2023-06-11T01:30:25.026+0000] {subprocess.py:86} INFO - Output:
[2023-06-11T01:30:26.975+0000] {subprocess.py:97} INFO - Command exited with return code 0
[2023-06-11T01:30:27.006+0000] {taskinstance.py:1406} INFO - Marking task as SUCCESS. dag_id=yellow_taxi_data, task_id=download_dataset_task, execution_date=20200702T060000, start_date=20230611T013024, end_date=20230611T013027
[2023-06-11T01:30:27.062+0000] {local_task_job.py:164} INFO - Task exited with return code 0
[2023-06-11T01:30:27.104+0000] {local_task_job.py:273} INFO - 0 downstream tasks scheduled from follow-on schedule check
