[2023-06-11T00:53:47.062+0000] {taskinstance.py:1165} INFO - Dependencies all met for <TaskInstance: yellow_taxi_data.format_to_parquet_task scheduled__2019-01-02T06:00:00+00:00 [queued]>
[2023-06-11T00:53:47.069+0000] {taskinstance.py:1165} INFO - Dependencies all met for <TaskInstance: yellow_taxi_data.format_to_parquet_task scheduled__2019-01-02T06:00:00+00:00 [queued]>
[2023-06-11T00:53:47.070+0000] {taskinstance.py:1362} INFO - 
--------------------------------------------------------------------------------
[2023-06-11T00:53:47.071+0000] {taskinstance.py:1363} INFO - Starting attempt 5 of 6
[2023-06-11T00:53:47.071+0000] {taskinstance.py:1364} INFO - 
--------------------------------------------------------------------------------
[2023-06-11T00:53:47.080+0000] {taskinstance.py:1383} INFO - Executing <Task(PythonOperator): format_to_parquet_task> on 2019-01-02 06:00:00+00:00
[2023-06-11T00:53:47.085+0000] {standard_task_runner.py:54} INFO - Started process 2822 to run task
[2023-06-11T00:53:47.091+0000] {standard_task_runner.py:82} INFO - Running: ['***', 'tasks', 'run', 'yellow_taxi_data', 'format_to_parquet_task', 'scheduled__2019-01-02T06:00:00+00:00', '--job-id', '372', '--pool', 'default_pool', '--raw', '--subdir', 'DAGS_FOLDER/data_ingestion_gcs_multiFile_v02.py', '--cfg-path', '/tmp/tmpkx3vty00']
[2023-06-11T00:53:47.092+0000] {standard_task_runner.py:83} INFO - Job 372: Subtask format_to_parquet_task
[2023-06-11T00:53:47.093+0000] {dagbag.py:525} INFO - Filling up the DagBag from /opt/***/dags/data_ingestion_gcs_multiFile_v02.py
[2023-06-11T00:53:47.166+0000] {data_ingestion_gcs_multiFile_v02.py:20} INFO - dtc_data_lake_dtc-dezc-001 is the bucket.
[2023-06-11T00:53:47.184+0000] {warnings.py:110} WARNING - /home/***/.local/lib/python3.7/site-packages/***/configuration.py:545: DeprecationWarning: The sql_alchemy_conn option in [core] has been moved to the sql_alchemy_conn option in [database] - the old setting has been used, but please update your config.
  option = self._get_environment_variables(deprecated_key, deprecated_section, key, section)

[2023-06-11T00:53:47.228+0000] {task_command.py:384} INFO - Running <TaskInstance: yellow_taxi_data.format_to_parquet_task scheduled__2019-01-02T06:00:00+00:00 [running]> on host f41d61956f54
[2023-06-11T00:53:47.248+0000] {warnings.py:110} WARNING - /home/***/.local/lib/python3.7/site-packages/***/utils/context.py:204: AirflowContextDeprecationWarning: Accessing 'execution_date' from the template is deprecated and will be removed in a future version. Please use 'data_interval_start' or 'logical_date' instead.
  warnings.warn(_create_deprecation_warning(key, self._deprecation_replacements[key]))

[2023-06-11T00:53:47.280+0000] {taskinstance.py:1592} INFO - Exporting the following env vars:
AIRFLOW_CTX_DAG_OWNER=admin
AIRFLOW_CTX_DAG_ID=yellow_taxi_data
AIRFLOW_CTX_TASK_ID=format_to_parquet_task
AIRFLOW_CTX_EXECUTION_DATE=2019-01-02T06:00:00+00:00
AIRFLOW_CTX_TRY_NUMBER=5
AIRFLOW_CTX_DAG_RUN_ID=scheduled__2019-01-02T06:00:00+00:00
[2023-06-11T00:53:57.358+0000] {python.py:177} INFO - Done. Returned value was: None
[2023-06-11T00:53:57.388+0000] {taskinstance.py:1406} INFO - Marking task as SUCCESS. dag_id=yellow_taxi_data, task_id=format_to_parquet_task, execution_date=20190102T060000, start_date=20230611T005347, end_date=20230611T005357
[2023-06-11T00:53:57.953+0000] {local_task_job.py:164} INFO - Task exited with return code 0
[2023-06-11T00:53:57.975+0000] {local_task_job.py:273} INFO - 1 downstream tasks scheduled from follow-on schedule check
