[2023-06-10T02:26:49.292+0000] {taskinstance.py:1165} INFO - Dependencies all met for <TaskInstance: green_taxi_data.download_dataset_task scheduled__2022-03-02T06:30:00+00:00 [queued]>
[2023-06-10T02:26:49.309+0000] {taskinstance.py:1165} INFO - Dependencies all met for <TaskInstance: green_taxi_data.download_dataset_task scheduled__2022-03-02T06:30:00+00:00 [queued]>
[2023-06-10T02:26:49.310+0000] {taskinstance.py:1362} INFO - 
--------------------------------------------------------------------------------
[2023-06-10T02:26:49.311+0000] {taskinstance.py:1363} INFO - Starting attempt 1 of 2
[2023-06-10T02:26:49.312+0000] {taskinstance.py:1364} INFO - 
--------------------------------------------------------------------------------
[2023-06-10T02:26:49.323+0000] {taskinstance.py:1383} INFO - Executing <Task(BashOperator): download_dataset_task> on 2022-03-02 06:30:00+00:00
[2023-06-10T02:26:49.329+0000] {standard_task_runner.py:54} INFO - Started process 5373 to run task
[2023-06-10T02:26:49.333+0000] {standard_task_runner.py:82} INFO - Running: ['***', 'tasks', 'run', 'green_taxi_data', 'download_dataset_task', 'scheduled__2022-03-02T06:30:00+00:00', '--job-id', '261', '--raw', '--subdir', 'DAGS_FOLDER/data_ingestion_gcs_multiFile_v02.py', '--cfg-path', '/tmp/tmp60q7ouu7']
[2023-06-10T02:26:49.334+0000] {standard_task_runner.py:83} INFO - Job 261: Subtask download_dataset_task
[2023-06-10T02:26:49.336+0000] {dagbag.py:525} INFO - Filling up the DagBag from /opt/***/dags/data_ingestion_gcs_multiFile_v02.py
[2023-06-10T02:26:49.435+0000] {data_ingestion_gcs_multiFile_v02.py:20} INFO - dtc_data_lake_dtc-dezc-001 is the bucket.
[2023-06-10T02:26:49.477+0000] {warnings.py:110} WARNING - /home/***/.local/lib/python3.7/site-packages/***/configuration.py:545: DeprecationWarning: The sql_alchemy_conn option in [core] has been moved to the sql_alchemy_conn option in [database] - the old setting has been used, but please update your config.
  option = self._get_environment_variables(deprecated_key, deprecated_section, key, section)

[2023-06-10T02:26:49.567+0000] {task_command.py:384} INFO - Running <TaskInstance: green_taxi_data.download_dataset_task scheduled__2022-03-02T06:30:00+00:00 [running]> on host f41d61956f54
[2023-06-10T02:26:49.616+0000] {warnings.py:110} WARNING - /home/***/.local/lib/python3.7/site-packages/***/utils/context.py:204: AirflowContextDeprecationWarning: Accessing 'execution_date' from the template is deprecated and will be removed in a future version. Please use 'data_interval_start' or 'logical_date' instead.
  warnings.warn(_create_deprecation_warning(key, self._deprecation_replacements[key]))

[2023-06-10T02:26:49.674+0000] {taskinstance.py:1592} INFO - Exporting the following env vars:
AIRFLOW_CTX_DAG_OWNER=admin
AIRFLOW_CTX_DAG_ID=green_taxi_data
AIRFLOW_CTX_TASK_ID=download_dataset_task
AIRFLOW_CTX_EXECUTION_DATE=2022-03-02T06:30:00+00:00
AIRFLOW_CTX_TRY_NUMBER=1
AIRFLOW_CTX_DAG_RUN_ID=scheduled__2022-03-02T06:30:00+00:00
[2023-06-10T02:26:49.675+0000] {subprocess.py:63} INFO - Tmp dir root location: 
 /tmp
[2023-06-10T02:26:49.676+0000] {subprocess.py:75} INFO - Running command: ['/bin/bash', '-c', 'curl -sSLf https://github.com/DataTalksClub/nyc-tlc-data/releases/tag/green/green_tripdata_2022-03.csv.gz > /opt/***/green_tripdata_2022-03.csv.gz']
[2023-06-10T02:26:49.698+0000] {subprocess.py:86} INFO - Output:
[2023-06-10T02:26:50.371+0000] {subprocess.py:97} INFO - Command exited with return code 0
[2023-06-10T02:26:50.418+0000] {taskinstance.py:1406} INFO - Marking task as SUCCESS. dag_id=green_taxi_data, task_id=download_dataset_task, execution_date=20220302T063000, start_date=20230610T022649, end_date=20230610T022650
[2023-06-10T02:26:50.483+0000] {local_task_job.py:164} INFO - Task exited with return code 0
[2023-06-10T02:26:50.511+0000] {local_task_job.py:273} INFO - 1 downstream tasks scheduled from follow-on schedule check
[2023-06-11T01:25:40.776+0000] {taskinstance.py:1165} INFO - Dependencies all met for <TaskInstance: green_taxi_data.download_dataset_task scheduled__2022-03-02T06:30:00+00:00 [queued]>
[2023-06-11T01:25:40.783+0000] {taskinstance.py:1165} INFO - Dependencies all met for <TaskInstance: green_taxi_data.download_dataset_task scheduled__2022-03-02T06:30:00+00:00 [queued]>
[2023-06-11T01:25:40.784+0000] {taskinstance.py:1362} INFO - 
--------------------------------------------------------------------------------
[2023-06-11T01:25:40.784+0000] {taskinstance.py:1363} INFO - Starting attempt 1 of 2
[2023-06-11T01:25:40.785+0000] {taskinstance.py:1364} INFO - 
--------------------------------------------------------------------------------
[2023-06-11T01:25:40.793+0000] {taskinstance.py:1383} INFO - Executing <Task(BashOperator): download_dataset_task> on 2022-03-02 06:30:00+00:00
[2023-06-11T01:25:40.797+0000] {standard_task_runner.py:54} INFO - Started process 5848 to run task
[2023-06-11T01:25:40.801+0000] {standard_task_runner.py:82} INFO - Running: ['***', 'tasks', 'run', 'green_taxi_data', 'download_dataset_task', 'scheduled__2022-03-02T06:30:00+00:00', '--job-id', '597', '--raw', '--subdir', 'DAGS_FOLDER/data_ingestion_gcs_multiFile_v02.py', '--cfg-path', '/tmp/tmpkrzu1lag']
[2023-06-11T01:25:40.802+0000] {standard_task_runner.py:83} INFO - Job 597: Subtask download_dataset_task
[2023-06-11T01:25:40.803+0000] {dagbag.py:525} INFO - Filling up the DagBag from /opt/***/dags/data_ingestion_gcs_multiFile_v02.py
[2023-06-11T01:25:40.868+0000] {data_ingestion_gcs_multiFile_v02.py:20} INFO - dtc_data_lake_dtc-dezc-001 is the bucket.
[2023-06-11T01:25:40.883+0000] {warnings.py:110} WARNING - /home/***/.local/lib/python3.7/site-packages/***/configuration.py:545: DeprecationWarning: The sql_alchemy_conn option in [core] has been moved to the sql_alchemy_conn option in [database] - the old setting has been used, but please update your config.
  option = self._get_environment_variables(deprecated_key, deprecated_section, key, section)

[2023-06-11T01:25:40.927+0000] {task_command.py:384} INFO - Running <TaskInstance: green_taxi_data.download_dataset_task scheduled__2022-03-02T06:30:00+00:00 [running]> on host f41d61956f54
[2023-06-11T01:25:40.951+0000] {warnings.py:110} WARNING - /home/***/.local/lib/python3.7/site-packages/***/utils/context.py:204: AirflowContextDeprecationWarning: Accessing 'execution_date' from the template is deprecated and will be removed in a future version. Please use 'data_interval_start' or 'logical_date' instead.
  warnings.warn(_create_deprecation_warning(key, self._deprecation_replacements[key]))

[2023-06-11T01:25:40.979+0000] {taskinstance.py:1592} INFO - Exporting the following env vars:
AIRFLOW_CTX_DAG_OWNER=admin
AIRFLOW_CTX_DAG_ID=green_taxi_data
AIRFLOW_CTX_TASK_ID=download_dataset_task
AIRFLOW_CTX_EXECUTION_DATE=2022-03-02T06:30:00+00:00
AIRFLOW_CTX_TRY_NUMBER=1
AIRFLOW_CTX_DAG_RUN_ID=scheduled__2022-03-02T06:30:00+00:00
[2023-06-11T01:25:40.980+0000] {subprocess.py:63} INFO - Tmp dir root location: 
 /tmp
[2023-06-11T01:25:40.981+0000] {subprocess.py:75} INFO - Running command: ['/bin/bash', '-c', 'curl -sSLf https://github.com/DataTalksClub/nyc-tlc-data/releases/download/green/green_tripdata_2022-03.csv.gz > /opt/***/green_tripdata_2022-03.csv.gz']
[2023-06-11T01:25:40.991+0000] {subprocess.py:86} INFO - Output:
[2023-06-11T01:25:41.248+0000] {subprocess.py:93} INFO - curl: (22) The requested URL returned error: 404
[2023-06-11T01:25:41.250+0000] {subprocess.py:97} INFO - Command exited with return code 22
[2023-06-11T01:25:41.264+0000] {taskinstance.py:1851} ERROR - Task failed with exception
Traceback (most recent call last):
  File "/home/airflow/.local/lib/python3.7/site-packages/airflow/operators/bash.py", line 197, in execute
    f'Bash command failed. The command returned a non-zero exit code {result.exit_code}.'
airflow.exceptions.AirflowException: Bash command failed. The command returned a non-zero exit code 22.
[2023-06-11T01:25:41.267+0000] {taskinstance.py:1406} INFO - Marking task as UP_FOR_RETRY. dag_id=green_taxi_data, task_id=download_dataset_task, execution_date=20220302T063000, start_date=20230611T012540, end_date=20230611T012541
[2023-06-11T01:25:41.276+0000] {standard_task_runner.py:107} ERROR - Failed to execute job 597 for task download_dataset_task (Bash command failed. The command returned a non-zero exit code 22.; 5848)
[2023-06-11T01:25:41.296+0000] {local_task_job.py:164} INFO - Task exited with return code 1
[2023-06-11T01:25:41.318+0000] {local_task_job.py:273} INFO - 0 downstream tasks scheduled from follow-on schedule check
