[2023-06-10T01:27:51.883+0000] {taskinstance.py:1165} INFO - Dependencies all met for <TaskInstance: fhv_taxi_data.download_dataset_task scheduled__2019-11-02T07:00:00+00:00 [queued]>
[2023-06-10T01:27:51.892+0000] {taskinstance.py:1165} INFO - Dependencies all met for <TaskInstance: fhv_taxi_data.download_dataset_task scheduled__2019-11-02T07:00:00+00:00 [queued]>
[2023-06-10T01:27:51.893+0000] {taskinstance.py:1362} INFO - 
--------------------------------------------------------------------------------
[2023-06-10T01:27:51.901+0000] {taskinstance.py:1363} INFO - Starting attempt 1 of 2
[2023-06-10T01:27:51.901+0000] {taskinstance.py:1364} INFO - 
--------------------------------------------------------------------------------
[2023-06-10T01:27:51.932+0000] {taskinstance.py:1383} INFO - Executing <Task(BashOperator): download_dataset_task> on 2019-11-02 07:00:00+00:00
[2023-06-10T01:27:51.936+0000] {standard_task_runner.py:54} INFO - Started process 1909 to run task
[2023-06-10T01:27:51.942+0000] {standard_task_runner.py:82} INFO - Running: ['***', 'tasks', 'run', 'fhv_taxi_data', 'download_dataset_task', 'scheduled__2019-11-02T07:00:00+00:00', '--job-id', '87', '--raw', '--subdir', 'DAGS_FOLDER/data_ingestion_gcs_multiFile_v02.py', '--cfg-path', '/tmp/tmpdmluwck9']
[2023-06-10T01:27:51.943+0000] {standard_task_runner.py:83} INFO - Job 87: Subtask download_dataset_task
[2023-06-10T01:27:51.945+0000] {dagbag.py:525} INFO - Filling up the DagBag from /opt/***/dags/data_ingestion_gcs_multiFile_v02.py
[2023-06-10T01:27:52.034+0000] {data_ingestion_gcs_multiFile_v02.py:20} INFO - dtc_data_lake_dtc-dezc-001 is the bucket.
[2023-06-10T01:27:52.051+0000] {warnings.py:110} WARNING - /home/***/.local/lib/python3.7/site-packages/***/configuration.py:545: DeprecationWarning: The sql_alchemy_conn option in [core] has been moved to the sql_alchemy_conn option in [database] - the old setting has been used, but please update your config.
  option = self._get_environment_variables(deprecated_key, deprecated_section, key, section)

[2023-06-10T01:27:52.088+0000] {task_command.py:384} INFO - Running <TaskInstance: fhv_taxi_data.download_dataset_task scheduled__2019-11-02T07:00:00+00:00 [running]> on host f41d61956f54
[2023-06-10T01:27:52.110+0000] {warnings.py:110} WARNING - /home/***/.local/lib/python3.7/site-packages/***/utils/context.py:204: AirflowContextDeprecationWarning: Accessing 'execution_date' from the template is deprecated and will be removed in a future version. Please use 'data_interval_start' or 'logical_date' instead.
  warnings.warn(_create_deprecation_warning(key, self._deprecation_replacements[key]))

[2023-06-10T01:27:52.136+0000] {taskinstance.py:1592} INFO - Exporting the following env vars:
AIRFLOW_CTX_DAG_OWNER=admin
AIRFLOW_CTX_DAG_ID=fhv_taxi_data
AIRFLOW_CTX_TASK_ID=download_dataset_task
AIRFLOW_CTX_EXECUTION_DATE=2019-11-02T07:00:00+00:00
AIRFLOW_CTX_TRY_NUMBER=1
AIRFLOW_CTX_DAG_RUN_ID=scheduled__2019-11-02T07:00:00+00:00
[2023-06-10T01:27:52.137+0000] {subprocess.py:63} INFO - Tmp dir root location: 
 /tmp
[2023-06-10T01:27:52.138+0000] {subprocess.py:75} INFO - Running command: ['/bin/bash', '-c', 'curl -sSLf https://github.com/DataTalksClub/nyc-tlc-data/releases/tag/fhv/fhv_tripdata_2019-11.csv.gz > /opt/***/fhv_tripdata_2019-11.csv.gz']
[2023-06-10T01:27:52.148+0000] {subprocess.py:86} INFO - Output:
[2023-06-10T01:27:52.748+0000] {subprocess.py:97} INFO - Command exited with return code 0
[2023-06-10T01:27:52.792+0000] {taskinstance.py:1406} INFO - Marking task as SUCCESS. dag_id=fhv_taxi_data, task_id=download_dataset_task, execution_date=20191102T070000, start_date=20230610T012751, end_date=20230610T012752
[2023-06-10T01:27:52.845+0000] {local_task_job.py:164} INFO - Task exited with return code 0
[2023-06-10T01:27:52.875+0000] {local_task_job.py:273} INFO - 0 downstream tasks scheduled from follow-on schedule check
[2023-06-11T01:28:59.553+0000] {taskinstance.py:1165} INFO - Dependencies all met for <TaskInstance: fhv_taxi_data.download_dataset_task scheduled__2019-11-02T07:00:00+00:00 [queued]>
[2023-06-11T01:28:59.560+0000] {taskinstance.py:1165} INFO - Dependencies all met for <TaskInstance: fhv_taxi_data.download_dataset_task scheduled__2019-11-02T07:00:00+00:00 [queued]>
[2023-06-11T01:28:59.561+0000] {taskinstance.py:1362} INFO - 
--------------------------------------------------------------------------------
[2023-06-11T01:28:59.562+0000] {taskinstance.py:1363} INFO - Starting attempt 1 of 2
[2023-06-11T01:28:59.562+0000] {taskinstance.py:1364} INFO - 
--------------------------------------------------------------------------------
[2023-06-11T01:28:59.570+0000] {taskinstance.py:1383} INFO - Executing <Task(BashOperator): download_dataset_task> on 2019-11-02 07:00:00+00:00
[2023-06-11T01:28:59.574+0000] {standard_task_runner.py:54} INFO - Started process 6210 to run task
[2023-06-11T01:28:59.578+0000] {standard_task_runner.py:82} INFO - Running: ['***', 'tasks', 'run', 'fhv_taxi_data', 'download_dataset_task', 'scheduled__2019-11-02T07:00:00+00:00', '--job-id', '628', '--raw', '--subdir', 'DAGS_FOLDER/data_ingestion_gcs_multiFile_v02.py', '--cfg-path', '/tmp/tmpq48ny36o']
[2023-06-11T01:28:59.579+0000] {standard_task_runner.py:83} INFO - Job 628: Subtask download_dataset_task
[2023-06-11T01:28:59.580+0000] {dagbag.py:525} INFO - Filling up the DagBag from /opt/***/dags/data_ingestion_gcs_multiFile_v02.py
[2023-06-11T01:28:59.652+0000] {data_ingestion_gcs_multiFile_v02.py:20} INFO - dtc_data_lake_dtc-dezc-001 is the bucket.
[2023-06-11T01:28:59.668+0000] {warnings.py:110} WARNING - /home/***/.local/lib/python3.7/site-packages/***/configuration.py:545: DeprecationWarning: The sql_alchemy_conn option in [core] has been moved to the sql_alchemy_conn option in [database] - the old setting has been used, but please update your config.
  option = self._get_environment_variables(deprecated_key, deprecated_section, key, section)

[2023-06-11T01:28:59.708+0000] {task_command.py:384} INFO - Running <TaskInstance: fhv_taxi_data.download_dataset_task scheduled__2019-11-02T07:00:00+00:00 [running]> on host f41d61956f54
[2023-06-11T01:28:59.730+0000] {warnings.py:110} WARNING - /home/***/.local/lib/python3.7/site-packages/***/utils/context.py:204: AirflowContextDeprecationWarning: Accessing 'execution_date' from the template is deprecated and will be removed in a future version. Please use 'data_interval_start' or 'logical_date' instead.
  warnings.warn(_create_deprecation_warning(key, self._deprecation_replacements[key]))

[2023-06-11T01:28:59.756+0000] {taskinstance.py:1592} INFO - Exporting the following env vars:
AIRFLOW_CTX_DAG_OWNER=admin
AIRFLOW_CTX_DAG_ID=fhv_taxi_data
AIRFLOW_CTX_TASK_ID=download_dataset_task
AIRFLOW_CTX_EXECUTION_DATE=2019-11-02T07:00:00+00:00
AIRFLOW_CTX_TRY_NUMBER=1
AIRFLOW_CTX_DAG_RUN_ID=scheduled__2019-11-02T07:00:00+00:00
[2023-06-11T01:28:59.757+0000] {subprocess.py:63} INFO - Tmp dir root location: 
 /tmp
[2023-06-11T01:28:59.757+0000] {subprocess.py:75} INFO - Running command: ['/bin/bash', '-c', 'curl -sSLf https://github.com/DataTalksClub/nyc-tlc-data/releases/download/fhv/fhv_tripdata_2019-11.csv.gz > /opt/***/fhv_tripdata_2019-11.csv.gz']
[2023-06-11T01:28:59.769+0000] {subprocess.py:86} INFO - Output:
[2023-06-11T01:29:02.133+0000] {subprocess.py:97} INFO - Command exited with return code 0
[2023-06-11T01:29:02.165+0000] {taskinstance.py:1406} INFO - Marking task as SUCCESS. dag_id=fhv_taxi_data, task_id=download_dataset_task, execution_date=20191102T070000, start_date=20230611T012859, end_date=20230611T012902
[2023-06-11T01:29:02.217+0000] {local_task_job.py:164} INFO - Task exited with return code 0
[2023-06-11T01:29:02.244+0000] {local_task_job.py:273} INFO - 1 downstream tasks scheduled from follow-on schedule check
