[2023-06-10T02:21:42.852+0000] {taskinstance.py:1165} INFO - Dependencies all met for <TaskInstance: fhv_taxi_data.download_dataset_task scheduled__2022-02-02T07:00:00+00:00 [queued]>
[2023-06-10T02:21:42.858+0000] {taskinstance.py:1165} INFO - Dependencies all met for <TaskInstance: fhv_taxi_data.download_dataset_task scheduled__2022-02-02T07:00:00+00:00 [queued]>
[2023-06-10T02:21:42.858+0000] {taskinstance.py:1362} INFO - 
--------------------------------------------------------------------------------
[2023-06-10T02:21:42.859+0000] {taskinstance.py:1363} INFO - Starting attempt 1 of 2
[2023-06-10T02:21:42.861+0000] {taskinstance.py:1364} INFO - 
--------------------------------------------------------------------------------
[2023-06-10T02:21:42.877+0000] {taskinstance.py:1383} INFO - Executing <Task(BashOperator): download_dataset_task> on 2022-02-02 07:00:00+00:00
[2023-06-10T02:21:42.880+0000] {standard_task_runner.py:54} INFO - Started process 5036 to run task
[2023-06-10T02:21:42.884+0000] {standard_task_runner.py:82} INFO - Running: ['***', 'tasks', 'run', 'fhv_taxi_data', 'download_dataset_task', 'scheduled__2022-02-02T07:00:00+00:00', '--job-id', '248', '--raw', '--subdir', 'DAGS_FOLDER/data_ingestion_gcs_multiFile_v02.py', '--cfg-path', '/tmp/tmpf_29r8zg']
[2023-06-10T02:21:42.888+0000] {standard_task_runner.py:83} INFO - Job 248: Subtask download_dataset_task
[2023-06-10T02:21:42.889+0000] {dagbag.py:525} INFO - Filling up the DagBag from /opt/***/dags/data_ingestion_gcs_multiFile_v02.py
[2023-06-10T02:21:42.956+0000] {data_ingestion_gcs_multiFile_v02.py:20} INFO - dtc_data_lake_dtc-dezc-001 is the bucket.
[2023-06-10T02:21:42.974+0000] {warnings.py:110} WARNING - /home/***/.local/lib/python3.7/site-packages/***/configuration.py:545: DeprecationWarning: The sql_alchemy_conn option in [core] has been moved to the sql_alchemy_conn option in [database] - the old setting has been used, but please update your config.
  option = self._get_environment_variables(deprecated_key, deprecated_section, key, section)

[2023-06-10T02:21:43.017+0000] {task_command.py:384} INFO - Running <TaskInstance: fhv_taxi_data.download_dataset_task scheduled__2022-02-02T07:00:00+00:00 [running]> on host f41d61956f54
[2023-06-10T02:21:43.047+0000] {warnings.py:110} WARNING - /home/***/.local/lib/python3.7/site-packages/***/utils/context.py:204: AirflowContextDeprecationWarning: Accessing 'execution_date' from the template is deprecated and will be removed in a future version. Please use 'data_interval_start' or 'logical_date' instead.
  warnings.warn(_create_deprecation_warning(key, self._deprecation_replacements[key]))

[2023-06-10T02:21:43.077+0000] {taskinstance.py:1592} INFO - Exporting the following env vars:
AIRFLOW_CTX_DAG_OWNER=admin
AIRFLOW_CTX_DAG_ID=fhv_taxi_data
AIRFLOW_CTX_TASK_ID=download_dataset_task
AIRFLOW_CTX_EXECUTION_DATE=2022-02-02T07:00:00+00:00
AIRFLOW_CTX_TRY_NUMBER=1
AIRFLOW_CTX_DAG_RUN_ID=scheduled__2022-02-02T07:00:00+00:00
[2023-06-10T02:21:43.078+0000] {subprocess.py:63} INFO - Tmp dir root location: 
 /tmp
[2023-06-10T02:21:43.079+0000] {subprocess.py:75} INFO - Running command: ['/bin/bash', '-c', 'curl -sSLf https://github.com/DataTalksClub/nyc-tlc-data/releases/tag/fhv/fhv_tripdata_2022-02.csv.gz > /opt/***/fhv_tripdata_2022-02.csv.gz']
[2023-06-10T02:21:43.088+0000] {subprocess.py:86} INFO - Output:
[2023-06-10T02:21:43.716+0000] {subprocess.py:97} INFO - Command exited with return code 0
[2023-06-10T02:21:43.738+0000] {taskinstance.py:1406} INFO - Marking task as SUCCESS. dag_id=fhv_taxi_data, task_id=download_dataset_task, execution_date=20220202T070000, start_date=20230610T022142, end_date=20230610T022143
[2023-06-10T02:21:43.785+0000] {local_task_job.py:164} INFO - Task exited with return code 0
[2023-06-10T02:21:43.806+0000] {local_task_job.py:273} INFO - 1 downstream tasks scheduled from follow-on schedule check
[2023-06-11T01:57:24.052+0000] {taskinstance.py:1165} INFO - Dependencies all met for <TaskInstance: fhv_taxi_data.download_dataset_task scheduled__2022-02-02T07:00:00+00:00 [queued]>
[2023-06-11T01:57:24.058+0000] {taskinstance.py:1165} INFO - Dependencies all met for <TaskInstance: fhv_taxi_data.download_dataset_task scheduled__2022-02-02T07:00:00+00:00 [queued]>
[2023-06-11T01:57:24.059+0000] {taskinstance.py:1362} INFO - 
--------------------------------------------------------------------------------
[2023-06-11T01:57:24.060+0000] {taskinstance.py:1363} INFO - Starting attempt 1 of 2
[2023-06-11T01:57:24.060+0000] {taskinstance.py:1364} INFO - 
--------------------------------------------------------------------------------
[2023-06-11T01:57:24.068+0000] {taskinstance.py:1383} INFO - Executing <Task(BashOperator): download_dataset_task> on 2022-02-02 07:00:00+00:00
[2023-06-11T01:57:24.072+0000] {standard_task_runner.py:54} INFO - Started process 8387 to run task
[2023-06-11T01:57:24.076+0000] {standard_task_runner.py:82} INFO - Running: ['***', 'tasks', 'run', 'fhv_taxi_data', 'download_dataset_task', 'scheduled__2022-02-02T07:00:00+00:00', '--job-id', '803', '--raw', '--subdir', 'DAGS_FOLDER/data_ingestion_gcs_multiFile_v02.py', '--cfg-path', '/tmp/tmpeed9wvob']
[2023-06-11T01:57:24.077+0000] {standard_task_runner.py:83} INFO - Job 803: Subtask download_dataset_task
[2023-06-11T01:57:24.079+0000] {dagbag.py:525} INFO - Filling up the DagBag from /opt/***/dags/data_ingestion_gcs_multiFile_v02.py
[2023-06-11T01:57:24.139+0000] {data_ingestion_gcs_multiFile_v02.py:20} INFO - dtc_data_lake_dtc-dezc-001 is the bucket.
[2023-06-11T01:57:24.154+0000] {warnings.py:110} WARNING - /home/***/.local/lib/python3.7/site-packages/***/configuration.py:545: DeprecationWarning: The sql_alchemy_conn option in [core] has been moved to the sql_alchemy_conn option in [database] - the old setting has been used, but please update your config.
  option = self._get_environment_variables(deprecated_key, deprecated_section, key, section)

[2023-06-11T01:57:24.194+0000] {task_command.py:384} INFO - Running <TaskInstance: fhv_taxi_data.download_dataset_task scheduled__2022-02-02T07:00:00+00:00 [running]> on host f41d61956f54
[2023-06-11T01:57:24.217+0000] {warnings.py:110} WARNING - /home/***/.local/lib/python3.7/site-packages/***/utils/context.py:204: AirflowContextDeprecationWarning: Accessing 'execution_date' from the template is deprecated and will be removed in a future version. Please use 'data_interval_start' or 'logical_date' instead.
  warnings.warn(_create_deprecation_warning(key, self._deprecation_replacements[key]))

[2023-06-11T01:57:24.244+0000] {taskinstance.py:1592} INFO - Exporting the following env vars:
AIRFLOW_CTX_DAG_OWNER=admin
AIRFLOW_CTX_DAG_ID=fhv_taxi_data
AIRFLOW_CTX_TASK_ID=download_dataset_task
AIRFLOW_CTX_EXECUTION_DATE=2022-02-02T07:00:00+00:00
AIRFLOW_CTX_TRY_NUMBER=1
AIRFLOW_CTX_DAG_RUN_ID=scheduled__2022-02-02T07:00:00+00:00
[2023-06-11T01:57:24.245+0000] {subprocess.py:63} INFO - Tmp dir root location: 
 /tmp
[2023-06-11T01:57:24.246+0000] {subprocess.py:75} INFO - Running command: ['/bin/bash', '-c', 'curl -sSLf https://github.com/DataTalksClub/nyc-tlc-data/releases/download/fhv/fhv_tripdata_2022-02.csv.gz > /opt/***/fhv_tripdata_2022-02.csv.gz']
[2023-06-11T01:57:24.258+0000] {subprocess.py:86} INFO - Output:
[2023-06-11T01:57:24.508+0000] {subprocess.py:93} INFO - curl: (22) The requested URL returned error: 404
[2023-06-11T01:57:24.511+0000] {subprocess.py:97} INFO - Command exited with return code 22
[2023-06-11T01:57:24.525+0000] {taskinstance.py:1851} ERROR - Task failed with exception
Traceback (most recent call last):
  File "/home/airflow/.local/lib/python3.7/site-packages/airflow/operators/bash.py", line 197, in execute
    f'Bash command failed. The command returned a non-zero exit code {result.exit_code}.'
airflow.exceptions.AirflowException: Bash command failed. The command returned a non-zero exit code 22.
[2023-06-11T01:57:24.528+0000] {taskinstance.py:1406} INFO - Marking task as UP_FOR_RETRY. dag_id=fhv_taxi_data, task_id=download_dataset_task, execution_date=20220202T070000, start_date=20230611T015724, end_date=20230611T015724
[2023-06-11T01:57:24.538+0000] {standard_task_runner.py:107} ERROR - Failed to execute job 803 for task download_dataset_task (Bash command failed. The command returned a non-zero exit code 22.; 8387)
[2023-06-11T01:57:24.569+0000] {local_task_job.py:164} INFO - Task exited with return code 1
[2023-06-11T01:57:24.591+0000] {local_task_job.py:273} INFO - 0 downstream tasks scheduled from follow-on schedule check
