[2023-06-10T02:31:54.413+0000] {taskinstance.py:1165} INFO - Dependencies all met for <TaskInstance: fhv_taxi_data.download_dataset_task scheduled__2022-06-02T07:00:00+00:00 [queued]>
[2023-06-10T02:31:54.419+0000] {taskinstance.py:1165} INFO - Dependencies all met for <TaskInstance: fhv_taxi_data.download_dataset_task scheduled__2022-06-02T07:00:00+00:00 [queued]>
[2023-06-10T02:31:54.419+0000] {taskinstance.py:1362} INFO - 
--------------------------------------------------------------------------------
[2023-06-10T02:31:54.420+0000] {taskinstance.py:1363} INFO - Starting attempt 1 of 2
[2023-06-10T02:31:54.420+0000] {taskinstance.py:1364} INFO - 
--------------------------------------------------------------------------------
[2023-06-10T02:31:54.429+0000] {taskinstance.py:1383} INFO - Executing <Task(BashOperator): download_dataset_task> on 2022-06-02 07:00:00+00:00
[2023-06-10T02:31:54.433+0000] {standard_task_runner.py:54} INFO - Started process 5724 to run task
[2023-06-10T02:31:54.437+0000] {standard_task_runner.py:82} INFO - Running: ['***', 'tasks', 'run', 'fhv_taxi_data', 'download_dataset_task', 'scheduled__2022-06-02T07:00:00+00:00', '--job-id', '278', '--raw', '--subdir', 'DAGS_FOLDER/data_ingestion_gcs_multiFile_v02.py', '--cfg-path', '/tmp/tmp4m5svhtx']
[2023-06-10T02:31:54.438+0000] {standard_task_runner.py:83} INFO - Job 278: Subtask download_dataset_task
[2023-06-10T02:31:54.439+0000] {dagbag.py:525} INFO - Filling up the DagBag from /opt/***/dags/data_ingestion_gcs_multiFile_v02.py
[2023-06-10T02:31:54.511+0000] {data_ingestion_gcs_multiFile_v02.py:20} INFO - dtc_data_lake_dtc-dezc-001 is the bucket.
[2023-06-10T02:31:54.530+0000] {warnings.py:110} WARNING - /home/***/.local/lib/python3.7/site-packages/***/configuration.py:545: DeprecationWarning: The sql_alchemy_conn option in [core] has been moved to the sql_alchemy_conn option in [database] - the old setting has been used, but please update your config.
  option = self._get_environment_variables(deprecated_key, deprecated_section, key, section)

[2023-06-10T02:31:54.569+0000] {task_command.py:384} INFO - Running <TaskInstance: fhv_taxi_data.download_dataset_task scheduled__2022-06-02T07:00:00+00:00 [running]> on host f41d61956f54
[2023-06-10T02:31:54.591+0000] {warnings.py:110} WARNING - /home/***/.local/lib/python3.7/site-packages/***/utils/context.py:204: AirflowContextDeprecationWarning: Accessing 'execution_date' from the template is deprecated and will be removed in a future version. Please use 'data_interval_start' or 'logical_date' instead.
  warnings.warn(_create_deprecation_warning(key, self._deprecation_replacements[key]))

[2023-06-10T02:31:54.620+0000] {taskinstance.py:1592} INFO - Exporting the following env vars:
AIRFLOW_CTX_DAG_OWNER=admin
AIRFLOW_CTX_DAG_ID=fhv_taxi_data
AIRFLOW_CTX_TASK_ID=download_dataset_task
AIRFLOW_CTX_EXECUTION_DATE=2022-06-02T07:00:00+00:00
AIRFLOW_CTX_TRY_NUMBER=1
AIRFLOW_CTX_DAG_RUN_ID=scheduled__2022-06-02T07:00:00+00:00
[2023-06-10T02:31:54.621+0000] {subprocess.py:63} INFO - Tmp dir root location: 
 /tmp
[2023-06-10T02:31:54.621+0000] {subprocess.py:75} INFO - Running command: ['/bin/bash', '-c', 'curl -sSLf https://github.com/DataTalksClub/nyc-tlc-data/releases/tag/fhv/fhv_tripdata_2022-06.csv.gz > /opt/***/fhv_tripdata_2022-06.csv.gz']
[2023-06-10T02:31:54.631+0000] {subprocess.py:86} INFO - Output:
[2023-06-10T02:31:55.335+0000] {subprocess.py:97} INFO - Command exited with return code 0
[2023-06-10T02:31:55.358+0000] {taskinstance.py:1406} INFO - Marking task as SUCCESS. dag_id=fhv_taxi_data, task_id=download_dataset_task, execution_date=20220602T070000, start_date=20230610T023154, end_date=20230610T023155
[2023-06-10T02:31:55.418+0000] {local_task_job.py:164} INFO - Task exited with return code 0
[2023-06-10T02:31:55.440+0000] {local_task_job.py:273} INFO - 1 downstream tasks scheduled from follow-on schedule check
[2023-06-11T02:02:52.683+0000] {taskinstance.py:1165} INFO - Dependencies all met for <TaskInstance: fhv_taxi_data.download_dataset_task scheduled__2022-06-02T07:00:00+00:00 [queued]>
[2023-06-11T02:02:52.690+0000] {taskinstance.py:1165} INFO - Dependencies all met for <TaskInstance: fhv_taxi_data.download_dataset_task scheduled__2022-06-02T07:00:00+00:00 [queued]>
[2023-06-11T02:02:52.691+0000] {taskinstance.py:1362} INFO - 
--------------------------------------------------------------------------------
[2023-06-11T02:02:52.692+0000] {taskinstance.py:1363} INFO - Starting attempt 1 of 2
[2023-06-11T02:02:52.692+0000] {taskinstance.py:1364} INFO - 
--------------------------------------------------------------------------------
[2023-06-11T02:02:52.700+0000] {taskinstance.py:1383} INFO - Executing <Task(BashOperator): download_dataset_task> on 2022-06-02 07:00:00+00:00
[2023-06-11T02:02:52.704+0000] {standard_task_runner.py:54} INFO - Started process 8780 to run task
[2023-06-11T02:02:52.708+0000] {standard_task_runner.py:82} INFO - Running: ['***', 'tasks', 'run', 'fhv_taxi_data', 'download_dataset_task', 'scheduled__2022-06-02T07:00:00+00:00', '--job-id', '822', '--raw', '--subdir', 'DAGS_FOLDER/data_ingestion_gcs_multiFile_v02.py', '--cfg-path', '/tmp/tmp921otohr']
[2023-06-11T02:02:52.709+0000] {standard_task_runner.py:83} INFO - Job 822: Subtask download_dataset_task
[2023-06-11T02:02:52.710+0000] {dagbag.py:525} INFO - Filling up the DagBag from /opt/***/dags/data_ingestion_gcs_multiFile_v02.py
[2023-06-11T02:02:52.784+0000] {data_ingestion_gcs_multiFile_v02.py:20} INFO - dtc_data_lake_dtc-dezc-001 is the bucket.
[2023-06-11T02:02:52.801+0000] {warnings.py:110} WARNING - /home/***/.local/lib/python3.7/site-packages/***/configuration.py:545: DeprecationWarning: The sql_alchemy_conn option in [core] has been moved to the sql_alchemy_conn option in [database] - the old setting has been used, but please update your config.
  option = self._get_environment_variables(deprecated_key, deprecated_section, key, section)

[2023-06-11T02:02:52.844+0000] {task_command.py:384} INFO - Running <TaskInstance: fhv_taxi_data.download_dataset_task scheduled__2022-06-02T07:00:00+00:00 [running]> on host f41d61956f54
[2023-06-11T02:02:52.870+0000] {warnings.py:110} WARNING - /home/***/.local/lib/python3.7/site-packages/***/utils/context.py:204: AirflowContextDeprecationWarning: Accessing 'execution_date' from the template is deprecated and will be removed in a future version. Please use 'data_interval_start' or 'logical_date' instead.
  warnings.warn(_create_deprecation_warning(key, self._deprecation_replacements[key]))

[2023-06-11T02:02:52.897+0000] {taskinstance.py:1592} INFO - Exporting the following env vars:
AIRFLOW_CTX_DAG_OWNER=admin
AIRFLOW_CTX_DAG_ID=fhv_taxi_data
AIRFLOW_CTX_TASK_ID=download_dataset_task
AIRFLOW_CTX_EXECUTION_DATE=2022-06-02T07:00:00+00:00
AIRFLOW_CTX_TRY_NUMBER=1
AIRFLOW_CTX_DAG_RUN_ID=scheduled__2022-06-02T07:00:00+00:00
[2023-06-11T02:02:52.898+0000] {subprocess.py:63} INFO - Tmp dir root location: 
 /tmp
[2023-06-11T02:02:52.899+0000] {subprocess.py:75} INFO - Running command: ['/bin/bash', '-c', 'curl -sSLf https://github.com/DataTalksClub/nyc-tlc-data/releases/download/fhv/fhv_tripdata_2022-06.csv.gz > /opt/***/fhv_tripdata_2022-06.csv.gz']
[2023-06-11T02:02:52.910+0000] {subprocess.py:86} INFO - Output:
[2023-06-11T02:02:53.168+0000] {subprocess.py:93} INFO - curl: (22) The requested URL returned error: 404
[2023-06-11T02:02:53.171+0000] {subprocess.py:97} INFO - Command exited with return code 22
[2023-06-11T02:02:53.182+0000] {taskinstance.py:1851} ERROR - Task failed with exception
Traceback (most recent call last):
  File "/home/airflow/.local/lib/python3.7/site-packages/airflow/operators/bash.py", line 197, in execute
    f'Bash command failed. The command returned a non-zero exit code {result.exit_code}.'
airflow.exceptions.AirflowException: Bash command failed. The command returned a non-zero exit code 22.
[2023-06-11T02:02:53.185+0000] {taskinstance.py:1406} INFO - Marking task as UP_FOR_RETRY. dag_id=fhv_taxi_data, task_id=download_dataset_task, execution_date=20220602T070000, start_date=20230611T020252, end_date=20230611T020253
[2023-06-11T02:02:53.193+0000] {standard_task_runner.py:107} ERROR - Failed to execute job 822 for task download_dataset_task (Bash command failed. The command returned a non-zero exit code 22.; 8780)
[2023-06-11T02:02:53.249+0000] {local_task_job.py:164} INFO - Task exited with return code 1
[2023-06-11T02:02:53.267+0000] {local_task_job.py:273} INFO - 0 downstream tasks scheduled from follow-on schedule check
