[2023-06-06T19:26:17.739+0000] {taskinstance.py:1165} INFO - Dependencies all met for <TaskInstance: data_ingestion_gcs_dag.download_dataset_task scheduled__2023-06-05T00:00:00+00:00 [queued]>
[2023-06-06T19:26:17.748+0000] {taskinstance.py:1165} INFO - Dependencies all met for <TaskInstance: data_ingestion_gcs_dag.download_dataset_task scheduled__2023-06-05T00:00:00+00:00 [queued]>
[2023-06-06T19:26:17.750+0000] {taskinstance.py:1362} INFO - 
--------------------------------------------------------------------------------
[2023-06-06T19:26:17.750+0000] {taskinstance.py:1363} INFO - Starting attempt 1 of 2
[2023-06-06T19:26:17.751+0000] {taskinstance.py:1364} INFO - 
--------------------------------------------------------------------------------
[2023-06-06T19:26:17.767+0000] {taskinstance.py:1383} INFO - Executing <Task(BashOperator): download_dataset_task> on 2023-06-05 00:00:00+00:00
[2023-06-06T19:26:17.774+0000] {standard_task_runner.py:54} INFO - Started process 161 to run task
[2023-06-06T19:26:17.779+0000] {standard_task_runner.py:82} INFO - Running: ['***', 'tasks', 'run', 'data_ingestion_gcs_dag', 'download_dataset_task', 'scheduled__2023-06-05T00:00:00+00:00', '--job-id', '3', '--raw', '--subdir', 'DAGS_FOLDER/data_ingestion_gcs.py', '--cfg-path', '/tmp/tmpdtgm23oj']
[2023-06-06T19:26:17.781+0000] {standard_task_runner.py:83} INFO - Job 3: Subtask download_dataset_task
[2023-06-06T19:26:17.783+0000] {dagbag.py:525} INFO - Filling up the DagBag from /opt/***/dags/data_ingestion_gcs.py
[2023-06-06T19:26:17.850+0000] {data_ingestion_gcs.py:24} INFO - Dataset file is yellow_tripdata_2021-01.csv.gz, url is https://github.com/DataTalksClub/nyc-tlc-data/releases/download/yellow/yellow_tripdata_2021-01.csv.gz, local_home is /opt/***, parquet file is yellow_tripdata_2021-01.parquet
[2023-06-06T19:26:17.851+0000] {data_ingestion_gcs.py:31} INFO - dtc_data_lake_dtc-dezc-001 is the bucket, dtc-dezc-001 is the project id, trips_data_all is the bigquery dataset.
[2023-06-06T19:26:17.886+0000] {warnings.py:110} WARNING - /home/***/.local/lib/python3.7/site-packages/***/configuration.py:545: DeprecationWarning: The sql_alchemy_conn option in [core] has been moved to the sql_alchemy_conn option in [database] - the old setting has been used, but please update your config.
  option = self._get_environment_variables(deprecated_key, deprecated_section, key, section)

[2023-06-06T19:26:17.948+0000] {task_command.py:384} INFO - Running <TaskInstance: data_ingestion_gcs_dag.download_dataset_task scheduled__2023-06-05T00:00:00+00:00 [running]> on host 5b07d5f4e84f
[2023-06-06T19:26:18.017+0000] {taskinstance.py:1592} INFO - Exporting the following env vars:
AIRFLOW_CTX_DAG_OWNER=admin
AIRFLOW_CTX_DAG_ID=data_ingestion_gcs_dag
AIRFLOW_CTX_TASK_ID=download_dataset_task
AIRFLOW_CTX_EXECUTION_DATE=2023-06-05T00:00:00+00:00
AIRFLOW_CTX_TRY_NUMBER=1
AIRFLOW_CTX_DAG_RUN_ID=scheduled__2023-06-05T00:00:00+00:00
[2023-06-06T19:26:18.019+0000] {subprocess.py:63} INFO - Tmp dir root location: 
 /tmp
[2023-06-06T19:26:18.019+0000] {subprocess.py:75} INFO - Running command: ['/bin/bash', '-c', 'curl -sSL https://github.com/DataTalksClub/nyc-tlc-data/releases/download/yellow/yellow_tripdata_2021-01.csv.gz > /opt/***/yellow_tripdata_2021-01.csv.gz']
[2023-06-06T19:26:18.031+0000] {subprocess.py:86} INFO - Output:
[2023-06-06T19:26:21.050+0000] {subprocess.py:97} INFO - Command exited with return code 0
[2023-06-06T19:26:21.084+0000] {taskinstance.py:1406} INFO - Marking task as SUCCESS. dag_id=data_ingestion_gcs_dag, task_id=download_dataset_task, execution_date=20230605T000000, start_date=20230606T192617, end_date=20230606T192621
[2023-06-06T19:26:21.147+0000] {local_task_job.py:164} INFO - Task exited with return code 0
[2023-06-06T19:26:21.170+0000] {local_task_job.py:273} INFO - 1 downstream tasks scheduled from follow-on schedule check
[2023-06-06T20:10:14.328+0000] {taskinstance.py:1165} INFO - Dependencies all met for <TaskInstance: data_ingestion_gcs_dag.download_dataset_task scheduled__2023-06-05T00:00:00+00:00 [queued]>
[2023-06-06T20:10:14.335+0000] {taskinstance.py:1165} INFO - Dependencies all met for <TaskInstance: data_ingestion_gcs_dag.download_dataset_task scheduled__2023-06-05T00:00:00+00:00 [queued]>
[2023-06-06T20:10:14.341+0000] {taskinstance.py:1362} INFO - 
--------------------------------------------------------------------------------
[2023-06-06T20:10:14.341+0000] {taskinstance.py:1363} INFO - Starting attempt 1 of 2
[2023-06-06T20:10:14.342+0000] {taskinstance.py:1364} INFO - 
--------------------------------------------------------------------------------
[2023-06-06T20:10:14.352+0000] {taskinstance.py:1383} INFO - Executing <Task(BashOperator): download_dataset_task> on 2023-06-05 00:00:00+00:00
[2023-06-06T20:10:14.359+0000] {standard_task_runner.py:54} INFO - Started process 167 to run task
[2023-06-06T20:10:14.367+0000] {standard_task_runner.py:82} INFO - Running: ['***', 'tasks', 'run', 'data_ingestion_gcs_dag', 'download_dataset_task', 'scheduled__2023-06-05T00:00:00+00:00', '--job-id', '3', '--raw', '--subdir', 'DAGS_FOLDER/data_ingestion_gcs.py', '--cfg-path', '/tmp/tmpjvvq381q']
[2023-06-06T20:10:14.369+0000] {standard_task_runner.py:83} INFO - Job 3: Subtask download_dataset_task
[2023-06-06T20:10:14.380+0000] {dagbag.py:525} INFO - Filling up the DagBag from /opt/***/dags/data_ingestion_gcs.py
[2023-06-06T20:10:14.432+0000] {data_ingestion_gcs.py:24} INFO - Dataset file is yellow_tripdata_2021-01.csv.gz, url is https://github.com/DataTalksClub/nyc-tlc-data/releases/download/yellow/yellow_tripdata_2021-01.csv.gz, local_home is /opt/***, parquet file is yellow_tripdata_2021-01.parquet
[2023-06-06T20:10:14.433+0000] {data_ingestion_gcs.py:32} INFO - dtc_data_lake_dtc-dezc-001 is the bucket,  dtc-dezc is the project name, dtc-dezc-001 is the project id, trips_data_all is the bigquery dataset.
[2023-06-06T20:10:14.479+0000] {warnings.py:110} WARNING - /home/***/.local/lib/python3.7/site-packages/***/configuration.py:545: DeprecationWarning: The sql_alchemy_conn option in [core] has been moved to the sql_alchemy_conn option in [database] - the old setting has been used, but please update your config.
  option = self._get_environment_variables(deprecated_key, deprecated_section, key, section)

[2023-06-06T20:10:14.533+0000] {task_command.py:384} INFO - Running <TaskInstance: data_ingestion_gcs_dag.download_dataset_task scheduled__2023-06-05T00:00:00+00:00 [running]> on host 1d8c795fd30d
[2023-06-06T20:10:14.585+0000] {taskinstance.py:1592} INFO - Exporting the following env vars:
AIRFLOW_CTX_DAG_OWNER=admin
AIRFLOW_CTX_DAG_ID=data_ingestion_gcs_dag
AIRFLOW_CTX_TASK_ID=download_dataset_task
AIRFLOW_CTX_EXECUTION_DATE=2023-06-05T00:00:00+00:00
AIRFLOW_CTX_TRY_NUMBER=1
AIRFLOW_CTX_DAG_RUN_ID=scheduled__2023-06-05T00:00:00+00:00
[2023-06-06T20:10:14.586+0000] {subprocess.py:63} INFO - Tmp dir root location: 
 /tmp
[2023-06-06T20:10:14.587+0000] {subprocess.py:75} INFO - Running command: ['/bin/bash', '-c', 'curl -sSL https://github.com/DataTalksClub/nyc-tlc-data/releases/download/yellow/yellow_tripdata_2021-01.csv.gz > /opt/***/yellow_tripdata_2021-01.csv.gz']
[2023-06-06T20:10:14.597+0000] {subprocess.py:86} INFO - Output:
[2023-06-06T20:10:17.361+0000] {subprocess.py:97} INFO - Command exited with return code 0
[2023-06-06T20:10:17.387+0000] {taskinstance.py:1406} INFO - Marking task as SUCCESS. dag_id=data_ingestion_gcs_dag, task_id=download_dataset_task, execution_date=20230605T000000, start_date=20230606T201014, end_date=20230606T201017
[2023-06-06T20:10:17.419+0000] {local_task_job.py:164} INFO - Task exited with return code 0
[2023-06-06T20:10:17.442+0000] {local_task_job.py:273} INFO - 1 downstream tasks scheduled from follow-on schedule check
