[2023-06-10T01:27:51.679+0000] {taskinstance.py:1165} INFO - Dependencies all met for <TaskInstance: green_taxi_data.download_dataset_task scheduled__2019-11-02T06:30:00+00:00 [queued]>
[2023-06-10T01:27:51.695+0000] {taskinstance.py:1165} INFO - Dependencies all met for <TaskInstance: green_taxi_data.download_dataset_task scheduled__2019-11-02T06:30:00+00:00 [queued]>
[2023-06-10T01:27:51.696+0000] {taskinstance.py:1362} INFO - 
--------------------------------------------------------------------------------
[2023-06-10T01:27:51.696+0000] {taskinstance.py:1363} INFO - Starting attempt 1 of 2
[2023-06-10T01:27:51.696+0000] {taskinstance.py:1364} INFO - 
--------------------------------------------------------------------------------
[2023-06-10T01:27:51.719+0000] {taskinstance.py:1383} INFO - Executing <Task(BashOperator): download_dataset_task> on 2019-11-02 06:30:00+00:00
[2023-06-10T01:27:51.724+0000] {standard_task_runner.py:54} INFO - Started process 1898 to run task
[2023-06-10T01:27:51.740+0000] {standard_task_runner.py:82} INFO - Running: ['***', 'tasks', 'run', 'green_taxi_data', 'download_dataset_task', 'scheduled__2019-11-02T06:30:00+00:00', '--job-id', '85', '--raw', '--subdir', 'DAGS_FOLDER/data_ingestion_gcs_multiFile_v02.py', '--cfg-path', '/tmp/tmp42adqibf']
[2023-06-10T01:27:51.741+0000] {standard_task_runner.py:83} INFO - Job 85: Subtask download_dataset_task
[2023-06-10T01:27:51.742+0000] {dagbag.py:525} INFO - Filling up the DagBag from /opt/***/dags/data_ingestion_gcs_multiFile_v02.py
[2023-06-10T01:27:51.833+0000] {data_ingestion_gcs_multiFile_v02.py:20} INFO - dtc_data_lake_dtc-dezc-001 is the bucket.
[2023-06-10T01:27:51.854+0000] {warnings.py:110} WARNING - /home/***/.local/lib/python3.7/site-packages/***/configuration.py:545: DeprecationWarning: The sql_alchemy_conn option in [core] has been moved to the sql_alchemy_conn option in [database] - the old setting has been used, but please update your config.
  option = self._get_environment_variables(deprecated_key, deprecated_section, key, section)

[2023-06-10T01:27:51.901+0000] {task_command.py:384} INFO - Running <TaskInstance: green_taxi_data.download_dataset_task scheduled__2019-11-02T06:30:00+00:00 [running]> on host f41d61956f54
[2023-06-10T01:27:51.939+0000] {warnings.py:110} WARNING - /home/***/.local/lib/python3.7/site-packages/***/utils/context.py:204: AirflowContextDeprecationWarning: Accessing 'execution_date' from the template is deprecated and will be removed in a future version. Please use 'data_interval_start' or 'logical_date' instead.
  warnings.warn(_create_deprecation_warning(key, self._deprecation_replacements[key]))

[2023-06-10T01:27:51.989+0000] {taskinstance.py:1592} INFO - Exporting the following env vars:
AIRFLOW_CTX_DAG_OWNER=admin
AIRFLOW_CTX_DAG_ID=green_taxi_data
AIRFLOW_CTX_TASK_ID=download_dataset_task
AIRFLOW_CTX_EXECUTION_DATE=2019-11-02T06:30:00+00:00
AIRFLOW_CTX_TRY_NUMBER=1
AIRFLOW_CTX_DAG_RUN_ID=scheduled__2019-11-02T06:30:00+00:00
[2023-06-10T01:27:51.990+0000] {subprocess.py:63} INFO - Tmp dir root location: 
 /tmp
[2023-06-10T01:27:51.991+0000] {subprocess.py:75} INFO - Running command: ['/bin/bash', '-c', 'curl -sSLf https://github.com/DataTalksClub/nyc-tlc-data/releases/tag/green/green_tripdata_2019-11.csv.gz > /opt/***/green_tripdata_2019-11.csv.gz']
[2023-06-10T01:27:52.000+0000] {subprocess.py:86} INFO - Output:
[2023-06-10T01:27:52.572+0000] {subprocess.py:97} INFO - Command exited with return code 0
[2023-06-10T01:27:52.593+0000] {taskinstance.py:1406} INFO - Marking task as SUCCESS. dag_id=green_taxi_data, task_id=download_dataset_task, execution_date=20191102T063000, start_date=20230610T012751, end_date=20230610T012752
[2023-06-10T01:27:52.630+0000] {local_task_job.py:164} INFO - Task exited with return code 0
[2023-06-10T01:27:52.650+0000] {local_task_job.py:273} INFO - 1 downstream tasks scheduled from follow-on schedule check
[2023-06-11T01:12:36.108+0000] {taskinstance.py:1165} INFO - Dependencies all met for <TaskInstance: green_taxi_data.download_dataset_task scheduled__2019-11-02T06:30:00+00:00 [queued]>
[2023-06-11T01:12:36.116+0000] {taskinstance.py:1165} INFO - Dependencies all met for <TaskInstance: green_taxi_data.download_dataset_task scheduled__2019-11-02T06:30:00+00:00 [queued]>
[2023-06-11T01:12:36.117+0000] {taskinstance.py:1362} INFO - 
--------------------------------------------------------------------------------
[2023-06-11T01:12:36.117+0000] {taskinstance.py:1363} INFO - Starting attempt 1 of 2
[2023-06-11T01:12:36.118+0000] {taskinstance.py:1364} INFO - 
--------------------------------------------------------------------------------
[2023-06-11T01:12:36.127+0000] {taskinstance.py:1383} INFO - Executing <Task(BashOperator): download_dataset_task> on 2019-11-02 06:30:00+00:00
[2023-06-11T01:12:36.131+0000] {standard_task_runner.py:54} INFO - Started process 4252 to run task
[2023-06-11T01:12:36.135+0000] {standard_task_runner.py:82} INFO - Running: ['***', 'tasks', 'run', 'green_taxi_data', 'download_dataset_task', 'scheduled__2019-11-02T06:30:00+00:00', '--job-id', '447', '--raw', '--subdir', 'DAGS_FOLDER/data_ingestion_gcs_multiFile_v02.py', '--cfg-path', '/tmp/tmp_jt8vknj']
[2023-06-11T01:12:36.136+0000] {standard_task_runner.py:83} INFO - Job 447: Subtask download_dataset_task
[2023-06-11T01:12:36.137+0000] {dagbag.py:525} INFO - Filling up the DagBag from /opt/***/dags/data_ingestion_gcs_multiFile_v02.py
[2023-06-11T01:12:36.203+0000] {data_ingestion_gcs_multiFile_v02.py:20} INFO - dtc_data_lake_dtc-dezc-001 is the bucket.
[2023-06-11T01:12:36.219+0000] {warnings.py:110} WARNING - /home/***/.local/lib/python3.7/site-packages/***/configuration.py:545: DeprecationWarning: The sql_alchemy_conn option in [core] has been moved to the sql_alchemy_conn option in [database] - the old setting has been used, but please update your config.
  option = self._get_environment_variables(deprecated_key, deprecated_section, key, section)

[2023-06-11T01:12:36.264+0000] {task_command.py:384} INFO - Running <TaskInstance: green_taxi_data.download_dataset_task scheduled__2019-11-02T06:30:00+00:00 [running]> on host f41d61956f54
[2023-06-11T01:12:36.290+0000] {warnings.py:110} WARNING - /home/***/.local/lib/python3.7/site-packages/***/utils/context.py:204: AirflowContextDeprecationWarning: Accessing 'execution_date' from the template is deprecated and will be removed in a future version. Please use 'data_interval_start' or 'logical_date' instead.
  warnings.warn(_create_deprecation_warning(key, self._deprecation_replacements[key]))

[2023-06-11T01:12:36.320+0000] {taskinstance.py:1592} INFO - Exporting the following env vars:
AIRFLOW_CTX_DAG_OWNER=admin
AIRFLOW_CTX_DAG_ID=green_taxi_data
AIRFLOW_CTX_TASK_ID=download_dataset_task
AIRFLOW_CTX_EXECUTION_DATE=2019-11-02T06:30:00+00:00
AIRFLOW_CTX_TRY_NUMBER=1
AIRFLOW_CTX_DAG_RUN_ID=scheduled__2019-11-02T06:30:00+00:00
[2023-06-11T01:12:36.322+0000] {subprocess.py:63} INFO - Tmp dir root location: 
 /tmp
[2023-06-11T01:12:36.323+0000] {subprocess.py:75} INFO - Running command: ['/bin/bash', '-c', 'curl -sSLf https://github.com/DataTalksClub/nyc-tlc-data/releases/download/green/green_tripdata_2019-11.csv.gz > /opt/***/green_tripdata_2019-11.csv.gz']
[2023-06-11T01:12:36.335+0000] {subprocess.py:86} INFO - Output:
[2023-06-11T01:12:41.190+0000] {subprocess.py:97} INFO - Command exited with return code 0
[2023-06-11T01:12:41.215+0000] {taskinstance.py:1406} INFO - Marking task as SUCCESS. dag_id=green_taxi_data, task_id=download_dataset_task, execution_date=20191102T063000, start_date=20230611T011236, end_date=20230611T011241
[2023-06-11T01:12:41.242+0000] {local_task_job.py:164} INFO - Task exited with return code 0
[2023-06-11T01:12:41.261+0000] {local_task_job.py:273} INFO - 1 downstream tasks scheduled from follow-on schedule check
