[2023-06-10T02:01:12.429+0000] {taskinstance.py:1165} INFO - Dependencies all met for <TaskInstance: green_taxi_data.download_dataset_task scheduled__2020-12-02T06:30:00+00:00 [queued]>
[2023-06-10T02:01:12.437+0000] {taskinstance.py:1165} INFO - Dependencies all met for <TaskInstance: green_taxi_data.download_dataset_task scheduled__2020-12-02T06:30:00+00:00 [queued]>
[2023-06-10T02:01:12.437+0000] {taskinstance.py:1362} INFO - 
--------------------------------------------------------------------------------
[2023-06-10T02:01:12.438+0000] {taskinstance.py:1363} INFO - Starting attempt 1 of 2
[2023-06-10T02:01:12.438+0000] {taskinstance.py:1364} INFO - 
--------------------------------------------------------------------------------
[2023-06-10T02:01:12.448+0000] {taskinstance.py:1383} INFO - Executing <Task(BashOperator): download_dataset_task> on 2020-12-02 06:30:00+00:00
[2023-06-10T02:01:12.453+0000] {standard_task_runner.py:54} INFO - Started process 3590 to run task
[2023-06-10T02:01:12.458+0000] {standard_task_runner.py:82} INFO - Running: ['***', 'tasks', 'run', 'green_taxi_data', 'download_dataset_task', 'scheduled__2020-12-02T06:30:00+00:00', '--job-id', '170', '--raw', '--subdir', 'DAGS_FOLDER/data_ingestion_gcs_multiFile_v02.py', '--cfg-path', '/tmp/tmp3sm1me1w']
[2023-06-10T02:01:12.459+0000] {standard_task_runner.py:83} INFO - Job 170: Subtask download_dataset_task
[2023-06-10T02:01:12.462+0000] {dagbag.py:525} INFO - Filling up the DagBag from /opt/***/dags/data_ingestion_gcs_multiFile_v02.py
[2023-06-10T02:01:12.569+0000] {data_ingestion_gcs_multiFile_v02.py:20} INFO - dtc_data_lake_dtc-dezc-001 is the bucket.
[2023-06-10T02:01:12.597+0000] {warnings.py:110} WARNING - /home/***/.local/lib/python3.7/site-packages/***/configuration.py:545: DeprecationWarning: The sql_alchemy_conn option in [core] has been moved to the sql_alchemy_conn option in [database] - the old setting has been used, but please update your config.
  option = self._get_environment_variables(deprecated_key, deprecated_section, key, section)

[2023-06-10T02:01:12.684+0000] {task_command.py:384} INFO - Running <TaskInstance: green_taxi_data.download_dataset_task scheduled__2020-12-02T06:30:00+00:00 [running]> on host f41d61956f54
[2023-06-10T02:01:12.726+0000] {warnings.py:110} WARNING - /home/***/.local/lib/python3.7/site-packages/***/utils/context.py:204: AirflowContextDeprecationWarning: Accessing 'execution_date' from the template is deprecated and will be removed in a future version. Please use 'data_interval_start' or 'logical_date' instead.
  warnings.warn(_create_deprecation_warning(key, self._deprecation_replacements[key]))

[2023-06-10T02:01:12.781+0000] {taskinstance.py:1592} INFO - Exporting the following env vars:
AIRFLOW_CTX_DAG_OWNER=admin
AIRFLOW_CTX_DAG_ID=green_taxi_data
AIRFLOW_CTX_TASK_ID=download_dataset_task
AIRFLOW_CTX_EXECUTION_DATE=2020-12-02T06:30:00+00:00
AIRFLOW_CTX_TRY_NUMBER=1
AIRFLOW_CTX_DAG_RUN_ID=scheduled__2020-12-02T06:30:00+00:00
[2023-06-10T02:01:12.784+0000] {subprocess.py:63} INFO - Tmp dir root location: 
 /tmp
[2023-06-10T02:01:12.786+0000] {subprocess.py:75} INFO - Running command: ['/bin/bash', '-c', 'curl -sSLf https://github.com/DataTalksClub/nyc-tlc-data/releases/tag/green/green_tripdata_2020-12.csv.gz > /opt/***/green_tripdata_2020-12.csv.gz']
[2023-06-10T02:01:12.807+0000] {subprocess.py:86} INFO - Output:
[2023-06-10T02:01:13.610+0000] {subprocess.py:97} INFO - Command exited with return code 0
[2023-06-10T02:01:13.652+0000] {taskinstance.py:1406} INFO - Marking task as SUCCESS. dag_id=green_taxi_data, task_id=download_dataset_task, execution_date=20201202T063000, start_date=20230610T020112, end_date=20230610T020113
[2023-06-10T02:01:13.678+0000] {local_task_job.py:164} INFO - Task exited with return code 0
[2023-06-10T02:01:13.702+0000] {local_task_job.py:273} INFO - 1 downstream tasks scheduled from follow-on schedule check
[2023-06-11T01:14:41.584+0000] {taskinstance.py:1165} INFO - Dependencies all met for <TaskInstance: green_taxi_data.download_dataset_task scheduled__2020-12-02T06:30:00+00:00 [queued]>
[2023-06-11T01:14:41.594+0000] {taskinstance.py:1165} INFO - Dependencies all met for <TaskInstance: green_taxi_data.download_dataset_task scheduled__2020-12-02T06:30:00+00:00 [queued]>
[2023-06-11T01:14:41.595+0000] {taskinstance.py:1362} INFO - 
--------------------------------------------------------------------------------
[2023-06-11T01:14:41.595+0000] {taskinstance.py:1363} INFO - Starting attempt 1 of 2
[2023-06-11T01:14:41.597+0000] {taskinstance.py:1364} INFO - 
--------------------------------------------------------------------------------
[2023-06-11T01:14:41.605+0000] {taskinstance.py:1383} INFO - Executing <Task(BashOperator): download_dataset_task> on 2020-12-02 06:30:00+00:00
[2023-06-11T01:14:41.609+0000] {standard_task_runner.py:54} INFO - Started process 4683 to run task
[2023-06-11T01:14:41.615+0000] {standard_task_runner.py:82} INFO - Running: ['***', 'tasks', 'run', 'green_taxi_data', 'download_dataset_task', 'scheduled__2020-12-02T06:30:00+00:00', '--job-id', '500', '--raw', '--subdir', 'DAGS_FOLDER/data_ingestion_gcs_multiFile_v02.py', '--cfg-path', '/tmp/tmpcm7twhxl']
[2023-06-11T01:14:41.616+0000] {standard_task_runner.py:83} INFO - Job 500: Subtask download_dataset_task
[2023-06-11T01:14:41.618+0000] {dagbag.py:525} INFO - Filling up the DagBag from /opt/***/dags/data_ingestion_gcs_multiFile_v02.py
[2023-06-11T01:14:41.701+0000] {data_ingestion_gcs_multiFile_v02.py:20} INFO - dtc_data_lake_dtc-dezc-001 is the bucket.
[2023-06-11T01:14:41.720+0000] {warnings.py:110} WARNING - /home/***/.local/lib/python3.7/site-packages/***/configuration.py:545: DeprecationWarning: The sql_alchemy_conn option in [core] has been moved to the sql_alchemy_conn option in [database] - the old setting has been used, but please update your config.
  option = self._get_environment_variables(deprecated_key, deprecated_section, key, section)

[2023-06-11T01:14:41.780+0000] {task_command.py:384} INFO - Running <TaskInstance: green_taxi_data.download_dataset_task scheduled__2020-12-02T06:30:00+00:00 [running]> on host f41d61956f54
[2023-06-11T01:14:41.805+0000] {warnings.py:110} WARNING - /home/***/.local/lib/python3.7/site-packages/***/utils/context.py:204: AirflowContextDeprecationWarning: Accessing 'execution_date' from the template is deprecated and will be removed in a future version. Please use 'data_interval_start' or 'logical_date' instead.
  warnings.warn(_create_deprecation_warning(key, self._deprecation_replacements[key]))

[2023-06-11T01:14:41.834+0000] {taskinstance.py:1592} INFO - Exporting the following env vars:
AIRFLOW_CTX_DAG_OWNER=admin
AIRFLOW_CTX_DAG_ID=green_taxi_data
AIRFLOW_CTX_TASK_ID=download_dataset_task
AIRFLOW_CTX_EXECUTION_DATE=2020-12-02T06:30:00+00:00
AIRFLOW_CTX_TRY_NUMBER=1
AIRFLOW_CTX_DAG_RUN_ID=scheduled__2020-12-02T06:30:00+00:00
[2023-06-11T01:14:41.835+0000] {subprocess.py:63} INFO - Tmp dir root location: 
 /tmp
[2023-06-11T01:14:41.836+0000] {subprocess.py:75} INFO - Running command: ['/bin/bash', '-c', 'curl -sSLf https://github.com/DataTalksClub/nyc-tlc-data/releases/download/green/green_tripdata_2020-12.csv.gz > /opt/***/green_tripdata_2020-12.csv.gz']
[2023-06-11T01:14:41.848+0000] {subprocess.py:86} INFO - Output:
[2023-06-11T01:14:42.628+0000] {subprocess.py:97} INFO - Command exited with return code 0
[2023-06-11T01:14:42.656+0000] {taskinstance.py:1406} INFO - Marking task as SUCCESS. dag_id=green_taxi_data, task_id=download_dataset_task, execution_date=20201202T063000, start_date=20230611T011441, end_date=20230611T011442
[2023-06-11T01:14:42.713+0000] {local_task_job.py:164} INFO - Task exited with return code 0
[2023-06-11T01:14:42.736+0000] {local_task_job.py:273} INFO - 1 downstream tasks scheduled from follow-on schedule check
