[2023-06-09T19:55:36.498+0000] {taskinstance.py:1165} INFO - Dependencies all met for <TaskInstance: yellow_taxi_gcs_dag.download_dataset_task scheduled__2019-07-02T06:00:00+00:00 [queued]>
[2023-06-09T19:55:36.506+0000] {taskinstance.py:1165} INFO - Dependencies all met for <TaskInstance: yellow_taxi_gcs_dag.download_dataset_task scheduled__2019-07-02T06:00:00+00:00 [queued]>
[2023-06-09T19:55:36.507+0000] {taskinstance.py:1362} INFO - 
--------------------------------------------------------------------------------
[2023-06-09T19:55:36.508+0000] {taskinstance.py:1363} INFO - Starting attempt 1 of 2
[2023-06-09T19:55:36.508+0000] {taskinstance.py:1364} INFO - 
--------------------------------------------------------------------------------
[2023-06-09T19:55:36.515+0000] {taskinstance.py:1383} INFO - Executing <Task(BashOperator): download_dataset_task> on 2019-07-02 06:00:00+00:00
[2023-06-09T19:55:36.520+0000] {standard_task_runner.py:54} INFO - Started process 806 to run task
[2023-06-09T19:55:36.523+0000] {standard_task_runner.py:82} INFO - Running: ['***', 'tasks', 'run', 'yellow_taxi_gcs_dag', 'download_dataset_task', 'scheduled__2019-07-02T06:00:00+00:00', '--job-id', '17', '--raw', '--subdir', 'DAGS_FOLDER/data_ingestion_gcs_multiFile.py', '--cfg-path', '/tmp/tmpdr13z7o4']
[2023-06-09T19:55:36.524+0000] {standard_task_runner.py:83} INFO - Job 17: Subtask download_dataset_task
[2023-06-09T19:55:36.527+0000] {dagbag.py:525} INFO - Filling up the DagBag from /opt/***/dags/data_ingestion_gcs_multiFile.py
[2023-06-09T19:55:36.588+0000] {data_ingestion_gcs_multiFile.py:27} INFO - Dataset url is https://github.com/DataTalksClub/nyc-tlc-data/releases/download/yellow/yellow_tripdata_{{ execution_date.strftime('%Y-%m') }}.csv.gz, local_home is /opt/***, parquet file is /opt/***yellow_tripdata_{{ execution_date.strftime('%Y-%m') }}.parquet
[2023-06-09T19:55:36.589+0000] {data_ingestion_gcs_multiFile.py:35} INFO - dtc_data_lake_dtc-dezc-001 is the bucket.
[2023-06-09T19:55:36.601+0000] {warnings.py:110} WARNING - /home/***/.local/lib/python3.7/site-packages/***/configuration.py:545: DeprecationWarning: The sql_alchemy_conn option in [core] has been moved to the sql_alchemy_conn option in [database] - the old setting has been used, but please update your config.
  option = self._get_environment_variables(deprecated_key, deprecated_section, key, section)

[2023-06-09T19:55:36.649+0000] {task_command.py:384} INFO - Running <TaskInstance: yellow_taxi_gcs_dag.download_dataset_task scheduled__2019-07-02T06:00:00+00:00 [running]> on host 3a78d9143ce8
[2023-06-09T19:55:36.670+0000] {warnings.py:110} WARNING - /home/***/.local/lib/python3.7/site-packages/***/utils/context.py:204: AirflowContextDeprecationWarning: Accessing 'execution_date' from the template is deprecated and will be removed in a future version. Please use 'data_interval_start' or 'logical_date' instead.
  warnings.warn(_create_deprecation_warning(key, self._deprecation_replacements[key]))

[2023-06-09T19:55:36.698+0000] {taskinstance.py:1592} INFO - Exporting the following env vars:
AIRFLOW_CTX_DAG_OWNER=admin
AIRFLOW_CTX_DAG_ID=yellow_taxi_gcs_dag
AIRFLOW_CTX_TASK_ID=download_dataset_task
AIRFLOW_CTX_EXECUTION_DATE=2019-07-02T06:00:00+00:00
AIRFLOW_CTX_TRY_NUMBER=1
AIRFLOW_CTX_DAG_RUN_ID=scheduled__2019-07-02T06:00:00+00:00
[2023-06-09T19:55:36.699+0000] {subprocess.py:63} INFO - Tmp dir root location: 
 /tmp
[2023-06-09T19:55:36.700+0000] {subprocess.py:75} INFO - Running command: ['/bin/bash', '-c', 'curl -sSLf https://github.com/DataTalksClub/nyc-tlc-data/releases/download/yellow/yellow_tripdata_2019-07.csv.gz > /opt/***yellow_tripdata_2019-07.csv.gz']
[2023-06-09T19:55:36.711+0000] {subprocess.py:86} INFO - Output:
[2023-06-09T19:55:36.714+0000] {subprocess.py:93} INFO - /bin/bash: line 1: /opt/***yellow_tripdata_2019-07.csv.gz: Permission denied
[2023-06-09T19:55:36.715+0000] {subprocess.py:97} INFO - Command exited with return code 1
[2023-06-09T19:55:36.732+0000] {taskinstance.py:1851} ERROR - Task failed with exception
Traceback (most recent call last):
  File "/home/airflow/.local/lib/python3.7/site-packages/airflow/operators/bash.py", line 197, in execute
    f'Bash command failed. The command returned a non-zero exit code {result.exit_code}.'
airflow.exceptions.AirflowException: Bash command failed. The command returned a non-zero exit code 1.
[2023-06-09T19:55:36.735+0000] {taskinstance.py:1406} INFO - Marking task as UP_FOR_RETRY. dag_id=yellow_taxi_gcs_dag, task_id=download_dataset_task, execution_date=20190702T060000, start_date=20230609T195536, end_date=20230609T195536
[2023-06-09T19:55:36.743+0000] {standard_task_runner.py:107} ERROR - Failed to execute job 17 for task download_dataset_task (Bash command failed. The command returned a non-zero exit code 1.; 806)
[2023-06-09T19:55:36.778+0000] {local_task_job.py:164} INFO - Task exited with return code 1
[2023-06-09T19:55:36.798+0000] {local_task_job.py:273} INFO - 0 downstream tasks scheduled from follow-on schedule check
