[2023-06-11T01:57:19.019+0000] {taskinstance.py:1165} INFO - Dependencies all met for <TaskInstance: yellow_taxi_data.download_dataset_task scheduled__2022-02-02T06:00:00+00:00 [queued]>
[2023-06-11T01:57:19.025+0000] {taskinstance.py:1165} INFO - Dependencies all met for <TaskInstance: yellow_taxi_data.download_dataset_task scheduled__2022-02-02T06:00:00+00:00 [queued]>
[2023-06-11T01:57:19.025+0000] {taskinstance.py:1362} INFO - 
--------------------------------------------------------------------------------
[2023-06-11T01:57:19.026+0000] {taskinstance.py:1363} INFO - Starting attempt 1 of 2
[2023-06-11T01:57:19.026+0000] {taskinstance.py:1364} INFO - 
--------------------------------------------------------------------------------
[2023-06-11T01:57:19.033+0000] {taskinstance.py:1383} INFO - Executing <Task(BashOperator): download_dataset_task> on 2022-02-02 06:00:00+00:00
[2023-06-11T01:57:19.038+0000] {standard_task_runner.py:54} INFO - Started process 8376 to run task
[2023-06-11T01:57:19.046+0000] {standard_task_runner.py:82} INFO - Running: ['***', 'tasks', 'run', 'yellow_taxi_data', 'download_dataset_task', 'scheduled__2022-02-02T06:00:00+00:00', '--job-id', '802', '--raw', '--subdir', 'DAGS_FOLDER/data_ingestion_gcs_multiFile_v02.py', '--cfg-path', '/tmp/tmp2nhsi5d_']
[2023-06-11T01:57:19.047+0000] {standard_task_runner.py:83} INFO - Job 802: Subtask download_dataset_task
[2023-06-11T01:57:19.052+0000] {dagbag.py:525} INFO - Filling up the DagBag from /opt/***/dags/data_ingestion_gcs_multiFile_v02.py
[2023-06-11T01:57:19.113+0000] {data_ingestion_gcs_multiFile_v02.py:20} INFO - dtc_data_lake_dtc-dezc-001 is the bucket.
[2023-06-11T01:57:19.130+0000] {warnings.py:110} WARNING - /home/***/.local/lib/python3.7/site-packages/***/configuration.py:545: DeprecationWarning: The sql_alchemy_conn option in [core] has been moved to the sql_alchemy_conn option in [database] - the old setting has been used, but please update your config.
  option = self._get_environment_variables(deprecated_key, deprecated_section, key, section)

[2023-06-11T01:57:19.171+0000] {task_command.py:384} INFO - Running <TaskInstance: yellow_taxi_data.download_dataset_task scheduled__2022-02-02T06:00:00+00:00 [running]> on host f41d61956f54
[2023-06-11T01:57:19.193+0000] {warnings.py:110} WARNING - /home/***/.local/lib/python3.7/site-packages/***/utils/context.py:204: AirflowContextDeprecationWarning: Accessing 'execution_date' from the template is deprecated and will be removed in a future version. Please use 'data_interval_start' or 'logical_date' instead.
  warnings.warn(_create_deprecation_warning(key, self._deprecation_replacements[key]))

[2023-06-11T01:57:19.221+0000] {taskinstance.py:1592} INFO - Exporting the following env vars:
AIRFLOW_CTX_DAG_OWNER=admin
AIRFLOW_CTX_DAG_ID=yellow_taxi_data
AIRFLOW_CTX_TASK_ID=download_dataset_task
AIRFLOW_CTX_EXECUTION_DATE=2022-02-02T06:00:00+00:00
AIRFLOW_CTX_TRY_NUMBER=1
AIRFLOW_CTX_DAG_RUN_ID=scheduled__2022-02-02T06:00:00+00:00
[2023-06-11T01:57:19.222+0000] {subprocess.py:63} INFO - Tmp dir root location: 
 /tmp
[2023-06-11T01:57:19.223+0000] {subprocess.py:75} INFO - Running command: ['/bin/bash', '-c', 'curl -sSLf https://github.com/DataTalksClub/nyc-tlc-data/releases/download/yellow/yellow_tripdata_2022-02.csv.gz > /opt/***/yellow_tripdata_2022-02.csv.gz']
[2023-06-11T01:57:19.233+0000] {subprocess.py:86} INFO - Output:
[2023-06-11T01:57:19.485+0000] {subprocess.py:93} INFO - curl: (22) The requested URL returned error: 404
[2023-06-11T01:57:19.490+0000] {subprocess.py:97} INFO - Command exited with return code 22
[2023-06-11T01:57:19.512+0000] {taskinstance.py:1851} ERROR - Task failed with exception
Traceback (most recent call last):
  File "/home/airflow/.local/lib/python3.7/site-packages/airflow/operators/bash.py", line 197, in execute
    f'Bash command failed. The command returned a non-zero exit code {result.exit_code}.'
airflow.exceptions.AirflowException: Bash command failed. The command returned a non-zero exit code 22.
[2023-06-11T01:57:19.516+0000] {taskinstance.py:1406} INFO - Marking task as UP_FOR_RETRY. dag_id=yellow_taxi_data, task_id=download_dataset_task, execution_date=20220202T060000, start_date=20230611T015719, end_date=20230611T015719
[2023-06-11T01:57:19.528+0000] {standard_task_runner.py:107} ERROR - Failed to execute job 802 for task download_dataset_task (Bash command failed. The command returned a non-zero exit code 22.; 8376)
[2023-06-11T01:57:19.581+0000] {local_task_job.py:164} INFO - Task exited with return code 1
[2023-06-11T01:57:19.601+0000] {local_task_job.py:273} INFO - 0 downstream tasks scheduled from follow-on schedule check
