[2023-06-06T19:52:47.502+0000] {taskinstance.py:1165} INFO - Dependencies all met for <TaskInstance: data_ingestion_gcs_dag.local_to_gcs_task manual__2023-06-06T19:52:39.136270+00:00 [queued]>
[2023-06-06T19:52:47.508+0000] {taskinstance.py:1165} INFO - Dependencies all met for <TaskInstance: data_ingestion_gcs_dag.local_to_gcs_task manual__2023-06-06T19:52:39.136270+00:00 [queued]>
[2023-06-06T19:52:47.509+0000] {taskinstance.py:1362} INFO - 
--------------------------------------------------------------------------------
[2023-06-06T19:52:47.509+0000] {taskinstance.py:1363} INFO - Starting attempt 1 of 2
[2023-06-06T19:52:47.510+0000] {taskinstance.py:1364} INFO - 
--------------------------------------------------------------------------------
[2023-06-06T19:52:47.517+0000] {taskinstance.py:1383} INFO - Executing <Task(PythonOperator): local_to_gcs_task> on 2023-06-06 19:52:39.136270+00:00
[2023-06-06T19:52:47.522+0000] {standard_task_runner.py:54} INFO - Started process 1579 to run task
[2023-06-06T19:52:47.526+0000] {standard_task_runner.py:82} INFO - Running: ['***', 'tasks', 'run', 'data_ingestion_gcs_dag', 'local_to_gcs_task', 'manual__2023-06-06T19:52:39.136270+00:00', '--job-id', '13', '--raw', '--subdir', 'DAGS_FOLDER/data_ingestion_gcs.py', '--cfg-path', '/tmp/tmp8n6x7iqy']
[2023-06-06T19:52:47.527+0000] {standard_task_runner.py:83} INFO - Job 13: Subtask local_to_gcs_task
[2023-06-06T19:52:47.528+0000] {dagbag.py:525} INFO - Filling up the DagBag from /opt/***/dags/data_ingestion_gcs.py
[2023-06-06T19:52:47.542+0000] {data_ingestion_gcs.py:24} INFO - Dataset file is yellow_tripdata_2021-01.csv.gz, url is https://github.com/DataTalksClub/nyc-tlc-data/releases/download/yellow/yellow_tripdata_2021-01.csv.gz, local_home is /opt/***, parquet file is yellow_tripdata_2021-01.parquet
[2023-06-06T19:52:47.543+0000] {data_ingestion_gcs.py:31} INFO - dtc_data_lake_dtc-dezc-001 is the bucket, dtc-dezc-001 is the project id, trips_data_all is the bigquery dataset.
[2023-06-06T19:52:47.595+0000] {task_command.py:384} INFO - Running <TaskInstance: data_ingestion_gcs_dag.local_to_gcs_task manual__2023-06-06T19:52:39.136270+00:00 [running]> on host 5b07d5f4e84f
[2023-06-06T19:52:47.649+0000] {taskinstance.py:1592} INFO - Exporting the following env vars:
AIRFLOW_CTX_DAG_OWNER=admin
AIRFLOW_CTX_DAG_ID=data_ingestion_gcs_dag
AIRFLOW_CTX_TASK_ID=local_to_gcs_task
AIRFLOW_CTX_EXECUTION_DATE=2023-06-06T19:52:39.136270+00:00
AIRFLOW_CTX_TRY_NUMBER=1
AIRFLOW_CTX_DAG_RUN_ID=manual__2023-06-06T19:52:39.136270+00:00
[2023-06-06T19:52:47.660+0000] {warnings.py:110} WARNING - /home/***/.local/lib/python3.7/site-packages/google/auth/_default.py:81: UserWarning: Your application has authenticated using end user credentials from Google Cloud SDK without a quota project. You might receive a "quota exceeded" or "API not enabled" error. We recommend you rerun `gcloud auth application-default login` and make sure a quota project is added. Or you can use service accounts instead. For more information about service accounts, see https://cloud.google.com/docs/authentication/
  warnings.warn(_CLOUD_SDK_CREDENTIALS_WARNING)

[2023-06-06T19:52:47.660+0000] {_default.py:612} WARNING - No project ID could be determined. Consider running `gcloud config set project` or setting the GOOGLE_CLOUD_PROJECT environment variable
[2023-06-06T19:52:47.661+0000] {taskinstance.py:1851} ERROR - Task failed with exception
Traceback (most recent call last):
  File "/home/airflow/.local/lib/python3.7/site-packages/airflow/operators/python.py", line 175, in execute
    return_value = self.execute_callable()
  File "/home/airflow/.local/lib/python3.7/site-packages/airflow/operators/python.py", line 193, in execute_callable
    return self.python_callable(*self.op_args, **self.op_kwargs)
  File "/opt/airflow/dags/data_ingestion_gcs.py", line 67, in upload_to_gcs
    client = storage.Client()
  File "/home/airflow/.local/lib/python3.7/site-packages/google/cloud/storage/client.py", line 128, in __init__
    _http=_http,
  File "/home/airflow/.local/lib/python3.7/site-packages/google/cloud/client/__init__.py", line 320, in __init__
    _ClientProjectMixin.__init__(self, project=project, credentials=credentials)
  File "/home/airflow/.local/lib/python3.7/site-packages/google/cloud/client/__init__.py", line 272, in __init__
    "Project was not passed and could not be "
OSError: Project was not passed and could not be determined from the environment.
[2023-06-06T19:52:47.669+0000] {taskinstance.py:1406} INFO - Marking task as UP_FOR_RETRY. dag_id=data_ingestion_gcs_dag, task_id=local_to_gcs_task, execution_date=20230606T195239, start_date=20230606T195247, end_date=20230606T195247
[2023-06-06T19:52:47.676+0000] {standard_task_runner.py:107} ERROR - Failed to execute job 13 for task local_to_gcs_task (Project was not passed and could not be determined from the environment.; 1579)
[2023-06-06T19:52:47.699+0000] {local_task_job.py:164} INFO - Task exited with return code 1
[2023-06-06T19:52:47.716+0000] {local_task_job.py:273} INFO - 0 downstream tasks scheduled from follow-on schedule check
