[2023-06-10T01:40:44.422+0000] {taskinstance.py:1165} INFO - Dependencies all met for <TaskInstance: green_taxi_data.download_dataset_task scheduled__2020-01-02T06:30:00+00:00 [queued]>
[2023-06-10T01:40:44.429+0000] {taskinstance.py:1165} INFO - Dependencies all met for <TaskInstance: green_taxi_data.download_dataset_task scheduled__2020-01-02T06:30:00+00:00 [queued]>
[2023-06-10T01:40:44.430+0000] {taskinstance.py:1362} INFO - 
--------------------------------------------------------------------------------
[2023-06-10T01:40:44.431+0000] {taskinstance.py:1363} INFO - Starting attempt 1 of 2
[2023-06-10T01:40:44.432+0000] {taskinstance.py:1364} INFO - 
--------------------------------------------------------------------------------
[2023-06-10T01:40:44.447+0000] {taskinstance.py:1383} INFO - Executing <Task(BashOperator): download_dataset_task> on 2020-01-02 06:30:00+00:00
[2023-06-10T01:40:44.452+0000] {standard_task_runner.py:54} INFO - Started process 2177 to run task
[2023-06-10T01:40:44.456+0000] {standard_task_runner.py:82} INFO - Running: ['***', 'tasks', 'run', 'green_taxi_data', 'download_dataset_task', 'scheduled__2020-01-02T06:30:00+00:00', '--job-id', '100', '--raw', '--subdir', 'DAGS_FOLDER/data_ingestion_gcs_multiFile_v02.py', '--cfg-path', '/tmp/tmp674y4e23']
[2023-06-10T01:40:44.460+0000] {standard_task_runner.py:83} INFO - Job 100: Subtask download_dataset_task
[2023-06-10T01:40:44.461+0000] {dagbag.py:525} INFO - Filling up the DagBag from /opt/***/dags/data_ingestion_gcs_multiFile_v02.py
[2023-06-10T01:40:44.611+0000] {data_ingestion_gcs_multiFile_v02.py:20} INFO - dtc_data_lake_dtc-dezc-001 is the bucket.
[2023-06-10T01:40:44.652+0000] {warnings.py:110} WARNING - /home/***/.local/lib/python3.7/site-packages/***/configuration.py:545: DeprecationWarning: The sql_alchemy_conn option in [core] has been moved to the sql_alchemy_conn option in [database] - the old setting has been used, but please update your config.
  option = self._get_environment_variables(deprecated_key, deprecated_section, key, section)

[2023-06-10T01:40:44.718+0000] {task_command.py:384} INFO - Running <TaskInstance: green_taxi_data.download_dataset_task scheduled__2020-01-02T06:30:00+00:00 [running]> on host f41d61956f54
[2023-06-10T01:40:44.771+0000] {warnings.py:110} WARNING - /home/***/.local/lib/python3.7/site-packages/***/utils/context.py:204: AirflowContextDeprecationWarning: Accessing 'execution_date' from the template is deprecated and will be removed in a future version. Please use 'data_interval_start' or 'logical_date' instead.
  warnings.warn(_create_deprecation_warning(key, self._deprecation_replacements[key]))

[2023-06-10T01:40:44.846+0000] {taskinstance.py:1592} INFO - Exporting the following env vars:
AIRFLOW_CTX_DAG_OWNER=admin
AIRFLOW_CTX_DAG_ID=green_taxi_data
AIRFLOW_CTX_TASK_ID=download_dataset_task
AIRFLOW_CTX_EXECUTION_DATE=2020-01-02T06:30:00+00:00
AIRFLOW_CTX_TRY_NUMBER=1
AIRFLOW_CTX_DAG_RUN_ID=scheduled__2020-01-02T06:30:00+00:00
[2023-06-10T01:40:44.852+0000] {subprocess.py:63} INFO - Tmp dir root location: 
 /tmp
[2023-06-10T01:40:44.853+0000] {subprocess.py:75} INFO - Running command: ['/bin/bash', '-c', 'curl -sSLf https://github.com/DataTalksClub/nyc-tlc-data/releases/tag/green/green_tripdata_2020-01.csv.gz > /opt/***/green_tripdata_2020-01.csv.gz']
[2023-06-10T01:40:44.869+0000] {subprocess.py:86} INFO - Output:
[2023-06-10T01:40:45.475+0000] {subprocess.py:97} INFO - Command exited with return code 0
[2023-06-10T01:40:45.514+0000] {taskinstance.py:1406} INFO - Marking task as SUCCESS. dag_id=green_taxi_data, task_id=download_dataset_task, execution_date=20200102T063000, start_date=20230610T014044, end_date=20230610T014045
[2023-06-10T01:40:45.558+0000] {local_task_job.py:164} INFO - Task exited with return code 0
[2023-06-10T01:40:45.585+0000] {local_task_job.py:273} INFO - 1 downstream tasks scheduled from follow-on schedule check
[2023-06-11T01:13:17.798+0000] {taskinstance.py:1165} INFO - Dependencies all met for <TaskInstance: green_taxi_data.download_dataset_task scheduled__2020-01-02T06:30:00+00:00 [queued]>
[2023-06-11T01:13:17.805+0000] {taskinstance.py:1165} INFO - Dependencies all met for <TaskInstance: green_taxi_data.download_dataset_task scheduled__2020-01-02T06:30:00+00:00 [queued]>
[2023-06-11T01:13:17.806+0000] {taskinstance.py:1362} INFO - 
--------------------------------------------------------------------------------
[2023-06-11T01:13:17.806+0000] {taskinstance.py:1363} INFO - Starting attempt 1 of 2
[2023-06-11T01:13:17.807+0000] {taskinstance.py:1364} INFO - 
--------------------------------------------------------------------------------
[2023-06-11T01:13:17.816+0000] {taskinstance.py:1383} INFO - Executing <Task(BashOperator): download_dataset_task> on 2020-01-02 06:30:00+00:00
[2023-06-11T01:13:17.820+0000] {standard_task_runner.py:54} INFO - Started process 4338 to run task
[2023-06-11T01:13:17.824+0000] {standard_task_runner.py:82} INFO - Running: ['***', 'tasks', 'run', 'green_taxi_data', 'download_dataset_task', 'scheduled__2020-01-02T06:30:00+00:00', '--job-id', '455', '--raw', '--subdir', 'DAGS_FOLDER/data_ingestion_gcs_multiFile_v02.py', '--cfg-path', '/tmp/tmpsvj6f3w6']
[2023-06-11T01:13:17.825+0000] {standard_task_runner.py:83} INFO - Job 455: Subtask download_dataset_task
[2023-06-11T01:13:17.826+0000] {dagbag.py:525} INFO - Filling up the DagBag from /opt/***/dags/data_ingestion_gcs_multiFile_v02.py
[2023-06-11T01:13:17.892+0000] {data_ingestion_gcs_multiFile_v02.py:20} INFO - dtc_data_lake_dtc-dezc-001 is the bucket.
[2023-06-11T01:13:17.916+0000] {warnings.py:110} WARNING - /home/***/.local/lib/python3.7/site-packages/***/configuration.py:545: DeprecationWarning: The sql_alchemy_conn option in [core] has been moved to the sql_alchemy_conn option in [database] - the old setting has been used, but please update your config.
  option = self._get_environment_variables(deprecated_key, deprecated_section, key, section)

[2023-06-11T01:13:17.961+0000] {task_command.py:384} INFO - Running <TaskInstance: green_taxi_data.download_dataset_task scheduled__2020-01-02T06:30:00+00:00 [running]> on host f41d61956f54
[2023-06-11T01:13:17.985+0000] {warnings.py:110} WARNING - /home/***/.local/lib/python3.7/site-packages/***/utils/context.py:204: AirflowContextDeprecationWarning: Accessing 'execution_date' from the template is deprecated and will be removed in a future version. Please use 'data_interval_start' or 'logical_date' instead.
  warnings.warn(_create_deprecation_warning(key, self._deprecation_replacements[key]))

[2023-06-11T01:13:18.016+0000] {taskinstance.py:1592} INFO - Exporting the following env vars:
AIRFLOW_CTX_DAG_OWNER=admin
AIRFLOW_CTX_DAG_ID=green_taxi_data
AIRFLOW_CTX_TASK_ID=download_dataset_task
AIRFLOW_CTX_EXECUTION_DATE=2020-01-02T06:30:00+00:00
AIRFLOW_CTX_TRY_NUMBER=1
AIRFLOW_CTX_DAG_RUN_ID=scheduled__2020-01-02T06:30:00+00:00
[2023-06-11T01:13:18.017+0000] {subprocess.py:63} INFO - Tmp dir root location: 
 /tmp
[2023-06-11T01:13:18.018+0000] {subprocess.py:75} INFO - Running command: ['/bin/bash', '-c', 'curl -sSLf https://github.com/DataTalksClub/nyc-tlc-data/releases/download/green/green_tripdata_2020-01.csv.gz > /opt/***/green_tripdata_2020-01.csv.gz']
[2023-06-11T01:13:18.031+0000] {subprocess.py:86} INFO - Output:
[2023-06-11T01:13:19.456+0000] {subprocess.py:97} INFO - Command exited with return code 0
[2023-06-11T01:13:19.482+0000] {taskinstance.py:1406} INFO - Marking task as SUCCESS. dag_id=green_taxi_data, task_id=download_dataset_task, execution_date=20200102T063000, start_date=20230611T011317, end_date=20230611T011319
[2023-06-11T01:13:19.537+0000] {local_task_job.py:164} INFO - Task exited with return code 0
[2023-06-11T01:13:19.560+0000] {local_task_job.py:273} INFO - 1 downstream tasks scheduled from follow-on schedule check
