[2023-06-11T01:08:00.176+0000] {taskinstance.py:1165} INFO - Dependencies all met for <TaskInstance: yellow_taxi_data.format_to_parquet_task scheduled__2019-05-02T06:00:00+00:00 [queued]>
[2023-06-11T01:08:00.182+0000] {taskinstance.py:1165} INFO - Dependencies all met for <TaskInstance: yellow_taxi_data.format_to_parquet_task scheduled__2019-05-02T06:00:00+00:00 [queued]>
[2023-06-11T01:08:00.183+0000] {taskinstance.py:1362} INFO - 
--------------------------------------------------------------------------------
[2023-06-11T01:08:00.184+0000] {taskinstance.py:1363} INFO - Starting attempt 1 of 2
[2023-06-11T01:08:00.184+0000] {taskinstance.py:1364} INFO - 
--------------------------------------------------------------------------------
[2023-06-11T01:08:00.192+0000] {taskinstance.py:1383} INFO - Executing <Task(PythonOperator): format_to_parquet_task> on 2019-05-02 06:00:00+00:00
[2023-06-11T01:08:00.196+0000] {standard_task_runner.py:54} INFO - Started process 3708 to run task
[2023-06-11T01:08:00.201+0000] {standard_task_runner.py:82} INFO - Running: ['***', 'tasks', 'run', 'yellow_taxi_data', 'format_to_parquet_task', 'scheduled__2019-05-02T06:00:00+00:00', '--job-id', '397', '--raw', '--subdir', 'DAGS_FOLDER/data_ingestion_gcs_multiFile_v02.py', '--cfg-path', '/tmp/tmp7vsppsv4']
[2023-06-11T01:08:00.202+0000] {standard_task_runner.py:83} INFO - Job 397: Subtask format_to_parquet_task
[2023-06-11T01:08:00.203+0000] {dagbag.py:525} INFO - Filling up the DagBag from /opt/***/dags/data_ingestion_gcs_multiFile_v02.py
[2023-06-11T01:08:00.264+0000] {data_ingestion_gcs_multiFile_v02.py:20} INFO - dtc_data_lake_dtc-dezc-001 is the bucket.
[2023-06-11T01:08:00.280+0000] {warnings.py:110} WARNING - /home/***/.local/lib/python3.7/site-packages/***/configuration.py:545: DeprecationWarning: The sql_alchemy_conn option in [core] has been moved to the sql_alchemy_conn option in [database] - the old setting has been used, but please update your config.
  option = self._get_environment_variables(deprecated_key, deprecated_section, key, section)

[2023-06-11T01:08:00.317+0000] {task_command.py:384} INFO - Running <TaskInstance: yellow_taxi_data.format_to_parquet_task scheduled__2019-05-02T06:00:00+00:00 [running]> on host f41d61956f54
[2023-06-11T01:08:00.338+0000] {warnings.py:110} WARNING - /home/***/.local/lib/python3.7/site-packages/***/utils/context.py:204: AirflowContextDeprecationWarning: Accessing 'execution_date' from the template is deprecated and will be removed in a future version. Please use 'data_interval_start' or 'logical_date' instead.
  warnings.warn(_create_deprecation_warning(key, self._deprecation_replacements[key]))

[2023-06-11T01:08:00.364+0000] {taskinstance.py:1592} INFO - Exporting the following env vars:
AIRFLOW_CTX_DAG_OWNER=admin
AIRFLOW_CTX_DAG_ID=yellow_taxi_data
AIRFLOW_CTX_TASK_ID=format_to_parquet_task
AIRFLOW_CTX_EXECUTION_DATE=2019-05-02T06:00:00+00:00
AIRFLOW_CTX_TRY_NUMBER=1
AIRFLOW_CTX_DAG_RUN_ID=scheduled__2019-05-02T06:00:00+00:00
[2023-06-11T01:08:04.606+0000] {python.py:177} INFO - Done. Returned value was: None
[2023-06-11T01:08:04.621+0000] {taskinstance.py:1406} INFO - Marking task as SUCCESS. dag_id=yellow_taxi_data, task_id=format_to_parquet_task, execution_date=20190502T060000, start_date=20230611T010800, end_date=20230611T010804
[2023-06-11T01:08:04.910+0000] {local_task_job.py:164} INFO - Task exited with return code 0
[2023-06-11T01:08:04.939+0000] {local_task_job.py:273} INFO - 1 downstream tasks scheduled from follow-on schedule check
