[2023-06-11T01:25:13.542+0000] {taskinstance.py:1165} INFO - Dependencies all met for <TaskInstance: taxi_zone_data.download_dataset_task scheduled__2023-06-10T00:00:00+00:00 [queued]>
[2023-06-11T01:25:13.548+0000] {taskinstance.py:1165} INFO - Dependencies all met for <TaskInstance: taxi_zone_data.download_dataset_task scheduled__2023-06-10T00:00:00+00:00 [queued]>
[2023-06-11T01:25:13.549+0000] {taskinstance.py:1362} INFO - 
--------------------------------------------------------------------------------
[2023-06-11T01:25:13.549+0000] {taskinstance.py:1363} INFO - Starting attempt 1 of 2
[2023-06-11T01:25:13.550+0000] {taskinstance.py:1364} INFO - 
--------------------------------------------------------------------------------
[2023-06-11T01:25:13.558+0000] {taskinstance.py:1383} INFO - Executing <Task(BashOperator): download_dataset_task> on 2023-06-10 00:00:00+00:00
[2023-06-11T01:25:13.562+0000] {standard_task_runner.py:54} INFO - Started process 5779 to run task
[2023-06-11T01:25:13.565+0000] {standard_task_runner.py:82} INFO - Running: ['***', 'tasks', 'run', 'taxi_zone_data', 'download_dataset_task', 'scheduled__2023-06-10T00:00:00+00:00', '--job-id', '589', '--raw', '--subdir', 'DAGS_FOLDER/data_ingestion_gcs_multiFile_v02.py', '--cfg-path', '/tmp/tmp6jcsecm4']
[2023-06-11T01:25:13.566+0000] {standard_task_runner.py:83} INFO - Job 589: Subtask download_dataset_task
[2023-06-11T01:25:13.567+0000] {dagbag.py:525} INFO - Filling up the DagBag from /opt/***/dags/data_ingestion_gcs_multiFile_v02.py
[2023-06-11T01:25:13.635+0000] {data_ingestion_gcs_multiFile_v02.py:20} INFO - dtc_data_lake_dtc-dezc-001 is the bucket.
[2023-06-11T01:25:13.651+0000] {warnings.py:110} WARNING - /home/***/.local/lib/python3.7/site-packages/***/configuration.py:545: DeprecationWarning: The sql_alchemy_conn option in [core] has been moved to the sql_alchemy_conn option in [database] - the old setting has been used, but please update your config.
  option = self._get_environment_variables(deprecated_key, deprecated_section, key, section)

[2023-06-11T01:25:13.688+0000] {task_command.py:384} INFO - Running <TaskInstance: taxi_zone_data.download_dataset_task scheduled__2023-06-10T00:00:00+00:00 [running]> on host f41d61956f54
[2023-06-11T01:25:13.734+0000] {taskinstance.py:1592} INFO - Exporting the following env vars:
AIRFLOW_CTX_DAG_OWNER=admin
AIRFLOW_CTX_DAG_ID=taxi_zone_data
AIRFLOW_CTX_TASK_ID=download_dataset_task
AIRFLOW_CTX_EXECUTION_DATE=2023-06-10T00:00:00+00:00
AIRFLOW_CTX_TRY_NUMBER=1
AIRFLOW_CTX_DAG_RUN_ID=scheduled__2023-06-10T00:00:00+00:00
[2023-06-11T01:25:13.735+0000] {subprocess.py:63} INFO - Tmp dir root location: 
 /tmp
[2023-06-11T01:25:13.736+0000] {subprocess.py:75} INFO - Running command: ['/bin/bash', '-c', 'curl -sSLf https://github.com/DataTalksClub/nyc-tlc-data/releases/download/misc/taxi_zone_lookup.csv > /opt/***/taxi_zone_lookup.csv']
[2023-06-11T01:25:13.748+0000] {subprocess.py:86} INFO - Output:
[2023-06-11T01:25:14.511+0000] {subprocess.py:97} INFO - Command exited with return code 0
[2023-06-11T01:25:14.549+0000] {taskinstance.py:1406} INFO - Marking task as SUCCESS. dag_id=taxi_zone_data, task_id=download_dataset_task, execution_date=20230610T000000, start_date=20230611T012513, end_date=20230611T012514
[2023-06-11T01:25:14.611+0000] {local_task_job.py:164} INFO - Task exited with return code 0
[2023-06-11T01:25:14.640+0000] {local_task_job.py:273} INFO - 1 downstream tasks scheduled from follow-on schedule check
