[2023-06-10T01:56:05.303+0000] {taskinstance.py:1165} INFO - Dependencies all met for <TaskInstance: fhv_taxi_data.download_dataset_task scheduled__2020-09-02T07:00:00+00:00 [queued]>
[2023-06-10T01:56:05.311+0000] {taskinstance.py:1165} INFO - Dependencies all met for <TaskInstance: fhv_taxi_data.download_dataset_task scheduled__2020-09-02T07:00:00+00:00 [queued]>
[2023-06-10T01:56:05.312+0000] {taskinstance.py:1362} INFO - 
--------------------------------------------------------------------------------
[2023-06-10T01:56:05.313+0000] {taskinstance.py:1363} INFO - Starting attempt 1 of 2
[2023-06-10T01:56:05.314+0000] {taskinstance.py:1364} INFO - 
--------------------------------------------------------------------------------
[2023-06-10T01:56:05.329+0000] {taskinstance.py:1383} INFO - Executing <Task(BashOperator): download_dataset_task> on 2020-09-02 07:00:00+00:00
[2023-06-10T01:56:05.341+0000] {standard_task_runner.py:54} INFO - Started process 3233 to run task
[2023-06-10T01:56:05.346+0000] {standard_task_runner.py:82} INFO - Running: ['***', 'tasks', 'run', 'fhv_taxi_data', 'download_dataset_task', 'scheduled__2020-09-02T07:00:00+00:00', '--job-id', '152', '--raw', '--subdir', 'DAGS_FOLDER/data_ingestion_gcs_multiFile_v02.py', '--cfg-path', '/tmp/tmpjzcrvmtg']
[2023-06-10T01:56:05.347+0000] {standard_task_runner.py:83} INFO - Job 152: Subtask download_dataset_task
[2023-06-10T01:56:05.351+0000] {dagbag.py:525} INFO - Filling up the DagBag from /opt/***/dags/data_ingestion_gcs_multiFile_v02.py
[2023-06-10T01:56:05.446+0000] {data_ingestion_gcs_multiFile_v02.py:20} INFO - dtc_data_lake_dtc-dezc-001 is the bucket.
[2023-06-10T01:56:05.472+0000] {warnings.py:110} WARNING - /home/***/.local/lib/python3.7/site-packages/***/configuration.py:545: DeprecationWarning: The sql_alchemy_conn option in [core] has been moved to the sql_alchemy_conn option in [database] - the old setting has been used, but please update your config.
  option = self._get_environment_variables(deprecated_key, deprecated_section, key, section)

[2023-06-10T01:56:05.552+0000] {task_command.py:384} INFO - Running <TaskInstance: fhv_taxi_data.download_dataset_task scheduled__2020-09-02T07:00:00+00:00 [running]> on host f41d61956f54
[2023-06-10T01:56:05.601+0000] {warnings.py:110} WARNING - /home/***/.local/lib/python3.7/site-packages/***/utils/context.py:204: AirflowContextDeprecationWarning: Accessing 'execution_date' from the template is deprecated and will be removed in a future version. Please use 'data_interval_start' or 'logical_date' instead.
  warnings.warn(_create_deprecation_warning(key, self._deprecation_replacements[key]))

[2023-06-10T01:56:05.667+0000] {taskinstance.py:1592} INFO - Exporting the following env vars:
AIRFLOW_CTX_DAG_OWNER=admin
AIRFLOW_CTX_DAG_ID=fhv_taxi_data
AIRFLOW_CTX_TASK_ID=download_dataset_task
AIRFLOW_CTX_EXECUTION_DATE=2020-09-02T07:00:00+00:00
AIRFLOW_CTX_TRY_NUMBER=1
AIRFLOW_CTX_DAG_RUN_ID=scheduled__2020-09-02T07:00:00+00:00
[2023-06-10T01:56:05.668+0000] {subprocess.py:63} INFO - Tmp dir root location: 
 /tmp
[2023-06-10T01:56:05.669+0000] {subprocess.py:75} INFO - Running command: ['/bin/bash', '-c', 'curl -sSLf https://github.com/DataTalksClub/nyc-tlc-data/releases/tag/fhv/fhv_tripdata_2020-09.csv.gz > /opt/***/fhv_tripdata_2020-09.csv.gz']
[2023-06-10T01:56:05.690+0000] {subprocess.py:86} INFO - Output:
[2023-06-10T01:56:06.461+0000] {subprocess.py:97} INFO - Command exited with return code 0
[2023-06-10T01:56:06.503+0000] {taskinstance.py:1406} INFO - Marking task as SUCCESS. dag_id=fhv_taxi_data, task_id=download_dataset_task, execution_date=20200902T070000, start_date=20230610T015605, end_date=20230610T015606
[2023-06-10T01:56:06.566+0000] {local_task_job.py:164} INFO - Task exited with return code 0
[2023-06-10T01:56:06.589+0000] {local_task_job.py:273} INFO - 1 downstream tasks scheduled from follow-on schedule check
[2023-06-11T01:36:14.549+0000] {taskinstance.py:1165} INFO - Dependencies all met for <TaskInstance: fhv_taxi_data.download_dataset_task scheduled__2020-09-02T07:00:00+00:00 [queued]>
[2023-06-11T01:36:14.555+0000] {taskinstance.py:1165} INFO - Dependencies all met for <TaskInstance: fhv_taxi_data.download_dataset_task scheduled__2020-09-02T07:00:00+00:00 [queued]>
[2023-06-11T01:36:14.556+0000] {taskinstance.py:1362} INFO - 
--------------------------------------------------------------------------------
[2023-06-11T01:36:14.557+0000] {taskinstance.py:1363} INFO - Starting attempt 1 of 2
[2023-06-11T01:36:14.557+0000] {taskinstance.py:1364} INFO - 
--------------------------------------------------------------------------------
[2023-06-11T01:36:14.564+0000] {taskinstance.py:1383} INFO - Executing <Task(BashOperator): download_dataset_task> on 2020-09-02 07:00:00+00:00
[2023-06-11T01:36:14.569+0000] {standard_task_runner.py:54} INFO - Started process 7158 to run task
[2023-06-11T01:36:14.572+0000] {standard_task_runner.py:82} INFO - Running: ['***', 'tasks', 'run', 'fhv_taxi_data', 'download_dataset_task', 'scheduled__2020-09-02T07:00:00+00:00', '--job-id', '719', '--raw', '--subdir', 'DAGS_FOLDER/data_ingestion_gcs_multiFile_v02.py', '--cfg-path', '/tmp/tmpo_sagz0e']
[2023-06-11T01:36:14.573+0000] {standard_task_runner.py:83} INFO - Job 719: Subtask download_dataset_task
[2023-06-11T01:36:14.574+0000] {dagbag.py:525} INFO - Filling up the DagBag from /opt/***/dags/data_ingestion_gcs_multiFile_v02.py
[2023-06-11T01:36:14.631+0000] {data_ingestion_gcs_multiFile_v02.py:20} INFO - dtc_data_lake_dtc-dezc-001 is the bucket.
[2023-06-11T01:36:14.646+0000] {warnings.py:110} WARNING - /home/***/.local/lib/python3.7/site-packages/***/configuration.py:545: DeprecationWarning: The sql_alchemy_conn option in [core] has been moved to the sql_alchemy_conn option in [database] - the old setting has been used, but please update your config.
  option = self._get_environment_variables(deprecated_key, deprecated_section, key, section)

[2023-06-11T01:36:14.684+0000] {task_command.py:384} INFO - Running <TaskInstance: fhv_taxi_data.download_dataset_task scheduled__2020-09-02T07:00:00+00:00 [running]> on host f41d61956f54
[2023-06-11T01:36:14.706+0000] {warnings.py:110} WARNING - /home/***/.local/lib/python3.7/site-packages/***/utils/context.py:204: AirflowContextDeprecationWarning: Accessing 'execution_date' from the template is deprecated and will be removed in a future version. Please use 'data_interval_start' or 'logical_date' instead.
  warnings.warn(_create_deprecation_warning(key, self._deprecation_replacements[key]))

[2023-06-11T01:36:14.732+0000] {taskinstance.py:1592} INFO - Exporting the following env vars:
AIRFLOW_CTX_DAG_OWNER=admin
AIRFLOW_CTX_DAG_ID=fhv_taxi_data
AIRFLOW_CTX_TASK_ID=download_dataset_task
AIRFLOW_CTX_EXECUTION_DATE=2020-09-02T07:00:00+00:00
AIRFLOW_CTX_TRY_NUMBER=1
AIRFLOW_CTX_DAG_RUN_ID=scheduled__2020-09-02T07:00:00+00:00
[2023-06-11T01:36:14.733+0000] {subprocess.py:63} INFO - Tmp dir root location: 
 /tmp
[2023-06-11T01:36:14.733+0000] {subprocess.py:75} INFO - Running command: ['/bin/bash', '-c', 'curl -sSLf https://github.com/DataTalksClub/nyc-tlc-data/releases/download/fhv/fhv_tripdata_2020-09.csv.gz > /opt/***/fhv_tripdata_2020-09.csv.gz']
[2023-06-11T01:36:14.744+0000] {subprocess.py:86} INFO - Output:
[2023-06-11T01:36:16.499+0000] {subprocess.py:97} INFO - Command exited with return code 0
[2023-06-11T01:36:16.526+0000] {taskinstance.py:1406} INFO - Marking task as SUCCESS. dag_id=fhv_taxi_data, task_id=download_dataset_task, execution_date=20200902T070000, start_date=20230611T013614, end_date=20230611T013616
[2023-06-11T01:36:16.566+0000] {local_task_job.py:164} INFO - Task exited with return code 0
[2023-06-11T01:36:16.588+0000] {local_task_job.py:273} INFO - 1 downstream tasks scheduled from follow-on schedule check
