[2023-06-10T02:01:12.696+0000] {taskinstance.py:1165} INFO - Dependencies all met for <TaskInstance: fhv_taxi_data.download_dataset_task scheduled__2021-01-02T07:00:00+00:00 [queued]>
[2023-06-10T02:01:12.701+0000] {taskinstance.py:1165} INFO - Dependencies all met for <TaskInstance: fhv_taxi_data.download_dataset_task scheduled__2021-01-02T07:00:00+00:00 [queued]>
[2023-06-10T02:01:12.702+0000] {taskinstance.py:1362} INFO - 
--------------------------------------------------------------------------------
[2023-06-10T02:01:12.702+0000] {taskinstance.py:1363} INFO - Starting attempt 1 of 2
[2023-06-10T02:01:12.703+0000] {taskinstance.py:1364} INFO - 
--------------------------------------------------------------------------------
[2023-06-10T02:01:12.714+0000] {taskinstance.py:1383} INFO - Executing <Task(BashOperator): download_dataset_task> on 2021-01-02 07:00:00+00:00
[2023-06-10T02:01:12.718+0000] {standard_task_runner.py:54} INFO - Started process 3597 to run task
[2023-06-10T02:01:12.723+0000] {standard_task_runner.py:82} INFO - Running: ['***', 'tasks', 'run', 'fhv_taxi_data', 'download_dataset_task', 'scheduled__2021-01-02T07:00:00+00:00', '--job-id', '173', '--raw', '--subdir', 'DAGS_FOLDER/data_ingestion_gcs_multiFile_v02.py', '--cfg-path', '/tmp/tmpszq19gb6']
[2023-06-10T02:01:12.724+0000] {standard_task_runner.py:83} INFO - Job 173: Subtask download_dataset_task
[2023-06-10T02:01:12.731+0000] {dagbag.py:525} INFO - Filling up the DagBag from /opt/***/dags/data_ingestion_gcs_multiFile_v02.py
[2023-06-10T02:01:12.846+0000] {data_ingestion_gcs_multiFile_v02.py:20} INFO - dtc_data_lake_dtc-dezc-001 is the bucket.
[2023-06-10T02:01:12.867+0000] {warnings.py:110} WARNING - /home/***/.local/lib/python3.7/site-packages/***/configuration.py:545: DeprecationWarning: The sql_alchemy_conn option in [core] has been moved to the sql_alchemy_conn option in [database] - the old setting has been used, but please update your config.
  option = self._get_environment_variables(deprecated_key, deprecated_section, key, section)

[2023-06-10T02:01:12.918+0000] {task_command.py:384} INFO - Running <TaskInstance: fhv_taxi_data.download_dataset_task scheduled__2021-01-02T07:00:00+00:00 [running]> on host f41d61956f54
[2023-06-10T02:01:12.954+0000] {warnings.py:110} WARNING - /home/***/.local/lib/python3.7/site-packages/***/utils/context.py:204: AirflowContextDeprecationWarning: Accessing 'execution_date' from the template is deprecated and will be removed in a future version. Please use 'data_interval_start' or 'logical_date' instead.
  warnings.warn(_create_deprecation_warning(key, self._deprecation_replacements[key]))

[2023-06-10T02:01:13.011+0000] {taskinstance.py:1592} INFO - Exporting the following env vars:
AIRFLOW_CTX_DAG_OWNER=admin
AIRFLOW_CTX_DAG_ID=fhv_taxi_data
AIRFLOW_CTX_TASK_ID=download_dataset_task
AIRFLOW_CTX_EXECUTION_DATE=2021-01-02T07:00:00+00:00
AIRFLOW_CTX_TRY_NUMBER=1
AIRFLOW_CTX_DAG_RUN_ID=scheduled__2021-01-02T07:00:00+00:00
[2023-06-10T02:01:13.013+0000] {subprocess.py:63} INFO - Tmp dir root location: 
 /tmp
[2023-06-10T02:01:13.029+0000] {subprocess.py:75} INFO - Running command: ['/bin/bash', '-c', 'curl -sSLf https://github.com/DataTalksClub/nyc-tlc-data/releases/tag/fhv/fhv_tripdata_2021-01.csv.gz > /opt/***/fhv_tripdata_2021-01.csv.gz']
[2023-06-10T02:01:13.053+0000] {subprocess.py:86} INFO - Output:
[2023-06-10T02:01:13.669+0000] {subprocess.py:97} INFO - Command exited with return code 0
[2023-06-10T02:01:13.695+0000] {taskinstance.py:1406} INFO - Marking task as SUCCESS. dag_id=fhv_taxi_data, task_id=download_dataset_task, execution_date=20210102T070000, start_date=20230610T020112, end_date=20230610T020113
[2023-06-10T02:01:13.754+0000] {local_task_job.py:164} INFO - Task exited with return code 0
[2023-06-10T02:01:13.776+0000] {local_task_job.py:273} INFO - 1 downstream tasks scheduled from follow-on schedule check
[2023-06-11T01:44:56.163+0000] {taskinstance.py:1165} INFO - Dependencies all met for <TaskInstance: fhv_taxi_data.download_dataset_task scheduled__2021-01-02T07:00:00+00:00 [queued]>
[2023-06-11T01:44:56.170+0000] {taskinstance.py:1165} INFO - Dependencies all met for <TaskInstance: fhv_taxi_data.download_dataset_task scheduled__2021-01-02T07:00:00+00:00 [queued]>
[2023-06-11T01:44:56.171+0000] {taskinstance.py:1362} INFO - 
--------------------------------------------------------------------------------
[2023-06-11T01:44:56.171+0000] {taskinstance.py:1363} INFO - Starting attempt 1 of 2
[2023-06-11T01:44:56.172+0000] {taskinstance.py:1364} INFO - 
--------------------------------------------------------------------------------
[2023-06-11T01:44:56.180+0000] {taskinstance.py:1383} INFO - Executing <Task(BashOperator): download_dataset_task> on 2021-01-02 07:00:00+00:00
[2023-06-11T01:44:56.184+0000] {standard_task_runner.py:54} INFO - Started process 7429 to run task
[2023-06-11T01:44:56.189+0000] {standard_task_runner.py:82} INFO - Running: ['***', 'tasks', 'run', 'fhv_taxi_data', 'download_dataset_task', 'scheduled__2021-01-02T07:00:00+00:00', '--job-id', '748', '--raw', '--subdir', 'DAGS_FOLDER/data_ingestion_gcs_multiFile_v02.py', '--cfg-path', '/tmp/tmpg9ij5uek']
[2023-06-11T01:44:56.190+0000] {standard_task_runner.py:83} INFO - Job 748: Subtask download_dataset_task
[2023-06-11T01:44:56.191+0000] {dagbag.py:525} INFO - Filling up the DagBag from /opt/***/dags/data_ingestion_gcs_multiFile_v02.py
[2023-06-11T01:44:56.260+0000] {data_ingestion_gcs_multiFile_v02.py:20} INFO - dtc_data_lake_dtc-dezc-001 is the bucket.
[2023-06-11T01:44:56.275+0000] {warnings.py:110} WARNING - /home/***/.local/lib/python3.7/site-packages/***/configuration.py:545: DeprecationWarning: The sql_alchemy_conn option in [core] has been moved to the sql_alchemy_conn option in [database] - the old setting has been used, but please update your config.
  option = self._get_environment_variables(deprecated_key, deprecated_section, key, section)

[2023-06-11T01:44:56.316+0000] {task_command.py:384} INFO - Running <TaskInstance: fhv_taxi_data.download_dataset_task scheduled__2021-01-02T07:00:00+00:00 [running]> on host f41d61956f54
[2023-06-11T01:44:56.338+0000] {warnings.py:110} WARNING - /home/***/.local/lib/python3.7/site-packages/***/utils/context.py:204: AirflowContextDeprecationWarning: Accessing 'execution_date' from the template is deprecated and will be removed in a future version. Please use 'data_interval_start' or 'logical_date' instead.
  warnings.warn(_create_deprecation_warning(key, self._deprecation_replacements[key]))

[2023-06-11T01:44:56.366+0000] {taskinstance.py:1592} INFO - Exporting the following env vars:
AIRFLOW_CTX_DAG_OWNER=admin
AIRFLOW_CTX_DAG_ID=fhv_taxi_data
AIRFLOW_CTX_TASK_ID=download_dataset_task
AIRFLOW_CTX_EXECUTION_DATE=2021-01-02T07:00:00+00:00
AIRFLOW_CTX_TRY_NUMBER=1
AIRFLOW_CTX_DAG_RUN_ID=scheduled__2021-01-02T07:00:00+00:00
[2023-06-11T01:44:56.367+0000] {subprocess.py:63} INFO - Tmp dir root location: 
 /tmp
[2023-06-11T01:44:56.367+0000] {subprocess.py:75} INFO - Running command: ['/bin/bash', '-c', 'curl -sSLf https://github.com/DataTalksClub/nyc-tlc-data/releases/download/fhv/fhv_tripdata_2021-01.csv.gz > /opt/***/fhv_tripdata_2021-01.csv.gz']
[2023-06-11T01:44:56.379+0000] {subprocess.py:86} INFO - Output:
[2023-06-11T01:44:58.399+0000] {subprocess.py:97} INFO - Command exited with return code 0
[2023-06-11T01:44:58.430+0000] {taskinstance.py:1406} INFO - Marking task as SUCCESS. dag_id=fhv_taxi_data, task_id=download_dataset_task, execution_date=20210102T070000, start_date=20230611T014456, end_date=20230611T014458
[2023-06-11T01:44:58.463+0000] {local_task_job.py:164} INFO - Task exited with return code 0
[2023-06-11T01:44:58.486+0000] {local_task_job.py:273} INFO - 1 downstream tasks scheduled from follow-on schedule check
