[2023-06-11T01:25:16.420+0000] {taskinstance.py:1165} INFO - Dependencies all met for <TaskInstance: taxi_zone_data.local_to_gcs_task scheduled__2023-06-10T00:00:00+00:00 [queued]>
[2023-06-11T01:25:16.427+0000] {taskinstance.py:1165} INFO - Dependencies all met for <TaskInstance: taxi_zone_data.local_to_gcs_task scheduled__2023-06-10T00:00:00+00:00 [queued]>
[2023-06-11T01:25:16.428+0000] {taskinstance.py:1362} INFO - 
--------------------------------------------------------------------------------
[2023-06-11T01:25:16.428+0000] {taskinstance.py:1363} INFO - Starting attempt 1 of 2
[2023-06-11T01:25:16.429+0000] {taskinstance.py:1364} INFO - 
--------------------------------------------------------------------------------
[2023-06-11T01:25:16.436+0000] {taskinstance.py:1383} INFO - Executing <Task(PythonOperator): local_to_gcs_task> on 2023-06-10 00:00:00+00:00
[2023-06-11T01:25:16.441+0000] {standard_task_runner.py:54} INFO - Started process 5797 to run task
[2023-06-11T01:25:16.444+0000] {standard_task_runner.py:82} INFO - Running: ['***', 'tasks', 'run', 'taxi_zone_data', 'local_to_gcs_task', 'scheduled__2023-06-10T00:00:00+00:00', '--job-id', '591', '--raw', '--subdir', 'DAGS_FOLDER/data_ingestion_gcs_multiFile_v02.py', '--cfg-path', '/tmp/tmpffens2xw']
[2023-06-11T01:25:16.445+0000] {standard_task_runner.py:83} INFO - Job 591: Subtask local_to_gcs_task
[2023-06-11T01:25:16.447+0000] {dagbag.py:525} INFO - Filling up the DagBag from /opt/***/dags/data_ingestion_gcs_multiFile_v02.py
[2023-06-11T01:25:16.506+0000] {data_ingestion_gcs_multiFile_v02.py:20} INFO - dtc_data_lake_dtc-dezc-001 is the bucket.
[2023-06-11T01:25:16.522+0000] {warnings.py:110} WARNING - /home/***/.local/lib/python3.7/site-packages/***/configuration.py:545: DeprecationWarning: The sql_alchemy_conn option in [core] has been moved to the sql_alchemy_conn option in [database] - the old setting has been used, but please update your config.
  option = self._get_environment_variables(deprecated_key, deprecated_section, key, section)

[2023-06-11T01:25:16.558+0000] {task_command.py:384} INFO - Running <TaskInstance: taxi_zone_data.local_to_gcs_task scheduled__2023-06-10T00:00:00+00:00 [running]> on host f41d61956f54
[2023-06-11T01:25:16.606+0000] {taskinstance.py:1592} INFO - Exporting the following env vars:
AIRFLOW_CTX_DAG_OWNER=admin
AIRFLOW_CTX_DAG_ID=taxi_zone_data
AIRFLOW_CTX_TASK_ID=local_to_gcs_task
AIRFLOW_CTX_EXECUTION_DATE=2023-06-10T00:00:00+00:00
AIRFLOW_CTX_TRY_NUMBER=1
AIRFLOW_CTX_DAG_RUN_ID=scheduled__2023-06-10T00:00:00+00:00
[2023-06-11T01:25:17.757+0000] {data_ingestion_gcs_multiFile_v02.py:47} INFO - Blob is <Blob: dtc_data_lake_dtc-dezc-001, raw/taxi_zone/taxi_zone_lookup.parquet, None>
[2023-06-11T01:25:17.977+0000] {python.py:177} INFO - Done. Returned value was: None
[2023-06-11T01:25:17.986+0000] {taskinstance.py:1406} INFO - Marking task as SUCCESS. dag_id=taxi_zone_data, task_id=local_to_gcs_task, execution_date=20230610T000000, start_date=20230611T012516, end_date=20230611T012517
[2023-06-11T01:25:18.018+0000] {local_task_job.py:164} INFO - Task exited with return code 0
[2023-06-11T01:25:18.036+0000] {local_task_job.py:273} INFO - 1 downstream tasks scheduled from follow-on schedule check
