[2023-06-10T02:06:20.877+0000] {taskinstance.py:1165} INFO - Dependencies all met for <TaskInstance: green_taxi_data.download_dataset_task scheduled__2021-03-02T06:30:00+00:00 [queued]>
[2023-06-10T02:06:20.888+0000] {taskinstance.py:1165} INFO - Dependencies all met for <TaskInstance: green_taxi_data.download_dataset_task scheduled__2021-03-02T06:30:00+00:00 [queued]>
[2023-06-10T02:06:20.889+0000] {taskinstance.py:1362} INFO - 
--------------------------------------------------------------------------------
[2023-06-10T02:06:20.889+0000] {taskinstance.py:1363} INFO - Starting attempt 1 of 2
[2023-06-10T02:06:20.890+0000] {taskinstance.py:1364} INFO - 
--------------------------------------------------------------------------------
[2023-06-10T02:06:20.899+0000] {taskinstance.py:1383} INFO - Executing <Task(BashOperator): download_dataset_task> on 2021-03-02 06:30:00+00:00
[2023-06-10T02:06:20.911+0000] {standard_task_runner.py:54} INFO - Started process 3948 to run task
[2023-06-10T02:06:20.925+0000] {standard_task_runner.py:82} INFO - Running: ['***', 'tasks', 'run', 'green_taxi_data', 'download_dataset_task', 'scheduled__2021-03-02T06:30:00+00:00', '--job-id', '188', '--raw', '--subdir', 'DAGS_FOLDER/data_ingestion_gcs_multiFile_v02.py', '--cfg-path', '/tmp/tmps3rsiu6b']
[2023-06-10T02:06:20.927+0000] {standard_task_runner.py:83} INFO - Job 188: Subtask download_dataset_task
[2023-06-10T02:06:20.929+0000] {dagbag.py:525} INFO - Filling up the DagBag from /opt/***/dags/data_ingestion_gcs_multiFile_v02.py
[2023-06-10T02:06:21.174+0000] {data_ingestion_gcs_multiFile_v02.py:20} INFO - dtc_data_lake_dtc-dezc-001 is the bucket.
[2023-06-10T02:06:21.229+0000] {warnings.py:110} WARNING - /home/***/.local/lib/python3.7/site-packages/***/configuration.py:545: DeprecationWarning: The sql_alchemy_conn option in [core] has been moved to the sql_alchemy_conn option in [database] - the old setting has been used, but please update your config.
  option = self._get_environment_variables(deprecated_key, deprecated_section, key, section)

[2023-06-10T02:06:21.323+0000] {task_command.py:384} INFO - Running <TaskInstance: green_taxi_data.download_dataset_task scheduled__2021-03-02T06:30:00+00:00 [running]> on host f41d61956f54
[2023-06-10T02:06:21.368+0000] {warnings.py:110} WARNING - /home/***/.local/lib/python3.7/site-packages/***/utils/context.py:204: AirflowContextDeprecationWarning: Accessing 'execution_date' from the template is deprecated and will be removed in a future version. Please use 'data_interval_start' or 'logical_date' instead.
  warnings.warn(_create_deprecation_warning(key, self._deprecation_replacements[key]))

[2023-06-10T02:06:21.435+0000] {taskinstance.py:1592} INFO - Exporting the following env vars:
AIRFLOW_CTX_DAG_OWNER=admin
AIRFLOW_CTX_DAG_ID=green_taxi_data
AIRFLOW_CTX_TASK_ID=download_dataset_task
AIRFLOW_CTX_EXECUTION_DATE=2021-03-02T06:30:00+00:00
AIRFLOW_CTX_TRY_NUMBER=1
AIRFLOW_CTX_DAG_RUN_ID=scheduled__2021-03-02T06:30:00+00:00
[2023-06-10T02:06:21.437+0000] {subprocess.py:63} INFO - Tmp dir root location: 
 /tmp
[2023-06-10T02:06:21.438+0000] {subprocess.py:75} INFO - Running command: ['/bin/bash', '-c', 'curl -sSLf https://github.com/DataTalksClub/nyc-tlc-data/releases/tag/green/green_tripdata_2021-03.csv.gz > /opt/***/green_tripdata_2021-03.csv.gz']
[2023-06-10T02:06:21.456+0000] {subprocess.py:86} INFO - Output:
[2023-06-10T02:06:22.140+0000] {subprocess.py:97} INFO - Command exited with return code 0
[2023-06-10T02:06:22.168+0000] {taskinstance.py:1406} INFO - Marking task as SUCCESS. dag_id=green_taxi_data, task_id=download_dataset_task, execution_date=20210302T063000, start_date=20230610T020620, end_date=20230610T020622
[2023-06-10T02:06:22.200+0000] {local_task_job.py:164} INFO - Task exited with return code 0
[2023-06-10T02:06:22.228+0000] {local_task_job.py:273} INFO - 1 downstream tasks scheduled from follow-on schedule check
[2023-06-11T01:14:57.707+0000] {taskinstance.py:1165} INFO - Dependencies all met for <TaskInstance: green_taxi_data.download_dataset_task scheduled__2021-03-02T06:30:00+00:00 [queued]>
[2023-06-11T01:14:57.715+0000] {taskinstance.py:1165} INFO - Dependencies all met for <TaskInstance: green_taxi_data.download_dataset_task scheduled__2021-03-02T06:30:00+00:00 [queued]>
[2023-06-11T01:14:57.716+0000] {taskinstance.py:1362} INFO - 
--------------------------------------------------------------------------------
[2023-06-11T01:14:57.716+0000] {taskinstance.py:1363} INFO - Starting attempt 1 of 2
[2023-06-11T01:14:57.717+0000] {taskinstance.py:1364} INFO - 
--------------------------------------------------------------------------------
[2023-06-11T01:14:57.726+0000] {taskinstance.py:1383} INFO - Executing <Task(BashOperator): download_dataset_task> on 2021-03-02 06:30:00+00:00
[2023-06-11T01:14:57.733+0000] {standard_task_runner.py:54} INFO - Started process 4787 to run task
[2023-06-11T01:14:57.738+0000] {standard_task_runner.py:82} INFO - Running: ['***', 'tasks', 'run', 'green_taxi_data', 'download_dataset_task', 'scheduled__2021-03-02T06:30:00+00:00', '--job-id', '514', '--raw', '--subdir', 'DAGS_FOLDER/data_ingestion_gcs_multiFile_v02.py', '--cfg-path', '/tmp/tmpxyrz0b39']
[2023-06-11T01:14:57.740+0000] {standard_task_runner.py:83} INFO - Job 514: Subtask download_dataset_task
[2023-06-11T01:14:57.741+0000] {dagbag.py:525} INFO - Filling up the DagBag from /opt/***/dags/data_ingestion_gcs_multiFile_v02.py
[2023-06-11T01:14:57.813+0000] {data_ingestion_gcs_multiFile_v02.py:20} INFO - dtc_data_lake_dtc-dezc-001 is the bucket.
[2023-06-11T01:14:57.833+0000] {warnings.py:110} WARNING - /home/***/.local/lib/python3.7/site-packages/***/configuration.py:545: DeprecationWarning: The sql_alchemy_conn option in [core] has been moved to the sql_alchemy_conn option in [database] - the old setting has been used, but please update your config.
  option = self._get_environment_variables(deprecated_key, deprecated_section, key, section)

[2023-06-11T01:14:57.889+0000] {task_command.py:384} INFO - Running <TaskInstance: green_taxi_data.download_dataset_task scheduled__2021-03-02T06:30:00+00:00 [running]> on host f41d61956f54
[2023-06-11T01:14:57.912+0000] {warnings.py:110} WARNING - /home/***/.local/lib/python3.7/site-packages/***/utils/context.py:204: AirflowContextDeprecationWarning: Accessing 'execution_date' from the template is deprecated and will be removed in a future version. Please use 'data_interval_start' or 'logical_date' instead.
  warnings.warn(_create_deprecation_warning(key, self._deprecation_replacements[key]))

[2023-06-11T01:14:57.942+0000] {taskinstance.py:1592} INFO - Exporting the following env vars:
AIRFLOW_CTX_DAG_OWNER=admin
AIRFLOW_CTX_DAG_ID=green_taxi_data
AIRFLOW_CTX_TASK_ID=download_dataset_task
AIRFLOW_CTX_EXECUTION_DATE=2021-03-02T06:30:00+00:00
AIRFLOW_CTX_TRY_NUMBER=1
AIRFLOW_CTX_DAG_RUN_ID=scheduled__2021-03-02T06:30:00+00:00
[2023-06-11T01:14:57.944+0000] {subprocess.py:63} INFO - Tmp dir root location: 
 /tmp
[2023-06-11T01:14:57.945+0000] {subprocess.py:75} INFO - Running command: ['/bin/bash', '-c', 'curl -sSLf https://github.com/DataTalksClub/nyc-tlc-data/releases/download/green/green_tripdata_2021-03.csv.gz > /opt/***/green_tripdata_2021-03.csv.gz']
[2023-06-11T01:14:57.959+0000] {subprocess.py:86} INFO - Output:
[2023-06-11T01:14:58.698+0000] {subprocess.py:97} INFO - Command exited with return code 0
[2023-06-11T01:14:58.725+0000] {taskinstance.py:1406} INFO - Marking task as SUCCESS. dag_id=green_taxi_data, task_id=download_dataset_task, execution_date=20210302T063000, start_date=20230611T011457, end_date=20230611T011458
[2023-06-11T01:14:58.755+0000] {local_task_job.py:164} INFO - Task exited with return code 0
[2023-06-11T01:14:58.777+0000] {local_task_job.py:273} INFO - 1 downstream tasks scheduled from follow-on schedule check
