[2023-06-10T02:01:12.419+0000] {taskinstance.py:1165} INFO - Dependencies all met for <TaskInstance: fhv_taxi_data.download_dataset_task scheduled__2020-12-02T07:00:00+00:00 [queued]>
[2023-06-10T02:01:12.424+0000] {taskinstance.py:1165} INFO - Dependencies all met for <TaskInstance: fhv_taxi_data.download_dataset_task scheduled__2020-12-02T07:00:00+00:00 [queued]>
[2023-06-10T02:01:12.424+0000] {taskinstance.py:1362} INFO - 
--------------------------------------------------------------------------------
[2023-06-10T02:01:12.425+0000] {taskinstance.py:1363} INFO - Starting attempt 1 of 2
[2023-06-10T02:01:12.425+0000] {taskinstance.py:1364} INFO - 
--------------------------------------------------------------------------------
[2023-06-10T02:01:12.436+0000] {taskinstance.py:1383} INFO - Executing <Task(BashOperator): download_dataset_task> on 2020-12-02 07:00:00+00:00
[2023-06-10T02:01:12.443+0000] {standard_task_runner.py:54} INFO - Started process 3589 to run task
[2023-06-10T02:01:12.452+0000] {standard_task_runner.py:82} INFO - Running: ['***', 'tasks', 'run', 'fhv_taxi_data', 'download_dataset_task', 'scheduled__2020-12-02T07:00:00+00:00', '--job-id', '171', '--raw', '--subdir', 'DAGS_FOLDER/data_ingestion_gcs_multiFile_v02.py', '--cfg-path', '/tmp/tmp111bnqz6']
[2023-06-10T02:01:12.456+0000] {standard_task_runner.py:83} INFO - Job 171: Subtask download_dataset_task
[2023-06-10T02:01:12.459+0000] {dagbag.py:525} INFO - Filling up the DagBag from /opt/***/dags/data_ingestion_gcs_multiFile_v02.py
[2023-06-10T02:01:12.593+0000] {data_ingestion_gcs_multiFile_v02.py:20} INFO - dtc_data_lake_dtc-dezc-001 is the bucket.
[2023-06-10T02:01:12.611+0000] {warnings.py:110} WARNING - /home/***/.local/lib/python3.7/site-packages/***/configuration.py:545: DeprecationWarning: The sql_alchemy_conn option in [core] has been moved to the sql_alchemy_conn option in [database] - the old setting has been used, but please update your config.
  option = self._get_environment_variables(deprecated_key, deprecated_section, key, section)

[2023-06-10T02:01:12.693+0000] {task_command.py:384} INFO - Running <TaskInstance: fhv_taxi_data.download_dataset_task scheduled__2020-12-02T07:00:00+00:00 [running]> on host f41d61956f54
[2023-06-10T02:01:12.741+0000] {warnings.py:110} WARNING - /home/***/.local/lib/python3.7/site-packages/***/utils/context.py:204: AirflowContextDeprecationWarning: Accessing 'execution_date' from the template is deprecated and will be removed in a future version. Please use 'data_interval_start' or 'logical_date' instead.
  warnings.warn(_create_deprecation_warning(key, self._deprecation_replacements[key]))

[2023-06-10T02:01:12.783+0000] {taskinstance.py:1592} INFO - Exporting the following env vars:
AIRFLOW_CTX_DAG_OWNER=admin
AIRFLOW_CTX_DAG_ID=fhv_taxi_data
AIRFLOW_CTX_TASK_ID=download_dataset_task
AIRFLOW_CTX_EXECUTION_DATE=2020-12-02T07:00:00+00:00
AIRFLOW_CTX_TRY_NUMBER=1
AIRFLOW_CTX_DAG_RUN_ID=scheduled__2020-12-02T07:00:00+00:00
[2023-06-10T02:01:12.787+0000] {subprocess.py:63} INFO - Tmp dir root location: 
 /tmp
[2023-06-10T02:01:12.788+0000] {subprocess.py:75} INFO - Running command: ['/bin/bash', '-c', 'curl -sSLf https://github.com/DataTalksClub/nyc-tlc-data/releases/tag/fhv/fhv_tripdata_2020-12.csv.gz > /opt/***/fhv_tripdata_2020-12.csv.gz']
[2023-06-10T02:01:12.804+0000] {subprocess.py:86} INFO - Output:
[2023-06-10T02:01:13.609+0000] {subprocess.py:97} INFO - Command exited with return code 0
[2023-06-10T02:01:13.649+0000] {taskinstance.py:1406} INFO - Marking task as SUCCESS. dag_id=fhv_taxi_data, task_id=download_dataset_task, execution_date=20201202T070000, start_date=20230610T020112, end_date=20230610T020113
[2023-06-10T02:01:13.685+0000] {local_task_job.py:164} INFO - Task exited with return code 0
[2023-06-10T02:01:13.709+0000] {local_task_job.py:273} INFO - 1 downstream tasks scheduled from follow-on schedule check
[2023-06-11T01:44:53.814+0000] {taskinstance.py:1165} INFO - Dependencies all met for <TaskInstance: fhv_taxi_data.download_dataset_task scheduled__2020-12-02T07:00:00+00:00 [queued]>
[2023-06-11T01:44:53.820+0000] {taskinstance.py:1165} INFO - Dependencies all met for <TaskInstance: fhv_taxi_data.download_dataset_task scheduled__2020-12-02T07:00:00+00:00 [queued]>
[2023-06-11T01:44:53.821+0000] {taskinstance.py:1362} INFO - 
--------------------------------------------------------------------------------
[2023-06-11T01:44:53.821+0000] {taskinstance.py:1363} INFO - Starting attempt 1 of 2
[2023-06-11T01:44:53.822+0000] {taskinstance.py:1364} INFO - 
--------------------------------------------------------------------------------
[2023-06-11T01:44:53.829+0000] {taskinstance.py:1383} INFO - Executing <Task(BashOperator): download_dataset_task> on 2020-12-02 07:00:00+00:00
[2023-06-11T01:44:53.834+0000] {standard_task_runner.py:54} INFO - Started process 7416 to run task
[2023-06-11T01:44:53.838+0000] {standard_task_runner.py:82} INFO - Running: ['***', 'tasks', 'run', 'fhv_taxi_data', 'download_dataset_task', 'scheduled__2020-12-02T07:00:00+00:00', '--job-id', '745', '--raw', '--subdir', 'DAGS_FOLDER/data_ingestion_gcs_multiFile_v02.py', '--cfg-path', '/tmp/tmp8yqi42sb']
[2023-06-11T01:44:53.839+0000] {standard_task_runner.py:83} INFO - Job 745: Subtask download_dataset_task
[2023-06-11T01:44:53.841+0000] {dagbag.py:525} INFO - Filling up the DagBag from /opt/***/dags/data_ingestion_gcs_multiFile_v02.py
[2023-06-11T01:44:53.922+0000] {data_ingestion_gcs_multiFile_v02.py:20} INFO - dtc_data_lake_dtc-dezc-001 is the bucket.
[2023-06-11T01:44:53.939+0000] {warnings.py:110} WARNING - /home/***/.local/lib/python3.7/site-packages/***/configuration.py:545: DeprecationWarning: The sql_alchemy_conn option in [core] has been moved to the sql_alchemy_conn option in [database] - the old setting has been used, but please update your config.
  option = self._get_environment_variables(deprecated_key, deprecated_section, key, section)

[2023-06-11T01:44:53.982+0000] {task_command.py:384} INFO - Running <TaskInstance: fhv_taxi_data.download_dataset_task scheduled__2020-12-02T07:00:00+00:00 [running]> on host f41d61956f54
[2023-06-11T01:44:54.005+0000] {warnings.py:110} WARNING - /home/***/.local/lib/python3.7/site-packages/***/utils/context.py:204: AirflowContextDeprecationWarning: Accessing 'execution_date' from the template is deprecated and will be removed in a future version. Please use 'data_interval_start' or 'logical_date' instead.
  warnings.warn(_create_deprecation_warning(key, self._deprecation_replacements[key]))

[2023-06-11T01:44:54.032+0000] {taskinstance.py:1592} INFO - Exporting the following env vars:
AIRFLOW_CTX_DAG_OWNER=admin
AIRFLOW_CTX_DAG_ID=fhv_taxi_data
AIRFLOW_CTX_TASK_ID=download_dataset_task
AIRFLOW_CTX_EXECUTION_DATE=2020-12-02T07:00:00+00:00
AIRFLOW_CTX_TRY_NUMBER=1
AIRFLOW_CTX_DAG_RUN_ID=scheduled__2020-12-02T07:00:00+00:00
[2023-06-11T01:44:54.033+0000] {subprocess.py:63} INFO - Tmp dir root location: 
 /tmp
[2023-06-11T01:44:54.034+0000] {subprocess.py:75} INFO - Running command: ['/bin/bash', '-c', 'curl -sSLf https://github.com/DataTalksClub/nyc-tlc-data/releases/download/fhv/fhv_tripdata_2020-12.csv.gz > /opt/***/fhv_tripdata_2020-12.csv.gz']
[2023-06-11T01:44:54.045+0000] {subprocess.py:86} INFO - Output:
[2023-06-11T01:44:56.160+0000] {subprocess.py:97} INFO - Command exited with return code 0
[2023-06-11T01:44:56.188+0000] {taskinstance.py:1406} INFO - Marking task as SUCCESS. dag_id=fhv_taxi_data, task_id=download_dataset_task, execution_date=20201202T070000, start_date=20230611T014453, end_date=20230611T014456
[2023-06-11T01:44:56.235+0000] {local_task_job.py:164} INFO - Task exited with return code 0
[2023-06-11T01:44:56.258+0000] {local_task_job.py:273} INFO - 1 downstream tasks scheduled from follow-on schedule check
