[2023-06-10T02:31:56.968+0000] {taskinstance.py:1165} INFO - Dependencies all met for <TaskInstance: fhv_taxi_data.download_dataset_task scheduled__2022-08-02T07:00:00+00:00 [queued]>
[2023-06-10T02:31:56.976+0000] {taskinstance.py:1165} INFO - Dependencies all met for <TaskInstance: fhv_taxi_data.download_dataset_task scheduled__2022-08-02T07:00:00+00:00 [queued]>
[2023-06-10T02:31:56.977+0000] {taskinstance.py:1362} INFO - 
--------------------------------------------------------------------------------
[2023-06-10T02:31:56.977+0000] {taskinstance.py:1363} INFO - Starting attempt 1 of 2
[2023-06-10T02:31:56.981+0000] {taskinstance.py:1364} INFO - 
--------------------------------------------------------------------------------
[2023-06-10T02:31:56.997+0000] {taskinstance.py:1383} INFO - Executing <Task(BashOperator): download_dataset_task> on 2022-08-02 07:00:00+00:00
[2023-06-10T02:31:57.002+0000] {standard_task_runner.py:54} INFO - Started process 5741 to run task
[2023-06-10T02:31:57.007+0000] {standard_task_runner.py:82} INFO - Running: ['***', 'tasks', 'run', 'fhv_taxi_data', 'download_dataset_task', 'scheduled__2022-08-02T07:00:00+00:00', '--job-id', '282', '--raw', '--subdir', 'DAGS_FOLDER/data_ingestion_gcs_multiFile_v02.py', '--cfg-path', '/tmp/tmpc5eqjx1b']
[2023-06-10T02:31:57.014+0000] {standard_task_runner.py:83} INFO - Job 282: Subtask download_dataset_task
[2023-06-10T02:31:57.015+0000] {dagbag.py:525} INFO - Filling up the DagBag from /opt/***/dags/data_ingestion_gcs_multiFile_v02.py
[2023-06-10T02:31:57.098+0000] {data_ingestion_gcs_multiFile_v02.py:20} INFO - dtc_data_lake_dtc-dezc-001 is the bucket.
[2023-06-10T02:31:57.123+0000] {warnings.py:110} WARNING - /home/***/.local/lib/python3.7/site-packages/***/configuration.py:545: DeprecationWarning: The sql_alchemy_conn option in [core] has been moved to the sql_alchemy_conn option in [database] - the old setting has been used, but please update your config.
  option = self._get_environment_variables(deprecated_key, deprecated_section, key, section)

[2023-06-10T02:31:57.183+0000] {task_command.py:384} INFO - Running <TaskInstance: fhv_taxi_data.download_dataset_task scheduled__2022-08-02T07:00:00+00:00 [running]> on host f41d61956f54
[2023-06-10T02:31:57.222+0000] {warnings.py:110} WARNING - /home/***/.local/lib/python3.7/site-packages/***/utils/context.py:204: AirflowContextDeprecationWarning: Accessing 'execution_date' from the template is deprecated and will be removed in a future version. Please use 'data_interval_start' or 'logical_date' instead.
  warnings.warn(_create_deprecation_warning(key, self._deprecation_replacements[key]))

[2023-06-10T02:31:57.265+0000] {taskinstance.py:1592} INFO - Exporting the following env vars:
AIRFLOW_CTX_DAG_OWNER=admin
AIRFLOW_CTX_DAG_ID=fhv_taxi_data
AIRFLOW_CTX_TASK_ID=download_dataset_task
AIRFLOW_CTX_EXECUTION_DATE=2022-08-02T07:00:00+00:00
AIRFLOW_CTX_TRY_NUMBER=1
AIRFLOW_CTX_DAG_RUN_ID=scheduled__2022-08-02T07:00:00+00:00
[2023-06-10T02:31:57.266+0000] {subprocess.py:63} INFO - Tmp dir root location: 
 /tmp
[2023-06-10T02:31:57.267+0000] {subprocess.py:75} INFO - Running command: ['/bin/bash', '-c', 'curl -sSLf https://github.com/DataTalksClub/nyc-tlc-data/releases/tag/fhv/fhv_tripdata_2022-08.csv.gz > /opt/***/fhv_tripdata_2022-08.csv.gz']
[2023-06-10T02:31:57.280+0000] {subprocess.py:86} INFO - Output:
[2023-06-10T02:31:57.867+0000] {subprocess.py:97} INFO - Command exited with return code 0
[2023-06-10T02:31:57.909+0000] {taskinstance.py:1406} INFO - Marking task as SUCCESS. dag_id=fhv_taxi_data, task_id=download_dataset_task, execution_date=20220802T070000, start_date=20230610T023156, end_date=20230610T023157
[2023-06-10T02:31:57.995+0000] {local_task_job.py:164} INFO - Task exited with return code 0
[2023-06-10T02:31:58.025+0000] {local_task_job.py:273} INFO - 1 downstream tasks scheduled from follow-on schedule check
[2023-06-11T02:07:37.780+0000] {taskinstance.py:1165} INFO - Dependencies all met for <TaskInstance: fhv_taxi_data.download_dataset_task scheduled__2022-08-02T07:00:00+00:00 [queued]>
[2023-06-11T02:07:37.785+0000] {taskinstance.py:1165} INFO - Dependencies all met for <TaskInstance: fhv_taxi_data.download_dataset_task scheduled__2022-08-02T07:00:00+00:00 [queued]>
[2023-06-11T02:07:37.786+0000] {taskinstance.py:1362} INFO - 
--------------------------------------------------------------------------------
[2023-06-11T02:07:37.786+0000] {taskinstance.py:1363} INFO - Starting attempt 1 of 2
[2023-06-11T02:07:37.787+0000] {taskinstance.py:1364} INFO - 
--------------------------------------------------------------------------------
[2023-06-11T02:07:37.794+0000] {taskinstance.py:1383} INFO - Executing <Task(BashOperator): download_dataset_task> on 2022-08-02 07:00:00+00:00
[2023-06-11T02:07:37.798+0000] {standard_task_runner.py:54} INFO - Started process 9042 to run task
[2023-06-11T02:07:37.801+0000] {standard_task_runner.py:82} INFO - Running: ['***', 'tasks', 'run', 'fhv_taxi_data', 'download_dataset_task', 'scheduled__2022-08-02T07:00:00+00:00', '--job-id', '825', '--raw', '--subdir', 'DAGS_FOLDER/data_ingestion_gcs_multiFile_v02.py', '--cfg-path', '/tmp/tmp5n4jtce1']
[2023-06-11T02:07:37.802+0000] {standard_task_runner.py:83} INFO - Job 825: Subtask download_dataset_task
[2023-06-11T02:07:37.803+0000] {dagbag.py:525} INFO - Filling up the DagBag from /opt/***/dags/data_ingestion_gcs_multiFile_v02.py
[2023-06-11T02:07:37.860+0000] {data_ingestion_gcs_multiFile_v02.py:20} INFO - dtc_data_lake_dtc-dezc-001 is the bucket.
[2023-06-11T02:07:37.875+0000] {warnings.py:110} WARNING - /home/***/.local/lib/python3.7/site-packages/***/configuration.py:545: DeprecationWarning: The sql_alchemy_conn option in [core] has been moved to the sql_alchemy_conn option in [database] - the old setting has been used, but please update your config.
  option = self._get_environment_variables(deprecated_key, deprecated_section, key, section)

[2023-06-11T02:07:37.912+0000] {task_command.py:384} INFO - Running <TaskInstance: fhv_taxi_data.download_dataset_task scheduled__2022-08-02T07:00:00+00:00 [running]> on host f41d61956f54
[2023-06-11T02:07:37.933+0000] {warnings.py:110} WARNING - /home/***/.local/lib/python3.7/site-packages/***/utils/context.py:204: AirflowContextDeprecationWarning: Accessing 'execution_date' from the template is deprecated and will be removed in a future version. Please use 'data_interval_start' or 'logical_date' instead.
  warnings.warn(_create_deprecation_warning(key, self._deprecation_replacements[key]))

[2023-06-11T02:07:37.958+0000] {taskinstance.py:1592} INFO - Exporting the following env vars:
AIRFLOW_CTX_DAG_OWNER=admin
AIRFLOW_CTX_DAG_ID=fhv_taxi_data
AIRFLOW_CTX_TASK_ID=download_dataset_task
AIRFLOW_CTX_EXECUTION_DATE=2022-08-02T07:00:00+00:00
AIRFLOW_CTX_TRY_NUMBER=1
AIRFLOW_CTX_DAG_RUN_ID=scheduled__2022-08-02T07:00:00+00:00
[2023-06-11T02:07:37.959+0000] {subprocess.py:63} INFO - Tmp dir root location: 
 /tmp
[2023-06-11T02:07:37.960+0000] {subprocess.py:75} INFO - Running command: ['/bin/bash', '-c', 'curl -sSLf https://github.com/DataTalksClub/nyc-tlc-data/releases/download/fhv/fhv_tripdata_2022-08.csv.gz > /opt/***/fhv_tripdata_2022-08.csv.gz']
[2023-06-11T02:07:37.970+0000] {subprocess.py:86} INFO - Output:
[2023-06-11T02:07:38.227+0000] {subprocess.py:93} INFO - curl: (22) The requested URL returned error: 404
[2023-06-11T02:07:38.242+0000] {subprocess.py:97} INFO - Command exited with return code 22
[2023-06-11T02:07:38.263+0000] {taskinstance.py:1851} ERROR - Task failed with exception
Traceback (most recent call last):
  File "/home/airflow/.local/lib/python3.7/site-packages/airflow/operators/bash.py", line 197, in execute
    f'Bash command failed. The command returned a non-zero exit code {result.exit_code}.'
airflow.exceptions.AirflowException: Bash command failed. The command returned a non-zero exit code 22.
[2023-06-11T02:07:38.268+0000] {taskinstance.py:1406} INFO - Marking task as UP_FOR_RETRY. dag_id=fhv_taxi_data, task_id=download_dataset_task, execution_date=20220802T070000, start_date=20230611T020737, end_date=20230611T020738
[2023-06-11T02:07:38.284+0000] {standard_task_runner.py:107} ERROR - Failed to execute job 825 for task download_dataset_task (Bash command failed. The command returned a non-zero exit code 22.; 9042)
[2023-06-11T02:07:38.343+0000] {local_task_job.py:164} INFO - Task exited with return code 1
[2023-06-11T02:07:38.365+0000] {local_task_job.py:273} INFO - 0 downstream tasks scheduled from follow-on schedule check
