[2023-06-10T01:22:44.317+0000] {taskinstance.py:1165} INFO - Dependencies all met for <TaskInstance: fhv_taxi_data.download_dataset_task scheduled__2019-08-02T07:00:00+00:00 [queued]>
[2023-06-10T01:22:44.323+0000] {taskinstance.py:1165} INFO - Dependencies all met for <TaskInstance: fhv_taxi_data.download_dataset_task scheduled__2019-08-02T07:00:00+00:00 [queued]>
[2023-06-10T01:22:44.324+0000] {taskinstance.py:1362} INFO - 
--------------------------------------------------------------------------------
[2023-06-10T01:22:44.324+0000] {taskinstance.py:1363} INFO - Starting attempt 1 of 2
[2023-06-10T01:22:44.325+0000] {taskinstance.py:1364} INFO - 
--------------------------------------------------------------------------------
[2023-06-10T01:22:44.333+0000] {taskinstance.py:1383} INFO - Executing <Task(BashOperator): download_dataset_task> on 2019-08-02 07:00:00+00:00
[2023-06-10T01:22:44.339+0000] {standard_task_runner.py:54} INFO - Started process 1539 to run task
[2023-06-10T01:22:44.345+0000] {standard_task_runner.py:82} INFO - Running: ['***', 'tasks', 'run', 'fhv_taxi_data', 'download_dataset_task', 'scheduled__2019-08-02T07:00:00+00:00', '--job-id', '67', '--raw', '--subdir', 'DAGS_FOLDER/data_ingestion_gcs_multiFile_v02.py', '--cfg-path', '/tmp/tmp5p95w_2d']
[2023-06-10T01:22:44.346+0000] {standard_task_runner.py:83} INFO - Job 67: Subtask download_dataset_task
[2023-06-10T01:22:44.351+0000] {dagbag.py:525} INFO - Filling up the DagBag from /opt/***/dags/data_ingestion_gcs_multiFile_v02.py
[2023-06-10T01:22:44.418+0000] {data_ingestion_gcs_multiFile_v02.py:20} INFO - dtc_data_lake_dtc-dezc-001 is the bucket.
[2023-06-10T01:22:44.431+0000] {warnings.py:110} WARNING - /home/***/.local/lib/python3.7/site-packages/***/configuration.py:545: DeprecationWarning: The sql_alchemy_conn option in [core] has been moved to the sql_alchemy_conn option in [database] - the old setting has been used, but please update your config.
  option = self._get_environment_variables(deprecated_key, deprecated_section, key, section)

[2023-06-10T01:22:44.469+0000] {task_command.py:384} INFO - Running <TaskInstance: fhv_taxi_data.download_dataset_task scheduled__2019-08-02T07:00:00+00:00 [running]> on host f41d61956f54
[2023-06-10T01:22:44.491+0000] {warnings.py:110} WARNING - /home/***/.local/lib/python3.7/site-packages/***/utils/context.py:204: AirflowContextDeprecationWarning: Accessing 'execution_date' from the template is deprecated and will be removed in a future version. Please use 'data_interval_start' or 'logical_date' instead.
  warnings.warn(_create_deprecation_warning(key, self._deprecation_replacements[key]))

[2023-06-10T01:22:44.518+0000] {taskinstance.py:1592} INFO - Exporting the following env vars:
AIRFLOW_CTX_DAG_OWNER=admin
AIRFLOW_CTX_DAG_ID=fhv_taxi_data
AIRFLOW_CTX_TASK_ID=download_dataset_task
AIRFLOW_CTX_EXECUTION_DATE=2019-08-02T07:00:00+00:00
AIRFLOW_CTX_TRY_NUMBER=1
AIRFLOW_CTX_DAG_RUN_ID=scheduled__2019-08-02T07:00:00+00:00
[2023-06-10T01:22:44.519+0000] {subprocess.py:63} INFO - Tmp dir root location: 
 /tmp
[2023-06-10T01:22:44.520+0000] {subprocess.py:75} INFO - Running command: ['/bin/bash', '-c', 'curl -sSLf https://github.com/DataTalksClub/nyc-tlc-data/releases/tag/fhv/fhv_tripdata_2019-08.csv.gz > /opt/***/fhv_tripdata_2019-08.csv.gz']
[2023-06-10T01:22:44.530+0000] {subprocess.py:86} INFO - Output:
[2023-06-10T01:22:45.104+0000] {subprocess.py:97} INFO - Command exited with return code 0
[2023-06-10T01:22:45.125+0000] {taskinstance.py:1406} INFO - Marking task as SUCCESS. dag_id=fhv_taxi_data, task_id=download_dataset_task, execution_date=20190802T070000, start_date=20230610T012244, end_date=20230610T012245
[2023-06-10T01:22:45.159+0000] {local_task_job.py:164} INFO - Task exited with return code 0
[2023-06-10T01:22:45.180+0000] {local_task_job.py:273} INFO - 1 downstream tasks scheduled from follow-on schedule check
[2023-06-11T01:27:14.955+0000] {taskinstance.py:1165} INFO - Dependencies all met for <TaskInstance: fhv_taxi_data.download_dataset_task scheduled__2019-08-02T07:00:00+00:00 [queued]>
[2023-06-11T01:27:14.970+0000] {taskinstance.py:1165} INFO - Dependencies all met for <TaskInstance: fhv_taxi_data.download_dataset_task scheduled__2019-08-02T07:00:00+00:00 [queued]>
[2023-06-11T01:27:14.971+0000] {taskinstance.py:1362} INFO - 
--------------------------------------------------------------------------------
[2023-06-11T01:27:14.972+0000] {taskinstance.py:1363} INFO - Starting attempt 1 of 2
[2023-06-11T01:27:14.973+0000] {taskinstance.py:1364} INFO - 
--------------------------------------------------------------------------------
[2023-06-11T01:27:14.981+0000] {taskinstance.py:1383} INFO - Executing <Task(BashOperator): download_dataset_task> on 2019-08-02 07:00:00+00:00
[2023-06-11T01:27:14.988+0000] {standard_task_runner.py:54} INFO - Started process 6023 to run task
[2023-06-11T01:27:14.992+0000] {standard_task_runner.py:82} INFO - Running: ['***', 'tasks', 'run', 'fhv_taxi_data', 'download_dataset_task', 'scheduled__2019-08-02T07:00:00+00:00', '--job-id', '612', '--raw', '--subdir', 'DAGS_FOLDER/data_ingestion_gcs_multiFile_v02.py', '--cfg-path', '/tmp/tmp24uvyeck']
[2023-06-11T01:27:14.993+0000] {standard_task_runner.py:83} INFO - Job 612: Subtask download_dataset_task
[2023-06-11T01:27:14.995+0000] {dagbag.py:525} INFO - Filling up the DagBag from /opt/***/dags/data_ingestion_gcs_multiFile_v02.py
[2023-06-11T01:27:15.119+0000] {data_ingestion_gcs_multiFile_v02.py:20} INFO - dtc_data_lake_dtc-dezc-001 is the bucket.
[2023-06-11T01:27:15.148+0000] {warnings.py:110} WARNING - /home/***/.local/lib/python3.7/site-packages/***/configuration.py:545: DeprecationWarning: The sql_alchemy_conn option in [core] has been moved to the sql_alchemy_conn option in [database] - the old setting has been used, but please update your config.
  option = self._get_environment_variables(deprecated_key, deprecated_section, key, section)

[2023-06-11T01:27:15.216+0000] {task_command.py:384} INFO - Running <TaskInstance: fhv_taxi_data.download_dataset_task scheduled__2019-08-02T07:00:00+00:00 [running]> on host f41d61956f54
[2023-06-11T01:27:15.275+0000] {warnings.py:110} WARNING - /home/***/.local/lib/python3.7/site-packages/***/utils/context.py:204: AirflowContextDeprecationWarning: Accessing 'execution_date' from the template is deprecated and will be removed in a future version. Please use 'data_interval_start' or 'logical_date' instead.
  warnings.warn(_create_deprecation_warning(key, self._deprecation_replacements[key]))

[2023-06-11T01:27:15.316+0000] {taskinstance.py:1592} INFO - Exporting the following env vars:
AIRFLOW_CTX_DAG_OWNER=admin
AIRFLOW_CTX_DAG_ID=fhv_taxi_data
AIRFLOW_CTX_TASK_ID=download_dataset_task
AIRFLOW_CTX_EXECUTION_DATE=2019-08-02T07:00:00+00:00
AIRFLOW_CTX_TRY_NUMBER=1
AIRFLOW_CTX_DAG_RUN_ID=scheduled__2019-08-02T07:00:00+00:00
[2023-06-11T01:27:15.317+0000] {subprocess.py:63} INFO - Tmp dir root location: 
 /tmp
[2023-06-11T01:27:15.318+0000] {subprocess.py:75} INFO - Running command: ['/bin/bash', '-c', 'curl -sSLf https://github.com/DataTalksClub/nyc-tlc-data/releases/download/fhv/fhv_tripdata_2019-08.csv.gz > /opt/***/fhv_tripdata_2019-08.csv.gz']
[2023-06-11T01:27:15.333+0000] {subprocess.py:86} INFO - Output:
[2023-06-11T01:27:17.452+0000] {subprocess.py:97} INFO - Command exited with return code 0
[2023-06-11T01:27:17.478+0000] {taskinstance.py:1406} INFO - Marking task as SUCCESS. dag_id=fhv_taxi_data, task_id=download_dataset_task, execution_date=20190802T070000, start_date=20230611T012714, end_date=20230611T012717
[2023-06-11T01:27:17.503+0000] {local_task_job.py:164} INFO - Task exited with return code 0
[2023-06-11T01:27:17.524+0000] {local_task_job.py:273} INFO - 1 downstream tasks scheduled from follow-on schedule check
