[2023-06-11T01:35:40.969+0000] {taskinstance.py:1165} INFO - Dependencies all met for <TaskInstance: fhv_taxi_data.local_to_gcs_task scheduled__2020-08-02T07:00:00+00:00 [queued]>
[2023-06-11T01:35:40.976+0000] {taskinstance.py:1165} INFO - Dependencies all met for <TaskInstance: fhv_taxi_data.local_to_gcs_task scheduled__2020-08-02T07:00:00+00:00 [queued]>
[2023-06-11T01:35:40.976+0000] {taskinstance.py:1362} INFO - 
--------------------------------------------------------------------------------
[2023-06-11T01:35:40.977+0000] {taskinstance.py:1363} INFO - Starting attempt 1 of 2
[2023-06-11T01:35:40.977+0000] {taskinstance.py:1364} INFO - 
--------------------------------------------------------------------------------
[2023-06-11T01:35:40.985+0000] {taskinstance.py:1383} INFO - Executing <Task(PythonOperator): local_to_gcs_task> on 2020-08-02 07:00:00+00:00
[2023-06-11T01:35:40.989+0000] {standard_task_runner.py:54} INFO - Started process 7124 to run task
[2023-06-11T01:35:40.993+0000] {standard_task_runner.py:82} INFO - Running: ['***', 'tasks', 'run', 'fhv_taxi_data', 'local_to_gcs_task', 'scheduled__2020-08-02T07:00:00+00:00', '--job-id', '717', '--raw', '--subdir', 'DAGS_FOLDER/data_ingestion_gcs_multiFile_v02.py', '--cfg-path', '/tmp/tmpi1rngkgb']
[2023-06-11T01:35:40.994+0000] {standard_task_runner.py:83} INFO - Job 717: Subtask local_to_gcs_task
[2023-06-11T01:35:40.995+0000] {dagbag.py:525} INFO - Filling up the DagBag from /opt/***/dags/data_ingestion_gcs_multiFile_v02.py
[2023-06-11T01:35:41.057+0000] {data_ingestion_gcs_multiFile_v02.py:20} INFO - dtc_data_lake_dtc-dezc-001 is the bucket.
[2023-06-11T01:35:41.072+0000] {warnings.py:110} WARNING - /home/***/.local/lib/python3.7/site-packages/***/configuration.py:545: DeprecationWarning: The sql_alchemy_conn option in [core] has been moved to the sql_alchemy_conn option in [database] - the old setting has been used, but please update your config.
  option = self._get_environment_variables(deprecated_key, deprecated_section, key, section)

[2023-06-11T01:35:41.110+0000] {task_command.py:384} INFO - Running <TaskInstance: fhv_taxi_data.local_to_gcs_task scheduled__2020-08-02T07:00:00+00:00 [running]> on host f41d61956f54
[2023-06-11T01:35:41.131+0000] {warnings.py:110} WARNING - /home/***/.local/lib/python3.7/site-packages/***/utils/context.py:204: AirflowContextDeprecationWarning: Accessing 'execution_date' from the template is deprecated and will be removed in a future version. Please use 'data_interval_start' or 'logical_date' instead.
  warnings.warn(_create_deprecation_warning(key, self._deprecation_replacements[key]))

[2023-06-11T01:35:41.158+0000] {taskinstance.py:1592} INFO - Exporting the following env vars:
AIRFLOW_CTX_DAG_OWNER=admin
AIRFLOW_CTX_DAG_ID=fhv_taxi_data
AIRFLOW_CTX_TASK_ID=local_to_gcs_task
AIRFLOW_CTX_EXECUTION_DATE=2020-08-02T07:00:00+00:00
AIRFLOW_CTX_TRY_NUMBER=1
AIRFLOW_CTX_DAG_RUN_ID=scheduled__2020-08-02T07:00:00+00:00
[2023-06-11T01:35:42.251+0000] {data_ingestion_gcs_multiFile_v02.py:47} INFO - Blob is <Blob: dtc_data_lake_dtc-dezc-001, raw/fhv_tripdata/2020/fhv_tripdata_2020-08.parquet, None>
[2023-06-11T01:36:35.525+0000] {python.py:177} INFO - Done. Returned value was: None
[2023-06-11T01:36:35.534+0000] {taskinstance.py:1406} INFO - Marking task as SUCCESS. dag_id=fhv_taxi_data, task_id=local_to_gcs_task, execution_date=20200802T070000, start_date=20230611T013540, end_date=20230611T013635
[2023-06-11T01:36:35.599+0000] {local_task_job.py:164} INFO - Task exited with return code 0
[2023-06-11T01:36:35.616+0000] {local_task_job.py:273} INFO - 1 downstream tasks scheduled from follow-on schedule check
