[2023-06-10T02:06:21.258+0000] {taskinstance.py:1165} INFO - Dependencies all met for <TaskInstance: fhv_taxi_data.download_dataset_task scheduled__2021-04-02T07:00:00+00:00 [queued]>
[2023-06-10T02:06:21.278+0000] {taskinstance.py:1165} INFO - Dependencies all met for <TaskInstance: fhv_taxi_data.download_dataset_task scheduled__2021-04-02T07:00:00+00:00 [queued]>
[2023-06-10T02:06:21.279+0000] {taskinstance.py:1362} INFO - 
--------------------------------------------------------------------------------
[2023-06-10T02:06:21.279+0000] {taskinstance.py:1363} INFO - Starting attempt 1 of 2
[2023-06-10T02:06:21.280+0000] {taskinstance.py:1364} INFO - 
--------------------------------------------------------------------------------
[2023-06-10T02:06:21.306+0000] {taskinstance.py:1383} INFO - Executing <Task(BashOperator): download_dataset_task> on 2021-04-02 07:00:00+00:00
[2023-06-10T02:06:21.310+0000] {standard_task_runner.py:54} INFO - Started process 3956 to run task
[2023-06-10T02:06:21.329+0000] {standard_task_runner.py:82} INFO - Running: ['***', 'tasks', 'run', 'fhv_taxi_data', 'download_dataset_task', 'scheduled__2021-04-02T07:00:00+00:00', '--job-id', '191', '--raw', '--subdir', 'DAGS_FOLDER/data_ingestion_gcs_multiFile_v02.py', '--cfg-path', '/tmp/tmpbv6707lg']
[2023-06-10T02:06:21.330+0000] {standard_task_runner.py:83} INFO - Job 191: Subtask download_dataset_task
[2023-06-10T02:06:21.332+0000] {dagbag.py:525} INFO - Filling up the DagBag from /opt/***/dags/data_ingestion_gcs_multiFile_v02.py
[2023-06-10T02:06:21.484+0000] {data_ingestion_gcs_multiFile_v02.py:20} INFO - dtc_data_lake_dtc-dezc-001 is the bucket.
[2023-06-10T02:06:21.515+0000] {warnings.py:110} WARNING - /home/***/.local/lib/python3.7/site-packages/***/configuration.py:545: DeprecationWarning: The sql_alchemy_conn option in [core] has been moved to the sql_alchemy_conn option in [database] - the old setting has been used, but please update your config.
  option = self._get_environment_variables(deprecated_key, deprecated_section, key, section)

[2023-06-10T02:06:21.578+0000] {task_command.py:384} INFO - Running <TaskInstance: fhv_taxi_data.download_dataset_task scheduled__2021-04-02T07:00:00+00:00 [running]> on host f41d61956f54
[2023-06-10T02:06:21.616+0000] {warnings.py:110} WARNING - /home/***/.local/lib/python3.7/site-packages/***/utils/context.py:204: AirflowContextDeprecationWarning: Accessing 'execution_date' from the template is deprecated and will be removed in a future version. Please use 'data_interval_start' or 'logical_date' instead.
  warnings.warn(_create_deprecation_warning(key, self._deprecation_replacements[key]))

[2023-06-10T02:06:21.661+0000] {taskinstance.py:1592} INFO - Exporting the following env vars:
AIRFLOW_CTX_DAG_OWNER=admin
AIRFLOW_CTX_DAG_ID=fhv_taxi_data
AIRFLOW_CTX_TASK_ID=download_dataset_task
AIRFLOW_CTX_EXECUTION_DATE=2021-04-02T07:00:00+00:00
AIRFLOW_CTX_TRY_NUMBER=1
AIRFLOW_CTX_DAG_RUN_ID=scheduled__2021-04-02T07:00:00+00:00
[2023-06-10T02:06:21.663+0000] {subprocess.py:63} INFO - Tmp dir root location: 
 /tmp
[2023-06-10T02:06:21.664+0000] {subprocess.py:75} INFO - Running command: ['/bin/bash', '-c', 'curl -sSLf https://github.com/DataTalksClub/nyc-tlc-data/releases/tag/fhv/fhv_tripdata_2021-04.csv.gz > /opt/***/fhv_tripdata_2021-04.csv.gz']
[2023-06-10T02:06:21.691+0000] {subprocess.py:86} INFO - Output:
[2023-06-10T02:06:22.425+0000] {subprocess.py:97} INFO - Command exited with return code 0
[2023-06-10T02:06:22.504+0000] {taskinstance.py:1406} INFO - Marking task as SUCCESS. dag_id=fhv_taxi_data, task_id=download_dataset_task, execution_date=20210402T070000, start_date=20230610T020621, end_date=20230610T020622
[2023-06-10T02:06:22.586+0000] {local_task_job.py:164} INFO - Task exited with return code 0
[2023-06-10T02:06:22.631+0000] {local_task_job.py:273} INFO - 0 downstream tasks scheduled from follow-on schedule check
[2023-06-11T01:46:00.618+0000] {taskinstance.py:1165} INFO - Dependencies all met for <TaskInstance: fhv_taxi_data.download_dataset_task scheduled__2021-04-02T07:00:00+00:00 [queued]>
[2023-06-11T01:46:00.625+0000] {taskinstance.py:1165} INFO - Dependencies all met for <TaskInstance: fhv_taxi_data.download_dataset_task scheduled__2021-04-02T07:00:00+00:00 [queued]>
[2023-06-11T01:46:00.626+0000] {taskinstance.py:1362} INFO - 
--------------------------------------------------------------------------------
[2023-06-11T01:46:00.627+0000] {taskinstance.py:1363} INFO - Starting attempt 1 of 2
[2023-06-11T01:46:00.627+0000] {taskinstance.py:1364} INFO - 
--------------------------------------------------------------------------------
[2023-06-11T01:46:00.636+0000] {taskinstance.py:1383} INFO - Executing <Task(BashOperator): download_dataset_task> on 2021-04-02 07:00:00+00:00
[2023-06-11T01:46:00.642+0000] {standard_task_runner.py:54} INFO - Started process 7562 to run task
[2023-06-11T01:46:00.647+0000] {standard_task_runner.py:82} INFO - Running: ['***', 'tasks', 'run', 'fhv_taxi_data', 'download_dataset_task', 'scheduled__2021-04-02T07:00:00+00:00', '--job-id', '761', '--raw', '--subdir', 'DAGS_FOLDER/data_ingestion_gcs_multiFile_v02.py', '--cfg-path', '/tmp/tmpoj5h00u0']
[2023-06-11T01:46:00.648+0000] {standard_task_runner.py:83} INFO - Job 761: Subtask download_dataset_task
[2023-06-11T01:46:00.649+0000] {dagbag.py:525} INFO - Filling up the DagBag from /opt/***/dags/data_ingestion_gcs_multiFile_v02.py
[2023-06-11T01:46:00.717+0000] {data_ingestion_gcs_multiFile_v02.py:20} INFO - dtc_data_lake_dtc-dezc-001 is the bucket.
[2023-06-11T01:46:00.733+0000] {warnings.py:110} WARNING - /home/***/.local/lib/python3.7/site-packages/***/configuration.py:545: DeprecationWarning: The sql_alchemy_conn option in [core] has been moved to the sql_alchemy_conn option in [database] - the old setting has been used, but please update your config.
  option = self._get_environment_variables(deprecated_key, deprecated_section, key, section)

[2023-06-11T01:46:00.779+0000] {task_command.py:384} INFO - Running <TaskInstance: fhv_taxi_data.download_dataset_task scheduled__2021-04-02T07:00:00+00:00 [running]> on host f41d61956f54
[2023-06-11T01:46:00.806+0000] {warnings.py:110} WARNING - /home/***/.local/lib/python3.7/site-packages/***/utils/context.py:204: AirflowContextDeprecationWarning: Accessing 'execution_date' from the template is deprecated and will be removed in a future version. Please use 'data_interval_start' or 'logical_date' instead.
  warnings.warn(_create_deprecation_warning(key, self._deprecation_replacements[key]))

[2023-06-11T01:46:00.837+0000] {taskinstance.py:1592} INFO - Exporting the following env vars:
AIRFLOW_CTX_DAG_OWNER=admin
AIRFLOW_CTX_DAG_ID=fhv_taxi_data
AIRFLOW_CTX_TASK_ID=download_dataset_task
AIRFLOW_CTX_EXECUTION_DATE=2021-04-02T07:00:00+00:00
AIRFLOW_CTX_TRY_NUMBER=1
AIRFLOW_CTX_DAG_RUN_ID=scheduled__2021-04-02T07:00:00+00:00
[2023-06-11T01:46:00.839+0000] {subprocess.py:63} INFO - Tmp dir root location: 
 /tmp
[2023-06-11T01:46:00.840+0000] {subprocess.py:75} INFO - Running command: ['/bin/bash', '-c', 'curl -sSLf https://github.com/DataTalksClub/nyc-tlc-data/releases/download/fhv/fhv_tripdata_2021-04.csv.gz > /opt/***/fhv_tripdata_2021-04.csv.gz']
[2023-06-11T01:46:00.854+0000] {subprocess.py:86} INFO - Output:
[2023-06-11T01:46:03.429+0000] {subprocess.py:97} INFO - Command exited with return code 0
[2023-06-11T01:46:03.457+0000] {taskinstance.py:1406} INFO - Marking task as SUCCESS. dag_id=fhv_taxi_data, task_id=download_dataset_task, execution_date=20210402T070000, start_date=20230611T014600, end_date=20230611T014603
[2023-06-11T01:46:03.483+0000] {local_task_job.py:164} INFO - Task exited with return code 0
[2023-06-11T01:46:03.506+0000] {local_task_job.py:273} INFO - 1 downstream tasks scheduled from follow-on schedule check
