[2023-06-11T01:28:35.689+0000] {taskinstance.py:1165} INFO - Dependencies all met for <TaskInstance: fhv_taxi_data.purge_task scheduled__2019-08-02T07:00:00+00:00 [queued]>
[2023-06-11T01:28:35.695+0000] {taskinstance.py:1165} INFO - Dependencies all met for <TaskInstance: fhv_taxi_data.purge_task scheduled__2019-08-02T07:00:00+00:00 [queued]>
[2023-06-11T01:28:35.696+0000] {taskinstance.py:1362} INFO - 
--------------------------------------------------------------------------------
[2023-06-11T01:28:35.696+0000] {taskinstance.py:1363} INFO - Starting attempt 1 of 2
[2023-06-11T01:28:35.697+0000] {taskinstance.py:1364} INFO - 
--------------------------------------------------------------------------------
[2023-06-11T01:28:35.706+0000] {taskinstance.py:1383} INFO - Executing <Task(BashOperator): purge_task> on 2019-08-02 07:00:00+00:00
[2023-06-11T01:28:35.711+0000] {standard_task_runner.py:54} INFO - Started process 6145 to run task
[2023-06-11T01:28:35.715+0000] {standard_task_runner.py:82} INFO - Running: ['***', 'tasks', 'run', 'fhv_taxi_data', 'purge_task', 'scheduled__2019-08-02T07:00:00+00:00', '--job-id', '621', '--raw', '--subdir', 'DAGS_FOLDER/data_ingestion_gcs_multiFile_v02.py', '--cfg-path', '/tmp/tmpzk4xf3cw']
[2023-06-11T01:28:35.716+0000] {standard_task_runner.py:83} INFO - Job 621: Subtask purge_task
[2023-06-11T01:28:35.717+0000] {dagbag.py:525} INFO - Filling up the DagBag from /opt/***/dags/data_ingestion_gcs_multiFile_v02.py
[2023-06-11T01:28:35.788+0000] {data_ingestion_gcs_multiFile_v02.py:20} INFO - dtc_data_lake_dtc-dezc-001 is the bucket.
[2023-06-11T01:28:35.804+0000] {warnings.py:110} WARNING - /home/***/.local/lib/python3.7/site-packages/***/configuration.py:545: DeprecationWarning: The sql_alchemy_conn option in [core] has been moved to the sql_alchemy_conn option in [database] - the old setting has been used, but please update your config.
  option = self._get_environment_variables(deprecated_key, deprecated_section, key, section)

[2023-06-11T01:28:35.847+0000] {task_command.py:384} INFO - Running <TaskInstance: fhv_taxi_data.purge_task scheduled__2019-08-02T07:00:00+00:00 [running]> on host f41d61956f54
[2023-06-11T01:28:35.871+0000] {warnings.py:110} WARNING - /home/***/.local/lib/python3.7/site-packages/***/utils/context.py:204: AirflowContextDeprecationWarning: Accessing 'execution_date' from the template is deprecated and will be removed in a future version. Please use 'data_interval_start' or 'logical_date' instead.
  warnings.warn(_create_deprecation_warning(key, self._deprecation_replacements[key]))

[2023-06-11T01:28:35.901+0000] {taskinstance.py:1592} INFO - Exporting the following env vars:
AIRFLOW_CTX_DAG_OWNER=admin
AIRFLOW_CTX_DAG_ID=fhv_taxi_data
AIRFLOW_CTX_TASK_ID=purge_task
AIRFLOW_CTX_EXECUTION_DATE=2019-08-02T07:00:00+00:00
AIRFLOW_CTX_TRY_NUMBER=1
AIRFLOW_CTX_DAG_RUN_ID=scheduled__2019-08-02T07:00:00+00:00
[2023-06-11T01:28:35.902+0000] {subprocess.py:63} INFO - Tmp dir root location: 
 /tmp
[2023-06-11T01:28:35.903+0000] {subprocess.py:75} INFO - Running command: ['/bin/bash', '-c', 'rm /opt/***/fhv_tripdata_2019-08.csv.gz /opt/***/fhv_tripdata_2019-08.parquet']
[2023-06-11T01:28:35.917+0000] {subprocess.py:86} INFO - Output:
[2023-06-11T01:28:35.948+0000] {subprocess.py:97} INFO - Command exited with return code 0
[2023-06-11T01:28:35.971+0000] {taskinstance.py:1406} INFO - Marking task as SUCCESS. dag_id=fhv_taxi_data, task_id=purge_task, execution_date=20190802T070000, start_date=20230611T012835, end_date=20230611T012835
[2023-06-11T01:28:36.011+0000] {local_task_job.py:164} INFO - Task exited with return code 0
[2023-06-11T01:28:36.027+0000] {local_task_job.py:273} INFO - 0 downstream tasks scheduled from follow-on schedule check
