[2023-06-10T01:17:35.830+0000] {taskinstance.py:1165} INFO - Dependencies all met for <TaskInstance: green_taxi_data.download_dataset_task scheduled__2019-05-02T06:30:00+00:00 [queued]>
[2023-06-10T01:17:35.837+0000] {taskinstance.py:1165} INFO - Dependencies all met for <TaskInstance: green_taxi_data.download_dataset_task scheduled__2019-05-02T06:30:00+00:00 [queued]>
[2023-06-10T01:17:35.837+0000] {taskinstance.py:1362} INFO - 
--------------------------------------------------------------------------------
[2023-06-10T01:17:35.839+0000] {taskinstance.py:1363} INFO - Starting attempt 1 of 2
[2023-06-10T01:17:35.839+0000] {taskinstance.py:1364} INFO - 
--------------------------------------------------------------------------------
[2023-06-10T01:17:35.848+0000] {taskinstance.py:1383} INFO - Executing <Task(BashOperator): download_dataset_task> on 2019-05-02 06:30:00+00:00
[2023-06-10T01:17:35.853+0000] {standard_task_runner.py:54} INFO - Started process 1183 to run task
[2023-06-10T01:17:35.861+0000] {standard_task_runner.py:82} INFO - Running: ['***', 'tasks', 'run', 'green_taxi_data', 'download_dataset_task', 'scheduled__2019-05-02T06:30:00+00:00', '--job-id', '49', '--raw', '--subdir', 'DAGS_FOLDER/data_ingestion_gcs_multiFile_v02.py', '--cfg-path', '/tmp/tmp9d46llgx']
[2023-06-10T01:17:35.862+0000] {standard_task_runner.py:83} INFO - Job 49: Subtask download_dataset_task
[2023-06-10T01:17:35.864+0000] {dagbag.py:525} INFO - Filling up the DagBag from /opt/***/dags/data_ingestion_gcs_multiFile_v02.py
[2023-06-10T01:17:35.934+0000] {data_ingestion_gcs_multiFile_v02.py:20} INFO - dtc_data_lake_dtc-dezc-001 is the bucket.
[2023-06-10T01:17:35.948+0000] {warnings.py:110} WARNING - /home/***/.local/lib/python3.7/site-packages/***/configuration.py:545: DeprecationWarning: The sql_alchemy_conn option in [core] has been moved to the sql_alchemy_conn option in [database] - the old setting has been used, but please update your config.
  option = self._get_environment_variables(deprecated_key, deprecated_section, key, section)

[2023-06-10T01:17:35.990+0000] {task_command.py:384} INFO - Running <TaskInstance: green_taxi_data.download_dataset_task scheduled__2019-05-02T06:30:00+00:00 [running]> on host f41d61956f54
[2023-06-10T01:17:36.013+0000] {warnings.py:110} WARNING - /home/***/.local/lib/python3.7/site-packages/***/utils/context.py:204: AirflowContextDeprecationWarning: Accessing 'execution_date' from the template is deprecated and will be removed in a future version. Please use 'data_interval_start' or 'logical_date' instead.
  warnings.warn(_create_deprecation_warning(key, self._deprecation_replacements[key]))

[2023-06-10T01:17:36.043+0000] {taskinstance.py:1592} INFO - Exporting the following env vars:
AIRFLOW_CTX_DAG_OWNER=admin
AIRFLOW_CTX_DAG_ID=green_taxi_data
AIRFLOW_CTX_TASK_ID=download_dataset_task
AIRFLOW_CTX_EXECUTION_DATE=2019-05-02T06:30:00+00:00
AIRFLOW_CTX_TRY_NUMBER=1
AIRFLOW_CTX_DAG_RUN_ID=scheduled__2019-05-02T06:30:00+00:00
[2023-06-10T01:17:36.044+0000] {subprocess.py:63} INFO - Tmp dir root location: 
 /tmp
[2023-06-10T01:17:36.045+0000] {subprocess.py:75} INFO - Running command: ['/bin/bash', '-c', 'curl -sSLf https://github.com/DataTalksClub/nyc-tlc-data/releases/tag/green/green_tripdata_2019-05.csv.gz > /opt/***/green_tripdata_2019-05.csv.gz']
[2023-06-10T01:17:36.055+0000] {subprocess.py:86} INFO - Output:
[2023-06-10T01:17:36.636+0000] {subprocess.py:97} INFO - Command exited with return code 0
[2023-06-10T01:17:36.658+0000] {taskinstance.py:1406} INFO - Marking task as SUCCESS. dag_id=green_taxi_data, task_id=download_dataset_task, execution_date=20190502T063000, start_date=20230610T011735, end_date=20230610T011736
[2023-06-10T01:17:36.715+0000] {local_task_job.py:164} INFO - Task exited with return code 0
[2023-06-10T01:17:36.735+0000] {local_task_job.py:273} INFO - 1 downstream tasks scheduled from follow-on schedule check
[2023-06-11T01:10:38.191+0000] {taskinstance.py:1165} INFO - Dependencies all met for <TaskInstance: green_taxi_data.download_dataset_task scheduled__2019-05-02T06:30:00+00:00 [queued]>
[2023-06-11T01:10:38.198+0000] {taskinstance.py:1165} INFO - Dependencies all met for <TaskInstance: green_taxi_data.download_dataset_task scheduled__2019-05-02T06:30:00+00:00 [queued]>
[2023-06-11T01:10:38.198+0000] {taskinstance.py:1362} INFO - 
--------------------------------------------------------------------------------
[2023-06-11T01:10:38.199+0000] {taskinstance.py:1363} INFO - Starting attempt 1 of 2
[2023-06-11T01:10:38.199+0000] {taskinstance.py:1364} INFO - 
--------------------------------------------------------------------------------
[2023-06-11T01:10:38.207+0000] {taskinstance.py:1383} INFO - Executing <Task(BashOperator): download_dataset_task> on 2019-05-02 06:30:00+00:00
[2023-06-11T01:10:38.212+0000] {standard_task_runner.py:54} INFO - Started process 3978 to run task
[2023-06-11T01:10:38.216+0000] {standard_task_runner.py:82} INFO - Running: ['***', 'tasks', 'run', 'green_taxi_data', 'download_dataset_task', 'scheduled__2019-05-02T06:30:00+00:00', '--job-id', '419', '--raw', '--subdir', 'DAGS_FOLDER/data_ingestion_gcs_multiFile_v02.py', '--cfg-path', '/tmp/tmp0gkk2ej1']
[2023-06-11T01:10:38.217+0000] {standard_task_runner.py:83} INFO - Job 419: Subtask download_dataset_task
[2023-06-11T01:10:38.218+0000] {dagbag.py:525} INFO - Filling up the DagBag from /opt/***/dags/data_ingestion_gcs_multiFile_v02.py
[2023-06-11T01:10:38.289+0000] {data_ingestion_gcs_multiFile_v02.py:20} INFO - dtc_data_lake_dtc-dezc-001 is the bucket.
[2023-06-11T01:10:38.306+0000] {warnings.py:110} WARNING - /home/***/.local/lib/python3.7/site-packages/***/configuration.py:545: DeprecationWarning: The sql_alchemy_conn option in [core] has been moved to the sql_alchemy_conn option in [database] - the old setting has been used, but please update your config.
  option = self._get_environment_variables(deprecated_key, deprecated_section, key, section)

[2023-06-11T01:10:38.346+0000] {task_command.py:384} INFO - Running <TaskInstance: green_taxi_data.download_dataset_task scheduled__2019-05-02T06:30:00+00:00 [running]> on host f41d61956f54
[2023-06-11T01:10:38.369+0000] {warnings.py:110} WARNING - /home/***/.local/lib/python3.7/site-packages/***/utils/context.py:204: AirflowContextDeprecationWarning: Accessing 'execution_date' from the template is deprecated and will be removed in a future version. Please use 'data_interval_start' or 'logical_date' instead.
  warnings.warn(_create_deprecation_warning(key, self._deprecation_replacements[key]))

[2023-06-11T01:10:38.396+0000] {taskinstance.py:1592} INFO - Exporting the following env vars:
AIRFLOW_CTX_DAG_OWNER=admin
AIRFLOW_CTX_DAG_ID=green_taxi_data
AIRFLOW_CTX_TASK_ID=download_dataset_task
AIRFLOW_CTX_EXECUTION_DATE=2019-05-02T06:30:00+00:00
AIRFLOW_CTX_TRY_NUMBER=1
AIRFLOW_CTX_DAG_RUN_ID=scheduled__2019-05-02T06:30:00+00:00
[2023-06-11T01:10:38.397+0000] {subprocess.py:63} INFO - Tmp dir root location: 
 /tmp
[2023-06-11T01:10:38.398+0000] {subprocess.py:75} INFO - Running command: ['/bin/bash', '-c', 'curl -sSLf https://github.com/DataTalksClub/nyc-tlc-data/releases/download/green/green_tripdata_2019-05.csv.gz > /opt/***/green_tripdata_2019-05.csv.gz']
[2023-06-11T01:10:38.409+0000] {subprocess.py:86} INFO - Output:
[2023-06-11T01:10:39.872+0000] {subprocess.py:97} INFO - Command exited with return code 0
[2023-06-11T01:10:39.899+0000] {taskinstance.py:1406} INFO - Marking task as SUCCESS. dag_id=green_taxi_data, task_id=download_dataset_task, execution_date=20190502T063000, start_date=20230611T011038, end_date=20230611T011039
[2023-06-11T01:10:39.963+0000] {local_task_job.py:164} INFO - Task exited with return code 0
[2023-06-11T01:10:39.996+0000] {local_task_job.py:273} INFO - 1 downstream tasks scheduled from follow-on schedule check
