[2023-06-11T00:54:12.335+0000] {taskinstance.py:1165} INFO - Dependencies all met for <TaskInstance: yellow_taxi_data.local_to_gcs_task scheduled__2019-03-02T06:00:00+00:00 [queued]>
[2023-06-11T00:54:12.345+0000] {taskinstance.py:1165} INFO - Dependencies all met for <TaskInstance: yellow_taxi_data.local_to_gcs_task scheduled__2019-03-02T06:00:00+00:00 [queued]>
[2023-06-11T00:54:12.346+0000] {taskinstance.py:1362} INFO - 
--------------------------------------------------------------------------------
[2023-06-11T00:54:12.346+0000] {taskinstance.py:1363} INFO - Starting attempt 1 of 2
[2023-06-11T00:54:12.346+0000] {taskinstance.py:1364} INFO - 
--------------------------------------------------------------------------------
[2023-06-11T00:54:12.355+0000] {taskinstance.py:1383} INFO - Executing <Task(PythonOperator): local_to_gcs_task> on 2019-03-02 06:00:00+00:00
[2023-06-11T00:54:12.361+0000] {standard_task_runner.py:54} INFO - Started process 2879 to run task
[2023-06-11T00:54:12.366+0000] {standard_task_runner.py:82} INFO - Running: ['***', 'tasks', 'run', 'yellow_taxi_data', 'local_to_gcs_task', 'scheduled__2019-03-02T06:00:00+00:00', '--job-id', '376', '--pool', 'default_pool', '--raw', '--subdir', 'DAGS_FOLDER/data_ingestion_gcs_multiFile_v02.py', '--cfg-path', '/tmp/tmpax6awugz']
[2023-06-11T00:54:12.366+0000] {standard_task_runner.py:83} INFO - Job 376: Subtask local_to_gcs_task
[2023-06-11T00:54:12.369+0000] {dagbag.py:525} INFO - Filling up the DagBag from /opt/***/dags/data_ingestion_gcs_multiFile_v02.py
[2023-06-11T00:54:12.479+0000] {data_ingestion_gcs_multiFile_v02.py:20} INFO - dtc_data_lake_dtc-dezc-001 is the bucket.
[2023-06-11T00:54:12.498+0000] {warnings.py:110} WARNING - /home/***/.local/lib/python3.7/site-packages/***/configuration.py:545: DeprecationWarning: The sql_alchemy_conn option in [core] has been moved to the sql_alchemy_conn option in [database] - the old setting has been used, but please update your config.
  option = self._get_environment_variables(deprecated_key, deprecated_section, key, section)

[2023-06-11T00:54:12.541+0000] {task_command.py:384} INFO - Running <TaskInstance: yellow_taxi_data.local_to_gcs_task scheduled__2019-03-02T06:00:00+00:00 [running]> on host f41d61956f54
[2023-06-11T00:54:12.568+0000] {warnings.py:110} WARNING - /home/***/.local/lib/python3.7/site-packages/***/utils/context.py:204: AirflowContextDeprecationWarning: Accessing 'execution_date' from the template is deprecated and will be removed in a future version. Please use 'data_interval_start' or 'logical_date' instead.
  warnings.warn(_create_deprecation_warning(key, self._deprecation_replacements[key]))

[2023-06-11T00:54:12.597+0000] {taskinstance.py:1592} INFO - Exporting the following env vars:
AIRFLOW_CTX_DAG_OWNER=admin
AIRFLOW_CTX_DAG_ID=yellow_taxi_data
AIRFLOW_CTX_TASK_ID=local_to_gcs_task
AIRFLOW_CTX_EXECUTION_DATE=2019-03-02T06:00:00+00:00
AIRFLOW_CTX_TRY_NUMBER=1
AIRFLOW_CTX_DAG_RUN_ID=scheduled__2019-03-02T06:00:00+00:00
[2023-06-11T00:54:13.656+0000] {data_ingestion_gcs_multiFile_v02.py:47} INFO - Blob is <Blob: dtc_data_lake_dtc-dezc-001, raw/yellow_tripdata/2019/yellow_tripdata_2019-03.parquet, None>
[2023-06-11T00:58:46.378+0000] {python.py:177} INFO - Done. Returned value was: None
[2023-06-11T00:58:46.424+0000] {taskinstance.py:1406} INFO - Marking task as SUCCESS. dag_id=yellow_taxi_data, task_id=local_to_gcs_task, execution_date=20190302T060000, start_date=20230611T005412, end_date=20230611T005846
[2023-06-11T00:58:46.533+0000] {local_task_job.py:164} INFO - Task exited with return code 0
[2023-06-11T00:58:46.555+0000] {local_task_job.py:273} INFO - 1 downstream tasks scheduled from follow-on schedule check
[2023-06-11T01:06:02.759+0000] {taskinstance.py:1165} INFO - Dependencies all met for <TaskInstance: yellow_taxi_data.local_to_gcs_task scheduled__2019-03-02T06:00:00+00:00 [queued]>
[2023-06-11T01:06:02.767+0000] {taskinstance.py:1165} INFO - Dependencies all met for <TaskInstance: yellow_taxi_data.local_to_gcs_task scheduled__2019-03-02T06:00:00+00:00 [queued]>
[2023-06-11T01:06:02.768+0000] {taskinstance.py:1362} INFO - 
--------------------------------------------------------------------------------
[2023-06-11T01:06:02.769+0000] {taskinstance.py:1363} INFO - Starting attempt 1 of 2
[2023-06-11T01:06:02.769+0000] {taskinstance.py:1364} INFO - 
--------------------------------------------------------------------------------
[2023-06-11T01:06:02.781+0000] {taskinstance.py:1383} INFO - Executing <Task(PythonOperator): local_to_gcs_task> on 2019-03-02 06:00:00+00:00
[2023-06-11T01:06:02.786+0000] {standard_task_runner.py:54} INFO - Started process 3579 to run task
[2023-06-11T01:06:02.789+0000] {standard_task_runner.py:82} INFO - Running: ['***', 'tasks', 'run', 'yellow_taxi_data', 'local_to_gcs_task', 'scheduled__2019-03-02T06:00:00+00:00', '--job-id', '392', '--raw', '--subdir', 'DAGS_FOLDER/data_ingestion_gcs_multiFile_v02.py', '--cfg-path', '/tmp/tmpcmpacrhy']
[2023-06-11T01:06:02.790+0000] {standard_task_runner.py:83} INFO - Job 392: Subtask local_to_gcs_task
[2023-06-11T01:06:02.792+0000] {dagbag.py:525} INFO - Filling up the DagBag from /opt/***/dags/data_ingestion_gcs_multiFile_v02.py
[2023-06-11T01:06:02.881+0000] {data_ingestion_gcs_multiFile_v02.py:20} INFO - dtc_data_lake_dtc-dezc-001 is the bucket.
[2023-06-11T01:06:02.900+0000] {warnings.py:110} WARNING - /home/***/.local/lib/python3.7/site-packages/***/configuration.py:545: DeprecationWarning: The sql_alchemy_conn option in [core] has been moved to the sql_alchemy_conn option in [database] - the old setting has been used, but please update your config.
  option = self._get_environment_variables(deprecated_key, deprecated_section, key, section)

[2023-06-11T01:06:02.954+0000] {task_command.py:384} INFO - Running <TaskInstance: yellow_taxi_data.local_to_gcs_task scheduled__2019-03-02T06:00:00+00:00 [running]> on host f41d61956f54
[2023-06-11T01:06:02.982+0000] {warnings.py:110} WARNING - /home/***/.local/lib/python3.7/site-packages/***/utils/context.py:204: AirflowContextDeprecationWarning: Accessing 'execution_date' from the template is deprecated and will be removed in a future version. Please use 'data_interval_start' or 'logical_date' instead.
  warnings.warn(_create_deprecation_warning(key, self._deprecation_replacements[key]))

[2023-06-11T01:06:03.012+0000] {taskinstance.py:1592} INFO - Exporting the following env vars:
AIRFLOW_CTX_DAG_OWNER=admin
AIRFLOW_CTX_DAG_ID=yellow_taxi_data
AIRFLOW_CTX_TASK_ID=local_to_gcs_task
AIRFLOW_CTX_EXECUTION_DATE=2019-03-02T06:00:00+00:00
AIRFLOW_CTX_TRY_NUMBER=1
AIRFLOW_CTX_DAG_RUN_ID=scheduled__2019-03-02T06:00:00+00:00
[2023-06-11T01:06:04.313+0000] {data_ingestion_gcs_multiFile_v02.py:47} INFO - Blob is <Blob: dtc_data_lake_dtc-dezc-001, raw/yellow_tripdata/2019/yellow_tripdata_2019-03.parquet, None>
[2023-06-11T01:09:55.763+0000] {python.py:177} INFO - Done. Returned value was: None
[2023-06-11T01:09:55.789+0000] {taskinstance.py:1406} INFO - Marking task as SUCCESS. dag_id=yellow_taxi_data, task_id=local_to_gcs_task, execution_date=20190302T060000, start_date=20230611T010602, end_date=20230611T010955
[2023-06-11T01:09:55.874+0000] {local_task_job.py:164} INFO - Task exited with return code 0
[2023-06-11T01:09:55.898+0000] {local_task_job.py:273} INFO - 1 downstream tasks scheduled from follow-on schedule check
