[2023-06-06T23:56:30.101+0000] {taskinstance.py:1165} INFO - Dependencies all met for <TaskInstance: data_ingestion_gcs_dag.download_dataset_task manual__2023-06-06T23:56:28.553185+00:00 [queued]>
[2023-06-06T23:56:30.108+0000] {taskinstance.py:1165} INFO - Dependencies all met for <TaskInstance: data_ingestion_gcs_dag.download_dataset_task manual__2023-06-06T23:56:28.553185+00:00 [queued]>
[2023-06-06T23:56:30.108+0000] {taskinstance.py:1362} INFO - 
--------------------------------------------------------------------------------
[2023-06-06T23:56:30.109+0000] {taskinstance.py:1363} INFO - Starting attempt 1 of 2
[2023-06-06T23:56:30.109+0000] {taskinstance.py:1364} INFO - 
--------------------------------------------------------------------------------
[2023-06-06T23:56:30.117+0000] {taskinstance.py:1383} INFO - Executing <Task(BashOperator): download_dataset_task> on 2023-06-06 23:56:28.553185+00:00
[2023-06-06T23:56:30.124+0000] {standard_task_runner.py:54} INFO - Started process 4382 to run task
[2023-06-06T23:56:30.129+0000] {standard_task_runner.py:82} INFO - Running: ['***', 'tasks', 'run', 'data_ingestion_gcs_dag', 'download_dataset_task', 'manual__2023-06-06T23:56:28.553185+00:00', '--job-id', '13', '--raw', '--subdir', 'DAGS_FOLDER/data_ingestion_gcs.py', '--cfg-path', '/tmp/tmpsmh87_kx']
[2023-06-06T23:56:30.132+0000] {standard_task_runner.py:83} INFO - Job 13: Subtask download_dataset_task
[2023-06-06T23:56:30.133+0000] {dagbag.py:525} INFO - Filling up the DagBag from /opt/***/dags/data_ingestion_gcs.py
[2023-06-06T23:56:30.155+0000] {data_ingestion_gcs.py:24} INFO - Dataset file is yellow_tripdata_2021-01.csv.gz, url is https://github.com/DataTalksClub/nyc-tlc-data/releases/download/yellow/yellow_tripdata_2021-01.csv.gz, local_home is /opt/***, parquet file is yellow_tripdata_2021-01.parquet
[2023-06-06T23:56:30.156+0000] {data_ingestion_gcs.py:32} INFO - dtc_data_lake_dtc-dezc-001 is the bucket,  dtc-dezc is the project name, dtc-dezc-001 is the project id, trips_data_all is the bigquery dataset.
[2023-06-06T23:56:30.234+0000] {task_command.py:384} INFO - Running <TaskInstance: data_ingestion_gcs_dag.download_dataset_task manual__2023-06-06T23:56:28.553185+00:00 [running]> on host 1d8c795fd30d
[2023-06-06T23:56:30.285+0000] {taskinstance.py:1592} INFO - Exporting the following env vars:
AIRFLOW_CTX_DAG_OWNER=admin
AIRFLOW_CTX_DAG_ID=data_ingestion_gcs_dag
AIRFLOW_CTX_TASK_ID=download_dataset_task
AIRFLOW_CTX_EXECUTION_DATE=2023-06-06T23:56:28.553185+00:00
AIRFLOW_CTX_TRY_NUMBER=1
AIRFLOW_CTX_DAG_RUN_ID=manual__2023-06-06T23:56:28.553185+00:00
[2023-06-06T23:56:30.287+0000] {subprocess.py:63} INFO - Tmp dir root location: 
 /tmp
[2023-06-06T23:56:30.288+0000] {subprocess.py:75} INFO - Running command: ['/bin/bash', '-c', 'curl -sSL https://github.com/DataTalksClub/nyc-tlc-data/releases/download/yellow/yellow_tripdata_2021-01.csv.gz > /opt/***/yellow_tripdata_2021-01.csv.gz']
[2023-06-06T23:56:30.300+0000] {subprocess.py:86} INFO - Output:
[2023-06-06T23:56:33.250+0000] {subprocess.py:97} INFO - Command exited with return code 0
[2023-06-06T23:56:33.290+0000] {taskinstance.py:1406} INFO - Marking task as SUCCESS. dag_id=data_ingestion_gcs_dag, task_id=download_dataset_task, execution_date=20230606T235628, start_date=20230606T235630, end_date=20230606T235633
[2023-06-06T23:56:33.343+0000] {local_task_job.py:164} INFO - Task exited with return code 0
[2023-06-06T23:56:33.371+0000] {local_task_job.py:273} INFO - 1 downstream tasks scheduled from follow-on schedule check
