[2023-06-11T01:36:53.978+0000] {taskinstance.py:1165} INFO - Dependencies all met for <TaskInstance: yellow_taxi_data.format_to_parquet_task scheduled__2021-07-02T06:00:00+00:00 [queued]>
[2023-06-11T01:36:53.984+0000] {taskinstance.py:1165} INFO - Dependencies all met for <TaskInstance: yellow_taxi_data.format_to_parquet_task scheduled__2021-07-02T06:00:00+00:00 [queued]>
[2023-06-11T01:36:53.985+0000] {taskinstance.py:1362} INFO - 
--------------------------------------------------------------------------------
[2023-06-11T01:36:53.985+0000] {taskinstance.py:1363} INFO - Starting attempt 1 of 2
[2023-06-11T01:36:53.985+0000] {taskinstance.py:1364} INFO - 
--------------------------------------------------------------------------------
[2023-06-11T01:36:53.993+0000] {taskinstance.py:1383} INFO - Executing <Task(PythonOperator): format_to_parquet_task> on 2021-07-02 06:00:00+00:00
[2023-06-11T01:36:53.997+0000] {standard_task_runner.py:54} INFO - Started process 7293 to run task
[2023-06-11T01:36:54.000+0000] {standard_task_runner.py:82} INFO - Running: ['***', 'tasks', 'run', 'yellow_taxi_data', 'format_to_parquet_task', 'scheduled__2021-07-02T06:00:00+00:00', '--job-id', '736', '--raw', '--subdir', 'DAGS_FOLDER/data_ingestion_gcs_multiFile_v02.py', '--cfg-path', '/tmp/tmp550msv8e']
[2023-06-11T01:36:54.001+0000] {standard_task_runner.py:83} INFO - Job 736: Subtask format_to_parquet_task
[2023-06-11T01:36:54.002+0000] {dagbag.py:525} INFO - Filling up the DagBag from /opt/***/dags/data_ingestion_gcs_multiFile_v02.py
[2023-06-11T01:36:54.062+0000] {data_ingestion_gcs_multiFile_v02.py:20} INFO - dtc_data_lake_dtc-dezc-001 is the bucket.
[2023-06-11T01:36:54.078+0000] {warnings.py:110} WARNING - /home/***/.local/lib/python3.7/site-packages/***/configuration.py:545: DeprecationWarning: The sql_alchemy_conn option in [core] has been moved to the sql_alchemy_conn option in [database] - the old setting has been used, but please update your config.
  option = self._get_environment_variables(deprecated_key, deprecated_section, key, section)

[2023-06-11T01:36:54.116+0000] {task_command.py:384} INFO - Running <TaskInstance: yellow_taxi_data.format_to_parquet_task scheduled__2021-07-02T06:00:00+00:00 [running]> on host f41d61956f54
[2023-06-11T01:36:54.136+0000] {warnings.py:110} WARNING - /home/***/.local/lib/python3.7/site-packages/***/utils/context.py:204: AirflowContextDeprecationWarning: Accessing 'execution_date' from the template is deprecated and will be removed in a future version. Please use 'data_interval_start' or 'logical_date' instead.
  warnings.warn(_create_deprecation_warning(key, self._deprecation_replacements[key]))

[2023-06-11T01:36:54.163+0000] {taskinstance.py:1592} INFO - Exporting the following env vars:
AIRFLOW_CTX_DAG_OWNER=admin
AIRFLOW_CTX_DAG_ID=yellow_taxi_data
AIRFLOW_CTX_TASK_ID=format_to_parquet_task
AIRFLOW_CTX_EXECUTION_DATE=2021-07-02T06:00:00+00:00
AIRFLOW_CTX_TRY_NUMBER=1
AIRFLOW_CTX_DAG_RUN_ID=scheduled__2021-07-02T06:00:00+00:00
[2023-06-11T01:36:55.691+0000] {python.py:177} INFO - Done. Returned value was: None
[2023-06-11T01:36:55.701+0000] {taskinstance.py:1406} INFO - Marking task as SUCCESS. dag_id=yellow_taxi_data, task_id=format_to_parquet_task, execution_date=20210702T060000, start_date=20230611T013653, end_date=20230611T013655
[2023-06-11T01:36:55.917+0000] {local_task_job.py:164} INFO - Task exited with return code 0
[2023-06-11T01:36:55.938+0000] {local_task_job.py:273} INFO - 1 downstream tasks scheduled from follow-on schedule check
