[2023-06-10T01:40:44.918+0000] {taskinstance.py:1165} INFO - Dependencies all met for <TaskInstance: fhv_taxi_data.download_dataset_task scheduled__2020-02-02T07:00:00+00:00 [queued]>
[2023-06-10T01:40:44.926+0000] {taskinstance.py:1165} INFO - Dependencies all met for <TaskInstance: fhv_taxi_data.download_dataset_task scheduled__2020-02-02T07:00:00+00:00 [queued]>
[2023-06-10T01:40:44.927+0000] {taskinstance.py:1362} INFO - 
--------------------------------------------------------------------------------
[2023-06-10T01:40:44.928+0000] {taskinstance.py:1363} INFO - Starting attempt 1 of 2
[2023-06-10T01:40:44.928+0000] {taskinstance.py:1364} INFO - 
--------------------------------------------------------------------------------
[2023-06-10T01:40:44.936+0000] {taskinstance.py:1383} INFO - Executing <Task(BashOperator): download_dataset_task> on 2020-02-02 07:00:00+00:00
[2023-06-10T01:40:44.940+0000] {standard_task_runner.py:54} INFO - Started process 2187 to run task
[2023-06-10T01:40:44.948+0000] {standard_task_runner.py:82} INFO - Running: ['***', 'tasks', 'run', 'fhv_taxi_data', 'download_dataset_task', 'scheduled__2020-02-02T07:00:00+00:00', '--job-id', '103', '--raw', '--subdir', 'DAGS_FOLDER/data_ingestion_gcs_multiFile_v02.py', '--cfg-path', '/tmp/tmp4nayqq1k']
[2023-06-10T01:40:44.949+0000] {standard_task_runner.py:83} INFO - Job 103: Subtask download_dataset_task
[2023-06-10T01:40:44.952+0000] {dagbag.py:525} INFO - Filling up the DagBag from /opt/***/dags/data_ingestion_gcs_multiFile_v02.py
[2023-06-10T01:40:45.024+0000] {data_ingestion_gcs_multiFile_v02.py:20} INFO - dtc_data_lake_dtc-dezc-001 is the bucket.
[2023-06-10T01:40:45.040+0000] {warnings.py:110} WARNING - /home/***/.local/lib/python3.7/site-packages/***/configuration.py:545: DeprecationWarning: The sql_alchemy_conn option in [core] has been moved to the sql_alchemy_conn option in [database] - the old setting has been used, but please update your config.
  option = self._get_environment_variables(deprecated_key, deprecated_section, key, section)

[2023-06-10T01:40:45.102+0000] {task_command.py:384} INFO - Running <TaskInstance: fhv_taxi_data.download_dataset_task scheduled__2020-02-02T07:00:00+00:00 [running]> on host f41d61956f54
[2023-06-10T01:40:45.134+0000] {warnings.py:110} WARNING - /home/***/.local/lib/python3.7/site-packages/***/utils/context.py:204: AirflowContextDeprecationWarning: Accessing 'execution_date' from the template is deprecated and will be removed in a future version. Please use 'data_interval_start' or 'logical_date' instead.
  warnings.warn(_create_deprecation_warning(key, self._deprecation_replacements[key]))

[2023-06-10T01:40:45.170+0000] {taskinstance.py:1592} INFO - Exporting the following env vars:
AIRFLOW_CTX_DAG_OWNER=admin
AIRFLOW_CTX_DAG_ID=fhv_taxi_data
AIRFLOW_CTX_TASK_ID=download_dataset_task
AIRFLOW_CTX_EXECUTION_DATE=2020-02-02T07:00:00+00:00
AIRFLOW_CTX_TRY_NUMBER=1
AIRFLOW_CTX_DAG_RUN_ID=scheduled__2020-02-02T07:00:00+00:00
[2023-06-10T01:40:45.172+0000] {subprocess.py:63} INFO - Tmp dir root location: 
 /tmp
[2023-06-10T01:40:45.173+0000] {subprocess.py:75} INFO - Running command: ['/bin/bash', '-c', 'curl -sSLf https://github.com/DataTalksClub/nyc-tlc-data/releases/tag/fhv/fhv_tripdata_2020-02.csv.gz > /opt/***/fhv_tripdata_2020-02.csv.gz']
[2023-06-10T01:40:45.185+0000] {subprocess.py:86} INFO - Output:
[2023-06-10T01:40:45.839+0000] {subprocess.py:97} INFO - Command exited with return code 0
[2023-06-10T01:40:45.888+0000] {taskinstance.py:1406} INFO - Marking task as SUCCESS. dag_id=fhv_taxi_data, task_id=download_dataset_task, execution_date=20200202T070000, start_date=20230610T014044, end_date=20230610T014045
[2023-06-10T01:40:45.928+0000] {local_task_job.py:164} INFO - Task exited with return code 0
[2023-06-10T01:40:45.966+0000] {local_task_job.py:273} INFO - 1 downstream tasks scheduled from follow-on schedule check
[2023-06-11T01:31:53.163+0000] {taskinstance.py:1165} INFO - Dependencies all met for <TaskInstance: fhv_taxi_data.download_dataset_task scheduled__2020-02-02T07:00:00+00:00 [queued]>
[2023-06-11T01:31:53.168+0000] {taskinstance.py:1165} INFO - Dependencies all met for <TaskInstance: fhv_taxi_data.download_dataset_task scheduled__2020-02-02T07:00:00+00:00 [queued]>
[2023-06-11T01:31:53.169+0000] {taskinstance.py:1362} INFO - 
--------------------------------------------------------------------------------
[2023-06-11T01:31:53.170+0000] {taskinstance.py:1363} INFO - Starting attempt 1 of 2
[2023-06-11T01:31:53.170+0000] {taskinstance.py:1364} INFO - 
--------------------------------------------------------------------------------
[2023-06-11T01:31:53.178+0000] {taskinstance.py:1383} INFO - Executing <Task(BashOperator): download_dataset_task> on 2020-02-02 07:00:00+00:00
[2023-06-11T01:31:53.182+0000] {standard_task_runner.py:54} INFO - Started process 6577 to run task
[2023-06-11T01:31:53.185+0000] {standard_task_runner.py:82} INFO - Running: ['***', 'tasks', 'run', 'fhv_taxi_data', 'download_dataset_task', 'scheduled__2020-02-02T07:00:00+00:00', '--job-id', '663', '--raw', '--subdir', 'DAGS_FOLDER/data_ingestion_gcs_multiFile_v02.py', '--cfg-path', '/tmp/tmpg3_tj4sj']
[2023-06-11T01:31:53.186+0000] {standard_task_runner.py:83} INFO - Job 663: Subtask download_dataset_task
[2023-06-11T01:31:53.187+0000] {dagbag.py:525} INFO - Filling up the DagBag from /opt/***/dags/data_ingestion_gcs_multiFile_v02.py
[2023-06-11T01:31:53.244+0000] {data_ingestion_gcs_multiFile_v02.py:20} INFO - dtc_data_lake_dtc-dezc-001 is the bucket.
[2023-06-11T01:31:53.259+0000] {warnings.py:110} WARNING - /home/***/.local/lib/python3.7/site-packages/***/configuration.py:545: DeprecationWarning: The sql_alchemy_conn option in [core] has been moved to the sql_alchemy_conn option in [database] - the old setting has been used, but please update your config.
  option = self._get_environment_variables(deprecated_key, deprecated_section, key, section)

[2023-06-11T01:31:53.298+0000] {task_command.py:384} INFO - Running <TaskInstance: fhv_taxi_data.download_dataset_task scheduled__2020-02-02T07:00:00+00:00 [running]> on host f41d61956f54
[2023-06-11T01:31:53.320+0000] {warnings.py:110} WARNING - /home/***/.local/lib/python3.7/site-packages/***/utils/context.py:204: AirflowContextDeprecationWarning: Accessing 'execution_date' from the template is deprecated and will be removed in a future version. Please use 'data_interval_start' or 'logical_date' instead.
  warnings.warn(_create_deprecation_warning(key, self._deprecation_replacements[key]))

[2023-06-11T01:31:53.345+0000] {taskinstance.py:1592} INFO - Exporting the following env vars:
AIRFLOW_CTX_DAG_OWNER=admin
AIRFLOW_CTX_DAG_ID=fhv_taxi_data
AIRFLOW_CTX_TASK_ID=download_dataset_task
AIRFLOW_CTX_EXECUTION_DATE=2020-02-02T07:00:00+00:00
AIRFLOW_CTX_TRY_NUMBER=1
AIRFLOW_CTX_DAG_RUN_ID=scheduled__2020-02-02T07:00:00+00:00
[2023-06-11T01:31:53.347+0000] {subprocess.py:63} INFO - Tmp dir root location: 
 /tmp
[2023-06-11T01:31:53.347+0000] {subprocess.py:75} INFO - Running command: ['/bin/bash', '-c', 'curl -sSLf https://github.com/DataTalksClub/nyc-tlc-data/releases/download/fhv/fhv_tripdata_2020-02.csv.gz > /opt/***/fhv_tripdata_2020-02.csv.gz']
[2023-06-11T01:31:53.357+0000] {subprocess.py:86} INFO - Output:
[2023-06-11T01:31:55.830+0000] {subprocess.py:97} INFO - Command exited with return code 0
[2023-06-11T01:31:55.858+0000] {taskinstance.py:1406} INFO - Marking task as SUCCESS. dag_id=fhv_taxi_data, task_id=download_dataset_task, execution_date=20200202T070000, start_date=20230611T013153, end_date=20230611T013155
[2023-06-11T01:31:55.906+0000] {local_task_job.py:164} INFO - Task exited with return code 0
[2023-06-11T01:31:55.927+0000] {local_task_job.py:273} INFO - 1 downstream tasks scheduled from follow-on schedule check
