[2023-06-10T02:01:12.636+0000] {taskinstance.py:1165} INFO - Dependencies all met for <TaskInstance: green_taxi_data.download_dataset_task scheduled__2021-01-02T06:30:00+00:00 [queued]>
[2023-06-10T02:01:12.657+0000] {taskinstance.py:1165} INFO - Dependencies all met for <TaskInstance: green_taxi_data.download_dataset_task scheduled__2021-01-02T06:30:00+00:00 [queued]>
[2023-06-10T02:01:12.657+0000] {taskinstance.py:1362} INFO - 
--------------------------------------------------------------------------------
[2023-06-10T02:01:12.658+0000] {taskinstance.py:1363} INFO - Starting attempt 1 of 2
[2023-06-10T02:01:12.658+0000] {taskinstance.py:1364} INFO - 
--------------------------------------------------------------------------------
[2023-06-10T02:01:12.675+0000] {taskinstance.py:1383} INFO - Executing <Task(BashOperator): download_dataset_task> on 2021-01-02 06:30:00+00:00
[2023-06-10T02:01:12.678+0000] {standard_task_runner.py:54} INFO - Started process 3595 to run task
[2023-06-10T02:01:12.682+0000] {standard_task_runner.py:82} INFO - Running: ['***', 'tasks', 'run', 'green_taxi_data', 'download_dataset_task', 'scheduled__2021-01-02T06:30:00+00:00', '--job-id', '172', '--raw', '--subdir', 'DAGS_FOLDER/data_ingestion_gcs_multiFile_v02.py', '--cfg-path', '/tmp/tmpcwqieqf9']
[2023-06-10T02:01:12.683+0000] {standard_task_runner.py:83} INFO - Job 172: Subtask download_dataset_task
[2023-06-10T02:01:12.685+0000] {dagbag.py:525} INFO - Filling up the DagBag from /opt/***/dags/data_ingestion_gcs_multiFile_v02.py
[2023-06-10T02:01:12.804+0000] {data_ingestion_gcs_multiFile_v02.py:20} INFO - dtc_data_lake_dtc-dezc-001 is the bucket.
[2023-06-10T02:01:12.832+0000] {warnings.py:110} WARNING - /home/***/.local/lib/python3.7/site-packages/***/configuration.py:545: DeprecationWarning: The sql_alchemy_conn option in [core] has been moved to the sql_alchemy_conn option in [database] - the old setting has been used, but please update your config.
  option = self._get_environment_variables(deprecated_key, deprecated_section, key, section)

[2023-06-10T02:01:12.883+0000] {task_command.py:384} INFO - Running <TaskInstance: green_taxi_data.download_dataset_task scheduled__2021-01-02T06:30:00+00:00 [running]> on host f41d61956f54
[2023-06-10T02:01:12.908+0000] {warnings.py:110} WARNING - /home/***/.local/lib/python3.7/site-packages/***/utils/context.py:204: AirflowContextDeprecationWarning: Accessing 'execution_date' from the template is deprecated and will be removed in a future version. Please use 'data_interval_start' or 'logical_date' instead.
  warnings.warn(_create_deprecation_warning(key, self._deprecation_replacements[key]))

[2023-06-10T02:01:12.948+0000] {taskinstance.py:1592} INFO - Exporting the following env vars:
AIRFLOW_CTX_DAG_OWNER=admin
AIRFLOW_CTX_DAG_ID=green_taxi_data
AIRFLOW_CTX_TASK_ID=download_dataset_task
AIRFLOW_CTX_EXECUTION_DATE=2021-01-02T06:30:00+00:00
AIRFLOW_CTX_TRY_NUMBER=1
AIRFLOW_CTX_DAG_RUN_ID=scheduled__2021-01-02T06:30:00+00:00
[2023-06-10T02:01:12.953+0000] {subprocess.py:63} INFO - Tmp dir root location: 
 /tmp
[2023-06-10T02:01:12.954+0000] {subprocess.py:75} INFO - Running command: ['/bin/bash', '-c', 'curl -sSLf https://github.com/DataTalksClub/nyc-tlc-data/releases/tag/green/green_tripdata_2021-01.csv.gz > /opt/***/green_tripdata_2021-01.csv.gz']
[2023-06-10T02:01:12.968+0000] {subprocess.py:86} INFO - Output:
[2023-06-10T02:01:13.597+0000] {subprocess.py:97} INFO - Command exited with return code 0
[2023-06-10T02:01:13.640+0000] {taskinstance.py:1406} INFO - Marking task as SUCCESS. dag_id=green_taxi_data, task_id=download_dataset_task, execution_date=20210102T063000, start_date=20230610T020112, end_date=20230610T020113
[2023-06-10T02:01:13.671+0000] {local_task_job.py:164} INFO - Task exited with return code 0
[2023-06-10T02:01:13.696+0000] {local_task_job.py:273} INFO - 1 downstream tasks scheduled from follow-on schedule check
[2023-06-11T01:14:43.972+0000] {taskinstance.py:1165} INFO - Dependencies all met for <TaskInstance: green_taxi_data.download_dataset_task scheduled__2021-01-02T06:30:00+00:00 [queued]>
[2023-06-11T01:14:43.999+0000] {taskinstance.py:1165} INFO - Dependencies all met for <TaskInstance: green_taxi_data.download_dataset_task scheduled__2021-01-02T06:30:00+00:00 [queued]>
[2023-06-11T01:14:44.002+0000] {taskinstance.py:1362} INFO - 
--------------------------------------------------------------------------------
[2023-06-11T01:14:44.005+0000] {taskinstance.py:1363} INFO - Starting attempt 1 of 2
[2023-06-11T01:14:44.007+0000] {taskinstance.py:1364} INFO - 
--------------------------------------------------------------------------------
[2023-06-11T01:14:44.034+0000] {taskinstance.py:1383} INFO - Executing <Task(BashOperator): download_dataset_task> on 2021-01-02 06:30:00+00:00
[2023-06-11T01:14:44.040+0000] {standard_task_runner.py:54} INFO - Started process 4712 to run task
[2023-06-11T01:14:44.057+0000] {standard_task_runner.py:82} INFO - Running: ['***', 'tasks', 'run', 'green_taxi_data', 'download_dataset_task', 'scheduled__2021-01-02T06:30:00+00:00', '--job-id', '504', '--raw', '--subdir', 'DAGS_FOLDER/data_ingestion_gcs_multiFile_v02.py', '--cfg-path', '/tmp/tmpiey99r47']
[2023-06-11T01:14:44.063+0000] {standard_task_runner.py:83} INFO - Job 504: Subtask download_dataset_task
[2023-06-11T01:14:44.065+0000] {dagbag.py:525} INFO - Filling up the DagBag from /opt/***/dags/data_ingestion_gcs_multiFile_v02.py
[2023-06-11T01:14:44.212+0000] {data_ingestion_gcs_multiFile_v02.py:20} INFO - dtc_data_lake_dtc-dezc-001 is the bucket.
[2023-06-11T01:14:44.260+0000] {warnings.py:110} WARNING - /home/***/.local/lib/python3.7/site-packages/***/configuration.py:545: DeprecationWarning: The sql_alchemy_conn option in [core] has been moved to the sql_alchemy_conn option in [database] - the old setting has been used, but please update your config.
  option = self._get_environment_variables(deprecated_key, deprecated_section, key, section)

[2023-06-11T01:14:44.350+0000] {task_command.py:384} INFO - Running <TaskInstance: green_taxi_data.download_dataset_task scheduled__2021-01-02T06:30:00+00:00 [running]> on host f41d61956f54
[2023-06-11T01:14:44.443+0000] {warnings.py:110} WARNING - /home/***/.local/lib/python3.7/site-packages/***/utils/context.py:204: AirflowContextDeprecationWarning: Accessing 'execution_date' from the template is deprecated and will be removed in a future version. Please use 'data_interval_start' or 'logical_date' instead.
  warnings.warn(_create_deprecation_warning(key, self._deprecation_replacements[key]))

[2023-06-11T01:14:44.528+0000] {taskinstance.py:1592} INFO - Exporting the following env vars:
AIRFLOW_CTX_DAG_OWNER=admin
AIRFLOW_CTX_DAG_ID=green_taxi_data
AIRFLOW_CTX_TASK_ID=download_dataset_task
AIRFLOW_CTX_EXECUTION_DATE=2021-01-02T06:30:00+00:00
AIRFLOW_CTX_TRY_NUMBER=1
AIRFLOW_CTX_DAG_RUN_ID=scheduled__2021-01-02T06:30:00+00:00
[2023-06-11T01:14:44.530+0000] {subprocess.py:63} INFO - Tmp dir root location: 
 /tmp
[2023-06-11T01:14:44.531+0000] {subprocess.py:75} INFO - Running command: ['/bin/bash', '-c', 'curl -sSLf https://github.com/DataTalksClub/nyc-tlc-data/releases/download/green/green_tripdata_2021-01.csv.gz > /opt/***/green_tripdata_2021-01.csv.gz']
[2023-06-11T01:14:44.579+0000] {subprocess.py:86} INFO - Output:
[2023-06-11T01:14:45.314+0000] {subprocess.py:97} INFO - Command exited with return code 0
[2023-06-11T01:14:45.345+0000] {taskinstance.py:1406} INFO - Marking task as SUCCESS. dag_id=green_taxi_data, task_id=download_dataset_task, execution_date=20210102T063000, start_date=20230611T011443, end_date=20230611T011445
[2023-06-11T01:14:45.402+0000] {local_task_job.py:164} INFO - Task exited with return code 0
[2023-06-11T01:14:45.427+0000] {local_task_job.py:273} INFO - 1 downstream tasks scheduled from follow-on schedule check
