[2023-06-11T00:58:47.810+0000] {taskinstance.py:1165} INFO - Dependencies all met for <TaskInstance: yellow_taxi_data.purge_task scheduled__2019-01-02T06:00:00+00:00 [queued]>
[2023-06-11T00:58:47.817+0000] {taskinstance.py:1165} INFO - Dependencies all met for <TaskInstance: yellow_taxi_data.purge_task scheduled__2019-01-02T06:00:00+00:00 [queued]>
[2023-06-11T00:58:47.818+0000] {taskinstance.py:1362} INFO - 
--------------------------------------------------------------------------------
[2023-06-11T00:58:47.819+0000] {taskinstance.py:1363} INFO - Starting attempt 1 of 2
[2023-06-11T00:58:47.819+0000] {taskinstance.py:1364} INFO - 
--------------------------------------------------------------------------------
[2023-06-11T00:58:47.827+0000] {taskinstance.py:1383} INFO - Executing <Task(BashOperator): purge_task> on 2019-01-02 06:00:00+00:00
[2023-06-11T00:58:47.832+0000] {standard_task_runner.py:54} INFO - Started process 3117 to run task
[2023-06-11T00:58:47.836+0000] {standard_task_runner.py:82} INFO - Running: ['***', 'tasks', 'run', 'yellow_taxi_data', 'purge_task', 'scheduled__2019-01-02T06:00:00+00:00', '--job-id', '377', '--pool', 'default_pool', '--raw', '--subdir', 'DAGS_FOLDER/data_ingestion_gcs_multiFile_v02.py', '--cfg-path', '/tmp/tmp5yyobgi9']
[2023-06-11T00:58:47.837+0000] {standard_task_runner.py:83} INFO - Job 377: Subtask purge_task
[2023-06-11T00:58:47.838+0000] {dagbag.py:525} INFO - Filling up the DagBag from /opt/***/dags/data_ingestion_gcs_multiFile_v02.py
[2023-06-11T00:58:47.906+0000] {data_ingestion_gcs_multiFile_v02.py:20} INFO - dtc_data_lake_dtc-dezc-001 is the bucket.
[2023-06-11T00:58:47.921+0000] {warnings.py:110} WARNING - /home/***/.local/lib/python3.7/site-packages/***/configuration.py:545: DeprecationWarning: The sql_alchemy_conn option in [core] has been moved to the sql_alchemy_conn option in [database] - the old setting has been used, but please update your config.
  option = self._get_environment_variables(deprecated_key, deprecated_section, key, section)

[2023-06-11T00:58:47.962+0000] {task_command.py:384} INFO - Running <TaskInstance: yellow_taxi_data.purge_task scheduled__2019-01-02T06:00:00+00:00 [running]> on host f41d61956f54
[2023-06-11T00:58:47.985+0000] {warnings.py:110} WARNING - /home/***/.local/lib/python3.7/site-packages/***/utils/context.py:204: AirflowContextDeprecationWarning: Accessing 'execution_date' from the template is deprecated and will be removed in a future version. Please use 'data_interval_start' or 'logical_date' instead.
  warnings.warn(_create_deprecation_warning(key, self._deprecation_replacements[key]))

[2023-06-11T00:58:48.014+0000] {taskinstance.py:1592} INFO - Exporting the following env vars:
AIRFLOW_CTX_DAG_OWNER=admin
AIRFLOW_CTX_DAG_ID=yellow_taxi_data
AIRFLOW_CTX_TASK_ID=purge_task
AIRFLOW_CTX_EXECUTION_DATE=2019-01-02T06:00:00+00:00
AIRFLOW_CTX_TRY_NUMBER=1
AIRFLOW_CTX_DAG_RUN_ID=scheduled__2019-01-02T06:00:00+00:00
[2023-06-11T00:58:48.016+0000] {subprocess.py:63} INFO - Tmp dir root location: 
 /tmp
[2023-06-11T00:58:48.017+0000] {subprocess.py:75} INFO - Running command: ['/bin/bash', '-c', 'rm /opt/***/yellow_tripdata_2019-01.csv.gz /opt/***/yellow_tripdata_2019-01.parquet']
[2023-06-11T00:58:48.030+0000] {subprocess.py:86} INFO - Output:
[2023-06-11T00:58:48.208+0000] {subprocess.py:97} INFO - Command exited with return code 0
[2023-06-11T00:58:48.234+0000] {taskinstance.py:1406} INFO - Marking task as SUCCESS. dag_id=yellow_taxi_data, task_id=purge_task, execution_date=20190102T060000, start_date=20230611T005847, end_date=20230611T005848
[2023-06-11T00:58:48.293+0000] {local_task_job.py:164} INFO - Task exited with return code 0
[2023-06-11T00:58:48.309+0000] {local_task_job.py:273} INFO - 0 downstream tasks scheduled from follow-on schedule check
[2023-06-11T01:05:35.381+0000] {taskinstance.py:1165} INFO - Dependencies all met for <TaskInstance: yellow_taxi_data.purge_task scheduled__2019-01-02T06:00:00+00:00 [queued]>
[2023-06-11T01:05:35.387+0000] {taskinstance.py:1165} INFO - Dependencies all met for <TaskInstance: yellow_taxi_data.purge_task scheduled__2019-01-02T06:00:00+00:00 [queued]>
[2023-06-11T01:05:35.388+0000] {taskinstance.py:1362} INFO - 
--------------------------------------------------------------------------------
[2023-06-11T01:05:35.389+0000] {taskinstance.py:1363} INFO - Starting attempt 1 of 2
[2023-06-11T01:05:35.389+0000] {taskinstance.py:1364} INFO - 
--------------------------------------------------------------------------------
[2023-06-11T01:05:35.396+0000] {taskinstance.py:1383} INFO - Executing <Task(BashOperator): purge_task> on 2019-01-02 06:00:00+00:00
[2023-06-11T01:05:35.400+0000] {standard_task_runner.py:54} INFO - Started process 3519 to run task
[2023-06-11T01:05:35.404+0000] {standard_task_runner.py:82} INFO - Running: ['***', 'tasks', 'run', 'yellow_taxi_data', 'purge_task', 'scheduled__2019-01-02T06:00:00+00:00', '--job-id', '387', '--raw', '--subdir', 'DAGS_FOLDER/data_ingestion_gcs_multiFile_v02.py', '--cfg-path', '/tmp/tmpnkemc0zc']
[2023-06-11T01:05:35.405+0000] {standard_task_runner.py:83} INFO - Job 387: Subtask purge_task
[2023-06-11T01:05:35.406+0000] {dagbag.py:525} INFO - Filling up the DagBag from /opt/***/dags/data_ingestion_gcs_multiFile_v02.py
[2023-06-11T01:05:35.465+0000] {data_ingestion_gcs_multiFile_v02.py:20} INFO - dtc_data_lake_dtc-dezc-001 is the bucket.
[2023-06-11T01:05:35.481+0000] {warnings.py:110} WARNING - /home/***/.local/lib/python3.7/site-packages/***/configuration.py:545: DeprecationWarning: The sql_alchemy_conn option in [core] has been moved to the sql_alchemy_conn option in [database] - the old setting has been used, but please update your config.
  option = self._get_environment_variables(deprecated_key, deprecated_section, key, section)

[2023-06-11T01:05:35.528+0000] {task_command.py:384} INFO - Running <TaskInstance: yellow_taxi_data.purge_task scheduled__2019-01-02T06:00:00+00:00 [running]> on host f41d61956f54
[2023-06-11T01:05:35.554+0000] {warnings.py:110} WARNING - /home/***/.local/lib/python3.7/site-packages/***/utils/context.py:204: AirflowContextDeprecationWarning: Accessing 'execution_date' from the template is deprecated and will be removed in a future version. Please use 'data_interval_start' or 'logical_date' instead.
  warnings.warn(_create_deprecation_warning(key, self._deprecation_replacements[key]))

[2023-06-11T01:05:35.581+0000] {taskinstance.py:1592} INFO - Exporting the following env vars:
AIRFLOW_CTX_DAG_OWNER=admin
AIRFLOW_CTX_DAG_ID=yellow_taxi_data
AIRFLOW_CTX_TASK_ID=purge_task
AIRFLOW_CTX_EXECUTION_DATE=2019-01-02T06:00:00+00:00
AIRFLOW_CTX_TRY_NUMBER=1
AIRFLOW_CTX_DAG_RUN_ID=scheduled__2019-01-02T06:00:00+00:00
[2023-06-11T01:05:35.582+0000] {subprocess.py:63} INFO - Tmp dir root location: 
 /tmp
[2023-06-11T01:05:35.583+0000] {subprocess.py:75} INFO - Running command: ['/bin/bash', '-c', 'rm /opt/***/yellow_tripdata_2019-01.csv.gz /opt/***/yellow_tripdata_2019-01.parquet']
[2023-06-11T01:05:35.594+0000] {subprocess.py:86} INFO - Output:
[2023-06-11T01:05:35.718+0000] {subprocess.py:97} INFO - Command exited with return code 0
[2023-06-11T01:05:35.740+0000] {taskinstance.py:1406} INFO - Marking task as SUCCESS. dag_id=yellow_taxi_data, task_id=purge_task, execution_date=20190102T060000, start_date=20230611T010535, end_date=20230611T010535
[2023-06-11T01:05:35.778+0000] {local_task_job.py:164} INFO - Task exited with return code 0
[2023-06-11T01:05:35.793+0000] {local_task_job.py:273} INFO - 0 downstream tasks scheduled from follow-on schedule check
