[2023-06-10T01:40:44.672+0000] {taskinstance.py:1165} INFO - Dependencies all met for <TaskInstance: fhv_taxi_data.download_dataset_task scheduled__2020-01-02T07:00:00+00:00 [queued]>
[2023-06-10T01:40:44.679+0000] {taskinstance.py:1165} INFO - Dependencies all met for <TaskInstance: fhv_taxi_data.download_dataset_task scheduled__2020-01-02T07:00:00+00:00 [queued]>
[2023-06-10T01:40:44.680+0000] {taskinstance.py:1362} INFO - 
--------------------------------------------------------------------------------
[2023-06-10T01:40:44.681+0000] {taskinstance.py:1363} INFO - Starting attempt 1 of 2
[2023-06-10T01:40:44.681+0000] {taskinstance.py:1364} INFO - 
--------------------------------------------------------------------------------
[2023-06-10T01:40:44.696+0000] {taskinstance.py:1383} INFO - Executing <Task(BashOperator): download_dataset_task> on 2020-01-02 07:00:00+00:00
[2023-06-10T01:40:44.702+0000] {standard_task_runner.py:54} INFO - Started process 2182 to run task
[2023-06-10T01:40:44.712+0000] {standard_task_runner.py:82} INFO - Running: ['***', 'tasks', 'run', 'fhv_taxi_data', 'download_dataset_task', 'scheduled__2020-01-02T07:00:00+00:00', '--job-id', '102', '--raw', '--subdir', 'DAGS_FOLDER/data_ingestion_gcs_multiFile_v02.py', '--cfg-path', '/tmp/tmprhtayaxp']
[2023-06-10T01:40:44.715+0000] {standard_task_runner.py:83} INFO - Job 102: Subtask download_dataset_task
[2023-06-10T01:40:44.717+0000] {dagbag.py:525} INFO - Filling up the DagBag from /opt/***/dags/data_ingestion_gcs_multiFile_v02.py
[2023-06-10T01:40:44.831+0000] {data_ingestion_gcs_multiFile_v02.py:20} INFO - dtc_data_lake_dtc-dezc-001 is the bucket.
[2023-06-10T01:40:44.872+0000] {warnings.py:110} WARNING - /home/***/.local/lib/python3.7/site-packages/***/configuration.py:545: DeprecationWarning: The sql_alchemy_conn option in [core] has been moved to the sql_alchemy_conn option in [database] - the old setting has been used, but please update your config.
  option = self._get_environment_variables(deprecated_key, deprecated_section, key, section)

[2023-06-10T01:40:44.937+0000] {task_command.py:384} INFO - Running <TaskInstance: fhv_taxi_data.download_dataset_task scheduled__2020-01-02T07:00:00+00:00 [running]> on host f41d61956f54
[2023-06-10T01:40:44.963+0000] {warnings.py:110} WARNING - /home/***/.local/lib/python3.7/site-packages/***/utils/context.py:204: AirflowContextDeprecationWarning: Accessing 'execution_date' from the template is deprecated and will be removed in a future version. Please use 'data_interval_start' or 'logical_date' instead.
  warnings.warn(_create_deprecation_warning(key, self._deprecation_replacements[key]))

[2023-06-10T01:40:44.995+0000] {taskinstance.py:1592} INFO - Exporting the following env vars:
AIRFLOW_CTX_DAG_OWNER=admin
AIRFLOW_CTX_DAG_ID=fhv_taxi_data
AIRFLOW_CTX_TASK_ID=download_dataset_task
AIRFLOW_CTX_EXECUTION_DATE=2020-01-02T07:00:00+00:00
AIRFLOW_CTX_TRY_NUMBER=1
AIRFLOW_CTX_DAG_RUN_ID=scheduled__2020-01-02T07:00:00+00:00
[2023-06-10T01:40:44.996+0000] {subprocess.py:63} INFO - Tmp dir root location: 
 /tmp
[2023-06-10T01:40:44.997+0000] {subprocess.py:75} INFO - Running command: ['/bin/bash', '-c', 'curl -sSLf https://github.com/DataTalksClub/nyc-tlc-data/releases/tag/fhv/fhv_tripdata_2020-01.csv.gz > /opt/***/fhv_tripdata_2020-01.csv.gz']
[2023-06-10T01:40:45.007+0000] {subprocess.py:86} INFO - Output:
[2023-06-10T01:40:45.679+0000] {subprocess.py:97} INFO - Command exited with return code 0
[2023-06-10T01:40:45.747+0000] {taskinstance.py:1406} INFO - Marking task as SUCCESS. dag_id=fhv_taxi_data, task_id=download_dataset_task, execution_date=20200102T070000, start_date=20230610T014044, end_date=20230610T014045
[2023-06-10T01:40:45.812+0000] {local_task_job.py:164} INFO - Task exited with return code 0
[2023-06-10T01:40:45.847+0000] {local_task_job.py:273} INFO - 1 downstream tasks scheduled from follow-on schedule check
[2023-06-11T01:30:27.414+0000] {taskinstance.py:1165} INFO - Dependencies all met for <TaskInstance: fhv_taxi_data.download_dataset_task scheduled__2020-01-02T07:00:00+00:00 [queued]>
[2023-06-11T01:30:27.421+0000] {taskinstance.py:1165} INFO - Dependencies all met for <TaskInstance: fhv_taxi_data.download_dataset_task scheduled__2020-01-02T07:00:00+00:00 [queued]>
[2023-06-11T01:30:27.421+0000] {taskinstance.py:1362} INFO - 
--------------------------------------------------------------------------------
[2023-06-11T01:30:27.422+0000] {taskinstance.py:1363} INFO - Starting attempt 1 of 2
[2023-06-11T01:30:27.422+0000] {taskinstance.py:1364} INFO - 
--------------------------------------------------------------------------------
[2023-06-11T01:30:27.430+0000] {taskinstance.py:1383} INFO - Executing <Task(BashOperator): download_dataset_task> on 2020-01-02 07:00:00+00:00
[2023-06-11T01:30:27.435+0000] {standard_task_runner.py:54} INFO - Started process 6378 to run task
[2023-06-11T01:30:27.442+0000] {standard_task_runner.py:82} INFO - Running: ['***', 'tasks', 'run', 'fhv_taxi_data', 'download_dataset_task', 'scheduled__2020-01-02T07:00:00+00:00', '--job-id', '645', '--raw', '--subdir', 'DAGS_FOLDER/data_ingestion_gcs_multiFile_v02.py', '--cfg-path', '/tmp/tmpyd69zlbw']
[2023-06-11T01:30:27.443+0000] {standard_task_runner.py:83} INFO - Job 645: Subtask download_dataset_task
[2023-06-11T01:30:27.444+0000] {dagbag.py:525} INFO - Filling up the DagBag from /opt/***/dags/data_ingestion_gcs_multiFile_v02.py
[2023-06-11T01:30:27.508+0000] {data_ingestion_gcs_multiFile_v02.py:20} INFO - dtc_data_lake_dtc-dezc-001 is the bucket.
[2023-06-11T01:30:27.525+0000] {warnings.py:110} WARNING - /home/***/.local/lib/python3.7/site-packages/***/configuration.py:545: DeprecationWarning: The sql_alchemy_conn option in [core] has been moved to the sql_alchemy_conn option in [database] - the old setting has been used, but please update your config.
  option = self._get_environment_variables(deprecated_key, deprecated_section, key, section)

[2023-06-11T01:30:27.570+0000] {task_command.py:384} INFO - Running <TaskInstance: fhv_taxi_data.download_dataset_task scheduled__2020-01-02T07:00:00+00:00 [running]> on host f41d61956f54
[2023-06-11T01:30:27.597+0000] {warnings.py:110} WARNING - /home/***/.local/lib/python3.7/site-packages/***/utils/context.py:204: AirflowContextDeprecationWarning: Accessing 'execution_date' from the template is deprecated and will be removed in a future version. Please use 'data_interval_start' or 'logical_date' instead.
  warnings.warn(_create_deprecation_warning(key, self._deprecation_replacements[key]))

[2023-06-11T01:30:27.629+0000] {taskinstance.py:1592} INFO - Exporting the following env vars:
AIRFLOW_CTX_DAG_OWNER=admin
AIRFLOW_CTX_DAG_ID=fhv_taxi_data
AIRFLOW_CTX_TASK_ID=download_dataset_task
AIRFLOW_CTX_EXECUTION_DATE=2020-01-02T07:00:00+00:00
AIRFLOW_CTX_TRY_NUMBER=1
AIRFLOW_CTX_DAG_RUN_ID=scheduled__2020-01-02T07:00:00+00:00
[2023-06-11T01:30:27.631+0000] {subprocess.py:63} INFO - Tmp dir root location: 
 /tmp
[2023-06-11T01:30:27.632+0000] {subprocess.py:75} INFO - Running command: ['/bin/bash', '-c', 'curl -sSLf https://github.com/DataTalksClub/nyc-tlc-data/releases/download/fhv/fhv_tripdata_2020-01.csv.gz > /opt/***/fhv_tripdata_2020-01.csv.gz']
[2023-06-11T01:30:27.645+0000] {subprocess.py:86} INFO - Output:
[2023-06-11T01:30:30.730+0000] {subprocess.py:97} INFO - Command exited with return code 0
[2023-06-11T01:30:30.757+0000] {taskinstance.py:1406} INFO - Marking task as SUCCESS. dag_id=fhv_taxi_data, task_id=download_dataset_task, execution_date=20200102T070000, start_date=20230611T013027, end_date=20230611T013030
[2023-06-11T01:30:30.793+0000] {local_task_job.py:164} INFO - Task exited with return code 0
[2023-06-11T01:30:30.814+0000] {local_task_job.py:273} INFO - 1 downstream tasks scheduled from follow-on schedule check
