[2023-06-06T20:15:52.676+0000] {taskinstance.py:1165} INFO - Dependencies all met for <TaskInstance: data_ingestion_gcs_dag.format_to_parquet_task manual__2023-06-06T20:10:11.349078+00:00 [queued]>
[2023-06-06T20:15:52.681+0000] {taskinstance.py:1165} INFO - Dependencies all met for <TaskInstance: data_ingestion_gcs_dag.format_to_parquet_task manual__2023-06-06T20:10:11.349078+00:00 [queued]>
[2023-06-06T20:15:52.682+0000] {taskinstance.py:1362} INFO - 
--------------------------------------------------------------------------------
[2023-06-06T20:15:52.682+0000] {taskinstance.py:1363} INFO - Starting attempt 1 of 2
[2023-06-06T20:15:52.683+0000] {taskinstance.py:1364} INFO - 
--------------------------------------------------------------------------------
[2023-06-06T20:15:52.690+0000] {taskinstance.py:1383} INFO - Executing <Task(PythonOperator): format_to_parquet_task> on 2023-06-06 20:10:11.349078+00:00
[2023-06-06T20:15:52.694+0000] {standard_task_runner.py:54} INFO - Started process 477 to run task
[2023-06-06T20:15:52.697+0000] {standard_task_runner.py:82} INFO - Running: ['***', 'tasks', 'run', 'data_ingestion_gcs_dag', 'format_to_parquet_task', 'manual__2023-06-06T20:10:11.349078+00:00', '--job-id', '9', '--raw', '--subdir', 'DAGS_FOLDER/data_ingestion_gcs.py', '--cfg-path', '/tmp/tmpuqkkukl3']
[2023-06-06T20:15:52.699+0000] {standard_task_runner.py:83} INFO - Job 9: Subtask format_to_parquet_task
[2023-06-06T20:15:52.700+0000] {dagbag.py:525} INFO - Filling up the DagBag from /opt/***/dags/data_ingestion_gcs.py
[2023-06-06T20:15:52.713+0000] {data_ingestion_gcs.py:24} INFO - Dataset file is yellow_tripdata_2021-01.csv.gz, url is https://github.com/DataTalksClub/nyc-tlc-data/releases/download/yellow/yellow_tripdata_2021-01.csv.gz, local_home is /opt/***, parquet file is yellow_tripdata_2021-01.parquet
[2023-06-06T20:15:52.713+0000] {data_ingestion_gcs.py:32} INFO - dtc_data_lake_dtc-dezc-001 is the bucket,  dtc-dezc is the project name, dtc-dezc-001 is the project id, trips_data_all is the bigquery dataset.
[2023-06-06T20:15:52.762+0000] {task_command.py:384} INFO - Running <TaskInstance: data_ingestion_gcs_dag.format_to_parquet_task manual__2023-06-06T20:10:11.349078+00:00 [running]> on host 1d8c795fd30d
[2023-06-06T20:15:52.803+0000] {taskinstance.py:1592} INFO - Exporting the following env vars:
AIRFLOW_CTX_DAG_OWNER=admin
AIRFLOW_CTX_DAG_ID=data_ingestion_gcs_dag
AIRFLOW_CTX_TASK_ID=format_to_parquet_task
AIRFLOW_CTX_EXECUTION_DATE=2023-06-06T20:10:11.349078+00:00
AIRFLOW_CTX_TRY_NUMBER=1
AIRFLOW_CTX_DAG_RUN_ID=manual__2023-06-06T20:10:11.349078+00:00
[2023-06-06T20:15:53.696+0000] {python.py:177} INFO - Done. Returned value was: None
[2023-06-06T20:15:53.715+0000] {taskinstance.py:1406} INFO - Marking task as SUCCESS. dag_id=data_ingestion_gcs_dag, task_id=format_to_parquet_task, execution_date=20230606T201011, start_date=20230606T201552, end_date=20230606T201553
[2023-06-06T20:15:53.847+0000] {local_task_job.py:164} INFO - Task exited with return code 0
[2023-06-06T20:15:53.872+0000] {local_task_job.py:273} INFO - 1 downstream tasks scheduled from follow-on schedule check
