[2023-06-10T01:27:51.677+0000] {taskinstance.py:1165} INFO - Dependencies all met for <TaskInstance: fhv_taxi_data.download_dataset_task scheduled__2019-10-02T07:00:00+00:00 [queued]>
[2023-06-10T01:27:51.691+0000] {taskinstance.py:1165} INFO - Dependencies all met for <TaskInstance: fhv_taxi_data.download_dataset_task scheduled__2019-10-02T07:00:00+00:00 [queued]>
[2023-06-10T01:27:51.693+0000] {taskinstance.py:1362} INFO - 
--------------------------------------------------------------------------------
[2023-06-10T01:27:51.695+0000] {taskinstance.py:1363} INFO - Starting attempt 1 of 2
[2023-06-10T01:27:51.696+0000] {taskinstance.py:1364} INFO - 
--------------------------------------------------------------------------------
[2023-06-10T01:27:51.704+0000] {taskinstance.py:1383} INFO - Executing <Task(BashOperator): download_dataset_task> on 2019-10-02 07:00:00+00:00
[2023-06-10T01:27:51.711+0000] {standard_task_runner.py:54} INFO - Started process 1896 to run task
[2023-06-10T01:27:51.717+0000] {standard_task_runner.py:82} INFO - Running: ['***', 'tasks', 'run', 'fhv_taxi_data', 'download_dataset_task', 'scheduled__2019-10-02T07:00:00+00:00', '--job-id', '86', '--raw', '--subdir', 'DAGS_FOLDER/data_ingestion_gcs_multiFile_v02.py', '--cfg-path', '/tmp/tmpxdhf9h7d']
[2023-06-10T01:27:51.720+0000] {standard_task_runner.py:83} INFO - Job 86: Subtask download_dataset_task
[2023-06-10T01:27:51.722+0000] {dagbag.py:525} INFO - Filling up the DagBag from /opt/***/dags/data_ingestion_gcs_multiFile_v02.py
[2023-06-10T01:27:51.844+0000] {data_ingestion_gcs_multiFile_v02.py:20} INFO - dtc_data_lake_dtc-dezc-001 is the bucket.
[2023-06-10T01:27:51.866+0000] {warnings.py:110} WARNING - /home/***/.local/lib/python3.7/site-packages/***/configuration.py:545: DeprecationWarning: The sql_alchemy_conn option in [core] has been moved to the sql_alchemy_conn option in [database] - the old setting has been used, but please update your config.
  option = self._get_environment_variables(deprecated_key, deprecated_section, key, section)

[2023-06-10T01:27:51.938+0000] {task_command.py:384} INFO - Running <TaskInstance: fhv_taxi_data.download_dataset_task scheduled__2019-10-02T07:00:00+00:00 [running]> on host f41d61956f54
[2023-06-10T01:27:51.972+0000] {warnings.py:110} WARNING - /home/***/.local/lib/python3.7/site-packages/***/utils/context.py:204: AirflowContextDeprecationWarning: Accessing 'execution_date' from the template is deprecated and will be removed in a future version. Please use 'data_interval_start' or 'logical_date' instead.
  warnings.warn(_create_deprecation_warning(key, self._deprecation_replacements[key]))

[2023-06-10T01:27:52.005+0000] {taskinstance.py:1592} INFO - Exporting the following env vars:
AIRFLOW_CTX_DAG_OWNER=admin
AIRFLOW_CTX_DAG_ID=fhv_taxi_data
AIRFLOW_CTX_TASK_ID=download_dataset_task
AIRFLOW_CTX_EXECUTION_DATE=2019-10-02T07:00:00+00:00
AIRFLOW_CTX_TRY_NUMBER=1
AIRFLOW_CTX_DAG_RUN_ID=scheduled__2019-10-02T07:00:00+00:00
[2023-06-10T01:27:52.007+0000] {subprocess.py:63} INFO - Tmp dir root location: 
 /tmp
[2023-06-10T01:27:52.007+0000] {subprocess.py:75} INFO - Running command: ['/bin/bash', '-c', 'curl -sSLf https://github.com/DataTalksClub/nyc-tlc-data/releases/tag/fhv/fhv_tripdata_2019-10.csv.gz > /opt/***/fhv_tripdata_2019-10.csv.gz']
[2023-06-10T01:27:52.030+0000] {subprocess.py:86} INFO - Output:
[2023-06-10T01:27:52.660+0000] {subprocess.py:97} INFO - Command exited with return code 0
[2023-06-10T01:27:52.682+0000] {taskinstance.py:1406} INFO - Marking task as SUCCESS. dag_id=fhv_taxi_data, task_id=download_dataset_task, execution_date=20191002T070000, start_date=20230610T012751, end_date=20230610T012752
[2023-06-10T01:27:52.739+0000] {local_task_job.py:164} INFO - Task exited with return code 0
[2023-06-10T01:27:52.770+0000] {local_task_job.py:273} INFO - 1 downstream tasks scheduled from follow-on schedule check
[2023-06-11T01:28:38.226+0000] {taskinstance.py:1165} INFO - Dependencies all met for <TaskInstance: fhv_taxi_data.download_dataset_task scheduled__2019-10-02T07:00:00+00:00 [queued]>
[2023-06-11T01:28:38.233+0000] {taskinstance.py:1165} INFO - Dependencies all met for <TaskInstance: fhv_taxi_data.download_dataset_task scheduled__2019-10-02T07:00:00+00:00 [queued]>
[2023-06-11T01:28:38.234+0000] {taskinstance.py:1362} INFO - 
--------------------------------------------------------------------------------
[2023-06-11T01:28:38.235+0000] {taskinstance.py:1363} INFO - Starting attempt 1 of 2
[2023-06-11T01:28:38.235+0000] {taskinstance.py:1364} INFO - 
--------------------------------------------------------------------------------
[2023-06-11T01:28:38.244+0000] {taskinstance.py:1383} INFO - Executing <Task(BashOperator): download_dataset_task> on 2019-10-02 07:00:00+00:00
[2023-06-11T01:28:38.249+0000] {standard_task_runner.py:54} INFO - Started process 6156 to run task
[2023-06-11T01:28:38.252+0000] {standard_task_runner.py:82} INFO - Running: ['***', 'tasks', 'run', 'fhv_taxi_data', 'download_dataset_task', 'scheduled__2019-10-02T07:00:00+00:00', '--job-id', '623', '--raw', '--subdir', 'DAGS_FOLDER/data_ingestion_gcs_multiFile_v02.py', '--cfg-path', '/tmp/tmpzikbj775']
[2023-06-11T01:28:38.253+0000] {standard_task_runner.py:83} INFO - Job 623: Subtask download_dataset_task
[2023-06-11T01:28:38.255+0000] {dagbag.py:525} INFO - Filling up the DagBag from /opt/***/dags/data_ingestion_gcs_multiFile_v02.py
[2023-06-11T01:28:38.318+0000] {data_ingestion_gcs_multiFile_v02.py:20} INFO - dtc_data_lake_dtc-dezc-001 is the bucket.
[2023-06-11T01:28:38.334+0000] {warnings.py:110} WARNING - /home/***/.local/lib/python3.7/site-packages/***/configuration.py:545: DeprecationWarning: The sql_alchemy_conn option in [core] has been moved to the sql_alchemy_conn option in [database] - the old setting has been used, but please update your config.
  option = self._get_environment_variables(deprecated_key, deprecated_section, key, section)

[2023-06-11T01:28:38.377+0000] {task_command.py:384} INFO - Running <TaskInstance: fhv_taxi_data.download_dataset_task scheduled__2019-10-02T07:00:00+00:00 [running]> on host f41d61956f54
[2023-06-11T01:28:38.402+0000] {warnings.py:110} WARNING - /home/***/.local/lib/python3.7/site-packages/***/utils/context.py:204: AirflowContextDeprecationWarning: Accessing 'execution_date' from the template is deprecated and will be removed in a future version. Please use 'data_interval_start' or 'logical_date' instead.
  warnings.warn(_create_deprecation_warning(key, self._deprecation_replacements[key]))

[2023-06-11T01:28:38.431+0000] {taskinstance.py:1592} INFO - Exporting the following env vars:
AIRFLOW_CTX_DAG_OWNER=admin
AIRFLOW_CTX_DAG_ID=fhv_taxi_data
AIRFLOW_CTX_TASK_ID=download_dataset_task
AIRFLOW_CTX_EXECUTION_DATE=2019-10-02T07:00:00+00:00
AIRFLOW_CTX_TRY_NUMBER=1
AIRFLOW_CTX_DAG_RUN_ID=scheduled__2019-10-02T07:00:00+00:00
[2023-06-11T01:28:38.433+0000] {subprocess.py:63} INFO - Tmp dir root location: 
 /tmp
[2023-06-11T01:28:38.434+0000] {subprocess.py:75} INFO - Running command: ['/bin/bash', '-c', 'curl -sSLf https://github.com/DataTalksClub/nyc-tlc-data/releases/download/fhv/fhv_tripdata_2019-10.csv.gz > /opt/***/fhv_tripdata_2019-10.csv.gz']
[2023-06-11T01:28:38.445+0000] {subprocess.py:86} INFO - Output:
[2023-06-11T01:28:40.647+0000] {subprocess.py:97} INFO - Command exited with return code 0
[2023-06-11T01:28:40.682+0000] {taskinstance.py:1406} INFO - Marking task as SUCCESS. dag_id=fhv_taxi_data, task_id=download_dataset_task, execution_date=20191002T070000, start_date=20230611T012838, end_date=20230611T012840
[2023-06-11T01:28:40.721+0000] {local_task_job.py:164} INFO - Task exited with return code 0
[2023-06-11T01:28:40.751+0000] {local_task_job.py:273} INFO - 1 downstream tasks scheduled from follow-on schedule check
