[2023-06-10T01:45:54.190+0000] {taskinstance.py:1165} INFO - Dependencies all met for <TaskInstance: fhv_taxi_data.format_to_parquet_task scheduled__2020-04-02T07:00:00+00:00 [queued]>
[2023-06-10T01:45:54.205+0000] {taskinstance.py:1165} INFO - Dependencies all met for <TaskInstance: fhv_taxi_data.format_to_parquet_task scheduled__2020-04-02T07:00:00+00:00 [queued]>
[2023-06-10T01:45:54.206+0000] {taskinstance.py:1362} INFO - 
--------------------------------------------------------------------------------
[2023-06-10T01:45:54.207+0000] {taskinstance.py:1363} INFO - Starting attempt 1 of 2
[2023-06-10T01:45:54.207+0000] {taskinstance.py:1364} INFO - 
--------------------------------------------------------------------------------
[2023-06-10T01:45:54.221+0000] {taskinstance.py:1383} INFO - Executing <Task(PythonOperator): format_to_parquet_task> on 2020-04-02 07:00:00+00:00
[2023-06-10T01:45:54.226+0000] {standard_task_runner.py:54} INFO - Started process 2569 to run task
[2023-06-10T01:45:54.241+0000] {standard_task_runner.py:82} INFO - Running: ['***', 'tasks', 'run', 'fhv_taxi_data', 'format_to_parquet_task', 'scheduled__2020-04-02T07:00:00+00:00', '--job-id', '126', '--raw', '--subdir', 'DAGS_FOLDER/data_ingestion_gcs_multiFile_v02.py', '--cfg-path', '/tmp/tmpj24fkvi4']
[2023-06-10T01:45:54.244+0000] {standard_task_runner.py:83} INFO - Job 126: Subtask format_to_parquet_task
[2023-06-10T01:45:54.245+0000] {dagbag.py:525} INFO - Filling up the DagBag from /opt/***/dags/data_ingestion_gcs_multiFile_v02.py
[2023-06-10T01:45:54.357+0000] {data_ingestion_gcs_multiFile_v02.py:20} INFO - dtc_data_lake_dtc-dezc-001 is the bucket.
[2023-06-10T01:45:54.396+0000] {warnings.py:110} WARNING - /home/***/.local/lib/python3.7/site-packages/***/configuration.py:545: DeprecationWarning: The sql_alchemy_conn option in [core] has been moved to the sql_alchemy_conn option in [database] - the old setting has been used, but please update your config.
  option = self._get_environment_variables(deprecated_key, deprecated_section, key, section)

[2023-06-10T01:45:54.478+0000] {task_command.py:384} INFO - Running <TaskInstance: fhv_taxi_data.format_to_parquet_task scheduled__2020-04-02T07:00:00+00:00 [running]> on host f41d61956f54
[2023-06-10T01:45:54.516+0000] {warnings.py:110} WARNING - /home/***/.local/lib/python3.7/site-packages/***/utils/context.py:204: AirflowContextDeprecationWarning: Accessing 'execution_date' from the template is deprecated and will be removed in a future version. Please use 'data_interval_start' or 'logical_date' instead.
  warnings.warn(_create_deprecation_warning(key, self._deprecation_replacements[key]))

[2023-06-10T01:45:54.552+0000] {taskinstance.py:1592} INFO - Exporting the following env vars:
AIRFLOW_CTX_DAG_OWNER=admin
AIRFLOW_CTX_DAG_ID=fhv_taxi_data
AIRFLOW_CTX_TASK_ID=format_to_parquet_task
AIRFLOW_CTX_EXECUTION_DATE=2020-04-02T07:00:00+00:00
AIRFLOW_CTX_TRY_NUMBER=1
AIRFLOW_CTX_DAG_RUN_ID=scheduled__2020-04-02T07:00:00+00:00
[2023-06-10T01:45:54.643+0000] {taskinstance.py:1851} ERROR - Task failed with exception
Traceback (most recent call last):
  File "/home/airflow/.local/lib/python3.7/site-packages/airflow/operators/python.py", line 175, in execute
    return_value = self.execute_callable()
  File "/home/airflow/.local/lib/python3.7/site-packages/airflow/operators/python.py", line 193, in execute_callable
    return self.python_callable(*self.op_args, **self.op_kwargs)
  File "/opt/airflow/dags/data_ingestion_gcs_multiFile_v02.py", line 33, in format_to_parquet
    table = pv.read_csv(src_file)
  File "pyarrow/_csv.pyx", line 886, in pyarrow._csv.read_csv
  File "pyarrow/_csv.pyx", line 895, in pyarrow._csv.read_csv
  File "pyarrow/error.pxi", line 143, in pyarrow.lib.pyarrow_internal_check_status
  File "pyarrow/error.pxi", line 114, in pyarrow.lib.check_status
OSError: zlib inflate failed: incorrect header check
[2023-06-10T01:45:54.652+0000] {taskinstance.py:1406} INFO - Marking task as UP_FOR_RETRY. dag_id=fhv_taxi_data, task_id=format_to_parquet_task, execution_date=20200402T070000, start_date=20230610T014554, end_date=20230610T014554
[2023-06-10T01:45:54.666+0000] {standard_task_runner.py:107} ERROR - Failed to execute job 126 for task format_to_parquet_task (zlib inflate failed: incorrect header check; 2569)
[2023-06-10T01:45:54.691+0000] {local_task_job.py:164} INFO - Task exited with return code 1
[2023-06-10T01:45:54.710+0000] {local_task_job.py:273} INFO - 0 downstream tasks scheduled from follow-on schedule check
[2023-06-11T01:34:21.897+0000] {taskinstance.py:1165} INFO - Dependencies all met for <TaskInstance: fhv_taxi_data.format_to_parquet_task scheduled__2020-04-02T07:00:00+00:00 [queued]>
[2023-06-11T01:34:21.903+0000] {taskinstance.py:1165} INFO - Dependencies all met for <TaskInstance: fhv_taxi_data.format_to_parquet_task scheduled__2020-04-02T07:00:00+00:00 [queued]>
[2023-06-11T01:34:21.904+0000] {taskinstance.py:1362} INFO - 
--------------------------------------------------------------------------------
[2023-06-11T01:34:21.904+0000] {taskinstance.py:1363} INFO - Starting attempt 1 of 2
[2023-06-11T01:34:21.904+0000] {taskinstance.py:1364} INFO - 
--------------------------------------------------------------------------------
[2023-06-11T01:34:21.911+0000] {taskinstance.py:1383} INFO - Executing <Task(PythonOperator): format_to_parquet_task> on 2020-04-02 07:00:00+00:00
[2023-06-11T01:34:21.915+0000] {standard_task_runner.py:54} INFO - Started process 6893 to run task
[2023-06-11T01:34:21.919+0000] {standard_task_runner.py:82} INFO - Running: ['***', 'tasks', 'run', 'fhv_taxi_data', 'format_to_parquet_task', 'scheduled__2020-04-02T07:00:00+00:00', '--job-id', '693', '--raw', '--subdir', 'DAGS_FOLDER/data_ingestion_gcs_multiFile_v02.py', '--cfg-path', '/tmp/tmptobj6whg']
[2023-06-11T01:34:21.920+0000] {standard_task_runner.py:83} INFO - Job 693: Subtask format_to_parquet_task
[2023-06-11T01:34:21.921+0000] {dagbag.py:525} INFO - Filling up the DagBag from /opt/***/dags/data_ingestion_gcs_multiFile_v02.py
[2023-06-11T01:34:21.981+0000] {data_ingestion_gcs_multiFile_v02.py:20} INFO - dtc_data_lake_dtc-dezc-001 is the bucket.
[2023-06-11T01:34:21.996+0000] {warnings.py:110} WARNING - /home/***/.local/lib/python3.7/site-packages/***/configuration.py:545: DeprecationWarning: The sql_alchemy_conn option in [core] has been moved to the sql_alchemy_conn option in [database] - the old setting has been used, but please update your config.
  option = self._get_environment_variables(deprecated_key, deprecated_section, key, section)

[2023-06-11T01:34:22.039+0000] {task_command.py:384} INFO - Running <TaskInstance: fhv_taxi_data.format_to_parquet_task scheduled__2020-04-02T07:00:00+00:00 [running]> on host f41d61956f54
[2023-06-11T01:34:22.064+0000] {warnings.py:110} WARNING - /home/***/.local/lib/python3.7/site-packages/***/utils/context.py:204: AirflowContextDeprecationWarning: Accessing 'execution_date' from the template is deprecated and will be removed in a future version. Please use 'data_interval_start' or 'logical_date' instead.
  warnings.warn(_create_deprecation_warning(key, self._deprecation_replacements[key]))

[2023-06-11T01:34:22.093+0000] {taskinstance.py:1592} INFO - Exporting the following env vars:
AIRFLOW_CTX_DAG_OWNER=admin
AIRFLOW_CTX_DAG_ID=fhv_taxi_data
AIRFLOW_CTX_TASK_ID=format_to_parquet_task
AIRFLOW_CTX_EXECUTION_DATE=2020-04-02T07:00:00+00:00
AIRFLOW_CTX_TRY_NUMBER=1
AIRFLOW_CTX_DAG_RUN_ID=scheduled__2020-04-02T07:00:00+00:00
[2023-06-11T01:34:22.371+0000] {python.py:177} INFO - Done. Returned value was: None
[2023-06-11T01:34:22.380+0000] {taskinstance.py:1406} INFO - Marking task as SUCCESS. dag_id=fhv_taxi_data, task_id=format_to_parquet_task, execution_date=20200402T070000, start_date=20230611T013421, end_date=20230611T013422
[2023-06-11T01:34:22.453+0000] {local_task_job.py:164} INFO - Task exited with return code 0
[2023-06-11T01:34:22.476+0000] {local_task_job.py:273} INFO - 1 downstream tasks scheduled from follow-on schedule check
