[2023-06-11T01:23:24.562+0000] {taskinstance.py:1165} INFO - Dependencies all met for <TaskInstance: fhv_taxi_data.purge_task scheduled__2019-03-02T07:00:00+00:00 [queued]>
[2023-06-11T01:23:24.567+0000] {taskinstance.py:1165} INFO - Dependencies all met for <TaskInstance: fhv_taxi_data.purge_task scheduled__2019-03-02T07:00:00+00:00 [queued]>
[2023-06-11T01:23:24.568+0000] {taskinstance.py:1362} INFO - 
--------------------------------------------------------------------------------
[2023-06-11T01:23:24.568+0000] {taskinstance.py:1363} INFO - Starting attempt 1 of 2
[2023-06-11T01:23:24.569+0000] {taskinstance.py:1364} INFO - 
--------------------------------------------------------------------------------
[2023-06-11T01:23:24.576+0000] {taskinstance.py:1383} INFO - Executing <Task(BashOperator): purge_task> on 2019-03-02 07:00:00+00:00
[2023-06-11T01:23:24.580+0000] {standard_task_runner.py:54} INFO - Started process 5613 to run task
[2023-06-11T01:23:24.583+0000] {standard_task_runner.py:82} INFO - Running: ['***', 'tasks', 'run', 'fhv_taxi_data', 'purge_task', 'scheduled__2019-03-02T07:00:00+00:00', '--job-id', '577', '--raw', '--subdir', 'DAGS_FOLDER/data_ingestion_gcs_multiFile_v02.py', '--cfg-path', '/tmp/tmpt9nbjxde']
[2023-06-11T01:23:24.584+0000] {standard_task_runner.py:83} INFO - Job 577: Subtask purge_task
[2023-06-11T01:23:24.586+0000] {dagbag.py:525} INFO - Filling up the DagBag from /opt/***/dags/data_ingestion_gcs_multiFile_v02.py
[2023-06-11T01:23:24.651+0000] {data_ingestion_gcs_multiFile_v02.py:20} INFO - dtc_data_lake_dtc-dezc-001 is the bucket.
[2023-06-11T01:23:24.667+0000] {warnings.py:110} WARNING - /home/***/.local/lib/python3.7/site-packages/***/configuration.py:545: DeprecationWarning: The sql_alchemy_conn option in [core] has been moved to the sql_alchemy_conn option in [database] - the old setting has been used, but please update your config.
  option = self._get_environment_variables(deprecated_key, deprecated_section, key, section)

[2023-06-11T01:23:24.704+0000] {task_command.py:384} INFO - Running <TaskInstance: fhv_taxi_data.purge_task scheduled__2019-03-02T07:00:00+00:00 [running]> on host f41d61956f54
[2023-06-11T01:23:24.726+0000] {warnings.py:110} WARNING - /home/***/.local/lib/python3.7/site-packages/***/utils/context.py:204: AirflowContextDeprecationWarning: Accessing 'execution_date' from the template is deprecated and will be removed in a future version. Please use 'data_interval_start' or 'logical_date' instead.
  warnings.warn(_create_deprecation_warning(key, self._deprecation_replacements[key]))

[2023-06-11T01:23:24.752+0000] {taskinstance.py:1592} INFO - Exporting the following env vars:
AIRFLOW_CTX_DAG_OWNER=admin
AIRFLOW_CTX_DAG_ID=fhv_taxi_data
AIRFLOW_CTX_TASK_ID=purge_task
AIRFLOW_CTX_EXECUTION_DATE=2019-03-02T07:00:00+00:00
AIRFLOW_CTX_TRY_NUMBER=1
AIRFLOW_CTX_DAG_RUN_ID=scheduled__2019-03-02T07:00:00+00:00
[2023-06-11T01:23:24.753+0000] {subprocess.py:63} INFO - Tmp dir root location: 
 /tmp
[2023-06-11T01:23:24.754+0000] {subprocess.py:75} INFO - Running command: ['/bin/bash', '-c', 'rm /opt/***/fhv_tripdata_2019-03.csv.gz /opt/***/fhv_tripdata_2019-03.parquet']
[2023-06-11T01:23:24.764+0000] {subprocess.py:86} INFO - Output:
[2023-06-11T01:23:24.777+0000] {subprocess.py:97} INFO - Command exited with return code 0
[2023-06-11T01:23:24.798+0000] {taskinstance.py:1406} INFO - Marking task as SUCCESS. dag_id=fhv_taxi_data, task_id=purge_task, execution_date=20190302T070000, start_date=20230611T012324, end_date=20230611T012324
[2023-06-11T01:23:24.837+0000] {local_task_job.py:164} INFO - Task exited with return code 0
[2023-06-11T01:23:24.851+0000] {local_task_job.py:273} INFO - 0 downstream tasks scheduled from follow-on schedule check
