[2023-06-06T23:56:37.674+0000] {taskinstance.py:1165} INFO - Dependencies all met for <TaskInstance: data_ingestion_gcs_dag.local_to_gcs_task manual__2023-06-06T23:56:28.553185+00:00 [queued]>
[2023-06-06T23:56:37.680+0000] {taskinstance.py:1165} INFO - Dependencies all met for <TaskInstance: data_ingestion_gcs_dag.local_to_gcs_task manual__2023-06-06T23:56:28.553185+00:00 [queued]>
[2023-06-06T23:56:37.681+0000] {taskinstance.py:1362} INFO - 
--------------------------------------------------------------------------------
[2023-06-06T23:56:37.682+0000] {taskinstance.py:1363} INFO - Starting attempt 1 of 2
[2023-06-06T23:56:37.682+0000] {taskinstance.py:1364} INFO - 
--------------------------------------------------------------------------------
[2023-06-06T23:56:37.691+0000] {taskinstance.py:1383} INFO - Executing <Task(PythonOperator): local_to_gcs_task> on 2023-06-06 23:56:28.553185+00:00
[2023-06-06T23:56:37.696+0000] {standard_task_runner.py:54} INFO - Started process 4406 to run task
[2023-06-06T23:56:37.700+0000] {standard_task_runner.py:82} INFO - Running: ['***', 'tasks', 'run', 'data_ingestion_gcs_dag', 'local_to_gcs_task', 'manual__2023-06-06T23:56:28.553185+00:00', '--job-id', '15', '--raw', '--subdir', 'DAGS_FOLDER/data_ingestion_gcs.py', '--cfg-path', '/tmp/tmpk_rixw7y']
[2023-06-06T23:56:37.702+0000] {standard_task_runner.py:83} INFO - Job 15: Subtask local_to_gcs_task
[2023-06-06T23:56:37.703+0000] {dagbag.py:525} INFO - Filling up the DagBag from /opt/***/dags/data_ingestion_gcs.py
[2023-06-06T23:56:37.720+0000] {data_ingestion_gcs.py:24} INFO - Dataset file is yellow_tripdata_2021-01.csv.gz, url is https://github.com/DataTalksClub/nyc-tlc-data/releases/download/yellow/yellow_tripdata_2021-01.csv.gz, local_home is /opt/***, parquet file is yellow_tripdata_2021-01.parquet
[2023-06-06T23:56:37.721+0000] {data_ingestion_gcs.py:32} INFO - dtc_data_lake_dtc-dezc-001 is the bucket,  dtc-dezc is the project name, dtc-dezc-001 is the project id, trips_data_all is the bigquery dataset.
[2023-06-06T23:56:37.782+0000] {task_command.py:384} INFO - Running <TaskInstance: data_ingestion_gcs_dag.local_to_gcs_task manual__2023-06-06T23:56:28.553185+00:00 [running]> on host 1d8c795fd30d
[2023-06-06T23:56:37.830+0000] {taskinstance.py:1592} INFO - Exporting the following env vars:
AIRFLOW_CTX_DAG_OWNER=admin
AIRFLOW_CTX_DAG_ID=data_ingestion_gcs_dag
AIRFLOW_CTX_TASK_ID=local_to_gcs_task
AIRFLOW_CTX_EXECUTION_DATE=2023-06-06T23:56:28.553185+00:00
AIRFLOW_CTX_TRY_NUMBER=1
AIRFLOW_CTX_DAG_RUN_ID=manual__2023-06-06T23:56:28.553185+00:00
[2023-06-06T23:56:39.149+0000] {data_ingestion_gcs.py:73} INFO - Blob is <Blob: dtc_data_lake_dtc-dezc-001, raw/yellow_tripdata_2021-01.parquet, None>
[2023-06-06T23:56:59.492+0000] {python.py:177} INFO - Done. Returned value was: None
[2023-06-06T23:56:59.520+0000] {taskinstance.py:1406} INFO - Marking task as SUCCESS. dag_id=data_ingestion_gcs_dag, task_id=local_to_gcs_task, execution_date=20230606T235628, start_date=20230606T235637, end_date=20230606T235659
[2023-06-06T23:56:59.565+0000] {local_task_job.py:164} INFO - Task exited with return code 0
[2023-06-06T23:56:59.592+0000] {local_task_job.py:273} INFO - 0 downstream tasks scheduled from follow-on schedule check
