[2023-06-10T02:11:28.297+0000] {taskinstance.py:1165} INFO - Dependencies all met for <TaskInstance: fhv_taxi_data.download_dataset_task scheduled__2021-06-02T07:00:00+00:00 [queued]>
[2023-06-10T02:11:28.309+0000] {taskinstance.py:1165} INFO - Dependencies all met for <TaskInstance: fhv_taxi_data.download_dataset_task scheduled__2021-06-02T07:00:00+00:00 [queued]>
[2023-06-10T02:11:28.310+0000] {taskinstance.py:1362} INFO - 
--------------------------------------------------------------------------------
[2023-06-10T02:11:28.311+0000] {taskinstance.py:1363} INFO - Starting attempt 1 of 2
[2023-06-10T02:11:28.311+0000] {taskinstance.py:1364} INFO - 
--------------------------------------------------------------------------------
[2023-06-10T02:11:28.321+0000] {taskinstance.py:1383} INFO - Executing <Task(BashOperator): download_dataset_task> on 2021-06-02 07:00:00+00:00
[2023-06-10T02:11:28.331+0000] {standard_task_runner.py:54} INFO - Started process 4305 to run task
[2023-06-10T02:11:28.341+0000] {standard_task_runner.py:82} INFO - Running: ['***', 'tasks', 'run', 'fhv_taxi_data', 'download_dataset_task', 'scheduled__2021-06-02T07:00:00+00:00', '--job-id', '207', '--raw', '--subdir', 'DAGS_FOLDER/data_ingestion_gcs_multiFile_v02.py', '--cfg-path', '/tmp/tmp75x7zo78']
[2023-06-10T02:11:28.344+0000] {standard_task_runner.py:83} INFO - Job 207: Subtask download_dataset_task
[2023-06-10T02:11:28.345+0000] {dagbag.py:525} INFO - Filling up the DagBag from /opt/***/dags/data_ingestion_gcs_multiFile_v02.py
[2023-06-10T02:11:28.478+0000] {data_ingestion_gcs_multiFile_v02.py:20} INFO - dtc_data_lake_dtc-dezc-001 is the bucket.
[2023-06-10T02:11:28.517+0000] {warnings.py:110} WARNING - /home/***/.local/lib/python3.7/site-packages/***/configuration.py:545: DeprecationWarning: The sql_alchemy_conn option in [core] has been moved to the sql_alchemy_conn option in [database] - the old setting has been used, but please update your config.
  option = self._get_environment_variables(deprecated_key, deprecated_section, key, section)

[2023-06-10T02:11:28.590+0000] {task_command.py:384} INFO - Running <TaskInstance: fhv_taxi_data.download_dataset_task scheduled__2021-06-02T07:00:00+00:00 [running]> on host f41d61956f54
[2023-06-10T02:11:28.650+0000] {warnings.py:110} WARNING - /home/***/.local/lib/python3.7/site-packages/***/utils/context.py:204: AirflowContextDeprecationWarning: Accessing 'execution_date' from the template is deprecated and will be removed in a future version. Please use 'data_interval_start' or 'logical_date' instead.
  warnings.warn(_create_deprecation_warning(key, self._deprecation_replacements[key]))

[2023-06-10T02:11:28.710+0000] {taskinstance.py:1592} INFO - Exporting the following env vars:
AIRFLOW_CTX_DAG_OWNER=admin
AIRFLOW_CTX_DAG_ID=fhv_taxi_data
AIRFLOW_CTX_TASK_ID=download_dataset_task
AIRFLOW_CTX_EXECUTION_DATE=2021-06-02T07:00:00+00:00
AIRFLOW_CTX_TRY_NUMBER=1
AIRFLOW_CTX_DAG_RUN_ID=scheduled__2021-06-02T07:00:00+00:00
[2023-06-10T02:11:28.711+0000] {subprocess.py:63} INFO - Tmp dir root location: 
 /tmp
[2023-06-10T02:11:28.712+0000] {subprocess.py:75} INFO - Running command: ['/bin/bash', '-c', 'curl -sSLf https://github.com/DataTalksClub/nyc-tlc-data/releases/tag/fhv/fhv_tripdata_2021-06.csv.gz > /opt/***/fhv_tripdata_2021-06.csv.gz']
[2023-06-10T02:11:28.729+0000] {subprocess.py:86} INFO - Output:
[2023-06-10T02:11:29.402+0000] {subprocess.py:97} INFO - Command exited with return code 0
[2023-06-10T02:11:29.432+0000] {taskinstance.py:1406} INFO - Marking task as SUCCESS. dag_id=fhv_taxi_data, task_id=download_dataset_task, execution_date=20210602T070000, start_date=20230610T021128, end_date=20230610T021129
[2023-06-10T02:11:29.486+0000] {local_task_job.py:164} INFO - Task exited with return code 0
[2023-06-10T02:11:29.512+0000] {local_task_job.py:273} INFO - 1 downstream tasks scheduled from follow-on schedule check
[2023-06-11T01:47:01.985+0000] {taskinstance.py:1165} INFO - Dependencies all met for <TaskInstance: fhv_taxi_data.download_dataset_task scheduled__2021-06-02T07:00:00+00:00 [queued]>
[2023-06-11T01:47:01.992+0000] {taskinstance.py:1165} INFO - Dependencies all met for <TaskInstance: fhv_taxi_data.download_dataset_task scheduled__2021-06-02T07:00:00+00:00 [queued]>
[2023-06-11T01:47:01.993+0000] {taskinstance.py:1362} INFO - 
--------------------------------------------------------------------------------
[2023-06-11T01:47:01.994+0000] {taskinstance.py:1363} INFO - Starting attempt 1 of 2
[2023-06-11T01:47:01.994+0000] {taskinstance.py:1364} INFO - 
--------------------------------------------------------------------------------
[2023-06-11T01:47:02.002+0000] {taskinstance.py:1383} INFO - Executing <Task(BashOperator): download_dataset_task> on 2021-06-02 07:00:00+00:00
[2023-06-11T01:47:02.006+0000] {standard_task_runner.py:54} INFO - Started process 7676 to run task
[2023-06-11T01:47:02.010+0000] {standard_task_runner.py:82} INFO - Running: ['***', 'tasks', 'run', 'fhv_taxi_data', 'download_dataset_task', 'scheduled__2021-06-02T07:00:00+00:00', '--job-id', '770', '--raw', '--subdir', 'DAGS_FOLDER/data_ingestion_gcs_multiFile_v02.py', '--cfg-path', '/tmp/tmpo4nv252t']
[2023-06-11T01:47:02.011+0000] {standard_task_runner.py:83} INFO - Job 770: Subtask download_dataset_task
[2023-06-11T01:47:02.012+0000] {dagbag.py:525} INFO - Filling up the DagBag from /opt/***/dags/data_ingestion_gcs_multiFile_v02.py
[2023-06-11T01:47:02.080+0000] {data_ingestion_gcs_multiFile_v02.py:20} INFO - dtc_data_lake_dtc-dezc-001 is the bucket.
[2023-06-11T01:47:02.096+0000] {warnings.py:110} WARNING - /home/***/.local/lib/python3.7/site-packages/***/configuration.py:545: DeprecationWarning: The sql_alchemy_conn option in [core] has been moved to the sql_alchemy_conn option in [database] - the old setting has been used, but please update your config.
  option = self._get_environment_variables(deprecated_key, deprecated_section, key, section)

[2023-06-11T01:47:02.142+0000] {task_command.py:384} INFO - Running <TaskInstance: fhv_taxi_data.download_dataset_task scheduled__2021-06-02T07:00:00+00:00 [running]> on host f41d61956f54
[2023-06-11T01:47:02.168+0000] {warnings.py:110} WARNING - /home/***/.local/lib/python3.7/site-packages/***/utils/context.py:204: AirflowContextDeprecationWarning: Accessing 'execution_date' from the template is deprecated and will be removed in a future version. Please use 'data_interval_start' or 'logical_date' instead.
  warnings.warn(_create_deprecation_warning(key, self._deprecation_replacements[key]))

[2023-06-11T01:47:02.199+0000] {taskinstance.py:1592} INFO - Exporting the following env vars:
AIRFLOW_CTX_DAG_OWNER=admin
AIRFLOW_CTX_DAG_ID=fhv_taxi_data
AIRFLOW_CTX_TASK_ID=download_dataset_task
AIRFLOW_CTX_EXECUTION_DATE=2021-06-02T07:00:00+00:00
AIRFLOW_CTX_TRY_NUMBER=1
AIRFLOW_CTX_DAG_RUN_ID=scheduled__2021-06-02T07:00:00+00:00
[2023-06-11T01:47:02.200+0000] {subprocess.py:63} INFO - Tmp dir root location: 
 /tmp
[2023-06-11T01:47:02.200+0000] {subprocess.py:75} INFO - Running command: ['/bin/bash', '-c', 'curl -sSLf https://github.com/DataTalksClub/nyc-tlc-data/releases/download/fhv/fhv_tripdata_2021-06.csv.gz > /opt/***/fhv_tripdata_2021-06.csv.gz']
[2023-06-11T01:47:02.210+0000] {subprocess.py:86} INFO - Output:
[2023-06-11T01:47:04.530+0000] {subprocess.py:97} INFO - Command exited with return code 0
[2023-06-11T01:47:04.570+0000] {taskinstance.py:1406} INFO - Marking task as SUCCESS. dag_id=fhv_taxi_data, task_id=download_dataset_task, execution_date=20210602T070000, start_date=20230611T014701, end_date=20230611T014704
[2023-06-11T01:47:04.615+0000] {local_task_job.py:164} INFO - Task exited with return code 0
[2023-06-11T01:47:04.639+0000] {local_task_job.py:273} INFO - 1 downstream tasks scheduled from follow-on schedule check
