[2023-06-10T01:17:35.513+0000] {taskinstance.py:1165} INFO - Dependencies all met for <TaskInstance: green_taxi_data.download_dataset_task scheduled__2019-04-02T06:30:00+00:00 [queued]>
[2023-06-10T01:17:35.519+0000] {taskinstance.py:1165} INFO - Dependencies all met for <TaskInstance: green_taxi_data.download_dataset_task scheduled__2019-04-02T06:30:00+00:00 [queued]>
[2023-06-10T01:17:35.520+0000] {taskinstance.py:1362} INFO - 
--------------------------------------------------------------------------------
[2023-06-10T01:17:35.521+0000] {taskinstance.py:1363} INFO - Starting attempt 1 of 2
[2023-06-10T01:17:35.523+0000] {taskinstance.py:1364} INFO - 
--------------------------------------------------------------------------------
[2023-06-10T01:17:35.532+0000] {taskinstance.py:1383} INFO - Executing <Task(BashOperator): download_dataset_task> on 2019-04-02 06:30:00+00:00
[2023-06-10T01:17:35.539+0000] {standard_task_runner.py:54} INFO - Started process 1169 to run task
[2023-06-10T01:17:35.547+0000] {standard_task_runner.py:82} INFO - Running: ['***', 'tasks', 'run', 'green_taxi_data', 'download_dataset_task', 'scheduled__2019-04-02T06:30:00+00:00', '--job-id', '46', '--raw', '--subdir', 'DAGS_FOLDER/data_ingestion_gcs_multiFile_v02.py', '--cfg-path', '/tmp/tmp49ysuh5f']
[2023-06-10T01:17:35.549+0000] {standard_task_runner.py:83} INFO - Job 46: Subtask download_dataset_task
[2023-06-10T01:17:35.551+0000] {dagbag.py:525} INFO - Filling up the DagBag from /opt/***/dags/data_ingestion_gcs_multiFile_v02.py
[2023-06-10T01:17:35.625+0000] {data_ingestion_gcs_multiFile_v02.py:20} INFO - dtc_data_lake_dtc-dezc-001 is the bucket.
[2023-06-10T01:17:35.646+0000] {warnings.py:110} WARNING - /home/***/.local/lib/python3.7/site-packages/***/configuration.py:545: DeprecationWarning: The sql_alchemy_conn option in [core] has been moved to the sql_alchemy_conn option in [database] - the old setting has been used, but please update your config.
  option = self._get_environment_variables(deprecated_key, deprecated_section, key, section)

[2023-06-10T01:17:35.722+0000] {task_command.py:384} INFO - Running <TaskInstance: green_taxi_data.download_dataset_task scheduled__2019-04-02T06:30:00+00:00 [running]> on host f41d61956f54
[2023-06-10T01:17:35.760+0000] {warnings.py:110} WARNING - /home/***/.local/lib/python3.7/site-packages/***/utils/context.py:204: AirflowContextDeprecationWarning: Accessing 'execution_date' from the template is deprecated and will be removed in a future version. Please use 'data_interval_start' or 'logical_date' instead.
  warnings.warn(_create_deprecation_warning(key, self._deprecation_replacements[key]))

[2023-06-10T01:17:35.806+0000] {taskinstance.py:1592} INFO - Exporting the following env vars:
AIRFLOW_CTX_DAG_OWNER=admin
AIRFLOW_CTX_DAG_ID=green_taxi_data
AIRFLOW_CTX_TASK_ID=download_dataset_task
AIRFLOW_CTX_EXECUTION_DATE=2019-04-02T06:30:00+00:00
AIRFLOW_CTX_TRY_NUMBER=1
AIRFLOW_CTX_DAG_RUN_ID=scheduled__2019-04-02T06:30:00+00:00
[2023-06-10T01:17:35.807+0000] {subprocess.py:63} INFO - Tmp dir root location: 
 /tmp
[2023-06-10T01:17:35.808+0000] {subprocess.py:75} INFO - Running command: ['/bin/bash', '-c', 'curl -sSLf https://github.com/DataTalksClub/nyc-tlc-data/releases/tag/green/green_tripdata_2019-04.csv.gz > /opt/***/green_tripdata_2019-04.csv.gz']
[2023-06-10T01:17:35.823+0000] {subprocess.py:86} INFO - Output:
[2023-06-10T01:17:36.438+0000] {subprocess.py:97} INFO - Command exited with return code 0
[2023-06-10T01:17:36.463+0000] {taskinstance.py:1406} INFO - Marking task as SUCCESS. dag_id=green_taxi_data, task_id=download_dataset_task, execution_date=20190402T063000, start_date=20230610T011735, end_date=20230610T011736
[2023-06-10T01:17:36.522+0000] {local_task_job.py:164} INFO - Task exited with return code 0
[2023-06-10T01:17:36.544+0000] {local_task_job.py:273} INFO - 1 downstream tasks scheduled from follow-on schedule check
[2023-06-11T01:09:55.904+0000] {taskinstance.py:1165} INFO - Dependencies all met for <TaskInstance: green_taxi_data.download_dataset_task scheduled__2019-04-02T06:30:00+00:00 [queued]>
[2023-06-11T01:09:55.914+0000] {taskinstance.py:1165} INFO - Dependencies all met for <TaskInstance: green_taxi_data.download_dataset_task scheduled__2019-04-02T06:30:00+00:00 [queued]>
[2023-06-11T01:09:55.915+0000] {taskinstance.py:1362} INFO - 
--------------------------------------------------------------------------------
[2023-06-11T01:09:55.915+0000] {taskinstance.py:1363} INFO - Starting attempt 1 of 2
[2023-06-11T01:09:55.916+0000] {taskinstance.py:1364} INFO - 
--------------------------------------------------------------------------------
[2023-06-11T01:09:55.927+0000] {taskinstance.py:1383} INFO - Executing <Task(BashOperator): download_dataset_task> on 2019-04-02 06:30:00+00:00
[2023-06-11T01:09:55.932+0000] {standard_task_runner.py:54} INFO - Started process 3890 to run task
[2023-06-11T01:09:55.937+0000] {standard_task_runner.py:82} INFO - Running: ['***', 'tasks', 'run', 'green_taxi_data', 'download_dataset_task', 'scheduled__2019-04-02T06:30:00+00:00', '--job-id', '410', '--raw', '--subdir', 'DAGS_FOLDER/data_ingestion_gcs_multiFile_v02.py', '--cfg-path', '/tmp/tmpuqk1zej_']
[2023-06-11T01:09:55.938+0000] {standard_task_runner.py:83} INFO - Job 410: Subtask download_dataset_task
[2023-06-11T01:09:55.940+0000] {dagbag.py:525} INFO - Filling up the DagBag from /opt/***/dags/data_ingestion_gcs_multiFile_v02.py
[2023-06-11T01:09:56.001+0000] {data_ingestion_gcs_multiFile_v02.py:20} INFO - dtc_data_lake_dtc-dezc-001 is the bucket.
[2023-06-11T01:09:56.016+0000] {warnings.py:110} WARNING - /home/***/.local/lib/python3.7/site-packages/***/configuration.py:545: DeprecationWarning: The sql_alchemy_conn option in [core] has been moved to the sql_alchemy_conn option in [database] - the old setting has been used, but please update your config.
  option = self._get_environment_variables(deprecated_key, deprecated_section, key, section)

[2023-06-11T01:09:56.059+0000] {task_command.py:384} INFO - Running <TaskInstance: green_taxi_data.download_dataset_task scheduled__2019-04-02T06:30:00+00:00 [running]> on host f41d61956f54
[2023-06-11T01:09:56.080+0000] {warnings.py:110} WARNING - /home/***/.local/lib/python3.7/site-packages/***/utils/context.py:204: AirflowContextDeprecationWarning: Accessing 'execution_date' from the template is deprecated and will be removed in a future version. Please use 'data_interval_start' or 'logical_date' instead.
  warnings.warn(_create_deprecation_warning(key, self._deprecation_replacements[key]))

[2023-06-11T01:09:56.110+0000] {taskinstance.py:1592} INFO - Exporting the following env vars:
AIRFLOW_CTX_DAG_OWNER=admin
AIRFLOW_CTX_DAG_ID=green_taxi_data
AIRFLOW_CTX_TASK_ID=download_dataset_task
AIRFLOW_CTX_EXECUTION_DATE=2019-04-02T06:30:00+00:00
AIRFLOW_CTX_TRY_NUMBER=1
AIRFLOW_CTX_DAG_RUN_ID=scheduled__2019-04-02T06:30:00+00:00
[2023-06-11T01:09:56.111+0000] {subprocess.py:63} INFO - Tmp dir root location: 
 /tmp
[2023-06-11T01:09:56.112+0000] {subprocess.py:75} INFO - Running command: ['/bin/bash', '-c', 'curl -sSLf https://github.com/DataTalksClub/nyc-tlc-data/releases/download/green/green_tripdata_2019-04.csv.gz > /opt/***/green_tripdata_2019-04.csv.gz']
[2023-06-11T01:09:56.123+0000] {subprocess.py:86} INFO - Output:
[2023-06-11T01:09:57.679+0000] {subprocess.py:97} INFO - Command exited with return code 0
[2023-06-11T01:09:57.702+0000] {taskinstance.py:1406} INFO - Marking task as SUCCESS. dag_id=green_taxi_data, task_id=download_dataset_task, execution_date=20190402T063000, start_date=20230611T010955, end_date=20230611T010957
[2023-06-11T01:09:57.763+0000] {local_task_job.py:164} INFO - Task exited with return code 0
[2023-06-11T01:09:57.785+0000] {local_task_job.py:273} INFO - 1 downstream tasks scheduled from follow-on schedule check
