[2023-06-06T19:31:26.480+0000] {taskinstance.py:1165} INFO - Dependencies all met for <TaskInstance: data_ingestion_gcs_dag.local_to_gcs_task scheduled__2023-06-05T00:00:00+00:00 [queued]>
[2023-06-06T19:31:26.486+0000] {taskinstance.py:1165} INFO - Dependencies all met for <TaskInstance: data_ingestion_gcs_dag.local_to_gcs_task scheduled__2023-06-05T00:00:00+00:00 [queued]>
[2023-06-06T19:31:26.487+0000] {taskinstance.py:1362} INFO - 
--------------------------------------------------------------------------------
[2023-06-06T19:31:26.487+0000] {taskinstance.py:1363} INFO - Starting attempt 2 of 2
[2023-06-06T19:31:26.488+0000] {taskinstance.py:1364} INFO - 
--------------------------------------------------------------------------------
[2023-06-06T19:31:26.504+0000] {taskinstance.py:1383} INFO - Executing <Task(PythonOperator): local_to_gcs_task> on 2023-06-05 00:00:00+00:00
[2023-06-06T19:31:26.509+0000] {standard_task_runner.py:54} INFO - Started process 436 to run task
[2023-06-06T19:31:26.518+0000] {standard_task_runner.py:82} INFO - Running: ['***', 'tasks', 'run', 'data_ingestion_gcs_dag', 'local_to_gcs_task', 'scheduled__2023-06-05T00:00:00+00:00', '--job-id', '6', '--raw', '--subdir', 'DAGS_FOLDER/data_ingestion_gcs.py', '--cfg-path', '/tmp/tmp7v2qha47']
[2023-06-06T19:31:26.529+0000] {standard_task_runner.py:83} INFO - Job 6: Subtask local_to_gcs_task
[2023-06-06T19:31:26.531+0000] {dagbag.py:525} INFO - Filling up the DagBag from /opt/***/dags/data_ingestion_gcs.py
[2023-06-06T19:31:26.552+0000] {data_ingestion_gcs.py:24} INFO - Dataset file is yellow_tripdata_2021-01.csv.gz, url is https://github.com/DataTalksClub/nyc-tlc-data/releases/download/yellow/yellow_tripdata_2021-01.csv.gz, local_home is /opt/***, parquet file is yellow_tripdata_2021-01.parquet
[2023-06-06T19:31:26.554+0000] {data_ingestion_gcs.py:31} INFO - dtc_data_lake_dtc-dezc-001 is the bucket, dtc-dezc-001 is the project id, trips_data_all is the bigquery dataset.
[2023-06-06T19:31:26.593+0000] {warnings.py:110} WARNING - /home/***/.local/lib/python3.7/site-packages/***/configuration.py:545: DeprecationWarning: The sql_alchemy_conn option in [core] has been moved to the sql_alchemy_conn option in [database] - the old setting has been used, but please update your config.
  option = self._get_environment_variables(deprecated_key, deprecated_section, key, section)

[2023-06-06T19:31:26.651+0000] {task_command.py:384} INFO - Running <TaskInstance: data_ingestion_gcs_dag.local_to_gcs_task scheduled__2023-06-05T00:00:00+00:00 [running]> on host 5b07d5f4e84f
[2023-06-06T19:31:26.726+0000] {taskinstance.py:1592} INFO - Exporting the following env vars:
AIRFLOW_CTX_DAG_OWNER=admin
AIRFLOW_CTX_DAG_ID=data_ingestion_gcs_dag
AIRFLOW_CTX_TASK_ID=local_to_gcs_task
AIRFLOW_CTX_EXECUTION_DATE=2023-06-05T00:00:00+00:00
AIRFLOW_CTX_TRY_NUMBER=2
AIRFLOW_CTX_DAG_RUN_ID=scheduled__2023-06-05T00:00:00+00:00
[2023-06-06T19:31:26.730+0000] {warnings.py:110} WARNING - /home/***/.local/lib/python3.7/site-packages/google/auth/_default.py:81: UserWarning: Your application has authenticated using end user credentials from Google Cloud SDK without a quota project. You might receive a "quota exceeded" or "API not enabled" error. We recommend you rerun `gcloud auth application-default login` and make sure a quota project is added. Or you can use service accounts instead. For more information about service accounts, see https://cloud.google.com/docs/authentication/
  warnings.warn(_CLOUD_SDK_CREDENTIALS_WARNING)

[2023-06-06T19:31:26.732+0000] {_default.py:612} WARNING - No project ID could be determined. Consider running `gcloud config set project` or setting the GOOGLE_CLOUD_PROJECT environment variable
[2023-06-06T19:31:26.732+0000] {taskinstance.py:1851} ERROR - Task failed with exception
Traceback (most recent call last):
  File "/home/airflow/.local/lib/python3.7/site-packages/airflow/operators/python.py", line 175, in execute
    return_value = self.execute_callable()
  File "/home/airflow/.local/lib/python3.7/site-packages/airflow/operators/python.py", line 193, in execute_callable
    return self.python_callable(*self.op_args, **self.op_kwargs)
  File "/opt/airflow/dags/data_ingestion_gcs.py", line 67, in upload_to_gcs
    client = storage.Client()
  File "/home/airflow/.local/lib/python3.7/site-packages/google/cloud/storage/client.py", line 128, in __init__
    _http=_http,
  File "/home/airflow/.local/lib/python3.7/site-packages/google/cloud/client/__init__.py", line 320, in __init__
    _ClientProjectMixin.__init__(self, project=project, credentials=credentials)
  File "/home/airflow/.local/lib/python3.7/site-packages/google/cloud/client/__init__.py", line 272, in __init__
    "Project was not passed and could not be "
OSError: Project was not passed and could not be determined from the environment.
[2023-06-06T19:31:26.755+0000] {taskinstance.py:1406} INFO - Marking task as FAILED. dag_id=data_ingestion_gcs_dag, task_id=local_to_gcs_task, execution_date=20230605T000000, start_date=20230606T193126, end_date=20230606T193126
[2023-06-06T19:31:26.773+0000] {standard_task_runner.py:107} ERROR - Failed to execute job 6 for task local_to_gcs_task (Project was not passed and could not be determined from the environment.; 436)
[2023-06-06T19:31:26.807+0000] {local_task_job.py:164} INFO - Task exited with return code 1
[2023-06-06T19:31:26.833+0000] {local_task_job.py:273} INFO - 0 downstream tasks scheduled from follow-on schedule check
