[2023-06-10T01:50:57.886+0000] {taskinstance.py:1165} INFO - Dependencies all met for <TaskInstance: green_taxi_data.download_dataset_task scheduled__2020-07-02T06:30:00+00:00 [queued]>
[2023-06-10T01:50:57.899+0000] {taskinstance.py:1165} INFO - Dependencies all met for <TaskInstance: green_taxi_data.download_dataset_task scheduled__2020-07-02T06:30:00+00:00 [queued]>
[2023-06-10T01:50:57.900+0000] {taskinstance.py:1362} INFO - 
--------------------------------------------------------------------------------
[2023-06-10T01:50:57.900+0000] {taskinstance.py:1363} INFO - Starting attempt 1 of 2
[2023-06-10T01:50:57.901+0000] {taskinstance.py:1364} INFO - 
--------------------------------------------------------------------------------
[2023-06-10T01:50:57.916+0000] {taskinstance.py:1383} INFO - Executing <Task(BashOperator): download_dataset_task> on 2020-07-02 06:30:00+00:00
[2023-06-10T01:50:57.919+0000] {standard_task_runner.py:54} INFO - Started process 2876 to run task
[2023-06-10T01:50:57.925+0000] {standard_task_runner.py:82} INFO - Running: ['***', 'tasks', 'run', 'green_taxi_data', 'download_dataset_task', 'scheduled__2020-07-02T06:30:00+00:00', '--job-id', '135', '--raw', '--subdir', 'DAGS_FOLDER/data_ingestion_gcs_multiFile_v02.py', '--cfg-path', '/tmp/tmpf70dga6l']
[2023-06-10T01:50:57.927+0000] {standard_task_runner.py:83} INFO - Job 135: Subtask download_dataset_task
[2023-06-10T01:50:57.931+0000] {dagbag.py:525} INFO - Filling up the DagBag from /opt/***/dags/data_ingestion_gcs_multiFile_v02.py
[2023-06-10T01:50:58.085+0000] {data_ingestion_gcs_multiFile_v02.py:20} INFO - dtc_data_lake_dtc-dezc-001 is the bucket.
[2023-06-10T01:50:58.125+0000] {warnings.py:110} WARNING - /home/***/.local/lib/python3.7/site-packages/***/configuration.py:545: DeprecationWarning: The sql_alchemy_conn option in [core] has been moved to the sql_alchemy_conn option in [database] - the old setting has been used, but please update your config.
  option = self._get_environment_variables(deprecated_key, deprecated_section, key, section)

[2023-06-10T01:50:58.220+0000] {task_command.py:384} INFO - Running <TaskInstance: green_taxi_data.download_dataset_task scheduled__2020-07-02T06:30:00+00:00 [running]> on host f41d61956f54
[2023-06-10T01:50:58.268+0000] {warnings.py:110} WARNING - /home/***/.local/lib/python3.7/site-packages/***/utils/context.py:204: AirflowContextDeprecationWarning: Accessing 'execution_date' from the template is deprecated and will be removed in a future version. Please use 'data_interval_start' or 'logical_date' instead.
  warnings.warn(_create_deprecation_warning(key, self._deprecation_replacements[key]))

[2023-06-10T01:50:58.326+0000] {taskinstance.py:1592} INFO - Exporting the following env vars:
AIRFLOW_CTX_DAG_OWNER=admin
AIRFLOW_CTX_DAG_ID=green_taxi_data
AIRFLOW_CTX_TASK_ID=download_dataset_task
AIRFLOW_CTX_EXECUTION_DATE=2020-07-02T06:30:00+00:00
AIRFLOW_CTX_TRY_NUMBER=1
AIRFLOW_CTX_DAG_RUN_ID=scheduled__2020-07-02T06:30:00+00:00
[2023-06-10T01:50:58.327+0000] {subprocess.py:63} INFO - Tmp dir root location: 
 /tmp
[2023-06-10T01:50:58.328+0000] {subprocess.py:75} INFO - Running command: ['/bin/bash', '-c', 'curl -sSLf https://github.com/DataTalksClub/nyc-tlc-data/releases/tag/green/green_tripdata_2020-07.csv.gz > /opt/***/green_tripdata_2020-07.csv.gz']
[2023-06-10T01:50:58.343+0000] {subprocess.py:86} INFO - Output:
[2023-06-10T01:50:59.015+0000] {subprocess.py:97} INFO - Command exited with return code 0
[2023-06-10T01:50:59.039+0000] {taskinstance.py:1406} INFO - Marking task as SUCCESS. dag_id=green_taxi_data, task_id=download_dataset_task, execution_date=20200702T063000, start_date=20230610T015057, end_date=20230610T015059
[2023-06-10T01:50:59.070+0000] {local_task_job.py:164} INFO - Task exited with return code 0
[2023-06-10T01:50:59.093+0000] {local_task_job.py:273} INFO - 1 downstream tasks scheduled from follow-on schedule check
[2023-06-11T01:14:16.668+0000] {taskinstance.py:1165} INFO - Dependencies all met for <TaskInstance: green_taxi_data.download_dataset_task scheduled__2020-07-02T06:30:00+00:00 [queued]>
[2023-06-11T01:14:16.675+0000] {taskinstance.py:1165} INFO - Dependencies all met for <TaskInstance: green_taxi_data.download_dataset_task scheduled__2020-07-02T06:30:00+00:00 [queued]>
[2023-06-11T01:14:16.675+0000] {taskinstance.py:1362} INFO - 
--------------------------------------------------------------------------------
[2023-06-11T01:14:16.676+0000] {taskinstance.py:1363} INFO - Starting attempt 1 of 2
[2023-06-11T01:14:16.676+0000] {taskinstance.py:1364} INFO - 
--------------------------------------------------------------------------------
[2023-06-11T01:14:16.684+0000] {taskinstance.py:1383} INFO - Executing <Task(BashOperator): download_dataset_task> on 2020-07-02 06:30:00+00:00
[2023-06-11T01:14:16.691+0000] {standard_task_runner.py:54} INFO - Started process 4541 to run task
[2023-06-11T01:14:16.694+0000] {standard_task_runner.py:82} INFO - Running: ['***', 'tasks', 'run', 'green_taxi_data', 'download_dataset_task', 'scheduled__2020-07-02T06:30:00+00:00', '--job-id', '478', '--raw', '--subdir', 'DAGS_FOLDER/data_ingestion_gcs_multiFile_v02.py', '--cfg-path', '/tmp/tmpgs8kl6lw']
[2023-06-11T01:14:16.695+0000] {standard_task_runner.py:83} INFO - Job 478: Subtask download_dataset_task
[2023-06-11T01:14:16.696+0000] {dagbag.py:525} INFO - Filling up the DagBag from /opt/***/dags/data_ingestion_gcs_multiFile_v02.py
[2023-06-11T01:14:16.760+0000] {data_ingestion_gcs_multiFile_v02.py:20} INFO - dtc_data_lake_dtc-dezc-001 is the bucket.
[2023-06-11T01:14:16.777+0000] {warnings.py:110} WARNING - /home/***/.local/lib/python3.7/site-packages/***/configuration.py:545: DeprecationWarning: The sql_alchemy_conn option in [core] has been moved to the sql_alchemy_conn option in [database] - the old setting has been used, but please update your config.
  option = self._get_environment_variables(deprecated_key, deprecated_section, key, section)

[2023-06-11T01:14:16.820+0000] {task_command.py:384} INFO - Running <TaskInstance: green_taxi_data.download_dataset_task scheduled__2020-07-02T06:30:00+00:00 [running]> on host f41d61956f54
[2023-06-11T01:14:16.844+0000] {warnings.py:110} WARNING - /home/***/.local/lib/python3.7/site-packages/***/utils/context.py:204: AirflowContextDeprecationWarning: Accessing 'execution_date' from the template is deprecated and will be removed in a future version. Please use 'data_interval_start' or 'logical_date' instead.
  warnings.warn(_create_deprecation_warning(key, self._deprecation_replacements[key]))

[2023-06-11T01:14:16.873+0000] {taskinstance.py:1592} INFO - Exporting the following env vars:
AIRFLOW_CTX_DAG_OWNER=admin
AIRFLOW_CTX_DAG_ID=green_taxi_data
AIRFLOW_CTX_TASK_ID=download_dataset_task
AIRFLOW_CTX_EXECUTION_DATE=2020-07-02T06:30:00+00:00
AIRFLOW_CTX_TRY_NUMBER=1
AIRFLOW_CTX_DAG_RUN_ID=scheduled__2020-07-02T06:30:00+00:00
[2023-06-11T01:14:16.874+0000] {subprocess.py:63} INFO - Tmp dir root location: 
 /tmp
[2023-06-11T01:14:16.875+0000] {subprocess.py:75} INFO - Running command: ['/bin/bash', '-c', 'curl -sSLf https://github.com/DataTalksClub/nyc-tlc-data/releases/download/green/green_tripdata_2020-07.csv.gz > /opt/***/green_tripdata_2020-07.csv.gz']
[2023-06-11T01:14:16.889+0000] {subprocess.py:86} INFO - Output:
[2023-06-11T01:14:17.601+0000] {subprocess.py:97} INFO - Command exited with return code 0
[2023-06-11T01:14:17.632+0000] {taskinstance.py:1406} INFO - Marking task as SUCCESS. dag_id=green_taxi_data, task_id=download_dataset_task, execution_date=20200702T063000, start_date=20230611T011416, end_date=20230611T011417
[2023-06-11T01:14:17.675+0000] {local_task_job.py:164} INFO - Task exited with return code 0
[2023-06-11T01:14:17.700+0000] {local_task_job.py:273} INFO - 1 downstream tasks scheduled from follow-on schedule check
