[2023-06-06T19:26:22.544+0000] {taskinstance.py:1165} INFO - Dependencies all met for <TaskInstance: data_ingestion_gcs_dag.format_to_parquet_task scheduled__2023-06-05T00:00:00+00:00 [queued]>
[2023-06-06T19:26:22.551+0000] {taskinstance.py:1165} INFO - Dependencies all met for <TaskInstance: data_ingestion_gcs_dag.format_to_parquet_task scheduled__2023-06-05T00:00:00+00:00 [queued]>
[2023-06-06T19:26:22.552+0000] {taskinstance.py:1362} INFO - 
--------------------------------------------------------------------------------
[2023-06-06T19:26:22.552+0000] {taskinstance.py:1363} INFO - Starting attempt 1 of 2
[2023-06-06T19:26:22.553+0000] {taskinstance.py:1364} INFO - 
--------------------------------------------------------------------------------
[2023-06-06T19:26:22.561+0000] {taskinstance.py:1383} INFO - Executing <Task(PythonOperator): format_to_parquet_task> on 2023-06-05 00:00:00+00:00
[2023-06-06T19:26:22.571+0000] {standard_task_runner.py:54} INFO - Started process 176 to run task
[2023-06-06T19:26:22.574+0000] {standard_task_runner.py:82} INFO - Running: ['***', 'tasks', 'run', 'data_ingestion_gcs_dag', 'format_to_parquet_task', 'scheduled__2023-06-05T00:00:00+00:00', '--job-id', '4', '--raw', '--subdir', 'DAGS_FOLDER/data_ingestion_gcs.py', '--cfg-path', '/tmp/tmp7zjz0hzo']
[2023-06-06T19:26:22.576+0000] {standard_task_runner.py:83} INFO - Job 4: Subtask format_to_parquet_task
[2023-06-06T19:26:22.577+0000] {dagbag.py:525} INFO - Filling up the DagBag from /opt/***/dags/data_ingestion_gcs.py
[2023-06-06T19:26:22.599+0000] {data_ingestion_gcs.py:24} INFO - Dataset file is yellow_tripdata_2021-01.csv.gz, url is https://github.com/DataTalksClub/nyc-tlc-data/releases/download/yellow/yellow_tripdata_2021-01.csv.gz, local_home is /opt/***, parquet file is yellow_tripdata_2021-01.parquet
[2023-06-06T19:26:22.600+0000] {data_ingestion_gcs.py:31} INFO - dtc_data_lake_dtc-dezc-001 is the bucket, dtc-dezc-001 is the project id, trips_data_all is the bigquery dataset.
[2023-06-06T19:26:22.618+0000] {warnings.py:110} WARNING - /home/***/.local/lib/python3.7/site-packages/***/configuration.py:545: DeprecationWarning: The sql_alchemy_conn option in [core] has been moved to the sql_alchemy_conn option in [database] - the old setting has been used, but please update your config.
  option = self._get_environment_variables(deprecated_key, deprecated_section, key, section)

[2023-06-06T19:26:22.667+0000] {task_command.py:384} INFO - Running <TaskInstance: data_ingestion_gcs_dag.format_to_parquet_task scheduled__2023-06-05T00:00:00+00:00 [running]> on host 5b07d5f4e84f
[2023-06-06T19:26:22.714+0000] {taskinstance.py:1592} INFO - Exporting the following env vars:
AIRFLOW_CTX_DAG_OWNER=admin
AIRFLOW_CTX_DAG_ID=data_ingestion_gcs_dag
AIRFLOW_CTX_TASK_ID=format_to_parquet_task
AIRFLOW_CTX_EXECUTION_DATE=2023-06-05T00:00:00+00:00
AIRFLOW_CTX_TRY_NUMBER=1
AIRFLOW_CTX_DAG_RUN_ID=scheduled__2023-06-05T00:00:00+00:00
[2023-06-06T19:26:23.581+0000] {python.py:177} INFO - Done. Returned value was: None
[2023-06-06T19:26:23.597+0000] {taskinstance.py:1406} INFO - Marking task as SUCCESS. dag_id=data_ingestion_gcs_dag, task_id=format_to_parquet_task, execution_date=20230605T000000, start_date=20230606T192622, end_date=20230606T192623
[2023-06-06T19:26:23.689+0000] {local_task_job.py:164} INFO - Task exited with return code 0
[2023-06-06T19:26:23.714+0000] {local_task_job.py:273} INFO - 0 downstream tasks scheduled from follow-on schedule check
[2023-06-06T20:10:19.092+0000] {taskinstance.py:1165} INFO - Dependencies all met for <TaskInstance: data_ingestion_gcs_dag.format_to_parquet_task scheduled__2023-06-05T00:00:00+00:00 [queued]>
[2023-06-06T20:10:19.098+0000] {taskinstance.py:1165} INFO - Dependencies all met for <TaskInstance: data_ingestion_gcs_dag.format_to_parquet_task scheduled__2023-06-05T00:00:00+00:00 [queued]>
[2023-06-06T20:10:19.099+0000] {taskinstance.py:1362} INFO - 
--------------------------------------------------------------------------------
[2023-06-06T20:10:19.099+0000] {taskinstance.py:1363} INFO - Starting attempt 1 of 2
[2023-06-06T20:10:19.100+0000] {taskinstance.py:1364} INFO - 
--------------------------------------------------------------------------------
[2023-06-06T20:10:19.107+0000] {taskinstance.py:1383} INFO - Executing <Task(PythonOperator): format_to_parquet_task> on 2023-06-05 00:00:00+00:00
[2023-06-06T20:10:19.112+0000] {standard_task_runner.py:54} INFO - Started process 174 to run task
[2023-06-06T20:10:19.115+0000] {standard_task_runner.py:82} INFO - Running: ['***', 'tasks', 'run', 'data_ingestion_gcs_dag', 'format_to_parquet_task', 'scheduled__2023-06-05T00:00:00+00:00', '--job-id', '4', '--raw', '--subdir', 'DAGS_FOLDER/data_ingestion_gcs.py', '--cfg-path', '/tmp/tmpr9vaf1rg']
[2023-06-06T20:10:19.117+0000] {standard_task_runner.py:83} INFO - Job 4: Subtask format_to_parquet_task
[2023-06-06T20:10:19.118+0000] {dagbag.py:525} INFO - Filling up the DagBag from /opt/***/dags/data_ingestion_gcs.py
[2023-06-06T20:10:19.133+0000] {data_ingestion_gcs.py:24} INFO - Dataset file is yellow_tripdata_2021-01.csv.gz, url is https://github.com/DataTalksClub/nyc-tlc-data/releases/download/yellow/yellow_tripdata_2021-01.csv.gz, local_home is /opt/***, parquet file is yellow_tripdata_2021-01.parquet
[2023-06-06T20:10:19.134+0000] {data_ingestion_gcs.py:32} INFO - dtc_data_lake_dtc-dezc-001 is the bucket,  dtc-dezc is the project name, dtc-dezc-001 is the project id, trips_data_all is the bigquery dataset.
[2023-06-06T20:10:19.146+0000] {warnings.py:110} WARNING - /home/***/.local/lib/python3.7/site-packages/***/configuration.py:545: DeprecationWarning: The sql_alchemy_conn option in [core] has been moved to the sql_alchemy_conn option in [database] - the old setting has been used, but please update your config.
  option = self._get_environment_variables(deprecated_key, deprecated_section, key, section)

[2023-06-06T20:10:19.187+0000] {task_command.py:384} INFO - Running <TaskInstance: data_ingestion_gcs_dag.format_to_parquet_task scheduled__2023-06-05T00:00:00+00:00 [running]> on host 1d8c795fd30d
[2023-06-06T20:10:19.232+0000] {taskinstance.py:1592} INFO - Exporting the following env vars:
AIRFLOW_CTX_DAG_OWNER=admin
AIRFLOW_CTX_DAG_ID=data_ingestion_gcs_dag
AIRFLOW_CTX_TASK_ID=format_to_parquet_task
AIRFLOW_CTX_EXECUTION_DATE=2023-06-05T00:00:00+00:00
AIRFLOW_CTX_TRY_NUMBER=1
AIRFLOW_CTX_DAG_RUN_ID=scheduled__2023-06-05T00:00:00+00:00
[2023-06-06T20:10:20.120+0000] {python.py:177} INFO - Done. Returned value was: None
[2023-06-06T20:10:20.131+0000] {taskinstance.py:1406} INFO - Marking task as SUCCESS. dag_id=data_ingestion_gcs_dag, task_id=format_to_parquet_task, execution_date=20230605T000000, start_date=20230606T201019, end_date=20230606T201020
[2023-06-06T20:10:20.261+0000] {local_task_job.py:164} INFO - Task exited with return code 0
[2023-06-06T20:10:20.281+0000] {local_task_job.py:273} INFO - 0 downstream tasks scheduled from follow-on schedule check
