[2023-06-10T01:40:46.325+0000] {taskinstance.py:1165} INFO - Dependencies all met for <TaskInstance: fhv_taxi_data.format_to_parquet_task scheduled__2020-01-02T07:00:00+00:00 [queued]>
[2023-06-10T01:40:46.333+0000] {taskinstance.py:1165} INFO - Dependencies all met for <TaskInstance: fhv_taxi_data.format_to_parquet_task scheduled__2020-01-02T07:00:00+00:00 [queued]>
[2023-06-10T01:40:46.334+0000] {taskinstance.py:1362} INFO - 
--------------------------------------------------------------------------------
[2023-06-10T01:40:46.339+0000] {taskinstance.py:1363} INFO - Starting attempt 1 of 2
[2023-06-10T01:40:46.340+0000] {taskinstance.py:1364} INFO - 
--------------------------------------------------------------------------------
[2023-06-10T01:40:46.372+0000] {taskinstance.py:1383} INFO - Executing <Task(PythonOperator): format_to_parquet_task> on 2020-01-02 07:00:00+00:00
[2023-06-10T01:40:46.383+0000] {standard_task_runner.py:54} INFO - Started process 2211 to run task
[2023-06-10T01:40:46.387+0000] {standard_task_runner.py:82} INFO - Running: ['***', 'tasks', 'run', 'fhv_taxi_data', 'format_to_parquet_task', 'scheduled__2020-01-02T07:00:00+00:00', '--job-id', '108', '--raw', '--subdir', 'DAGS_FOLDER/data_ingestion_gcs_multiFile_v02.py', '--cfg-path', '/tmp/tmp9_6um379']
[2023-06-10T01:40:46.389+0000] {standard_task_runner.py:83} INFO - Job 108: Subtask format_to_parquet_task
[2023-06-10T01:40:46.390+0000] {dagbag.py:525} INFO - Filling up the DagBag from /opt/***/dags/data_ingestion_gcs_multiFile_v02.py
[2023-06-10T01:40:46.566+0000] {data_ingestion_gcs_multiFile_v02.py:20} INFO - dtc_data_lake_dtc-dezc-001 is the bucket.
[2023-06-10T01:40:46.602+0000] {warnings.py:110} WARNING - /home/***/.local/lib/python3.7/site-packages/***/configuration.py:545: DeprecationWarning: The sql_alchemy_conn option in [core] has been moved to the sql_alchemy_conn option in [database] - the old setting has been used, but please update your config.
  option = self._get_environment_variables(deprecated_key, deprecated_section, key, section)

[2023-06-10T01:40:46.691+0000] {task_command.py:384} INFO - Running <TaskInstance: fhv_taxi_data.format_to_parquet_task scheduled__2020-01-02T07:00:00+00:00 [running]> on host f41d61956f54
[2023-06-10T01:40:46.736+0000] {warnings.py:110} WARNING - /home/***/.local/lib/python3.7/site-packages/***/utils/context.py:204: AirflowContextDeprecationWarning: Accessing 'execution_date' from the template is deprecated and will be removed in a future version. Please use 'data_interval_start' or 'logical_date' instead.
  warnings.warn(_create_deprecation_warning(key, self._deprecation_replacements[key]))

[2023-06-10T01:40:46.821+0000] {taskinstance.py:1592} INFO - Exporting the following env vars:
AIRFLOW_CTX_DAG_OWNER=admin
AIRFLOW_CTX_DAG_ID=fhv_taxi_data
AIRFLOW_CTX_TASK_ID=format_to_parquet_task
AIRFLOW_CTX_EXECUTION_DATE=2020-01-02T07:00:00+00:00
AIRFLOW_CTX_TRY_NUMBER=1
AIRFLOW_CTX_DAG_RUN_ID=scheduled__2020-01-02T07:00:00+00:00
[2023-06-10T01:40:46.950+0000] {taskinstance.py:1851} ERROR - Task failed with exception
Traceback (most recent call last):
  File "/home/airflow/.local/lib/python3.7/site-packages/airflow/operators/python.py", line 175, in execute
    return_value = self.execute_callable()
  File "/home/airflow/.local/lib/python3.7/site-packages/airflow/operators/python.py", line 193, in execute_callable
    return self.python_callable(*self.op_args, **self.op_kwargs)
  File "/opt/airflow/dags/data_ingestion_gcs_multiFile_v02.py", line 33, in format_to_parquet
    table = pv.read_csv(src_file)
  File "pyarrow/_csv.pyx", line 886, in pyarrow._csv.read_csv
  File "pyarrow/_csv.pyx", line 895, in pyarrow._csv.read_csv
  File "pyarrow/error.pxi", line 143, in pyarrow.lib.pyarrow_internal_check_status
  File "pyarrow/error.pxi", line 114, in pyarrow.lib.check_status
OSError: zlib inflate failed: incorrect header check
[2023-06-10T01:40:46.964+0000] {taskinstance.py:1406} INFO - Marking task as UP_FOR_RETRY. dag_id=fhv_taxi_data, task_id=format_to_parquet_task, execution_date=20200102T070000, start_date=20230610T014046, end_date=20230610T014046
[2023-06-10T01:40:46.975+0000] {standard_task_runner.py:107} ERROR - Failed to execute job 108 for task format_to_parquet_task (zlib inflate failed: incorrect header check; 2211)
[2023-06-10T01:40:47.009+0000] {local_task_job.py:164} INFO - Task exited with return code 1
[2023-06-10T01:40:47.034+0000] {local_task_job.py:273} INFO - 0 downstream tasks scheduled from follow-on schedule check
[2023-06-11T01:30:32.000+0000] {taskinstance.py:1165} INFO - Dependencies all met for <TaskInstance: fhv_taxi_data.format_to_parquet_task scheduled__2020-01-02T07:00:00+00:00 [queued]>
[2023-06-11T01:30:32.007+0000] {taskinstance.py:1165} INFO - Dependencies all met for <TaskInstance: fhv_taxi_data.format_to_parquet_task scheduled__2020-01-02T07:00:00+00:00 [queued]>
[2023-06-11T01:30:32.008+0000] {taskinstance.py:1362} INFO - 
--------------------------------------------------------------------------------
[2023-06-11T01:30:32.009+0000] {taskinstance.py:1363} INFO - Starting attempt 1 of 2
[2023-06-11T01:30:32.009+0000] {taskinstance.py:1364} INFO - 
--------------------------------------------------------------------------------
[2023-06-11T01:30:32.017+0000] {taskinstance.py:1383} INFO - Executing <Task(PythonOperator): format_to_parquet_task> on 2020-01-02 07:00:00+00:00
[2023-06-11T01:30:32.022+0000] {standard_task_runner.py:54} INFO - Started process 6409 to run task
[2023-06-11T01:30:32.025+0000] {standard_task_runner.py:82} INFO - Running: ['***', 'tasks', 'run', 'fhv_taxi_data', 'format_to_parquet_task', 'scheduled__2020-01-02T07:00:00+00:00', '--job-id', '647', '--raw', '--subdir', 'DAGS_FOLDER/data_ingestion_gcs_multiFile_v02.py', '--cfg-path', '/tmp/tmpm7evf0iw']
[2023-06-11T01:30:32.026+0000] {standard_task_runner.py:83} INFO - Job 647: Subtask format_to_parquet_task
[2023-06-11T01:30:32.027+0000] {dagbag.py:525} INFO - Filling up the DagBag from /opt/***/dags/data_ingestion_gcs_multiFile_v02.py
[2023-06-11T01:30:32.091+0000] {data_ingestion_gcs_multiFile_v02.py:20} INFO - dtc_data_lake_dtc-dezc-001 is the bucket.
[2023-06-11T01:30:32.107+0000] {warnings.py:110} WARNING - /home/***/.local/lib/python3.7/site-packages/***/configuration.py:545: DeprecationWarning: The sql_alchemy_conn option in [core] has been moved to the sql_alchemy_conn option in [database] - the old setting has been used, but please update your config.
  option = self._get_environment_variables(deprecated_key, deprecated_section, key, section)

[2023-06-11T01:30:32.149+0000] {task_command.py:384} INFO - Running <TaskInstance: fhv_taxi_data.format_to_parquet_task scheduled__2020-01-02T07:00:00+00:00 [running]> on host f41d61956f54
[2023-06-11T01:30:32.172+0000] {warnings.py:110} WARNING - /home/***/.local/lib/python3.7/site-packages/***/utils/context.py:204: AirflowContextDeprecationWarning: Accessing 'execution_date' from the template is deprecated and will be removed in a future version. Please use 'data_interval_start' or 'logical_date' instead.
  warnings.warn(_create_deprecation_warning(key, self._deprecation_replacements[key]))

[2023-06-11T01:30:32.201+0000] {taskinstance.py:1592} INFO - Exporting the following env vars:
AIRFLOW_CTX_DAG_OWNER=admin
AIRFLOW_CTX_DAG_ID=fhv_taxi_data
AIRFLOW_CTX_TASK_ID=format_to_parquet_task
AIRFLOW_CTX_EXECUTION_DATE=2020-01-02T07:00:00+00:00
AIRFLOW_CTX_TRY_NUMBER=1
AIRFLOW_CTX_DAG_RUN_ID=scheduled__2020-01-02T07:00:00+00:00
[2023-06-11T01:30:32.596+0000] {taskinstance.py:1851} ERROR - Task failed with exception
Traceback (most recent call last):
  File "/home/airflow/.local/lib/python3.7/site-packages/airflow/operators/python.py", line 175, in execute
    return_value = self.execute_callable()
  File "/home/airflow/.local/lib/python3.7/site-packages/airflow/operators/python.py", line 193, in execute_callable
    return self.python_callable(*self.op_args, **self.op_kwargs)
  File "/opt/airflow/dags/data_ingestion_gcs_multiFile_v02.py", line 33, in format_to_parquet
    table = pv.read_csv(src_file)
  File "pyarrow/_csv.pyx", line 886, in pyarrow._csv.read_csv
  File "pyarrow/_csv.pyx", line 895, in pyarrow._csv.read_csv
  File "pyarrow/error.pxi", line 143, in pyarrow.lib.pyarrow_internal_check_status
  File "pyarrow/error.pxi", line 99, in pyarrow.lib.check_status
pyarrow.lib.ArrowInvalid: CSV parse error: Expected 7 columns, got 1: B02765
[2023-06-11T01:30:32.607+0000] {taskinstance.py:1406} INFO - Marking task as UP_FOR_RETRY. dag_id=fhv_taxi_data, task_id=format_to_parquet_task, execution_date=20200102T070000, start_date=20230611T013032, end_date=20230611T013032
[2023-06-11T01:30:32.615+0000] {standard_task_runner.py:107} ERROR - Failed to execute job 647 for task format_to_parquet_task (CSV parse error: Expected 7 columns, got 1: B02765; 6409)
[2023-06-11T01:30:32.641+0000] {local_task_job.py:164} INFO - Task exited with return code 1
[2023-06-11T01:30:32.661+0000] {local_task_job.py:273} INFO - 0 downstream tasks scheduled from follow-on schedule check
