[2023-06-11T01:20:25.217+0000] {taskinstance.py:1165} INFO - Dependencies all met for <TaskInstance: yellow_taxi_data.purge_task scheduled__2019-09-02T06:00:00+00:00 [queued]>
[2023-06-11T01:20:25.225+0000] {taskinstance.py:1165} INFO - Dependencies all met for <TaskInstance: yellow_taxi_data.purge_task scheduled__2019-09-02T06:00:00+00:00 [queued]>
[2023-06-11T01:20:25.225+0000] {taskinstance.py:1362} INFO - 
--------------------------------------------------------------------------------
[2023-06-11T01:20:25.226+0000] {taskinstance.py:1363} INFO - Starting attempt 1 of 2
[2023-06-11T01:20:25.226+0000] {taskinstance.py:1364} INFO - 
--------------------------------------------------------------------------------
[2023-06-11T01:20:25.234+0000] {taskinstance.py:1383} INFO - Executing <Task(BashOperator): purge_task> on 2019-09-02 06:00:00+00:00
[2023-06-11T01:20:25.239+0000] {standard_task_runner.py:54} INFO - Started process 5302 to run task
[2023-06-11T01:20:25.243+0000] {standard_task_runner.py:82} INFO - Running: ['***', 'tasks', 'run', 'yellow_taxi_data', 'purge_task', 'scheduled__2019-09-02T06:00:00+00:00', '--job-id', '553', '--raw', '--subdir', 'DAGS_FOLDER/data_ingestion_gcs_multiFile_v02.py', '--cfg-path', '/tmp/tmppwht2n15']
[2023-06-11T01:20:25.244+0000] {standard_task_runner.py:83} INFO - Job 553: Subtask purge_task
[2023-06-11T01:20:25.245+0000] {dagbag.py:525} INFO - Filling up the DagBag from /opt/***/dags/data_ingestion_gcs_multiFile_v02.py
[2023-06-11T01:20:25.322+0000] {data_ingestion_gcs_multiFile_v02.py:20} INFO - dtc_data_lake_dtc-dezc-001 is the bucket.
[2023-06-11T01:20:25.339+0000] {warnings.py:110} WARNING - /home/***/.local/lib/python3.7/site-packages/***/configuration.py:545: DeprecationWarning: The sql_alchemy_conn option in [core] has been moved to the sql_alchemy_conn option in [database] - the old setting has been used, but please update your config.
  option = self._get_environment_variables(deprecated_key, deprecated_section, key, section)

[2023-06-11T01:20:25.382+0000] {task_command.py:384} INFO - Running <TaskInstance: yellow_taxi_data.purge_task scheduled__2019-09-02T06:00:00+00:00 [running]> on host f41d61956f54
[2023-06-11T01:20:25.409+0000] {warnings.py:110} WARNING - /home/***/.local/lib/python3.7/site-packages/***/utils/context.py:204: AirflowContextDeprecationWarning: Accessing 'execution_date' from the template is deprecated and will be removed in a future version. Please use 'data_interval_start' or 'logical_date' instead.
  warnings.warn(_create_deprecation_warning(key, self._deprecation_replacements[key]))

[2023-06-11T01:20:25.441+0000] {taskinstance.py:1592} INFO - Exporting the following env vars:
AIRFLOW_CTX_DAG_OWNER=admin
AIRFLOW_CTX_DAG_ID=yellow_taxi_data
AIRFLOW_CTX_TASK_ID=purge_task
AIRFLOW_CTX_EXECUTION_DATE=2019-09-02T06:00:00+00:00
AIRFLOW_CTX_TRY_NUMBER=1
AIRFLOW_CTX_DAG_RUN_ID=scheduled__2019-09-02T06:00:00+00:00
[2023-06-11T01:20:25.443+0000] {subprocess.py:63} INFO - Tmp dir root location: 
 /tmp
[2023-06-11T01:20:25.443+0000] {subprocess.py:75} INFO - Running command: ['/bin/bash', '-c', 'rm /opt/***/yellow_tripdata_2019-09.csv.gz /opt/***/yellow_tripdata_2019-09.parquet']
[2023-06-11T01:20:25.455+0000] {subprocess.py:86} INFO - Output:
[2023-06-11T01:20:25.702+0000] {subprocess.py:97} INFO - Command exited with return code 0
[2023-06-11T01:20:25.727+0000] {taskinstance.py:1406} INFO - Marking task as SUCCESS. dag_id=yellow_taxi_data, task_id=purge_task, execution_date=20190902T060000, start_date=20230611T012025, end_date=20230611T012025
[2023-06-11T01:20:25.779+0000] {local_task_job.py:164} INFO - Task exited with return code 0
[2023-06-11T01:20:25.799+0000] {local_task_job.py:273} INFO - 0 downstream tasks scheduled from follow-on schedule check
