[2023-06-10T01:50:57.781+0000] {taskinstance.py:1165} INFO - Dependencies all met for <TaskInstance: green_taxi_data.download_dataset_task scheduled__2020-06-02T06:30:00+00:00 [queued]>
[2023-06-10T01:50:57.788+0000] {taskinstance.py:1165} INFO - Dependencies all met for <TaskInstance: green_taxi_data.download_dataset_task scheduled__2020-06-02T06:30:00+00:00 [queued]>
[2023-06-10T01:50:57.788+0000] {taskinstance.py:1362} INFO - 
--------------------------------------------------------------------------------
[2023-06-10T01:50:57.789+0000] {taskinstance.py:1363} INFO - Starting attempt 1 of 2
[2023-06-10T01:50:57.789+0000] {taskinstance.py:1364} INFO - 
--------------------------------------------------------------------------------
[2023-06-10T01:50:57.799+0000] {taskinstance.py:1383} INFO - Executing <Task(BashOperator): download_dataset_task> on 2020-06-02 06:30:00+00:00
[2023-06-10T01:50:57.805+0000] {standard_task_runner.py:54} INFO - Started process 2874 to run task
[2023-06-10T01:50:57.810+0000] {standard_task_runner.py:82} INFO - Running: ['***', 'tasks', 'run', 'green_taxi_data', 'download_dataset_task', 'scheduled__2020-06-02T06:30:00+00:00', '--job-id', '134', '--raw', '--subdir', 'DAGS_FOLDER/data_ingestion_gcs_multiFile_v02.py', '--cfg-path', '/tmp/tmpbapv0qd3']
[2023-06-10T01:50:57.811+0000] {standard_task_runner.py:83} INFO - Job 134: Subtask download_dataset_task
[2023-06-10T01:50:57.813+0000] {dagbag.py:525} INFO - Filling up the DagBag from /opt/***/dags/data_ingestion_gcs_multiFile_v02.py
[2023-06-10T01:50:57.885+0000] {data_ingestion_gcs_multiFile_v02.py:20} INFO - dtc_data_lake_dtc-dezc-001 is the bucket.
[2023-06-10T01:50:57.902+0000] {warnings.py:110} WARNING - /home/***/.local/lib/python3.7/site-packages/***/configuration.py:545: DeprecationWarning: The sql_alchemy_conn option in [core] has been moved to the sql_alchemy_conn option in [database] - the old setting has been used, but please update your config.
  option = self._get_environment_variables(deprecated_key, deprecated_section, key, section)

[2023-06-10T01:50:57.970+0000] {task_command.py:384} INFO - Running <TaskInstance: green_taxi_data.download_dataset_task scheduled__2020-06-02T06:30:00+00:00 [running]> on host f41d61956f54
[2023-06-10T01:50:58.027+0000] {warnings.py:110} WARNING - /home/***/.local/lib/python3.7/site-packages/***/utils/context.py:204: AirflowContextDeprecationWarning: Accessing 'execution_date' from the template is deprecated and will be removed in a future version. Please use 'data_interval_start' or 'logical_date' instead.
  warnings.warn(_create_deprecation_warning(key, self._deprecation_replacements[key]))

[2023-06-10T01:50:58.099+0000] {taskinstance.py:1592} INFO - Exporting the following env vars:
AIRFLOW_CTX_DAG_OWNER=admin
AIRFLOW_CTX_DAG_ID=green_taxi_data
AIRFLOW_CTX_TASK_ID=download_dataset_task
AIRFLOW_CTX_EXECUTION_DATE=2020-06-02T06:30:00+00:00
AIRFLOW_CTX_TRY_NUMBER=1
AIRFLOW_CTX_DAG_RUN_ID=scheduled__2020-06-02T06:30:00+00:00
[2023-06-10T01:50:58.100+0000] {subprocess.py:63} INFO - Tmp dir root location: 
 /tmp
[2023-06-10T01:50:58.102+0000] {subprocess.py:75} INFO - Running command: ['/bin/bash', '-c', 'curl -sSLf https://github.com/DataTalksClub/nyc-tlc-data/releases/tag/green/green_tripdata_2020-06.csv.gz > /opt/***/green_tripdata_2020-06.csv.gz']
[2023-06-10T01:50:58.130+0000] {subprocess.py:86} INFO - Output:
[2023-06-10T01:50:58.940+0000] {subprocess.py:97} INFO - Command exited with return code 0
[2023-06-10T01:50:58.970+0000] {taskinstance.py:1406} INFO - Marking task as SUCCESS. dag_id=green_taxi_data, task_id=download_dataset_task, execution_date=20200602T063000, start_date=20230610T015057, end_date=20230610T015058
[2023-06-10T01:50:59.031+0000] {local_task_job.py:164} INFO - Task exited with return code 0
[2023-06-10T01:50:59.052+0000] {local_task_job.py:273} INFO - 1 downstream tasks scheduled from follow-on schedule check
[2023-06-11T01:14:13.938+0000] {taskinstance.py:1165} INFO - Dependencies all met for <TaskInstance: green_taxi_data.download_dataset_task scheduled__2020-06-02T06:30:00+00:00 [queued]>
[2023-06-11T01:14:13.946+0000] {taskinstance.py:1165} INFO - Dependencies all met for <TaskInstance: green_taxi_data.download_dataset_task scheduled__2020-06-02T06:30:00+00:00 [queued]>
[2023-06-11T01:14:13.947+0000] {taskinstance.py:1362} INFO - 
--------------------------------------------------------------------------------
[2023-06-11T01:14:13.947+0000] {taskinstance.py:1363} INFO - Starting attempt 1 of 2
[2023-06-11T01:14:13.948+0000] {taskinstance.py:1364} INFO - 
--------------------------------------------------------------------------------
[2023-06-11T01:14:13.955+0000] {taskinstance.py:1383} INFO - Executing <Task(BashOperator): download_dataset_task> on 2020-06-02 06:30:00+00:00
[2023-06-11T01:14:13.960+0000] {standard_task_runner.py:54} INFO - Started process 4511 to run task
[2023-06-11T01:14:13.964+0000] {standard_task_runner.py:82} INFO - Running: ['***', 'tasks', 'run', 'green_taxi_data', 'download_dataset_task', 'scheduled__2020-06-02T06:30:00+00:00', '--job-id', '476', '--raw', '--subdir', 'DAGS_FOLDER/data_ingestion_gcs_multiFile_v02.py', '--cfg-path', '/tmp/tmpl7x1dxdv']
[2023-06-11T01:14:13.965+0000] {standard_task_runner.py:83} INFO - Job 476: Subtask download_dataset_task
[2023-06-11T01:14:13.966+0000] {dagbag.py:525} INFO - Filling up the DagBag from /opt/***/dags/data_ingestion_gcs_multiFile_v02.py
[2023-06-11T01:14:14.029+0000] {data_ingestion_gcs_multiFile_v02.py:20} INFO - dtc_data_lake_dtc-dezc-001 is the bucket.
[2023-06-11T01:14:14.045+0000] {warnings.py:110} WARNING - /home/***/.local/lib/python3.7/site-packages/***/configuration.py:545: DeprecationWarning: The sql_alchemy_conn option in [core] has been moved to the sql_alchemy_conn option in [database] - the old setting has been used, but please update your config.
  option = self._get_environment_variables(deprecated_key, deprecated_section, key, section)

[2023-06-11T01:14:14.087+0000] {task_command.py:384} INFO - Running <TaskInstance: green_taxi_data.download_dataset_task scheduled__2020-06-02T06:30:00+00:00 [running]> on host f41d61956f54
[2023-06-11T01:14:14.110+0000] {warnings.py:110} WARNING - /home/***/.local/lib/python3.7/site-packages/***/utils/context.py:204: AirflowContextDeprecationWarning: Accessing 'execution_date' from the template is deprecated and will be removed in a future version. Please use 'data_interval_start' or 'logical_date' instead.
  warnings.warn(_create_deprecation_warning(key, self._deprecation_replacements[key]))

[2023-06-11T01:14:14.138+0000] {taskinstance.py:1592} INFO - Exporting the following env vars:
AIRFLOW_CTX_DAG_OWNER=admin
AIRFLOW_CTX_DAG_ID=green_taxi_data
AIRFLOW_CTX_TASK_ID=download_dataset_task
AIRFLOW_CTX_EXECUTION_DATE=2020-06-02T06:30:00+00:00
AIRFLOW_CTX_TRY_NUMBER=1
AIRFLOW_CTX_DAG_RUN_ID=scheduled__2020-06-02T06:30:00+00:00
[2023-06-11T01:14:14.139+0000] {subprocess.py:63} INFO - Tmp dir root location: 
 /tmp
[2023-06-11T01:14:14.140+0000] {subprocess.py:75} INFO - Running command: ['/bin/bash', '-c', 'curl -sSLf https://github.com/DataTalksClub/nyc-tlc-data/releases/download/green/green_tripdata_2020-06.csv.gz > /opt/***/green_tripdata_2020-06.csv.gz']
[2023-06-11T01:14:14.151+0000] {subprocess.py:86} INFO - Output:
[2023-06-11T01:14:14.834+0000] {subprocess.py:97} INFO - Command exited with return code 0
[2023-06-11T01:14:14.858+0000] {taskinstance.py:1406} INFO - Marking task as SUCCESS. dag_id=green_taxi_data, task_id=download_dataset_task, execution_date=20200602T063000, start_date=20230611T011413, end_date=20230611T011414
[2023-06-11T01:14:14.901+0000] {local_task_job.py:164} INFO - Task exited with return code 0
[2023-06-11T01:14:14.923+0000] {local_task_job.py:273} INFO - 1 downstream tasks scheduled from follow-on schedule check
