[2023-06-10T01:17:35.820+0000] {taskinstance.py:1165} INFO - Dependencies all met for <TaskInstance: fhv_taxi_data.download_dataset_task scheduled__2019-05-02T07:00:00+00:00 [queued]>
[2023-06-10T01:17:35.827+0000] {taskinstance.py:1165} INFO - Dependencies all met for <TaskInstance: fhv_taxi_data.download_dataset_task scheduled__2019-05-02T07:00:00+00:00 [queued]>
[2023-06-10T01:17:35.827+0000] {taskinstance.py:1362} INFO - 
--------------------------------------------------------------------------------
[2023-06-10T01:17:35.828+0000] {taskinstance.py:1363} INFO - Starting attempt 1 of 2
[2023-06-10T01:17:35.828+0000] {taskinstance.py:1364} INFO - 
--------------------------------------------------------------------------------
[2023-06-10T01:17:35.839+0000] {taskinstance.py:1383} INFO - Executing <Task(BashOperator): download_dataset_task> on 2019-05-02 07:00:00+00:00
[2023-06-10T01:17:35.843+0000] {standard_task_runner.py:54} INFO - Started process 1182 to run task
[2023-06-10T01:17:35.848+0000] {standard_task_runner.py:82} INFO - Running: ['***', 'tasks', 'run', 'fhv_taxi_data', 'download_dataset_task', 'scheduled__2019-05-02T07:00:00+00:00', '--job-id', '48', '--raw', '--subdir', 'DAGS_FOLDER/data_ingestion_gcs_multiFile_v02.py', '--cfg-path', '/tmp/tmpfn971muv']
[2023-06-10T01:17:35.849+0000] {standard_task_runner.py:83} INFO - Job 48: Subtask download_dataset_task
[2023-06-10T01:17:35.850+0000] {dagbag.py:525} INFO - Filling up the DagBag from /opt/***/dags/data_ingestion_gcs_multiFile_v02.py
[2023-06-10T01:17:35.911+0000] {data_ingestion_gcs_multiFile_v02.py:20} INFO - dtc_data_lake_dtc-dezc-001 is the bucket.
[2023-06-10T01:17:35.925+0000] {warnings.py:110} WARNING - /home/***/.local/lib/python3.7/site-packages/***/configuration.py:545: DeprecationWarning: The sql_alchemy_conn option in [core] has been moved to the sql_alchemy_conn option in [database] - the old setting has been used, but please update your config.
  option = self._get_environment_variables(deprecated_key, deprecated_section, key, section)

[2023-06-10T01:17:35.963+0000] {task_command.py:384} INFO - Running <TaskInstance: fhv_taxi_data.download_dataset_task scheduled__2019-05-02T07:00:00+00:00 [running]> on host f41d61956f54
[2023-06-10T01:17:35.986+0000] {warnings.py:110} WARNING - /home/***/.local/lib/python3.7/site-packages/***/utils/context.py:204: AirflowContextDeprecationWarning: Accessing 'execution_date' from the template is deprecated and will be removed in a future version. Please use 'data_interval_start' or 'logical_date' instead.
  warnings.warn(_create_deprecation_warning(key, self._deprecation_replacements[key]))

[2023-06-10T01:17:36.015+0000] {taskinstance.py:1592} INFO - Exporting the following env vars:
AIRFLOW_CTX_DAG_OWNER=admin
AIRFLOW_CTX_DAG_ID=fhv_taxi_data
AIRFLOW_CTX_TASK_ID=download_dataset_task
AIRFLOW_CTX_EXECUTION_DATE=2019-05-02T07:00:00+00:00
AIRFLOW_CTX_TRY_NUMBER=1
AIRFLOW_CTX_DAG_RUN_ID=scheduled__2019-05-02T07:00:00+00:00
[2023-06-10T01:17:36.016+0000] {subprocess.py:63} INFO - Tmp dir root location: 
 /tmp
[2023-06-10T01:17:36.017+0000] {subprocess.py:75} INFO - Running command: ['/bin/bash', '-c', 'curl -sSLf https://github.com/DataTalksClub/nyc-tlc-data/releases/tag/fhv/fhv_tripdata_2019-05.csv.gz > /opt/***/fhv_tripdata_2019-05.csv.gz']
[2023-06-10T01:17:36.026+0000] {subprocess.py:86} INFO - Output:
[2023-06-10T01:17:36.609+0000] {subprocess.py:97} INFO - Command exited with return code 0
[2023-06-10T01:17:36.631+0000] {taskinstance.py:1406} INFO - Marking task as SUCCESS. dag_id=fhv_taxi_data, task_id=download_dataset_task, execution_date=20190502T070000, start_date=20230610T011735, end_date=20230610T011736
[2023-06-10T01:17:36.668+0000] {local_task_job.py:164} INFO - Task exited with return code 0
[2023-06-10T01:17:36.687+0000] {local_task_job.py:273} INFO - 1 downstream tasks scheduled from follow-on schedule check
[2023-06-11T01:24:42.433+0000] {taskinstance.py:1165} INFO - Dependencies all met for <TaskInstance: fhv_taxi_data.download_dataset_task scheduled__2019-05-02T07:00:00+00:00 [queued]>
[2023-06-11T01:24:42.441+0000] {taskinstance.py:1165} INFO - Dependencies all met for <TaskInstance: fhv_taxi_data.download_dataset_task scheduled__2019-05-02T07:00:00+00:00 [queued]>
[2023-06-11T01:24:42.442+0000] {taskinstance.py:1362} INFO - 
--------------------------------------------------------------------------------
[2023-06-11T01:24:42.442+0000] {taskinstance.py:1363} INFO - Starting attempt 1 of 2
[2023-06-11T01:24:42.443+0000] {taskinstance.py:1364} INFO - 
--------------------------------------------------------------------------------
[2023-06-11T01:24:42.452+0000] {taskinstance.py:1383} INFO - Executing <Task(BashOperator): download_dataset_task> on 2019-05-02 07:00:00+00:00
[2023-06-11T01:24:42.456+0000] {standard_task_runner.py:54} INFO - Started process 5731 to run task
[2023-06-11T01:24:42.460+0000] {standard_task_runner.py:82} INFO - Running: ['***', 'tasks', 'run', 'fhv_taxi_data', 'download_dataset_task', 'scheduled__2019-05-02T07:00:00+00:00', '--job-id', '586', '--raw', '--subdir', 'DAGS_FOLDER/data_ingestion_gcs_multiFile_v02.py', '--cfg-path', '/tmp/tmp_sux0ld8']
[2023-06-11T01:24:42.462+0000] {standard_task_runner.py:83} INFO - Job 586: Subtask download_dataset_task
[2023-06-11T01:24:42.463+0000] {dagbag.py:525} INFO - Filling up the DagBag from /opt/***/dags/data_ingestion_gcs_multiFile_v02.py
[2023-06-11T01:24:42.535+0000] {data_ingestion_gcs_multiFile_v02.py:20} INFO - dtc_data_lake_dtc-dezc-001 is the bucket.
[2023-06-11T01:24:42.552+0000] {warnings.py:110} WARNING - /home/***/.local/lib/python3.7/site-packages/***/configuration.py:545: DeprecationWarning: The sql_alchemy_conn option in [core] has been moved to the sql_alchemy_conn option in [database] - the old setting has been used, but please update your config.
  option = self._get_environment_variables(deprecated_key, deprecated_section, key, section)

[2023-06-11T01:24:42.595+0000] {task_command.py:384} INFO - Running <TaskInstance: fhv_taxi_data.download_dataset_task scheduled__2019-05-02T07:00:00+00:00 [running]> on host f41d61956f54
[2023-06-11T01:24:42.622+0000] {warnings.py:110} WARNING - /home/***/.local/lib/python3.7/site-packages/***/utils/context.py:204: AirflowContextDeprecationWarning: Accessing 'execution_date' from the template is deprecated and will be removed in a future version. Please use 'data_interval_start' or 'logical_date' instead.
  warnings.warn(_create_deprecation_warning(key, self._deprecation_replacements[key]))

[2023-06-11T01:24:42.657+0000] {taskinstance.py:1592} INFO - Exporting the following env vars:
AIRFLOW_CTX_DAG_OWNER=admin
AIRFLOW_CTX_DAG_ID=fhv_taxi_data
AIRFLOW_CTX_TASK_ID=download_dataset_task
AIRFLOW_CTX_EXECUTION_DATE=2019-05-02T07:00:00+00:00
AIRFLOW_CTX_TRY_NUMBER=1
AIRFLOW_CTX_DAG_RUN_ID=scheduled__2019-05-02T07:00:00+00:00
[2023-06-11T01:24:42.659+0000] {subprocess.py:63} INFO - Tmp dir root location: 
 /tmp
[2023-06-11T01:24:42.661+0000] {subprocess.py:75} INFO - Running command: ['/bin/bash', '-c', 'curl -sSLf https://github.com/DataTalksClub/nyc-tlc-data/releases/download/fhv/fhv_tripdata_2019-05.csv.gz > /opt/***/fhv_tripdata_2019-05.csv.gz']
[2023-06-11T01:24:42.673+0000] {subprocess.py:86} INFO - Output:
[2023-06-11T01:24:44.932+0000] {subprocess.py:97} INFO - Command exited with return code 0
[2023-06-11T01:24:44.960+0000] {taskinstance.py:1406} INFO - Marking task as SUCCESS. dag_id=fhv_taxi_data, task_id=download_dataset_task, execution_date=20190502T070000, start_date=20230611T012442, end_date=20230611T012444
[2023-06-11T01:24:45.012+0000] {local_task_job.py:164} INFO - Task exited with return code 0
[2023-06-11T01:24:45.033+0000] {local_task_job.py:273} INFO - 1 downstream tasks scheduled from follow-on schedule check
