[2023-06-06T19:31:33.164+0000] {taskinstance.py:1165} INFO - Dependencies all met for <TaskInstance: data_ingestion_gcs_dag.format_to_parquet_task manual__2023-06-06T19:26:15.401583+00:00 [queued]>
[2023-06-06T19:31:33.170+0000] {taskinstance.py:1165} INFO - Dependencies all met for <TaskInstance: data_ingestion_gcs_dag.format_to_parquet_task manual__2023-06-06T19:26:15.401583+00:00 [queued]>
[2023-06-06T19:31:33.170+0000] {taskinstance.py:1362} INFO - 
--------------------------------------------------------------------------------
[2023-06-06T19:31:33.171+0000] {taskinstance.py:1363} INFO - Starting attempt 1 of 2
[2023-06-06T19:31:33.171+0000] {taskinstance.py:1364} INFO - 
--------------------------------------------------------------------------------
[2023-06-06T19:31:33.178+0000] {taskinstance.py:1383} INFO - Executing <Task(PythonOperator): format_to_parquet_task> on 2023-06-06 19:26:15.401583+00:00
[2023-06-06T19:31:33.182+0000] {standard_task_runner.py:54} INFO - Started process 454 to run task
[2023-06-06T19:31:33.185+0000] {standard_task_runner.py:82} INFO - Running: ['***', 'tasks', 'run', 'data_ingestion_gcs_dag', 'format_to_parquet_task', 'manual__2023-06-06T19:26:15.401583+00:00', '--job-id', '8', '--raw', '--subdir', 'DAGS_FOLDER/data_ingestion_gcs.py', '--cfg-path', '/tmp/tmp9hmfrsgs']
[2023-06-06T19:31:33.187+0000] {standard_task_runner.py:83} INFO - Job 8: Subtask format_to_parquet_task
[2023-06-06T19:31:33.187+0000] {dagbag.py:525} INFO - Filling up the DagBag from /opt/***/dags/data_ingestion_gcs.py
[2023-06-06T19:31:33.201+0000] {data_ingestion_gcs.py:24} INFO - Dataset file is yellow_tripdata_2021-01.csv.gz, url is https://github.com/DataTalksClub/nyc-tlc-data/releases/download/yellow/yellow_tripdata_2021-01.csv.gz, local_home is /opt/***, parquet file is yellow_tripdata_2021-01.parquet
[2023-06-06T19:31:33.202+0000] {data_ingestion_gcs.py:31} INFO - dtc_data_lake_dtc-dezc-001 is the bucket, dtc-dezc-001 is the project id, trips_data_all is the bigquery dataset.
[2023-06-06T19:31:33.251+0000] {task_command.py:384} INFO - Running <TaskInstance: data_ingestion_gcs_dag.format_to_parquet_task manual__2023-06-06T19:26:15.401583+00:00 [running]> on host 5b07d5f4e84f
[2023-06-06T19:31:33.303+0000] {taskinstance.py:1592} INFO - Exporting the following env vars:
AIRFLOW_CTX_DAG_OWNER=admin
AIRFLOW_CTX_DAG_ID=data_ingestion_gcs_dag
AIRFLOW_CTX_TASK_ID=format_to_parquet_task
AIRFLOW_CTX_EXECUTION_DATE=2023-06-06T19:26:15.401583+00:00
AIRFLOW_CTX_TRY_NUMBER=1
AIRFLOW_CTX_DAG_RUN_ID=manual__2023-06-06T19:26:15.401583+00:00
[2023-06-06T19:31:34.174+0000] {python.py:177} INFO - Done. Returned value was: None
[2023-06-06T19:31:34.196+0000] {taskinstance.py:1406} INFO - Marking task as SUCCESS. dag_id=data_ingestion_gcs_dag, task_id=format_to_parquet_task, execution_date=20230606T192615, start_date=20230606T193133, end_date=20230606T193134
[2023-06-06T19:31:34.307+0000] {local_task_job.py:164} INFO - Task exited with return code 0
[2023-06-06T19:31:34.331+0000] {local_task_job.py:273} INFO - 1 downstream tasks scheduled from follow-on schedule check
