[2023-06-10T01:56:05.887+0000] {taskinstance.py:1165} INFO - Dependencies all met for <TaskInstance: green_taxi_data.download_dataset_task scheduled__2020-11-02T06:30:00+00:00 [queued]>
[2023-06-10T01:56:05.893+0000] {taskinstance.py:1165} INFO - Dependencies all met for <TaskInstance: green_taxi_data.download_dataset_task scheduled__2020-11-02T06:30:00+00:00 [queued]>
[2023-06-10T01:56:05.894+0000] {taskinstance.py:1362} INFO - 
--------------------------------------------------------------------------------
[2023-06-10T01:56:05.894+0000] {taskinstance.py:1363} INFO - Starting attempt 1 of 2
[2023-06-10T01:56:05.898+0000] {taskinstance.py:1364} INFO - 
--------------------------------------------------------------------------------
[2023-06-10T01:56:05.907+0000] {taskinstance.py:1383} INFO - Executing <Task(BashOperator): download_dataset_task> on 2020-11-02 06:30:00+00:00
[2023-06-10T01:56:05.910+0000] {standard_task_runner.py:54} INFO - Started process 3252 to run task
[2023-06-10T01:56:05.913+0000] {standard_task_runner.py:82} INFO - Running: ['***', 'tasks', 'run', 'green_taxi_data', 'download_dataset_task', 'scheduled__2020-11-02T06:30:00+00:00', '--job-id', '157', '--raw', '--subdir', 'DAGS_FOLDER/data_ingestion_gcs_multiFile_v02.py', '--cfg-path', '/tmp/tmpnepi7e0h']
[2023-06-10T01:56:05.914+0000] {standard_task_runner.py:83} INFO - Job 157: Subtask download_dataset_task
[2023-06-10T01:56:05.915+0000] {dagbag.py:525} INFO - Filling up the DagBag from /opt/***/dags/data_ingestion_gcs_multiFile_v02.py
[2023-06-10T01:56:05.988+0000] {data_ingestion_gcs_multiFile_v02.py:20} INFO - dtc_data_lake_dtc-dezc-001 is the bucket.
[2023-06-10T01:56:06.004+0000] {warnings.py:110} WARNING - /home/***/.local/lib/python3.7/site-packages/***/configuration.py:545: DeprecationWarning: The sql_alchemy_conn option in [core] has been moved to the sql_alchemy_conn option in [database] - the old setting has been used, but please update your config.
  option = self._get_environment_variables(deprecated_key, deprecated_section, key, section)

[2023-06-10T01:56:06.048+0000] {task_command.py:384} INFO - Running <TaskInstance: green_taxi_data.download_dataset_task scheduled__2020-11-02T06:30:00+00:00 [running]> on host f41d61956f54
[2023-06-10T01:56:06.072+0000] {warnings.py:110} WARNING - /home/***/.local/lib/python3.7/site-packages/***/utils/context.py:204: AirflowContextDeprecationWarning: Accessing 'execution_date' from the template is deprecated and will be removed in a future version. Please use 'data_interval_start' or 'logical_date' instead.
  warnings.warn(_create_deprecation_warning(key, self._deprecation_replacements[key]))

[2023-06-10T01:56:06.104+0000] {taskinstance.py:1592} INFO - Exporting the following env vars:
AIRFLOW_CTX_DAG_OWNER=admin
AIRFLOW_CTX_DAG_ID=green_taxi_data
AIRFLOW_CTX_TASK_ID=download_dataset_task
AIRFLOW_CTX_EXECUTION_DATE=2020-11-02T06:30:00+00:00
AIRFLOW_CTX_TRY_NUMBER=1
AIRFLOW_CTX_DAG_RUN_ID=scheduled__2020-11-02T06:30:00+00:00
[2023-06-10T01:56:06.105+0000] {subprocess.py:63} INFO - Tmp dir root location: 
 /tmp
[2023-06-10T01:56:06.106+0000] {subprocess.py:75} INFO - Running command: ['/bin/bash', '-c', 'curl -sSLf https://github.com/DataTalksClub/nyc-tlc-data/releases/tag/green/green_tripdata_2020-11.csv.gz > /opt/***/green_tripdata_2020-11.csv.gz']
[2023-06-10T01:56:06.116+0000] {subprocess.py:86} INFO - Output:
[2023-06-10T01:56:06.764+0000] {subprocess.py:97} INFO - Command exited with return code 0
[2023-06-10T01:56:06.821+0000] {taskinstance.py:1406} INFO - Marking task as SUCCESS. dag_id=green_taxi_data, task_id=download_dataset_task, execution_date=20201102T063000, start_date=20230610T015605, end_date=20230610T015606
[2023-06-10T01:56:06.895+0000] {local_task_job.py:164} INFO - Task exited with return code 0
[2023-06-10T01:56:06.929+0000] {local_task_job.py:273} INFO - 1 downstream tasks scheduled from follow-on schedule check
[2023-06-11T01:14:41.470+0000] {taskinstance.py:1165} INFO - Dependencies all met for <TaskInstance: green_taxi_data.download_dataset_task scheduled__2020-11-02T06:30:00+00:00 [queued]>
[2023-06-11T01:14:41.479+0000] {taskinstance.py:1165} INFO - Dependencies all met for <TaskInstance: green_taxi_data.download_dataset_task scheduled__2020-11-02T06:30:00+00:00 [queued]>
[2023-06-11T01:14:41.480+0000] {taskinstance.py:1362} INFO - 
--------------------------------------------------------------------------------
[2023-06-11T01:14:41.481+0000] {taskinstance.py:1363} INFO - Starting attempt 1 of 2
[2023-06-11T01:14:41.484+0000] {taskinstance.py:1364} INFO - 
--------------------------------------------------------------------------------
[2023-06-11T01:14:41.493+0000] {taskinstance.py:1383} INFO - Executing <Task(BashOperator): download_dataset_task> on 2020-11-02 06:30:00+00:00
[2023-06-11T01:14:41.497+0000] {standard_task_runner.py:54} INFO - Started process 4680 to run task
[2023-06-11T01:14:41.502+0000] {standard_task_runner.py:82} INFO - Running: ['***', 'tasks', 'run', 'green_taxi_data', 'download_dataset_task', 'scheduled__2020-11-02T06:30:00+00:00', '--job-id', '499', '--raw', '--subdir', 'DAGS_FOLDER/data_ingestion_gcs_multiFile_v02.py', '--cfg-path', '/tmp/tmpcblkc4ec']
[2023-06-11T01:14:41.503+0000] {standard_task_runner.py:83} INFO - Job 499: Subtask download_dataset_task
[2023-06-11T01:14:41.505+0000] {dagbag.py:525} INFO - Filling up the DagBag from /opt/***/dags/data_ingestion_gcs_multiFile_v02.py
[2023-06-11T01:14:41.570+0000] {data_ingestion_gcs_multiFile_v02.py:20} INFO - dtc_data_lake_dtc-dezc-001 is the bucket.
[2023-06-11T01:14:41.587+0000] {warnings.py:110} WARNING - /home/***/.local/lib/python3.7/site-packages/***/configuration.py:545: DeprecationWarning: The sql_alchemy_conn option in [core] has been moved to the sql_alchemy_conn option in [database] - the old setting has been used, but please update your config.
  option = self._get_environment_variables(deprecated_key, deprecated_section, key, section)

[2023-06-11T01:14:41.642+0000] {task_command.py:384} INFO - Running <TaskInstance: green_taxi_data.download_dataset_task scheduled__2020-11-02T06:30:00+00:00 [running]> on host f41d61956f54
[2023-06-11T01:14:41.666+0000] {warnings.py:110} WARNING - /home/***/.local/lib/python3.7/site-packages/***/utils/context.py:204: AirflowContextDeprecationWarning: Accessing 'execution_date' from the template is deprecated and will be removed in a future version. Please use 'data_interval_start' or 'logical_date' instead.
  warnings.warn(_create_deprecation_warning(key, self._deprecation_replacements[key]))

[2023-06-11T01:14:41.700+0000] {taskinstance.py:1592} INFO - Exporting the following env vars:
AIRFLOW_CTX_DAG_OWNER=admin
AIRFLOW_CTX_DAG_ID=green_taxi_data
AIRFLOW_CTX_TASK_ID=download_dataset_task
AIRFLOW_CTX_EXECUTION_DATE=2020-11-02T06:30:00+00:00
AIRFLOW_CTX_TRY_NUMBER=1
AIRFLOW_CTX_DAG_RUN_ID=scheduled__2020-11-02T06:30:00+00:00
[2023-06-11T01:14:41.702+0000] {subprocess.py:63} INFO - Tmp dir root location: 
 /tmp
[2023-06-11T01:14:41.704+0000] {subprocess.py:75} INFO - Running command: ['/bin/bash', '-c', 'curl -sSLf https://github.com/DataTalksClub/nyc-tlc-data/releases/download/green/green_tripdata_2020-11.csv.gz > /opt/***/green_tripdata_2020-11.csv.gz']
[2023-06-11T01:14:41.716+0000] {subprocess.py:86} INFO - Output:
[2023-06-11T01:14:42.450+0000] {subprocess.py:97} INFO - Command exited with return code 0
[2023-06-11T01:14:42.476+0000] {taskinstance.py:1406} INFO - Marking task as SUCCESS. dag_id=green_taxi_data, task_id=download_dataset_task, execution_date=20201102T063000, start_date=20230611T011441, end_date=20230611T011442
[2023-06-11T01:14:42.527+0000] {local_task_job.py:164} INFO - Task exited with return code 0
[2023-06-11T01:14:42.552+0000] {local_task_job.py:273} INFO - 1 downstream tasks scheduled from follow-on schedule check
