[2023-06-10T01:45:52.265+0000] {taskinstance.py:1165} INFO - Dependencies all met for <TaskInstance: fhv_taxi_data.download_dataset_task scheduled__2020-03-02T07:00:00+00:00 [queued]>
[2023-06-10T01:45:52.277+0000] {taskinstance.py:1165} INFO - Dependencies all met for <TaskInstance: fhv_taxi_data.download_dataset_task scheduled__2020-03-02T07:00:00+00:00 [queued]>
[2023-06-10T01:45:52.278+0000] {taskinstance.py:1362} INFO - 
--------------------------------------------------------------------------------
[2023-06-10T01:45:52.278+0000] {taskinstance.py:1363} INFO - Starting attempt 1 of 2
[2023-06-10T01:45:52.283+0000] {taskinstance.py:1364} INFO - 
--------------------------------------------------------------------------------
[2023-06-10T01:45:52.298+0000] {taskinstance.py:1383} INFO - Executing <Task(BashOperator): download_dataset_task> on 2020-03-02 07:00:00+00:00
[2023-06-10T01:45:52.302+0000] {standard_task_runner.py:54} INFO - Started process 2525 to run task
[2023-06-10T01:45:52.310+0000] {standard_task_runner.py:82} INFO - Running: ['***', 'tasks', 'run', 'fhv_taxi_data', 'download_dataset_task', 'scheduled__2020-03-02T07:00:00+00:00', '--job-id', '117', '--raw', '--subdir', 'DAGS_FOLDER/data_ingestion_gcs_multiFile_v02.py', '--cfg-path', '/tmp/tmp4zf3peoo']
[2023-06-10T01:45:52.311+0000] {standard_task_runner.py:83} INFO - Job 117: Subtask download_dataset_task
[2023-06-10T01:45:52.314+0000] {dagbag.py:525} INFO - Filling up the DagBag from /opt/***/dags/data_ingestion_gcs_multiFile_v02.py
[2023-06-10T01:45:52.471+0000] {data_ingestion_gcs_multiFile_v02.py:20} INFO - dtc_data_lake_dtc-dezc-001 is the bucket.
[2023-06-10T01:45:52.532+0000] {warnings.py:110} WARNING - /home/***/.local/lib/python3.7/site-packages/***/configuration.py:545: DeprecationWarning: The sql_alchemy_conn option in [core] has been moved to the sql_alchemy_conn option in [database] - the old setting has been used, but please update your config.
  option = self._get_environment_variables(deprecated_key, deprecated_section, key, section)

[2023-06-10T01:45:52.621+0000] {task_command.py:384} INFO - Running <TaskInstance: fhv_taxi_data.download_dataset_task scheduled__2020-03-02T07:00:00+00:00 [running]> on host f41d61956f54
[2023-06-10T01:45:52.659+0000] {warnings.py:110} WARNING - /home/***/.local/lib/python3.7/site-packages/***/utils/context.py:204: AirflowContextDeprecationWarning: Accessing 'execution_date' from the template is deprecated and will be removed in a future version. Please use 'data_interval_start' or 'logical_date' instead.
  warnings.warn(_create_deprecation_warning(key, self._deprecation_replacements[key]))

[2023-06-10T01:45:52.722+0000] {taskinstance.py:1592} INFO - Exporting the following env vars:
AIRFLOW_CTX_DAG_OWNER=admin
AIRFLOW_CTX_DAG_ID=fhv_taxi_data
AIRFLOW_CTX_TASK_ID=download_dataset_task
AIRFLOW_CTX_EXECUTION_DATE=2020-03-02T07:00:00+00:00
AIRFLOW_CTX_TRY_NUMBER=1
AIRFLOW_CTX_DAG_RUN_ID=scheduled__2020-03-02T07:00:00+00:00
[2023-06-10T01:45:52.726+0000] {subprocess.py:63} INFO - Tmp dir root location: 
 /tmp
[2023-06-10T01:45:52.730+0000] {subprocess.py:75} INFO - Running command: ['/bin/bash', '-c', 'curl -sSLf https://github.com/DataTalksClub/nyc-tlc-data/releases/tag/fhv/fhv_tripdata_2020-03.csv.gz > /opt/***/fhv_tripdata_2020-03.csv.gz']
[2023-06-10T01:45:52.740+0000] {subprocess.py:86} INFO - Output:
[2023-06-10T01:45:53.475+0000] {subprocess.py:97} INFO - Command exited with return code 0
[2023-06-10T01:45:53.515+0000] {taskinstance.py:1406} INFO - Marking task as SUCCESS. dag_id=fhv_taxi_data, task_id=download_dataset_task, execution_date=20200302T070000, start_date=20230610T014552, end_date=20230610T014553
[2023-06-10T01:45:53.571+0000] {local_task_job.py:164} INFO - Task exited with return code 0
[2023-06-10T01:45:53.596+0000] {local_task_job.py:273} INFO - 1 downstream tasks scheduled from follow-on schedule check
[2023-06-11T01:33:24.752+0000] {taskinstance.py:1165} INFO - Dependencies all met for <TaskInstance: fhv_taxi_data.download_dataset_task scheduled__2020-03-02T07:00:00+00:00 [queued]>
[2023-06-11T01:33:24.758+0000] {taskinstance.py:1165} INFO - Dependencies all met for <TaskInstance: fhv_taxi_data.download_dataset_task scheduled__2020-03-02T07:00:00+00:00 [queued]>
[2023-06-11T01:33:24.758+0000] {taskinstance.py:1362} INFO - 
--------------------------------------------------------------------------------
[2023-06-11T01:33:24.759+0000] {taskinstance.py:1363} INFO - Starting attempt 1 of 2
[2023-06-11T01:33:24.759+0000] {taskinstance.py:1364} INFO - 
--------------------------------------------------------------------------------
[2023-06-11T01:33:24.766+0000] {taskinstance.py:1383} INFO - Executing <Task(BashOperator): download_dataset_task> on 2020-03-02 07:00:00+00:00
[2023-06-11T01:33:24.771+0000] {standard_task_runner.py:54} INFO - Started process 6758 to run task
[2023-06-11T01:33:24.774+0000] {standard_task_runner.py:82} INFO - Running: ['***', 'tasks', 'run', 'fhv_taxi_data', 'download_dataset_task', 'scheduled__2020-03-02T07:00:00+00:00', '--job-id', '679', '--raw', '--subdir', 'DAGS_FOLDER/data_ingestion_gcs_multiFile_v02.py', '--cfg-path', '/tmp/tmp5yoxnt0l']
[2023-06-11T01:33:24.775+0000] {standard_task_runner.py:83} INFO - Job 679: Subtask download_dataset_task
[2023-06-11T01:33:24.776+0000] {dagbag.py:525} INFO - Filling up the DagBag from /opt/***/dags/data_ingestion_gcs_multiFile_v02.py
[2023-06-11T01:33:24.834+0000] {data_ingestion_gcs_multiFile_v02.py:20} INFO - dtc_data_lake_dtc-dezc-001 is the bucket.
[2023-06-11T01:33:24.851+0000] {warnings.py:110} WARNING - /home/***/.local/lib/python3.7/site-packages/***/configuration.py:545: DeprecationWarning: The sql_alchemy_conn option in [core] has been moved to the sql_alchemy_conn option in [database] - the old setting has been used, but please update your config.
  option = self._get_environment_variables(deprecated_key, deprecated_section, key, section)

[2023-06-11T01:33:24.890+0000] {task_command.py:384} INFO - Running <TaskInstance: fhv_taxi_data.download_dataset_task scheduled__2020-03-02T07:00:00+00:00 [running]> on host f41d61956f54
[2023-06-11T01:33:24.911+0000] {warnings.py:110} WARNING - /home/***/.local/lib/python3.7/site-packages/***/utils/context.py:204: AirflowContextDeprecationWarning: Accessing 'execution_date' from the template is deprecated and will be removed in a future version. Please use 'data_interval_start' or 'logical_date' instead.
  warnings.warn(_create_deprecation_warning(key, self._deprecation_replacements[key]))

[2023-06-11T01:33:24.937+0000] {taskinstance.py:1592} INFO - Exporting the following env vars:
AIRFLOW_CTX_DAG_OWNER=admin
AIRFLOW_CTX_DAG_ID=fhv_taxi_data
AIRFLOW_CTX_TASK_ID=download_dataset_task
AIRFLOW_CTX_EXECUTION_DATE=2020-03-02T07:00:00+00:00
AIRFLOW_CTX_TRY_NUMBER=1
AIRFLOW_CTX_DAG_RUN_ID=scheduled__2020-03-02T07:00:00+00:00
[2023-06-11T01:33:24.938+0000] {subprocess.py:63} INFO - Tmp dir root location: 
 /tmp
[2023-06-11T01:33:24.938+0000] {subprocess.py:75} INFO - Running command: ['/bin/bash', '-c', 'curl -sSLf https://github.com/DataTalksClub/nyc-tlc-data/releases/download/fhv/fhv_tripdata_2020-03.csv.gz > /opt/***/fhv_tripdata_2020-03.csv.gz']
[2023-06-11T01:33:24.949+0000] {subprocess.py:86} INFO - Output:
[2023-06-11T01:33:26.955+0000] {subprocess.py:97} INFO - Command exited with return code 0
[2023-06-11T01:33:26.977+0000] {taskinstance.py:1406} INFO - Marking task as SUCCESS. dag_id=fhv_taxi_data, task_id=download_dataset_task, execution_date=20200302T070000, start_date=20230611T013324, end_date=20230611T013326
[2023-06-11T01:33:27.010+0000] {local_task_job.py:164} INFO - Task exited with return code 0
[2023-06-11T01:33:27.031+0000] {local_task_job.py:273} INFO - 1 downstream tasks scheduled from follow-on schedule check
