[2023-06-10T02:01:12.853+0000] {taskinstance.py:1165} INFO - Dependencies all met for <TaskInstance: green_taxi_data.download_dataset_task scheduled__2021-02-02T06:30:00+00:00 [queued]>
[2023-06-10T02:01:12.864+0000] {taskinstance.py:1165} INFO - Dependencies all met for <TaskInstance: green_taxi_data.download_dataset_task scheduled__2021-02-02T06:30:00+00:00 [queued]>
[2023-06-10T02:01:12.865+0000] {taskinstance.py:1362} INFO - 
--------------------------------------------------------------------------------
[2023-06-10T02:01:12.865+0000] {taskinstance.py:1363} INFO - Starting attempt 1 of 2
[2023-06-10T02:01:12.866+0000] {taskinstance.py:1364} INFO - 
--------------------------------------------------------------------------------
[2023-06-10T02:01:12.874+0000] {taskinstance.py:1383} INFO - Executing <Task(BashOperator): download_dataset_task> on 2021-02-02 06:30:00+00:00
[2023-06-10T02:01:12.882+0000] {standard_task_runner.py:54} INFO - Started process 3605 to run task
[2023-06-10T02:01:12.885+0000] {standard_task_runner.py:82} INFO - Running: ['***', 'tasks', 'run', 'green_taxi_data', 'download_dataset_task', 'scheduled__2021-02-02T06:30:00+00:00', '--job-id', '174', '--raw', '--subdir', 'DAGS_FOLDER/data_ingestion_gcs_multiFile_v02.py', '--cfg-path', '/tmp/tmpn90l0foy']
[2023-06-10T02:01:12.886+0000] {standard_task_runner.py:83} INFO - Job 174: Subtask download_dataset_task
[2023-06-10T02:01:12.887+0000] {dagbag.py:525} INFO - Filling up the DagBag from /opt/***/dags/data_ingestion_gcs_multiFile_v02.py
[2023-06-10T02:01:12.966+0000] {data_ingestion_gcs_multiFile_v02.py:20} INFO - dtc_data_lake_dtc-dezc-001 is the bucket.
[2023-06-10T02:01:12.988+0000] {warnings.py:110} WARNING - /home/***/.local/lib/python3.7/site-packages/***/configuration.py:545: DeprecationWarning: The sql_alchemy_conn option in [core] has been moved to the sql_alchemy_conn option in [database] - the old setting has been used, but please update your config.
  option = self._get_environment_variables(deprecated_key, deprecated_section, key, section)

[2023-06-10T02:01:13.075+0000] {task_command.py:384} INFO - Running <TaskInstance: green_taxi_data.download_dataset_task scheduled__2021-02-02T06:30:00+00:00 [running]> on host f41d61956f54
[2023-06-10T02:01:13.106+0000] {warnings.py:110} WARNING - /home/***/.local/lib/python3.7/site-packages/***/utils/context.py:204: AirflowContextDeprecationWarning: Accessing 'execution_date' from the template is deprecated and will be removed in a future version. Please use 'data_interval_start' or 'logical_date' instead.
  warnings.warn(_create_deprecation_warning(key, self._deprecation_replacements[key]))

[2023-06-10T02:01:13.137+0000] {taskinstance.py:1592} INFO - Exporting the following env vars:
AIRFLOW_CTX_DAG_OWNER=admin
AIRFLOW_CTX_DAG_ID=green_taxi_data
AIRFLOW_CTX_TASK_ID=download_dataset_task
AIRFLOW_CTX_EXECUTION_DATE=2021-02-02T06:30:00+00:00
AIRFLOW_CTX_TRY_NUMBER=1
AIRFLOW_CTX_DAG_RUN_ID=scheduled__2021-02-02T06:30:00+00:00
[2023-06-10T02:01:13.138+0000] {subprocess.py:63} INFO - Tmp dir root location: 
 /tmp
[2023-06-10T02:01:13.139+0000] {subprocess.py:75} INFO - Running command: ['/bin/bash', '-c', 'curl -sSLf https://github.com/DataTalksClub/nyc-tlc-data/releases/tag/green/green_tripdata_2021-02.csv.gz > /opt/***/green_tripdata_2021-02.csv.gz']
[2023-06-10T02:01:13.149+0000] {subprocess.py:86} INFO - Output:
[2023-06-10T02:01:13.769+0000] {subprocess.py:97} INFO - Command exited with return code 0
[2023-06-10T02:01:13.794+0000] {taskinstance.py:1406} INFO - Marking task as SUCCESS. dag_id=green_taxi_data, task_id=download_dataset_task, execution_date=20210202T063000, start_date=20230610T020112, end_date=20230610T020113
[2023-06-10T02:01:13.834+0000] {local_task_job.py:164} INFO - Task exited with return code 0
[2023-06-10T02:01:13.855+0000] {local_task_job.py:273} INFO - 1 downstream tasks scheduled from follow-on schedule check
[2023-06-11T01:14:57.534+0000] {taskinstance.py:1165} INFO - Dependencies all met for <TaskInstance: green_taxi_data.download_dataset_task scheduled__2021-02-02T06:30:00+00:00 [queued]>
[2023-06-11T01:14:57.541+0000] {taskinstance.py:1165} INFO - Dependencies all met for <TaskInstance: green_taxi_data.download_dataset_task scheduled__2021-02-02T06:30:00+00:00 [queued]>
[2023-06-11T01:14:57.546+0000] {taskinstance.py:1362} INFO - 
--------------------------------------------------------------------------------
[2023-06-11T01:14:57.546+0000] {taskinstance.py:1363} INFO - Starting attempt 1 of 2
[2023-06-11T01:14:57.547+0000] {taskinstance.py:1364} INFO - 
--------------------------------------------------------------------------------
[2023-06-11T01:14:57.569+0000] {taskinstance.py:1383} INFO - Executing <Task(BashOperator): download_dataset_task> on 2021-02-02 06:30:00+00:00
[2023-06-11T01:14:57.575+0000] {standard_task_runner.py:54} INFO - Started process 4777 to run task
[2023-06-11T01:14:57.579+0000] {standard_task_runner.py:82} INFO - Running: ['***', 'tasks', 'run', 'green_taxi_data', 'download_dataset_task', 'scheduled__2021-02-02T06:30:00+00:00', '--job-id', '513', '--raw', '--subdir', 'DAGS_FOLDER/data_ingestion_gcs_multiFile_v02.py', '--cfg-path', '/tmp/tmpbk2i4alj']
[2023-06-11T01:14:57.584+0000] {standard_task_runner.py:83} INFO - Job 513: Subtask download_dataset_task
[2023-06-11T01:14:57.585+0000] {dagbag.py:525} INFO - Filling up the DagBag from /opt/***/dags/data_ingestion_gcs_multiFile_v02.py
[2023-06-11T01:14:57.654+0000] {data_ingestion_gcs_multiFile_v02.py:20} INFO - dtc_data_lake_dtc-dezc-001 is the bucket.
[2023-06-11T01:14:57.680+0000] {warnings.py:110} WARNING - /home/***/.local/lib/python3.7/site-packages/***/configuration.py:545: DeprecationWarning: The sql_alchemy_conn option in [core] has been moved to the sql_alchemy_conn option in [database] - the old setting has been used, but please update your config.
  option = self._get_environment_variables(deprecated_key, deprecated_section, key, section)

[2023-06-11T01:14:57.754+0000] {task_command.py:384} INFO - Running <TaskInstance: green_taxi_data.download_dataset_task scheduled__2021-02-02T06:30:00+00:00 [running]> on host f41d61956f54
[2023-06-11T01:14:57.787+0000] {warnings.py:110} WARNING - /home/***/.local/lib/python3.7/site-packages/***/utils/context.py:204: AirflowContextDeprecationWarning: Accessing 'execution_date' from the template is deprecated and will be removed in a future version. Please use 'data_interval_start' or 'logical_date' instead.
  warnings.warn(_create_deprecation_warning(key, self._deprecation_replacements[key]))

[2023-06-11T01:14:57.823+0000] {taskinstance.py:1592} INFO - Exporting the following env vars:
AIRFLOW_CTX_DAG_OWNER=admin
AIRFLOW_CTX_DAG_ID=green_taxi_data
AIRFLOW_CTX_TASK_ID=download_dataset_task
AIRFLOW_CTX_EXECUTION_DATE=2021-02-02T06:30:00+00:00
AIRFLOW_CTX_TRY_NUMBER=1
AIRFLOW_CTX_DAG_RUN_ID=scheduled__2021-02-02T06:30:00+00:00
[2023-06-11T01:14:57.824+0000] {subprocess.py:63} INFO - Tmp dir root location: 
 /tmp
[2023-06-11T01:14:57.825+0000] {subprocess.py:75} INFO - Running command: ['/bin/bash', '-c', 'curl -sSLf https://github.com/DataTalksClub/nyc-tlc-data/releases/download/green/green_tripdata_2021-02.csv.gz > /opt/***/green_tripdata_2021-02.csv.gz']
[2023-06-11T01:14:57.837+0000] {subprocess.py:86} INFO - Output:
[2023-06-11T01:14:58.497+0000] {subprocess.py:97} INFO - Command exited with return code 0
[2023-06-11T01:14:58.520+0000] {taskinstance.py:1406} INFO - Marking task as SUCCESS. dag_id=green_taxi_data, task_id=download_dataset_task, execution_date=20210202T063000, start_date=20230611T011457, end_date=20230611T011458
[2023-06-11T01:14:58.564+0000] {local_task_job.py:164} INFO - Task exited with return code 0
[2023-06-11T01:14:58.586+0000] {local_task_job.py:273} INFO - 1 downstream tasks scheduled from follow-on schedule check
