[2023-06-11T01:25:15.194+0000] {taskinstance.py:1165} INFO - Dependencies all met for <TaskInstance: taxi_zone_data.format_to_parquet_task scheduled__2023-06-10T00:00:00+00:00 [queued]>
[2023-06-11T01:25:15.200+0000] {taskinstance.py:1165} INFO - Dependencies all met for <TaskInstance: taxi_zone_data.format_to_parquet_task scheduled__2023-06-10T00:00:00+00:00 [queued]>
[2023-06-11T01:25:15.201+0000] {taskinstance.py:1362} INFO - 
--------------------------------------------------------------------------------
[2023-06-11T01:25:15.201+0000] {taskinstance.py:1363} INFO - Starting attempt 1 of 2
[2023-06-11T01:25:15.202+0000] {taskinstance.py:1364} INFO - 
--------------------------------------------------------------------------------
[2023-06-11T01:25:15.209+0000] {taskinstance.py:1383} INFO - Executing <Task(PythonOperator): format_to_parquet_task> on 2023-06-10 00:00:00+00:00
[2023-06-11T01:25:15.214+0000] {standard_task_runner.py:54} INFO - Started process 5786 to run task
[2023-06-11T01:25:15.217+0000] {standard_task_runner.py:82} INFO - Running: ['***', 'tasks', 'run', 'taxi_zone_data', 'format_to_parquet_task', 'scheduled__2023-06-10T00:00:00+00:00', '--job-id', '590', '--raw', '--subdir', 'DAGS_FOLDER/data_ingestion_gcs_multiFile_v02.py', '--cfg-path', '/tmp/tmp41w4lz4m']
[2023-06-11T01:25:15.218+0000] {standard_task_runner.py:83} INFO - Job 590: Subtask format_to_parquet_task
[2023-06-11T01:25:15.219+0000] {dagbag.py:525} INFO - Filling up the DagBag from /opt/***/dags/data_ingestion_gcs_multiFile_v02.py
[2023-06-11T01:25:15.277+0000] {data_ingestion_gcs_multiFile_v02.py:20} INFO - dtc_data_lake_dtc-dezc-001 is the bucket.
[2023-06-11T01:25:15.293+0000] {warnings.py:110} WARNING - /home/***/.local/lib/python3.7/site-packages/***/configuration.py:545: DeprecationWarning: The sql_alchemy_conn option in [core] has been moved to the sql_alchemy_conn option in [database] - the old setting has been used, but please update your config.
  option = self._get_environment_variables(deprecated_key, deprecated_section, key, section)

[2023-06-11T01:25:15.330+0000] {task_command.py:384} INFO - Running <TaskInstance: taxi_zone_data.format_to_parquet_task scheduled__2023-06-10T00:00:00+00:00 [running]> on host f41d61956f54
[2023-06-11T01:25:15.376+0000] {taskinstance.py:1592} INFO - Exporting the following env vars:
AIRFLOW_CTX_DAG_OWNER=admin
AIRFLOW_CTX_DAG_ID=taxi_zone_data
AIRFLOW_CTX_TASK_ID=format_to_parquet_task
AIRFLOW_CTX_EXECUTION_DATE=2023-06-10T00:00:00+00:00
AIRFLOW_CTX_TRY_NUMBER=1
AIRFLOW_CTX_DAG_RUN_ID=scheduled__2023-06-10T00:00:00+00:00
[2023-06-11T01:25:15.470+0000] {python.py:177} INFO - Done. Returned value was: None
[2023-06-11T01:25:15.479+0000] {taskinstance.py:1406} INFO - Marking task as SUCCESS. dag_id=taxi_zone_data, task_id=format_to_parquet_task, execution_date=20230610T000000, start_date=20230611T012515, end_date=20230611T012515
[2023-06-11T01:25:15.513+0000] {local_task_job.py:164} INFO - Task exited with return code 0
[2023-06-11T01:25:15.535+0000] {local_task_job.py:273} INFO - 1 downstream tasks scheduled from follow-on schedule check
