[2023-06-10T02:47:16.169+0000] {taskinstance.py:1165} INFO - Dependencies all met for <TaskInstance: green_taxi_data.download_dataset_task scheduled__2023-03-02T06:30:00+00:00 [queued]>
[2023-06-10T02:47:16.176+0000] {taskinstance.py:1165} INFO - Dependencies all met for <TaskInstance: green_taxi_data.download_dataset_task scheduled__2023-03-02T06:30:00+00:00 [queued]>
[2023-06-10T02:47:16.177+0000] {taskinstance.py:1362} INFO - 
--------------------------------------------------------------------------------
[2023-06-10T02:47:16.177+0000] {taskinstance.py:1363} INFO - Starting attempt 1 of 2
[2023-06-10T02:47:16.178+0000] {taskinstance.py:1364} INFO - 
--------------------------------------------------------------------------------
[2023-06-10T02:47:16.188+0000] {taskinstance.py:1383} INFO - Executing <Task(BashOperator): download_dataset_task> on 2023-03-02 06:30:00+00:00
[2023-06-10T02:47:16.192+0000] {standard_task_runner.py:54} INFO - Started process 6780 to run task
[2023-06-10T02:47:16.196+0000] {standard_task_runner.py:82} INFO - Running: ['***', 'tasks', 'run', 'green_taxi_data', 'download_dataset_task', 'scheduled__2023-03-02T06:30:00+00:00', '--job-id', '331', '--raw', '--subdir', 'DAGS_FOLDER/data_ingestion_gcs_multiFile_v02.py', '--cfg-path', '/tmp/tmpq_t49eaq']
[2023-06-10T02:47:16.197+0000] {standard_task_runner.py:83} INFO - Job 331: Subtask download_dataset_task
[2023-06-10T02:47:16.199+0000] {dagbag.py:525} INFO - Filling up the DagBag from /opt/***/dags/data_ingestion_gcs_multiFile_v02.py
[2023-06-10T02:47:16.314+0000] {data_ingestion_gcs_multiFile_v02.py:20} INFO - dtc_data_lake_dtc-dezc-001 is the bucket.
[2023-06-10T02:47:16.345+0000] {warnings.py:110} WARNING - /home/***/.local/lib/python3.7/site-packages/***/configuration.py:545: DeprecationWarning: The sql_alchemy_conn option in [core] has been moved to the sql_alchemy_conn option in [database] - the old setting has been used, but please update your config.
  option = self._get_environment_variables(deprecated_key, deprecated_section, key, section)

[2023-06-10T02:47:16.390+0000] {task_command.py:384} INFO - Running <TaskInstance: green_taxi_data.download_dataset_task scheduled__2023-03-02T06:30:00+00:00 [running]> on host f41d61956f54
[2023-06-10T02:47:16.422+0000] {warnings.py:110} WARNING - /home/***/.local/lib/python3.7/site-packages/***/utils/context.py:204: AirflowContextDeprecationWarning: Accessing 'execution_date' from the template is deprecated and will be removed in a future version. Please use 'data_interval_start' or 'logical_date' instead.
  warnings.warn(_create_deprecation_warning(key, self._deprecation_replacements[key]))

[2023-06-10T02:47:16.465+0000] {taskinstance.py:1592} INFO - Exporting the following env vars:
AIRFLOW_CTX_DAG_OWNER=admin
AIRFLOW_CTX_DAG_ID=green_taxi_data
AIRFLOW_CTX_TASK_ID=download_dataset_task
AIRFLOW_CTX_EXECUTION_DATE=2023-03-02T06:30:00+00:00
AIRFLOW_CTX_TRY_NUMBER=1
AIRFLOW_CTX_DAG_RUN_ID=scheduled__2023-03-02T06:30:00+00:00
[2023-06-10T02:47:16.466+0000] {subprocess.py:63} INFO - Tmp dir root location: 
 /tmp
[2023-06-10T02:47:16.467+0000] {subprocess.py:75} INFO - Running command: ['/bin/bash', '-c', 'curl -sSLf https://github.com/DataTalksClub/nyc-tlc-data/releases/tag/green/green_tripdata_2023-03.csv.gz > /opt/***/green_tripdata_2023-03.csv.gz']
[2023-06-10T02:47:16.479+0000] {subprocess.py:86} INFO - Output:
[2023-06-10T02:47:17.125+0000] {subprocess.py:97} INFO - Command exited with return code 0
[2023-06-10T02:47:17.164+0000] {taskinstance.py:1406} INFO - Marking task as SUCCESS. dag_id=green_taxi_data, task_id=download_dataset_task, execution_date=20230302T063000, start_date=20230610T024716, end_date=20230610T024717
[2023-06-10T02:47:17.218+0000] {local_task_job.py:164} INFO - Task exited with return code 0
[2023-06-10T02:47:17.241+0000] {local_task_job.py:273} INFO - 1 downstream tasks scheduled from follow-on schedule check
