[2023-06-06T20:15:54.981+0000] {taskinstance.py:1165} INFO - Dependencies all met for <TaskInstance: data_ingestion_gcs_dag.local_to_gcs_task manual__2023-06-06T20:10:11.349078+00:00 [queued]>
[2023-06-06T20:15:54.992+0000] {taskinstance.py:1165} INFO - Dependencies all met for <TaskInstance: data_ingestion_gcs_dag.local_to_gcs_task manual__2023-06-06T20:10:11.349078+00:00 [queued]>
[2023-06-06T20:15:54.993+0000] {taskinstance.py:1362} INFO - 
--------------------------------------------------------------------------------
[2023-06-06T20:15:54.994+0000] {taskinstance.py:1363} INFO - Starting attempt 1 of 2
[2023-06-06T20:15:54.994+0000] {taskinstance.py:1364} INFO - 
--------------------------------------------------------------------------------
[2023-06-06T20:15:55.006+0000] {taskinstance.py:1383} INFO - Executing <Task(PythonOperator): local_to_gcs_task> on 2023-06-06 20:10:11.349078+00:00
[2023-06-06T20:15:55.013+0000] {standard_task_runner.py:54} INFO - Started process 493 to run task
[2023-06-06T20:15:55.023+0000] {standard_task_runner.py:82} INFO - Running: ['***', 'tasks', 'run', 'data_ingestion_gcs_dag', 'local_to_gcs_task', 'manual__2023-06-06T20:10:11.349078+00:00', '--job-id', '10', '--raw', '--subdir', 'DAGS_FOLDER/data_ingestion_gcs.py', '--cfg-path', '/tmp/tmp_par5797']
[2023-06-06T20:15:55.026+0000] {standard_task_runner.py:83} INFO - Job 10: Subtask local_to_gcs_task
[2023-06-06T20:15:55.028+0000] {dagbag.py:525} INFO - Filling up the DagBag from /opt/***/dags/data_ingestion_gcs.py
[2023-06-06T20:15:55.055+0000] {data_ingestion_gcs.py:24} INFO - Dataset file is yellow_tripdata_2021-01.csv.gz, url is https://github.com/DataTalksClub/nyc-tlc-data/releases/download/yellow/yellow_tripdata_2021-01.csv.gz, local_home is /opt/***, parquet file is yellow_tripdata_2021-01.parquet
[2023-06-06T20:15:55.056+0000] {data_ingestion_gcs.py:32} INFO - dtc_data_lake_dtc-dezc-001 is the bucket,  dtc-dezc is the project name, dtc-dezc-001 is the project id, trips_data_all is the bigquery dataset.
[2023-06-06T20:15:55.130+0000] {task_command.py:384} INFO - Running <TaskInstance: data_ingestion_gcs_dag.local_to_gcs_task manual__2023-06-06T20:10:11.349078+00:00 [running]> on host 1d8c795fd30d
[2023-06-06T20:15:55.176+0000] {taskinstance.py:1592} INFO - Exporting the following env vars:
AIRFLOW_CTX_DAG_OWNER=admin
AIRFLOW_CTX_DAG_ID=data_ingestion_gcs_dag
AIRFLOW_CTX_TASK_ID=local_to_gcs_task
AIRFLOW_CTX_EXECUTION_DATE=2023-06-06T20:10:11.349078+00:00
AIRFLOW_CTX_TRY_NUMBER=1
AIRFLOW_CTX_DAG_RUN_ID=manual__2023-06-06T20:10:11.349078+00:00
[2023-06-06T20:15:55.180+0000] {warnings.py:110} WARNING - /home/***/.local/lib/python3.7/site-packages/google/auth/_default.py:81: UserWarning: Your application has authenticated using end user credentials from Google Cloud SDK without a quota project. You might receive a "quota exceeded" or "API not enabled" error. We recommend you rerun `gcloud auth application-default login` and make sure a quota project is added. Or you can use service accounts instead. For more information about service accounts, see https://cloud.google.com/docs/authentication/
  warnings.warn(_CLOUD_SDK_CREDENTIALS_WARNING)

[2023-06-06T20:15:56.480+0000] {data_ingestion_gcs.py:73} INFO - Blob is <Blob: dtc_data_lake_dtc-dezc-001, raw/yellow_tripdata_2021-01.parquet, None>
[2023-06-06T20:16:16.302+0000] {python.py:177} INFO - Done. Returned value was: None
[2023-06-06T20:16:16.333+0000] {taskinstance.py:1406} INFO - Marking task as SUCCESS. dag_id=data_ingestion_gcs_dag, task_id=local_to_gcs_task, execution_date=20230606T201011, start_date=20230606T201554, end_date=20230606T201616
[2023-06-06T20:16:16.456+0000] {local_task_job.py:164} INFO - Task exited with return code 0
[2023-06-06T20:16:16.488+0000] {local_task_job.py:273} INFO - 1 downstream tasks scheduled from follow-on schedule check
