[2023-06-10T01:50:58.448+0000] {taskinstance.py:1165} INFO - Dependencies all met for <TaskInstance: fhv_taxi_data.download_dataset_task scheduled__2020-08-02T07:00:00+00:00 [queued]>
[2023-06-10T01:50:58.456+0000] {taskinstance.py:1165} INFO - Dependencies all met for <TaskInstance: fhv_taxi_data.download_dataset_task scheduled__2020-08-02T07:00:00+00:00 [queued]>
[2023-06-10T01:50:58.457+0000] {taskinstance.py:1362} INFO - 
--------------------------------------------------------------------------------
[2023-06-10T01:50:58.457+0000] {taskinstance.py:1363} INFO - Starting attempt 1 of 2
[2023-06-10T01:50:58.459+0000] {taskinstance.py:1364} INFO - 
--------------------------------------------------------------------------------
[2023-06-10T01:50:58.471+0000] {taskinstance.py:1383} INFO - Executing <Task(BashOperator): download_dataset_task> on 2020-08-02 07:00:00+00:00
[2023-06-10T01:50:58.478+0000] {standard_task_runner.py:54} INFO - Started process 2895 to run task
[2023-06-10T01:50:58.483+0000] {standard_task_runner.py:82} INFO - Running: ['***', 'tasks', 'run', 'fhv_taxi_data', 'download_dataset_task', 'scheduled__2020-08-02T07:00:00+00:00', '--job-id', '139', '--raw', '--subdir', 'DAGS_FOLDER/data_ingestion_gcs_multiFile_v02.py', '--cfg-path', '/tmp/tmp61tq8qes']
[2023-06-10T01:50:58.484+0000] {standard_task_runner.py:83} INFO - Job 139: Subtask download_dataset_task
[2023-06-10T01:50:58.486+0000] {dagbag.py:525} INFO - Filling up the DagBag from /opt/***/dags/data_ingestion_gcs_multiFile_v02.py
[2023-06-10T01:50:58.589+0000] {data_ingestion_gcs_multiFile_v02.py:20} INFO - dtc_data_lake_dtc-dezc-001 is the bucket.
[2023-06-10T01:50:58.607+0000] {warnings.py:110} WARNING - /home/***/.local/lib/python3.7/site-packages/***/configuration.py:545: DeprecationWarning: The sql_alchemy_conn option in [core] has been moved to the sql_alchemy_conn option in [database] - the old setting has been used, but please update your config.
  option = self._get_environment_variables(deprecated_key, deprecated_section, key, section)

[2023-06-10T01:50:58.651+0000] {task_command.py:384} INFO - Running <TaskInstance: fhv_taxi_data.download_dataset_task scheduled__2020-08-02T07:00:00+00:00 [running]> on host f41d61956f54
[2023-06-10T01:50:58.674+0000] {warnings.py:110} WARNING - /home/***/.local/lib/python3.7/site-packages/***/utils/context.py:204: AirflowContextDeprecationWarning: Accessing 'execution_date' from the template is deprecated and will be removed in a future version. Please use 'data_interval_start' or 'logical_date' instead.
  warnings.warn(_create_deprecation_warning(key, self._deprecation_replacements[key]))

[2023-06-10T01:50:58.702+0000] {taskinstance.py:1592} INFO - Exporting the following env vars:
AIRFLOW_CTX_DAG_OWNER=admin
AIRFLOW_CTX_DAG_ID=fhv_taxi_data
AIRFLOW_CTX_TASK_ID=download_dataset_task
AIRFLOW_CTX_EXECUTION_DATE=2020-08-02T07:00:00+00:00
AIRFLOW_CTX_TRY_NUMBER=1
AIRFLOW_CTX_DAG_RUN_ID=scheduled__2020-08-02T07:00:00+00:00
[2023-06-10T01:50:58.703+0000] {subprocess.py:63} INFO - Tmp dir root location: 
 /tmp
[2023-06-10T01:50:58.704+0000] {subprocess.py:75} INFO - Running command: ['/bin/bash', '-c', 'curl -sSLf https://github.com/DataTalksClub/nyc-tlc-data/releases/tag/fhv/fhv_tripdata_2020-08.csv.gz > /opt/***/fhv_tripdata_2020-08.csv.gz']
[2023-06-10T01:50:58.714+0000] {subprocess.py:86} INFO - Output:
[2023-06-10T01:50:59.331+0000] {subprocess.py:97} INFO - Command exited with return code 0
[2023-06-10T01:50:59.353+0000] {taskinstance.py:1406} INFO - Marking task as SUCCESS. dag_id=fhv_taxi_data, task_id=download_dataset_task, execution_date=20200802T070000, start_date=20230610T015058, end_date=20230610T015059
[2023-06-10T01:50:59.389+0000] {local_task_job.py:164} INFO - Task exited with return code 0
[2023-06-10T01:50:59.416+0000] {local_task_job.py:273} INFO - 1 downstream tasks scheduled from follow-on schedule check
[2023-06-11T01:35:37.051+0000] {taskinstance.py:1165} INFO - Dependencies all met for <TaskInstance: fhv_taxi_data.download_dataset_task scheduled__2020-08-02T07:00:00+00:00 [queued]>
[2023-06-11T01:35:37.058+0000] {taskinstance.py:1165} INFO - Dependencies all met for <TaskInstance: fhv_taxi_data.download_dataset_task scheduled__2020-08-02T07:00:00+00:00 [queued]>
[2023-06-11T01:35:37.059+0000] {taskinstance.py:1362} INFO - 
--------------------------------------------------------------------------------
[2023-06-11T01:35:37.059+0000] {taskinstance.py:1363} INFO - Starting attempt 1 of 2
[2023-06-11T01:35:37.060+0000] {taskinstance.py:1364} INFO - 
--------------------------------------------------------------------------------
[2023-06-11T01:35:37.067+0000] {taskinstance.py:1383} INFO - Executing <Task(BashOperator): download_dataset_task> on 2020-08-02 07:00:00+00:00
[2023-06-11T01:35:37.072+0000] {standard_task_runner.py:54} INFO - Started process 7096 to run task
[2023-06-11T01:35:37.075+0000] {standard_task_runner.py:82} INFO - Running: ['***', 'tasks', 'run', 'fhv_taxi_data', 'download_dataset_task', 'scheduled__2020-08-02T07:00:00+00:00', '--job-id', '714', '--raw', '--subdir', 'DAGS_FOLDER/data_ingestion_gcs_multiFile_v02.py', '--cfg-path', '/tmp/tmpfphg3pha']
[2023-06-11T01:35:37.076+0000] {standard_task_runner.py:83} INFO - Job 714: Subtask download_dataset_task
[2023-06-11T01:35:37.077+0000] {dagbag.py:525} INFO - Filling up the DagBag from /opt/***/dags/data_ingestion_gcs_multiFile_v02.py
[2023-06-11T01:35:37.139+0000] {data_ingestion_gcs_multiFile_v02.py:20} INFO - dtc_data_lake_dtc-dezc-001 is the bucket.
[2023-06-11T01:35:37.155+0000] {warnings.py:110} WARNING - /home/***/.local/lib/python3.7/site-packages/***/configuration.py:545: DeprecationWarning: The sql_alchemy_conn option in [core] has been moved to the sql_alchemy_conn option in [database] - the old setting has been used, but please update your config.
  option = self._get_environment_variables(deprecated_key, deprecated_section, key, section)

[2023-06-11T01:35:37.195+0000] {task_command.py:384} INFO - Running <TaskInstance: fhv_taxi_data.download_dataset_task scheduled__2020-08-02T07:00:00+00:00 [running]> on host f41d61956f54
[2023-06-11T01:35:37.218+0000] {warnings.py:110} WARNING - /home/***/.local/lib/python3.7/site-packages/***/utils/context.py:204: AirflowContextDeprecationWarning: Accessing 'execution_date' from the template is deprecated and will be removed in a future version. Please use 'data_interval_start' or 'logical_date' instead.
  warnings.warn(_create_deprecation_warning(key, self._deprecation_replacements[key]))

[2023-06-11T01:35:37.245+0000] {taskinstance.py:1592} INFO - Exporting the following env vars:
AIRFLOW_CTX_DAG_OWNER=admin
AIRFLOW_CTX_DAG_ID=fhv_taxi_data
AIRFLOW_CTX_TASK_ID=download_dataset_task
AIRFLOW_CTX_EXECUTION_DATE=2020-08-02T07:00:00+00:00
AIRFLOW_CTX_TRY_NUMBER=1
AIRFLOW_CTX_DAG_RUN_ID=scheduled__2020-08-02T07:00:00+00:00
[2023-06-11T01:35:37.246+0000] {subprocess.py:63} INFO - Tmp dir root location: 
 /tmp
[2023-06-11T01:35:37.247+0000] {subprocess.py:75} INFO - Running command: ['/bin/bash', '-c', 'curl -sSLf https://github.com/DataTalksClub/nyc-tlc-data/releases/download/fhv/fhv_tripdata_2020-08.csv.gz > /opt/***/fhv_tripdata_2020-08.csv.gz']
[2023-06-11T01:35:37.257+0000] {subprocess.py:86} INFO - Output:
[2023-06-11T01:35:39.113+0000] {subprocess.py:97} INFO - Command exited with return code 0
[2023-06-11T01:35:39.140+0000] {taskinstance.py:1406} INFO - Marking task as SUCCESS. dag_id=fhv_taxi_data, task_id=download_dataset_task, execution_date=20200802T070000, start_date=20230611T013537, end_date=20230611T013539
[2023-06-11T01:35:39.191+0000] {local_task_job.py:164} INFO - Task exited with return code 0
[2023-06-11T01:35:39.210+0000] {local_task_job.py:273} INFO - 1 downstream tasks scheduled from follow-on schedule check
