[2023-06-11T01:57:12.374+0000] {taskinstance.py:1165} INFO - Dependencies all met for <TaskInstance: yellow_taxi_data.download_dataset_task scheduled__2021-11-02T06:00:00+00:00 [queued]>
[2023-06-11T01:57:12.381+0000] {taskinstance.py:1165} INFO - Dependencies all met for <TaskInstance: yellow_taxi_data.download_dataset_task scheduled__2021-11-02T06:00:00+00:00 [queued]>
[2023-06-11T01:57:12.381+0000] {taskinstance.py:1362} INFO - 
--------------------------------------------------------------------------------
[2023-06-11T01:57:12.382+0000] {taskinstance.py:1363} INFO - Starting attempt 2 of 2
[2023-06-11T01:57:12.382+0000] {taskinstance.py:1364} INFO - 
--------------------------------------------------------------------------------
[2023-06-11T01:57:12.389+0000] {taskinstance.py:1383} INFO - Executing <Task(BashOperator): download_dataset_task> on 2021-11-02 06:00:00+00:00
[2023-06-11T01:57:12.393+0000] {standard_task_runner.py:54} INFO - Started process 8359 to run task
[2023-06-11T01:57:12.397+0000] {standard_task_runner.py:82} INFO - Running: ['***', 'tasks', 'run', 'yellow_taxi_data', 'download_dataset_task', 'scheduled__2021-11-02T06:00:00+00:00', '--job-id', '800', '--raw', '--subdir', 'DAGS_FOLDER/data_ingestion_gcs_multiFile_v02.py', '--cfg-path', '/tmp/tmpqkv7jg12']
[2023-06-11T01:57:12.398+0000] {standard_task_runner.py:83} INFO - Job 800: Subtask download_dataset_task
[2023-06-11T01:57:12.399+0000] {dagbag.py:525} INFO - Filling up the DagBag from /opt/***/dags/data_ingestion_gcs_multiFile_v02.py
[2023-06-11T01:57:12.458+0000] {data_ingestion_gcs_multiFile_v02.py:20} INFO - dtc_data_lake_dtc-dezc-001 is the bucket.
[2023-06-11T01:57:12.473+0000] {warnings.py:110} WARNING - /home/***/.local/lib/python3.7/site-packages/***/configuration.py:545: DeprecationWarning: The sql_alchemy_conn option in [core] has been moved to the sql_alchemy_conn option in [database] - the old setting has been used, but please update your config.
  option = self._get_environment_variables(deprecated_key, deprecated_section, key, section)

[2023-06-11T01:57:12.511+0000] {task_command.py:384} INFO - Running <TaskInstance: yellow_taxi_data.download_dataset_task scheduled__2021-11-02T06:00:00+00:00 [running]> on host f41d61956f54
[2023-06-11T01:57:12.532+0000] {warnings.py:110} WARNING - /home/***/.local/lib/python3.7/site-packages/***/utils/context.py:204: AirflowContextDeprecationWarning: Accessing 'execution_date' from the template is deprecated and will be removed in a future version. Please use 'data_interval_start' or 'logical_date' instead.
  warnings.warn(_create_deprecation_warning(key, self._deprecation_replacements[key]))

[2023-06-11T01:57:12.559+0000] {taskinstance.py:1592} INFO - Exporting the following env vars:
AIRFLOW_CTX_DAG_OWNER=admin
AIRFLOW_CTX_DAG_ID=yellow_taxi_data
AIRFLOW_CTX_TASK_ID=download_dataset_task
AIRFLOW_CTX_EXECUTION_DATE=2021-11-02T06:00:00+00:00
AIRFLOW_CTX_TRY_NUMBER=2
AIRFLOW_CTX_DAG_RUN_ID=scheduled__2021-11-02T06:00:00+00:00
[2023-06-11T01:57:12.560+0000] {subprocess.py:63} INFO - Tmp dir root location: 
 /tmp
[2023-06-11T01:57:12.561+0000] {subprocess.py:75} INFO - Running command: ['/bin/bash', '-c', 'curl -sSLf https://github.com/DataTalksClub/nyc-tlc-data/releases/download/yellow/yellow_tripdata_2021-11.csv.gz > /opt/***/yellow_tripdata_2021-11.csv.gz']
[2023-06-11T01:57:12.571+0000] {subprocess.py:86} INFO - Output:
[2023-06-11T01:57:12.846+0000] {subprocess.py:93} INFO - curl: (22) The requested URL returned error: 404
[2023-06-11T01:57:12.852+0000] {subprocess.py:97} INFO - Command exited with return code 22
[2023-06-11T01:57:12.873+0000] {taskinstance.py:1851} ERROR - Task failed with exception
Traceback (most recent call last):
  File "/home/airflow/.local/lib/python3.7/site-packages/airflow/operators/bash.py", line 197, in execute
    f'Bash command failed. The command returned a non-zero exit code {result.exit_code}.'
airflow.exceptions.AirflowException: Bash command failed. The command returned a non-zero exit code 22.
[2023-06-11T01:57:12.878+0000] {taskinstance.py:1406} INFO - Marking task as FAILED. dag_id=yellow_taxi_data, task_id=download_dataset_task, execution_date=20211102T060000, start_date=20230611T015712, end_date=20230611T015712
[2023-06-11T01:57:12.890+0000] {standard_task_runner.py:107} ERROR - Failed to execute job 800 for task download_dataset_task (Bash command failed. The command returned a non-zero exit code 22.; 8359)
[2023-06-11T01:57:12.941+0000] {local_task_job.py:164} INFO - Task exited with return code 1
[2023-06-11T01:57:12.961+0000] {local_task_job.py:273} INFO - 0 downstream tasks scheduled from follow-on schedule check
