[2023-06-10T02:11:28.870+0000] {taskinstance.py:1165} INFO - Dependencies all met for <TaskInstance: fhv_taxi_data.download_dataset_task scheduled__2021-08-02T07:00:00+00:00 [queued]>
[2023-06-10T02:11:28.879+0000] {taskinstance.py:1165} INFO - Dependencies all met for <TaskInstance: fhv_taxi_data.download_dataset_task scheduled__2021-08-02T07:00:00+00:00 [queued]>
[2023-06-10T02:11:28.879+0000] {taskinstance.py:1362} INFO - 
--------------------------------------------------------------------------------
[2023-06-10T02:11:28.880+0000] {taskinstance.py:1363} INFO - Starting attempt 1 of 2
[2023-06-10T02:11:28.880+0000] {taskinstance.py:1364} INFO - 
--------------------------------------------------------------------------------
[2023-06-10T02:11:28.891+0000] {taskinstance.py:1383} INFO - Executing <Task(BashOperator): download_dataset_task> on 2021-08-02 07:00:00+00:00
[2023-06-10T02:11:28.895+0000] {standard_task_runner.py:54} INFO - Started process 4325 to run task
[2023-06-10T02:11:28.899+0000] {standard_task_runner.py:82} INFO - Running: ['***', 'tasks', 'run', 'fhv_taxi_data', 'download_dataset_task', 'scheduled__2021-08-02T07:00:00+00:00', '--job-id', '211', '--raw', '--subdir', 'DAGS_FOLDER/data_ingestion_gcs_multiFile_v02.py', '--cfg-path', '/tmp/tmpxhpz86wk']
[2023-06-10T02:11:28.900+0000] {standard_task_runner.py:83} INFO - Job 211: Subtask download_dataset_task
[2023-06-10T02:11:28.901+0000] {dagbag.py:525} INFO - Filling up the DagBag from /opt/***/dags/data_ingestion_gcs_multiFile_v02.py
[2023-06-10T02:11:28.965+0000] {data_ingestion_gcs_multiFile_v02.py:20} INFO - dtc_data_lake_dtc-dezc-001 is the bucket.
[2023-06-10T02:11:28.979+0000] {warnings.py:110} WARNING - /home/***/.local/lib/python3.7/site-packages/***/configuration.py:545: DeprecationWarning: The sql_alchemy_conn option in [core] has been moved to the sql_alchemy_conn option in [database] - the old setting has been used, but please update your config.
  option = self._get_environment_variables(deprecated_key, deprecated_section, key, section)

[2023-06-10T02:11:29.021+0000] {task_command.py:384} INFO - Running <TaskInstance: fhv_taxi_data.download_dataset_task scheduled__2021-08-02T07:00:00+00:00 [running]> on host f41d61956f54
[2023-06-10T02:11:29.046+0000] {warnings.py:110} WARNING - /home/***/.local/lib/python3.7/site-packages/***/utils/context.py:204: AirflowContextDeprecationWarning: Accessing 'execution_date' from the template is deprecated and will be removed in a future version. Please use 'data_interval_start' or 'logical_date' instead.
  warnings.warn(_create_deprecation_warning(key, self._deprecation_replacements[key]))

[2023-06-10T02:11:29.076+0000] {taskinstance.py:1592} INFO - Exporting the following env vars:
AIRFLOW_CTX_DAG_OWNER=admin
AIRFLOW_CTX_DAG_ID=fhv_taxi_data
AIRFLOW_CTX_TASK_ID=download_dataset_task
AIRFLOW_CTX_EXECUTION_DATE=2021-08-02T07:00:00+00:00
AIRFLOW_CTX_TRY_NUMBER=1
AIRFLOW_CTX_DAG_RUN_ID=scheduled__2021-08-02T07:00:00+00:00
[2023-06-10T02:11:29.077+0000] {subprocess.py:63} INFO - Tmp dir root location: 
 /tmp
[2023-06-10T02:11:29.078+0000] {subprocess.py:75} INFO - Running command: ['/bin/bash', '-c', 'curl -sSLf https://github.com/DataTalksClub/nyc-tlc-data/releases/tag/fhv/fhv_tripdata_2021-08.csv.gz > /opt/***/fhv_tripdata_2021-08.csv.gz']
[2023-06-10T02:11:29.087+0000] {subprocess.py:86} INFO - Output:
[2023-06-10T02:11:29.703+0000] {subprocess.py:97} INFO - Command exited with return code 0
[2023-06-10T02:11:29.749+0000] {taskinstance.py:1406} INFO - Marking task as SUCCESS. dag_id=fhv_taxi_data, task_id=download_dataset_task, execution_date=20210802T070000, start_date=20230610T021128, end_date=20230610T021129
[2023-06-10T02:11:29.795+0000] {local_task_job.py:164} INFO - Task exited with return code 0
[2023-06-10T02:11:29.825+0000] {local_task_job.py:273} INFO - 1 downstream tasks scheduled from follow-on schedule check
[2023-06-11T01:47:10.711+0000] {taskinstance.py:1165} INFO - Dependencies all met for <TaskInstance: fhv_taxi_data.download_dataset_task scheduled__2021-08-02T07:00:00+00:00 [queued]>
[2023-06-11T01:47:10.717+0000] {taskinstance.py:1165} INFO - Dependencies all met for <TaskInstance: fhv_taxi_data.download_dataset_task scheduled__2021-08-02T07:00:00+00:00 [queued]>
[2023-06-11T01:47:10.719+0000] {taskinstance.py:1362} INFO - 
--------------------------------------------------------------------------------
[2023-06-11T01:47:10.719+0000] {taskinstance.py:1363} INFO - Starting attempt 1 of 2
[2023-06-11T01:47:10.719+0000] {taskinstance.py:1364} INFO - 
--------------------------------------------------------------------------------
[2023-06-11T01:47:10.728+0000] {taskinstance.py:1383} INFO - Executing <Task(BashOperator): download_dataset_task> on 2021-08-02 07:00:00+00:00
[2023-06-11T01:47:10.732+0000] {standard_task_runner.py:54} INFO - Started process 7740 to run task
[2023-06-11T01:47:10.736+0000] {standard_task_runner.py:82} INFO - Running: ['***', 'tasks', 'run', 'fhv_taxi_data', 'download_dataset_task', 'scheduled__2021-08-02T07:00:00+00:00', '--job-id', '779', '--raw', '--subdir', 'DAGS_FOLDER/data_ingestion_gcs_multiFile_v02.py', '--cfg-path', '/tmp/tmp9o5vvwsg']
[2023-06-11T01:47:10.737+0000] {standard_task_runner.py:83} INFO - Job 779: Subtask download_dataset_task
[2023-06-11T01:47:10.738+0000] {dagbag.py:525} INFO - Filling up the DagBag from /opt/***/dags/data_ingestion_gcs_multiFile_v02.py
[2023-06-11T01:47:10.801+0000] {data_ingestion_gcs_multiFile_v02.py:20} INFO - dtc_data_lake_dtc-dezc-001 is the bucket.
[2023-06-11T01:47:10.816+0000] {warnings.py:110} WARNING - /home/***/.local/lib/python3.7/site-packages/***/configuration.py:545: DeprecationWarning: The sql_alchemy_conn option in [core] has been moved to the sql_alchemy_conn option in [database] - the old setting has been used, but please update your config.
  option = self._get_environment_variables(deprecated_key, deprecated_section, key, section)

[2023-06-11T01:47:10.856+0000] {task_command.py:384} INFO - Running <TaskInstance: fhv_taxi_data.download_dataset_task scheduled__2021-08-02T07:00:00+00:00 [running]> on host f41d61956f54
[2023-06-11T01:47:10.879+0000] {warnings.py:110} WARNING - /home/***/.local/lib/python3.7/site-packages/***/utils/context.py:204: AirflowContextDeprecationWarning: Accessing 'execution_date' from the template is deprecated and will be removed in a future version. Please use 'data_interval_start' or 'logical_date' instead.
  warnings.warn(_create_deprecation_warning(key, self._deprecation_replacements[key]))

[2023-06-11T01:47:10.907+0000] {taskinstance.py:1592} INFO - Exporting the following env vars:
AIRFLOW_CTX_DAG_OWNER=admin
AIRFLOW_CTX_DAG_ID=fhv_taxi_data
AIRFLOW_CTX_TASK_ID=download_dataset_task
AIRFLOW_CTX_EXECUTION_DATE=2021-08-02T07:00:00+00:00
AIRFLOW_CTX_TRY_NUMBER=1
AIRFLOW_CTX_DAG_RUN_ID=scheduled__2021-08-02T07:00:00+00:00
[2023-06-11T01:47:10.908+0000] {subprocess.py:63} INFO - Tmp dir root location: 
 /tmp
[2023-06-11T01:47:10.909+0000] {subprocess.py:75} INFO - Running command: ['/bin/bash', '-c', 'curl -sSLf https://github.com/DataTalksClub/nyc-tlc-data/releases/download/fhv/fhv_tripdata_2021-08.csv.gz > /opt/***/fhv_tripdata_2021-08.csv.gz']
[2023-06-11T01:47:10.920+0000] {subprocess.py:86} INFO - Output:
[2023-06-11T01:47:11.196+0000] {subprocess.py:93} INFO - curl: (22) The requested URL returned error: 404
[2023-06-11T01:47:11.202+0000] {subprocess.py:97} INFO - Command exited with return code 22
[2023-06-11T01:47:11.225+0000] {taskinstance.py:1851} ERROR - Task failed with exception
Traceback (most recent call last):
  File "/home/airflow/.local/lib/python3.7/site-packages/airflow/operators/bash.py", line 197, in execute
    f'Bash command failed. The command returned a non-zero exit code {result.exit_code}.'
airflow.exceptions.AirflowException: Bash command failed. The command returned a non-zero exit code 22.
[2023-06-11T01:47:11.230+0000] {taskinstance.py:1406} INFO - Marking task as UP_FOR_RETRY. dag_id=fhv_taxi_data, task_id=download_dataset_task, execution_date=20210802T070000, start_date=20230611T014710, end_date=20230611T014711
[2023-06-11T01:47:11.246+0000] {standard_task_runner.py:107} ERROR - Failed to execute job 779 for task download_dataset_task (Bash command failed. The command returned a non-zero exit code 22.; 7740)
[2023-06-11T01:47:11.274+0000] {local_task_job.py:164} INFO - Task exited with return code 1
[2023-06-11T01:47:11.293+0000] {local_task_job.py:273} INFO - 0 downstream tasks scheduled from follow-on schedule check
