[2023-06-10T01:17:35.339+0000] {taskinstance.py:1165} INFO - Dependencies all met for <TaskInstance: green_taxi_data.download_dataset_task scheduled__2019-03-02T06:30:00+00:00 [queued]>
[2023-06-10T01:17:35.353+0000] {taskinstance.py:1165} INFO - Dependencies all met for <TaskInstance: green_taxi_data.download_dataset_task scheduled__2019-03-02T06:30:00+00:00 [queued]>
[2023-06-10T01:17:35.354+0000] {taskinstance.py:1362} INFO - 
--------------------------------------------------------------------------------
[2023-06-10T01:17:35.354+0000] {taskinstance.py:1363} INFO - Starting attempt 1 of 2
[2023-06-10T01:17:35.356+0000] {taskinstance.py:1364} INFO - 
--------------------------------------------------------------------------------
[2023-06-10T01:17:35.369+0000] {taskinstance.py:1383} INFO - Executing <Task(BashOperator): download_dataset_task> on 2019-03-02 06:30:00+00:00
[2023-06-10T01:17:35.381+0000] {standard_task_runner.py:54} INFO - Started process 1164 to run task
[2023-06-10T01:17:35.394+0000] {standard_task_runner.py:82} INFO - Running: ['***', 'tasks', 'run', 'green_taxi_data', 'download_dataset_task', 'scheduled__2019-03-02T06:30:00+00:00', '--job-id', '45', '--raw', '--subdir', 'DAGS_FOLDER/data_ingestion_gcs_multiFile_v02.py', '--cfg-path', '/tmp/tmparyd5bs2']
[2023-06-10T01:17:35.399+0000] {standard_task_runner.py:83} INFO - Job 45: Subtask download_dataset_task
[2023-06-10T01:17:35.400+0000] {dagbag.py:525} INFO - Filling up the DagBag from /opt/***/dags/data_ingestion_gcs_multiFile_v02.py
[2023-06-10T01:17:35.511+0000] {data_ingestion_gcs_multiFile_v02.py:20} INFO - dtc_data_lake_dtc-dezc-001 is the bucket.
[2023-06-10T01:17:35.545+0000] {warnings.py:110} WARNING - /home/***/.local/lib/python3.7/site-packages/***/configuration.py:545: DeprecationWarning: The sql_alchemy_conn option in [core] has been moved to the sql_alchemy_conn option in [database] - the old setting has been used, but please update your config.
  option = self._get_environment_variables(deprecated_key, deprecated_section, key, section)

[2023-06-10T01:17:35.624+0000] {task_command.py:384} INFO - Running <TaskInstance: green_taxi_data.download_dataset_task scheduled__2019-03-02T06:30:00+00:00 [running]> on host f41d61956f54
[2023-06-10T01:17:35.667+0000] {warnings.py:110} WARNING - /home/***/.local/lib/python3.7/site-packages/***/utils/context.py:204: AirflowContextDeprecationWarning: Accessing 'execution_date' from the template is deprecated and will be removed in a future version. Please use 'data_interval_start' or 'logical_date' instead.
  warnings.warn(_create_deprecation_warning(key, self._deprecation_replacements[key]))

[2023-06-10T01:17:35.715+0000] {taskinstance.py:1592} INFO - Exporting the following env vars:
AIRFLOW_CTX_DAG_OWNER=admin
AIRFLOW_CTX_DAG_ID=green_taxi_data
AIRFLOW_CTX_TASK_ID=download_dataset_task
AIRFLOW_CTX_EXECUTION_DATE=2019-03-02T06:30:00+00:00
AIRFLOW_CTX_TRY_NUMBER=1
AIRFLOW_CTX_DAG_RUN_ID=scheduled__2019-03-02T06:30:00+00:00
[2023-06-10T01:17:35.718+0000] {subprocess.py:63} INFO - Tmp dir root location: 
 /tmp
[2023-06-10T01:17:35.719+0000] {subprocess.py:75} INFO - Running command: ['/bin/bash', '-c', 'curl -sSLf https://github.com/DataTalksClub/nyc-tlc-data/releases/tag/green/green_tripdata_2019-03.csv.gz > /opt/***/green_tripdata_2019-03.csv.gz']
[2023-06-10T01:17:35.741+0000] {subprocess.py:86} INFO - Output:
[2023-06-10T01:17:36.343+0000] {subprocess.py:97} INFO - Command exited with return code 0
[2023-06-10T01:17:36.369+0000] {taskinstance.py:1406} INFO - Marking task as SUCCESS. dag_id=green_taxi_data, task_id=download_dataset_task, execution_date=20190302T063000, start_date=20230610T011735, end_date=20230610T011736
[2023-06-10T01:17:36.402+0000] {local_task_job.py:164} INFO - Task exited with return code 0
[2023-06-10T01:17:36.422+0000] {local_task_job.py:273} INFO - 1 downstream tasks scheduled from follow-on schedule check
[2023-06-11T01:09:51.731+0000] {taskinstance.py:1165} INFO - Dependencies all met for <TaskInstance: green_taxi_data.download_dataset_task scheduled__2019-03-02T06:30:00+00:00 [queued]>
[2023-06-11T01:09:51.741+0000] {taskinstance.py:1165} INFO - Dependencies all met for <TaskInstance: green_taxi_data.download_dataset_task scheduled__2019-03-02T06:30:00+00:00 [queued]>
[2023-06-11T01:09:51.742+0000] {taskinstance.py:1362} INFO - 
--------------------------------------------------------------------------------
[2023-06-11T01:09:51.742+0000] {taskinstance.py:1363} INFO - Starting attempt 1 of 2
[2023-06-11T01:09:51.743+0000] {taskinstance.py:1364} INFO - 
--------------------------------------------------------------------------------
[2023-06-11T01:09:51.750+0000] {taskinstance.py:1383} INFO - Executing <Task(BashOperator): download_dataset_task> on 2019-03-02 06:30:00+00:00
[2023-06-11T01:09:51.755+0000] {standard_task_runner.py:54} INFO - Started process 3866 to run task
[2023-06-11T01:09:51.758+0000] {standard_task_runner.py:82} INFO - Running: ['***', 'tasks', 'run', 'green_taxi_data', 'download_dataset_task', 'scheduled__2019-03-02T06:30:00+00:00', '--job-id', '407', '--raw', '--subdir', 'DAGS_FOLDER/data_ingestion_gcs_multiFile_v02.py', '--cfg-path', '/tmp/tmphgmeztf6']
[2023-06-11T01:09:51.759+0000] {standard_task_runner.py:83} INFO - Job 407: Subtask download_dataset_task
[2023-06-11T01:09:51.760+0000] {dagbag.py:525} INFO - Filling up the DagBag from /opt/***/dags/data_ingestion_gcs_multiFile_v02.py
[2023-06-11T01:09:51.823+0000] {data_ingestion_gcs_multiFile_v02.py:20} INFO - dtc_data_lake_dtc-dezc-001 is the bucket.
[2023-06-11T01:09:51.839+0000] {warnings.py:110} WARNING - /home/***/.local/lib/python3.7/site-packages/***/configuration.py:545: DeprecationWarning: The sql_alchemy_conn option in [core] has been moved to the sql_alchemy_conn option in [database] - the old setting has been used, but please update your config.
  option = self._get_environment_variables(deprecated_key, deprecated_section, key, section)

[2023-06-11T01:09:51.877+0000] {task_command.py:384} INFO - Running <TaskInstance: green_taxi_data.download_dataset_task scheduled__2019-03-02T06:30:00+00:00 [running]> on host f41d61956f54
[2023-06-11T01:09:51.899+0000] {warnings.py:110} WARNING - /home/***/.local/lib/python3.7/site-packages/***/utils/context.py:204: AirflowContextDeprecationWarning: Accessing 'execution_date' from the template is deprecated and will be removed in a future version. Please use 'data_interval_start' or 'logical_date' instead.
  warnings.warn(_create_deprecation_warning(key, self._deprecation_replacements[key]))

[2023-06-11T01:09:51.925+0000] {taskinstance.py:1592} INFO - Exporting the following env vars:
AIRFLOW_CTX_DAG_OWNER=admin
AIRFLOW_CTX_DAG_ID=green_taxi_data
AIRFLOW_CTX_TASK_ID=download_dataset_task
AIRFLOW_CTX_EXECUTION_DATE=2019-03-02T06:30:00+00:00
AIRFLOW_CTX_TRY_NUMBER=1
AIRFLOW_CTX_DAG_RUN_ID=scheduled__2019-03-02T06:30:00+00:00
[2023-06-11T01:09:51.926+0000] {subprocess.py:63} INFO - Tmp dir root location: 
 /tmp
[2023-06-11T01:09:51.927+0000] {subprocess.py:75} INFO - Running command: ['/bin/bash', '-c', 'curl -sSLf https://github.com/DataTalksClub/nyc-tlc-data/releases/download/green/green_tripdata_2019-03.csv.gz > /opt/***/green_tripdata_2019-03.csv.gz']
[2023-06-11T01:09:51.937+0000] {subprocess.py:86} INFO - Output:
[2023-06-11T01:09:53.698+0000] {subprocess.py:97} INFO - Command exited with return code 0
[2023-06-11T01:09:53.725+0000] {taskinstance.py:1406} INFO - Marking task as SUCCESS. dag_id=green_taxi_data, task_id=download_dataset_task, execution_date=20190302T063000, start_date=20230611T010951, end_date=20230611T010953
[2023-06-11T01:09:53.754+0000] {local_task_job.py:164} INFO - Task exited with return code 0
[2023-06-11T01:09:53.775+0000] {local_task_job.py:273} INFO - 1 downstream tasks scheduled from follow-on schedule check
