[2023-06-10T01:22:44.262+0000] {taskinstance.py:1165} INFO - Dependencies all met for <TaskInstance: green_taxi_data.download_dataset_task scheduled__2019-08-02T06:30:00+00:00 [queued]>
[2023-06-10T01:22:44.269+0000] {taskinstance.py:1165} INFO - Dependencies all met for <TaskInstance: green_taxi_data.download_dataset_task scheduled__2019-08-02T06:30:00+00:00 [queued]>
[2023-06-10T01:22:44.269+0000] {taskinstance.py:1362} INFO - 
--------------------------------------------------------------------------------
[2023-06-10T01:22:44.270+0000] {taskinstance.py:1363} INFO - Starting attempt 1 of 2
[2023-06-10T01:22:44.271+0000] {taskinstance.py:1364} INFO - 
--------------------------------------------------------------------------------
[2023-06-10T01:22:44.283+0000] {taskinstance.py:1383} INFO - Executing <Task(BashOperator): download_dataset_task> on 2019-08-02 06:30:00+00:00
[2023-06-10T01:22:44.295+0000] {standard_task_runner.py:54} INFO - Started process 1537 to run task
[2023-06-10T01:22:44.298+0000] {standard_task_runner.py:82} INFO - Running: ['***', 'tasks', 'run', 'green_taxi_data', 'download_dataset_task', 'scheduled__2019-08-02T06:30:00+00:00', '--job-id', '66', '--raw', '--subdir', 'DAGS_FOLDER/data_ingestion_gcs_multiFile_v02.py', '--cfg-path', '/tmp/tmpvbn5o6q5']
[2023-06-10T01:22:44.299+0000] {standard_task_runner.py:83} INFO - Job 66: Subtask download_dataset_task
[2023-06-10T01:22:44.300+0000] {dagbag.py:525} INFO - Filling up the DagBag from /opt/***/dags/data_ingestion_gcs_multiFile_v02.py
[2023-06-10T01:22:44.363+0000] {data_ingestion_gcs_multiFile_v02.py:20} INFO - dtc_data_lake_dtc-dezc-001 is the bucket.
[2023-06-10T01:22:44.378+0000] {warnings.py:110} WARNING - /home/***/.local/lib/python3.7/site-packages/***/configuration.py:545: DeprecationWarning: The sql_alchemy_conn option in [core] has been moved to the sql_alchemy_conn option in [database] - the old setting has been used, but please update your config.
  option = self._get_environment_variables(deprecated_key, deprecated_section, key, section)

[2023-06-10T01:22:44.417+0000] {task_command.py:384} INFO - Running <TaskInstance: green_taxi_data.download_dataset_task scheduled__2019-08-02T06:30:00+00:00 [running]> on host f41d61956f54
[2023-06-10T01:22:44.438+0000] {warnings.py:110} WARNING - /home/***/.local/lib/python3.7/site-packages/***/utils/context.py:204: AirflowContextDeprecationWarning: Accessing 'execution_date' from the template is deprecated and will be removed in a future version. Please use 'data_interval_start' or 'logical_date' instead.
  warnings.warn(_create_deprecation_warning(key, self._deprecation_replacements[key]))

[2023-06-10T01:22:44.471+0000] {taskinstance.py:1592} INFO - Exporting the following env vars:
AIRFLOW_CTX_DAG_OWNER=admin
AIRFLOW_CTX_DAG_ID=green_taxi_data
AIRFLOW_CTX_TASK_ID=download_dataset_task
AIRFLOW_CTX_EXECUTION_DATE=2019-08-02T06:30:00+00:00
AIRFLOW_CTX_TRY_NUMBER=1
AIRFLOW_CTX_DAG_RUN_ID=scheduled__2019-08-02T06:30:00+00:00
[2023-06-10T01:22:44.472+0000] {subprocess.py:63} INFO - Tmp dir root location: 
 /tmp
[2023-06-10T01:22:44.473+0000] {subprocess.py:75} INFO - Running command: ['/bin/bash', '-c', 'curl -sSLf https://github.com/DataTalksClub/nyc-tlc-data/releases/tag/green/green_tripdata_2019-08.csv.gz > /opt/***/green_tripdata_2019-08.csv.gz']
[2023-06-10T01:22:44.483+0000] {subprocess.py:86} INFO - Output:
[2023-06-10T01:22:45.133+0000] {subprocess.py:97} INFO - Command exited with return code 0
[2023-06-10T01:22:45.155+0000] {taskinstance.py:1406} INFO - Marking task as SUCCESS. dag_id=green_taxi_data, task_id=download_dataset_task, execution_date=20190802T063000, start_date=20230610T012244, end_date=20230610T012245
[2023-06-10T01:22:45.200+0000] {local_task_job.py:164} INFO - Task exited with return code 0
[2023-06-10T01:22:45.221+0000] {local_task_job.py:273} INFO - 1 downstream tasks scheduled from follow-on schedule check
[2023-06-11T01:11:21.025+0000] {taskinstance.py:1165} INFO - Dependencies all met for <TaskInstance: green_taxi_data.download_dataset_task scheduled__2019-08-02T06:30:00+00:00 [queued]>
[2023-06-11T01:11:21.031+0000] {taskinstance.py:1165} INFO - Dependencies all met for <TaskInstance: green_taxi_data.download_dataset_task scheduled__2019-08-02T06:30:00+00:00 [queued]>
[2023-06-11T01:11:21.032+0000] {taskinstance.py:1362} INFO - 
--------------------------------------------------------------------------------
[2023-06-11T01:11:21.032+0000] {taskinstance.py:1363} INFO - Starting attempt 1 of 2
[2023-06-11T01:11:21.033+0000] {taskinstance.py:1364} INFO - 
--------------------------------------------------------------------------------
[2023-06-11T01:11:21.040+0000] {taskinstance.py:1383} INFO - Executing <Task(BashOperator): download_dataset_task> on 2019-08-02 06:30:00+00:00
[2023-06-11T01:11:21.045+0000] {standard_task_runner.py:54} INFO - Started process 4114 to run task
[2023-06-11T01:11:21.049+0000] {standard_task_runner.py:82} INFO - Running: ['***', 'tasks', 'run', 'green_taxi_data', 'download_dataset_task', 'scheduled__2019-08-02T06:30:00+00:00', '--job-id', '435', '--raw', '--subdir', 'DAGS_FOLDER/data_ingestion_gcs_multiFile_v02.py', '--cfg-path', '/tmp/tmpq51omnlm']
[2023-06-11T01:11:21.049+0000] {standard_task_runner.py:83} INFO - Job 435: Subtask download_dataset_task
[2023-06-11T01:11:21.051+0000] {dagbag.py:525} INFO - Filling up the DagBag from /opt/***/dags/data_ingestion_gcs_multiFile_v02.py
[2023-06-11T01:11:21.115+0000] {data_ingestion_gcs_multiFile_v02.py:20} INFO - dtc_data_lake_dtc-dezc-001 is the bucket.
[2023-06-11T01:11:21.131+0000] {warnings.py:110} WARNING - /home/***/.local/lib/python3.7/site-packages/***/configuration.py:545: DeprecationWarning: The sql_alchemy_conn option in [core] has been moved to the sql_alchemy_conn option in [database] - the old setting has been used, but please update your config.
  option = self._get_environment_variables(deprecated_key, deprecated_section, key, section)

[2023-06-11T01:11:21.173+0000] {task_command.py:384} INFO - Running <TaskInstance: green_taxi_data.download_dataset_task scheduled__2019-08-02T06:30:00+00:00 [running]> on host f41d61956f54
[2023-06-11T01:11:21.196+0000] {warnings.py:110} WARNING - /home/***/.local/lib/python3.7/site-packages/***/utils/context.py:204: AirflowContextDeprecationWarning: Accessing 'execution_date' from the template is deprecated and will be removed in a future version. Please use 'data_interval_start' or 'logical_date' instead.
  warnings.warn(_create_deprecation_warning(key, self._deprecation_replacements[key]))

[2023-06-11T01:11:21.224+0000] {taskinstance.py:1592} INFO - Exporting the following env vars:
AIRFLOW_CTX_DAG_OWNER=admin
AIRFLOW_CTX_DAG_ID=green_taxi_data
AIRFLOW_CTX_TASK_ID=download_dataset_task
AIRFLOW_CTX_EXECUTION_DATE=2019-08-02T06:30:00+00:00
AIRFLOW_CTX_TRY_NUMBER=1
AIRFLOW_CTX_DAG_RUN_ID=scheduled__2019-08-02T06:30:00+00:00
[2023-06-11T01:11:21.225+0000] {subprocess.py:63} INFO - Tmp dir root location: 
 /tmp
[2023-06-11T01:11:21.226+0000] {subprocess.py:75} INFO - Running command: ['/bin/bash', '-c', 'curl -sSLf https://github.com/DataTalksClub/nyc-tlc-data/releases/download/green/green_tripdata_2019-08.csv.gz > /opt/***/green_tripdata_2019-08.csv.gz']
[2023-06-11T01:11:21.238+0000] {subprocess.py:86} INFO - Output:
[2023-06-11T01:11:22.581+0000] {subprocess.py:97} INFO - Command exited with return code 0
[2023-06-11T01:11:22.612+0000] {taskinstance.py:1406} INFO - Marking task as SUCCESS. dag_id=green_taxi_data, task_id=download_dataset_task, execution_date=20190802T063000, start_date=20230611T011121, end_date=20230611T011122
[2023-06-11T01:11:22.680+0000] {local_task_job.py:164} INFO - Task exited with return code 0
[2023-06-11T01:11:22.704+0000] {local_task_job.py:273} INFO - 1 downstream tasks scheduled from follow-on schedule check
