[2023-06-06T19:52:40.750+0000] {taskinstance.py:1165} INFO - Dependencies all met for <TaskInstance: data_ingestion_gcs_dag.download_dataset_task manual__2023-06-06T19:52:39.136270+00:00 [queued]>
[2023-06-06T19:52:40.755+0000] {taskinstance.py:1165} INFO - Dependencies all met for <TaskInstance: data_ingestion_gcs_dag.download_dataset_task manual__2023-06-06T19:52:39.136270+00:00 [queued]>
[2023-06-06T19:52:40.756+0000] {taskinstance.py:1362} INFO - 
--------------------------------------------------------------------------------
[2023-06-06T19:52:40.756+0000] {taskinstance.py:1363} INFO - Starting attempt 1 of 2
[2023-06-06T19:52:40.757+0000] {taskinstance.py:1364} INFO - 
--------------------------------------------------------------------------------
[2023-06-06T19:52:40.764+0000] {taskinstance.py:1383} INFO - Executing <Task(BashOperator): download_dataset_task> on 2023-06-06 19:52:39.136270+00:00
[2023-06-06T19:52:40.768+0000] {standard_task_runner.py:54} INFO - Started process 1555 to run task
[2023-06-06T19:52:40.772+0000] {standard_task_runner.py:82} INFO - Running: ['***', 'tasks', 'run', 'data_ingestion_gcs_dag', 'download_dataset_task', 'manual__2023-06-06T19:52:39.136270+00:00', '--job-id', '11', '--raw', '--subdir', 'DAGS_FOLDER/data_ingestion_gcs.py', '--cfg-path', '/tmp/tmpkxjh6qzi']
[2023-06-06T19:52:40.774+0000] {standard_task_runner.py:83} INFO - Job 11: Subtask download_dataset_task
[2023-06-06T19:52:40.775+0000] {dagbag.py:525} INFO - Filling up the DagBag from /opt/***/dags/data_ingestion_gcs.py
[2023-06-06T19:52:40.792+0000] {data_ingestion_gcs.py:24} INFO - Dataset file is yellow_tripdata_2021-01.csv.gz, url is https://github.com/DataTalksClub/nyc-tlc-data/releases/download/yellow/yellow_tripdata_2021-01.csv.gz, local_home is /opt/***, parquet file is yellow_tripdata_2021-01.parquet
[2023-06-06T19:52:40.793+0000] {data_ingestion_gcs.py:31} INFO - dtc_data_lake_dtc-dezc-001 is the bucket, dtc-dezc-001 is the project id, trips_data_all is the bigquery dataset.
[2023-06-06T19:52:40.848+0000] {task_command.py:384} INFO - Running <TaskInstance: data_ingestion_gcs_dag.download_dataset_task manual__2023-06-06T19:52:39.136270+00:00 [running]> on host 5b07d5f4e84f
[2023-06-06T19:52:40.895+0000] {taskinstance.py:1592} INFO - Exporting the following env vars:
AIRFLOW_CTX_DAG_OWNER=admin
AIRFLOW_CTX_DAG_ID=data_ingestion_gcs_dag
AIRFLOW_CTX_TASK_ID=download_dataset_task
AIRFLOW_CTX_EXECUTION_DATE=2023-06-06T19:52:39.136270+00:00
AIRFLOW_CTX_TRY_NUMBER=1
AIRFLOW_CTX_DAG_RUN_ID=manual__2023-06-06T19:52:39.136270+00:00
[2023-06-06T19:52:40.897+0000] {subprocess.py:63} INFO - Tmp dir root location: 
 /tmp
[2023-06-06T19:52:40.898+0000] {subprocess.py:75} INFO - Running command: ['/bin/bash', '-c', 'curl -sSL https://github.com/DataTalksClub/nyc-tlc-data/releases/download/yellow/yellow_tripdata_2021-01.csv.gz > /opt/***/yellow_tripdata_2021-01.csv.gz']
[2023-06-06T19:52:40.908+0000] {subprocess.py:86} INFO - Output:
[2023-06-06T19:52:43.863+0000] {subprocess.py:97} INFO - Command exited with return code 0
[2023-06-06T19:52:43.896+0000] {taskinstance.py:1406} INFO - Marking task as SUCCESS. dag_id=data_ingestion_gcs_dag, task_id=download_dataset_task, execution_date=20230606T195239, start_date=20230606T195240, end_date=20230606T195243
[2023-06-06T19:52:43.944+0000] {local_task_job.py:164} INFO - Task exited with return code 0
[2023-06-06T19:52:43.968+0000] {local_task_job.py:273} INFO - 1 downstream tasks scheduled from follow-on schedule check
