[2023-06-10T01:17:35.334+0000] {taskinstance.py:1165} INFO - Dependencies all met for <TaskInstance: fhv_taxi_data.download_dataset_task scheduled__2019-03-02T07:00:00+00:00 [queued]>
[2023-06-10T01:17:35.345+0000] {taskinstance.py:1165} INFO - Dependencies all met for <TaskInstance: fhv_taxi_data.download_dataset_task scheduled__2019-03-02T07:00:00+00:00 [queued]>
[2023-06-10T01:17:35.346+0000] {taskinstance.py:1362} INFO - 
--------------------------------------------------------------------------------
[2023-06-10T01:17:35.347+0000] {taskinstance.py:1363} INFO - Starting attempt 1 of 2
[2023-06-10T01:17:35.347+0000] {taskinstance.py:1364} INFO - 
--------------------------------------------------------------------------------
[2023-06-10T01:17:35.359+0000] {taskinstance.py:1383} INFO - Executing <Task(BashOperator): download_dataset_task> on 2019-03-02 07:00:00+00:00
[2023-06-10T01:17:35.362+0000] {standard_task_runner.py:54} INFO - Started process 1163 to run task
[2023-06-10T01:17:35.367+0000] {standard_task_runner.py:82} INFO - Running: ['***', 'tasks', 'run', 'fhv_taxi_data', 'download_dataset_task', 'scheduled__2019-03-02T07:00:00+00:00', '--job-id', '44', '--raw', '--subdir', 'DAGS_FOLDER/data_ingestion_gcs_multiFile_v02.py', '--cfg-path', '/tmp/tmp0cl7ga50']
[2023-06-10T01:17:35.369+0000] {standard_task_runner.py:83} INFO - Job 44: Subtask download_dataset_task
[2023-06-10T01:17:35.371+0000] {dagbag.py:525} INFO - Filling up the DagBag from /opt/***/dags/data_ingestion_gcs_multiFile_v02.py
[2023-06-10T01:17:35.482+0000] {data_ingestion_gcs_multiFile_v02.py:20} INFO - dtc_data_lake_dtc-dezc-001 is the bucket.
[2023-06-10T01:17:35.512+0000] {warnings.py:110} WARNING - /home/***/.local/lib/python3.7/site-packages/***/configuration.py:545: DeprecationWarning: The sql_alchemy_conn option in [core] has been moved to the sql_alchemy_conn option in [database] - the old setting has been used, but please update your config.
  option = self._get_environment_variables(deprecated_key, deprecated_section, key, section)

[2023-06-10T01:17:35.598+0000] {task_command.py:384} INFO - Running <TaskInstance: fhv_taxi_data.download_dataset_task scheduled__2019-03-02T07:00:00+00:00 [running]> on host f41d61956f54
[2023-06-10T01:17:35.634+0000] {warnings.py:110} WARNING - /home/***/.local/lib/python3.7/site-packages/***/utils/context.py:204: AirflowContextDeprecationWarning: Accessing 'execution_date' from the template is deprecated and will be removed in a future version. Please use 'data_interval_start' or 'logical_date' instead.
  warnings.warn(_create_deprecation_warning(key, self._deprecation_replacements[key]))

[2023-06-10T01:17:35.677+0000] {taskinstance.py:1592} INFO - Exporting the following env vars:
AIRFLOW_CTX_DAG_OWNER=admin
AIRFLOW_CTX_DAG_ID=fhv_taxi_data
AIRFLOW_CTX_TASK_ID=download_dataset_task
AIRFLOW_CTX_EXECUTION_DATE=2019-03-02T07:00:00+00:00
AIRFLOW_CTX_TRY_NUMBER=1
AIRFLOW_CTX_DAG_RUN_ID=scheduled__2019-03-02T07:00:00+00:00
[2023-06-10T01:17:35.680+0000] {subprocess.py:63} INFO - Tmp dir root location: 
 /tmp
[2023-06-10T01:17:35.681+0000] {subprocess.py:75} INFO - Running command: ['/bin/bash', '-c', 'curl -sSLf https://github.com/DataTalksClub/nyc-tlc-data/releases/tag/fhv/fhv_tripdata_2019-03.csv.gz > /opt/***/fhv_tripdata_2019-03.csv.gz']
[2023-06-10T01:17:35.692+0000] {subprocess.py:86} INFO - Output:
[2023-06-10T01:17:36.362+0000] {subprocess.py:97} INFO - Command exited with return code 0
[2023-06-10T01:17:36.387+0000] {taskinstance.py:1406} INFO - Marking task as SUCCESS. dag_id=fhv_taxi_data, task_id=download_dataset_task, execution_date=20190302T070000, start_date=20230610T011735, end_date=20230610T011736
[2023-06-10T01:17:36.423+0000] {local_task_job.py:164} INFO - Task exited with return code 0
[2023-06-10T01:17:36.447+0000] {local_task_job.py:273} INFO - 1 downstream tasks scheduled from follow-on schedule check
[2023-06-11T01:22:18.676+0000] {taskinstance.py:1165} INFO - Dependencies all met for <TaskInstance: fhv_taxi_data.download_dataset_task scheduled__2019-03-02T07:00:00+00:00 [queued]>
[2023-06-11T01:22:18.683+0000] {taskinstance.py:1165} INFO - Dependencies all met for <TaskInstance: fhv_taxi_data.download_dataset_task scheduled__2019-03-02T07:00:00+00:00 [queued]>
[2023-06-11T01:22:18.685+0000] {taskinstance.py:1362} INFO - 
--------------------------------------------------------------------------------
[2023-06-11T01:22:18.685+0000] {taskinstance.py:1363} INFO - Starting attempt 1 of 2
[2023-06-11T01:22:18.686+0000] {taskinstance.py:1364} INFO - 
--------------------------------------------------------------------------------
[2023-06-11T01:22:18.694+0000] {taskinstance.py:1383} INFO - Executing <Task(BashOperator): download_dataset_task> on 2019-03-02 07:00:00+00:00
[2023-06-11T01:22:18.698+0000] {standard_task_runner.py:54} INFO - Started process 5538 to run task
[2023-06-11T01:22:18.703+0000] {standard_task_runner.py:82} INFO - Running: ['***', 'tasks', 'run', 'fhv_taxi_data', 'download_dataset_task', 'scheduled__2019-03-02T07:00:00+00:00', '--job-id', '574', '--raw', '--subdir', 'DAGS_FOLDER/data_ingestion_gcs_multiFile_v02.py', '--cfg-path', '/tmp/tmp4g0v1saj']
[2023-06-11T01:22:18.704+0000] {standard_task_runner.py:83} INFO - Job 574: Subtask download_dataset_task
[2023-06-11T01:22:18.705+0000] {dagbag.py:525} INFO - Filling up the DagBag from /opt/***/dags/data_ingestion_gcs_multiFile_v02.py
[2023-06-11T01:22:18.768+0000] {data_ingestion_gcs_multiFile_v02.py:20} INFO - dtc_data_lake_dtc-dezc-001 is the bucket.
[2023-06-11T01:22:18.783+0000] {warnings.py:110} WARNING - /home/***/.local/lib/python3.7/site-packages/***/configuration.py:545: DeprecationWarning: The sql_alchemy_conn option in [core] has been moved to the sql_alchemy_conn option in [database] - the old setting has been used, but please update your config.
  option = self._get_environment_variables(deprecated_key, deprecated_section, key, section)

[2023-06-11T01:22:18.824+0000] {task_command.py:384} INFO - Running <TaskInstance: fhv_taxi_data.download_dataset_task scheduled__2019-03-02T07:00:00+00:00 [running]> on host f41d61956f54
[2023-06-11T01:22:18.845+0000] {warnings.py:110} WARNING - /home/***/.local/lib/python3.7/site-packages/***/utils/context.py:204: AirflowContextDeprecationWarning: Accessing 'execution_date' from the template is deprecated and will be removed in a future version. Please use 'data_interval_start' or 'logical_date' instead.
  warnings.warn(_create_deprecation_warning(key, self._deprecation_replacements[key]))

[2023-06-11T01:22:18.872+0000] {taskinstance.py:1592} INFO - Exporting the following env vars:
AIRFLOW_CTX_DAG_OWNER=admin
AIRFLOW_CTX_DAG_ID=fhv_taxi_data
AIRFLOW_CTX_TASK_ID=download_dataset_task
AIRFLOW_CTX_EXECUTION_DATE=2019-03-02T07:00:00+00:00
AIRFLOW_CTX_TRY_NUMBER=1
AIRFLOW_CTX_DAG_RUN_ID=scheduled__2019-03-02T07:00:00+00:00
[2023-06-11T01:22:18.873+0000] {subprocess.py:63} INFO - Tmp dir root location: 
 /tmp
[2023-06-11T01:22:18.874+0000] {subprocess.py:75} INFO - Running command: ['/bin/bash', '-c', 'curl -sSLf https://github.com/DataTalksClub/nyc-tlc-data/releases/download/fhv/fhv_tripdata_2019-03.csv.gz > /opt/***/fhv_tripdata_2019-03.csv.gz']
[2023-06-11T01:22:18.886+0000] {subprocess.py:86} INFO - Output:
[2023-06-11T01:22:20.850+0000] {subprocess.py:97} INFO - Command exited with return code 0
[2023-06-11T01:22:20.880+0000] {taskinstance.py:1406} INFO - Marking task as SUCCESS. dag_id=fhv_taxi_data, task_id=download_dataset_task, execution_date=20190302T070000, start_date=20230611T012218, end_date=20230611T012220
[2023-06-11T01:22:20.934+0000] {local_task_job.py:164} INFO - Task exited with return code 0
[2023-06-11T01:22:20.956+0000] {local_task_job.py:273} INFO - 1 downstream tasks scheduled from follow-on schedule check
