[2023-06-10T02:11:28.813+0000] {taskinstance.py:1165} INFO - Dependencies all met for <TaskInstance: green_taxi_data.download_dataset_task scheduled__2021-08-02T06:30:00+00:00 [queued]>
[2023-06-10T02:11:28.820+0000] {taskinstance.py:1165} INFO - Dependencies all met for <TaskInstance: green_taxi_data.download_dataset_task scheduled__2021-08-02T06:30:00+00:00 [queued]>
[2023-06-10T02:11:28.821+0000] {taskinstance.py:1362} INFO - 
--------------------------------------------------------------------------------
[2023-06-10T02:11:28.822+0000] {taskinstance.py:1363} INFO - Starting attempt 1 of 2
[2023-06-10T02:11:28.824+0000] {taskinstance.py:1364} INFO - 
--------------------------------------------------------------------------------
[2023-06-10T02:11:28.834+0000] {taskinstance.py:1383} INFO - Executing <Task(BashOperator): download_dataset_task> on 2021-08-02 06:30:00+00:00
[2023-06-10T02:11:28.840+0000] {standard_task_runner.py:54} INFO - Started process 4321 to run task
[2023-06-10T02:11:28.841+0000] {standard_task_runner.py:82} INFO - Running: ['***', 'tasks', 'run', 'green_taxi_data', 'download_dataset_task', 'scheduled__2021-08-02T06:30:00+00:00', '--job-id', '210', '--raw', '--subdir', 'DAGS_FOLDER/data_ingestion_gcs_multiFile_v02.py', '--cfg-path', '/tmp/tmphu0d67fn']
[2023-06-10T02:11:28.847+0000] {standard_task_runner.py:83} INFO - Job 210: Subtask download_dataset_task
[2023-06-10T02:11:28.848+0000] {dagbag.py:525} INFO - Filling up the DagBag from /opt/***/dags/data_ingestion_gcs_multiFile_v02.py
[2023-06-10T02:11:28.923+0000] {data_ingestion_gcs_multiFile_v02.py:20} INFO - dtc_data_lake_dtc-dezc-001 is the bucket.
[2023-06-10T02:11:28.938+0000] {warnings.py:110} WARNING - /home/***/.local/lib/python3.7/site-packages/***/configuration.py:545: DeprecationWarning: The sql_alchemy_conn option in [core] has been moved to the sql_alchemy_conn option in [database] - the old setting has been used, but please update your config.
  option = self._get_environment_variables(deprecated_key, deprecated_section, key, section)

[2023-06-10T02:11:28.980+0000] {task_command.py:384} INFO - Running <TaskInstance: green_taxi_data.download_dataset_task scheduled__2021-08-02T06:30:00+00:00 [running]> on host f41d61956f54
[2023-06-10T02:11:29.003+0000] {warnings.py:110} WARNING - /home/***/.local/lib/python3.7/site-packages/***/utils/context.py:204: AirflowContextDeprecationWarning: Accessing 'execution_date' from the template is deprecated and will be removed in a future version. Please use 'data_interval_start' or 'logical_date' instead.
  warnings.warn(_create_deprecation_warning(key, self._deprecation_replacements[key]))

[2023-06-10T02:11:29.036+0000] {taskinstance.py:1592} INFO - Exporting the following env vars:
AIRFLOW_CTX_DAG_OWNER=admin
AIRFLOW_CTX_DAG_ID=green_taxi_data
AIRFLOW_CTX_TASK_ID=download_dataset_task
AIRFLOW_CTX_EXECUTION_DATE=2021-08-02T06:30:00+00:00
AIRFLOW_CTX_TRY_NUMBER=1
AIRFLOW_CTX_DAG_RUN_ID=scheduled__2021-08-02T06:30:00+00:00
[2023-06-10T02:11:29.037+0000] {subprocess.py:63} INFO - Tmp dir root location: 
 /tmp
[2023-06-10T02:11:29.038+0000] {subprocess.py:75} INFO - Running command: ['/bin/bash', '-c', 'curl -sSLf https://github.com/DataTalksClub/nyc-tlc-data/releases/tag/green/green_tripdata_2021-08.csv.gz > /opt/***/green_tripdata_2021-08.csv.gz']
[2023-06-10T02:11:29.049+0000] {subprocess.py:86} INFO - Output:
[2023-06-10T02:11:29.675+0000] {subprocess.py:97} INFO - Command exited with return code 0
[2023-06-10T02:11:29.705+0000] {taskinstance.py:1406} INFO - Marking task as SUCCESS. dag_id=green_taxi_data, task_id=download_dataset_task, execution_date=20210802T063000, start_date=20230610T021128, end_date=20230610T021129
[2023-06-10T02:11:29.749+0000] {local_task_job.py:164} INFO - Task exited with return code 0
[2023-06-10T02:11:29.784+0000] {local_task_job.py:273} INFO - 0 downstream tasks scheduled from follow-on schedule check
[2023-06-11T01:15:24.243+0000] {taskinstance.py:1165} INFO - Dependencies all met for <TaskInstance: green_taxi_data.download_dataset_task scheduled__2021-08-02T06:30:00+00:00 [queued]>
[2023-06-11T01:15:24.251+0000] {taskinstance.py:1165} INFO - Dependencies all met for <TaskInstance: green_taxi_data.download_dataset_task scheduled__2021-08-02T06:30:00+00:00 [queued]>
[2023-06-11T01:15:24.251+0000] {taskinstance.py:1362} INFO - 
--------------------------------------------------------------------------------
[2023-06-11T01:15:24.252+0000] {taskinstance.py:1363} INFO - Starting attempt 1 of 2
[2023-06-11T01:15:24.252+0000] {taskinstance.py:1364} INFO - 
--------------------------------------------------------------------------------
[2023-06-11T01:15:24.262+0000] {taskinstance.py:1383} INFO - Executing <Task(BashOperator): download_dataset_task> on 2021-08-02 06:30:00+00:00
[2023-06-11T01:15:24.267+0000] {standard_task_runner.py:54} INFO - Started process 4950 to run task
[2023-06-11T01:15:24.270+0000] {standard_task_runner.py:82} INFO - Running: ['***', 'tasks', 'run', 'green_taxi_data', 'download_dataset_task', 'scheduled__2021-08-02T06:30:00+00:00', '--job-id', '536', '--raw', '--subdir', 'DAGS_FOLDER/data_ingestion_gcs_multiFile_v02.py', '--cfg-path', '/tmp/tmp8mhaujwi']
[2023-06-11T01:15:24.272+0000] {standard_task_runner.py:83} INFO - Job 536: Subtask download_dataset_task
[2023-06-11T01:15:24.273+0000] {dagbag.py:525} INFO - Filling up the DagBag from /opt/***/dags/data_ingestion_gcs_multiFile_v02.py
[2023-06-11T01:15:24.340+0000] {data_ingestion_gcs_multiFile_v02.py:20} INFO - dtc_data_lake_dtc-dezc-001 is the bucket.
[2023-06-11T01:15:24.355+0000] {warnings.py:110} WARNING - /home/***/.local/lib/python3.7/site-packages/***/configuration.py:545: DeprecationWarning: The sql_alchemy_conn option in [core] has been moved to the sql_alchemy_conn option in [database] - the old setting has been used, but please update your config.
  option = self._get_environment_variables(deprecated_key, deprecated_section, key, section)

[2023-06-11T01:15:24.412+0000] {task_command.py:384} INFO - Running <TaskInstance: green_taxi_data.download_dataset_task scheduled__2021-08-02T06:30:00+00:00 [running]> on host f41d61956f54
[2023-06-11T01:15:24.438+0000] {warnings.py:110} WARNING - /home/***/.local/lib/python3.7/site-packages/***/utils/context.py:204: AirflowContextDeprecationWarning: Accessing 'execution_date' from the template is deprecated and will be removed in a future version. Please use 'data_interval_start' or 'logical_date' instead.
  warnings.warn(_create_deprecation_warning(key, self._deprecation_replacements[key]))

[2023-06-11T01:15:24.465+0000] {taskinstance.py:1592} INFO - Exporting the following env vars:
AIRFLOW_CTX_DAG_OWNER=admin
AIRFLOW_CTX_DAG_ID=green_taxi_data
AIRFLOW_CTX_TASK_ID=download_dataset_task
AIRFLOW_CTX_EXECUTION_DATE=2021-08-02T06:30:00+00:00
AIRFLOW_CTX_TRY_NUMBER=1
AIRFLOW_CTX_DAG_RUN_ID=scheduled__2021-08-02T06:30:00+00:00
[2023-06-11T01:15:24.467+0000] {subprocess.py:63} INFO - Tmp dir root location: 
 /tmp
[2023-06-11T01:15:24.467+0000] {subprocess.py:75} INFO - Running command: ['/bin/bash', '-c', 'curl -sSLf https://github.com/DataTalksClub/nyc-tlc-data/releases/download/green/green_tripdata_2021-08.csv.gz > /opt/***/green_tripdata_2021-08.csv.gz']
[2023-06-11T01:15:24.478+0000] {subprocess.py:86} INFO - Output:
[2023-06-11T01:15:24.703+0000] {subprocess.py:93} INFO - curl: (22) The requested URL returned error: 404
[2023-06-11T01:15:24.706+0000] {subprocess.py:97} INFO - Command exited with return code 22
[2023-06-11T01:15:24.720+0000] {taskinstance.py:1851} ERROR - Task failed with exception
Traceback (most recent call last):
  File "/home/airflow/.local/lib/python3.7/site-packages/airflow/operators/bash.py", line 197, in execute
    f'Bash command failed. The command returned a non-zero exit code {result.exit_code}.'
airflow.exceptions.AirflowException: Bash command failed. The command returned a non-zero exit code 22.
[2023-06-11T01:15:24.724+0000] {taskinstance.py:1406} INFO - Marking task as UP_FOR_RETRY. dag_id=green_taxi_data, task_id=download_dataset_task, execution_date=20210802T063000, start_date=20230611T011524, end_date=20230611T011524
[2023-06-11T01:15:24.733+0000] {standard_task_runner.py:107} ERROR - Failed to execute job 536 for task download_dataset_task (Bash command failed. The command returned a non-zero exit code 22.; 4950)
[2023-06-11T01:15:24.765+0000] {local_task_job.py:164} INFO - Task exited with return code 1
[2023-06-11T01:15:24.809+0000] {local_task_job.py:273} INFO - 0 downstream tasks scheduled from follow-on schedule check
