[2023-06-10T02:16:36.646+0000] {taskinstance.py:1165} INFO - Dependencies all met for <TaskInstance: fhv_taxi_data.download_dataset_task scheduled__2021-10-02T07:00:00+00:00 [queued]>
[2023-06-10T02:16:36.658+0000] {taskinstance.py:1165} INFO - Dependencies all met for <TaskInstance: fhv_taxi_data.download_dataset_task scheduled__2021-10-02T07:00:00+00:00 [queued]>
[2023-06-10T02:16:36.659+0000] {taskinstance.py:1362} INFO - 
--------------------------------------------------------------------------------
[2023-06-10T02:16:36.659+0000] {taskinstance.py:1363} INFO - Starting attempt 1 of 2
[2023-06-10T02:16:36.659+0000] {taskinstance.py:1364} INFO - 
--------------------------------------------------------------------------------
[2023-06-10T02:16:36.676+0000] {taskinstance.py:1383} INFO - Executing <Task(BashOperator): download_dataset_task> on 2021-10-02 07:00:00+00:00
[2023-06-10T02:16:36.679+0000] {standard_task_runner.py:54} INFO - Started process 4677 to run task
[2023-06-10T02:16:36.695+0000] {standard_task_runner.py:82} INFO - Running: ['***', 'tasks', 'run', 'fhv_taxi_data', 'download_dataset_task', 'scheduled__2021-10-02T07:00:00+00:00', '--job-id', '229', '--raw', '--subdir', 'DAGS_FOLDER/data_ingestion_gcs_multiFile_v02.py', '--cfg-path', '/tmp/tmpadjqergc']
[2023-06-10T02:16:36.706+0000] {standard_task_runner.py:83} INFO - Job 229: Subtask download_dataset_task
[2023-06-10T02:16:36.707+0000] {dagbag.py:525} INFO - Filling up the DagBag from /opt/***/dags/data_ingestion_gcs_multiFile_v02.py
[2023-06-10T02:16:36.788+0000] {data_ingestion_gcs_multiFile_v02.py:20} INFO - dtc_data_lake_dtc-dezc-001 is the bucket.
[2023-06-10T02:16:36.808+0000] {warnings.py:110} WARNING - /home/***/.local/lib/python3.7/site-packages/***/configuration.py:545: DeprecationWarning: The sql_alchemy_conn option in [core] has been moved to the sql_alchemy_conn option in [database] - the old setting has been used, but please update your config.
  option = self._get_environment_variables(deprecated_key, deprecated_section, key, section)

[2023-06-10T02:16:36.868+0000] {task_command.py:384} INFO - Running <TaskInstance: fhv_taxi_data.download_dataset_task scheduled__2021-10-02T07:00:00+00:00 [running]> on host f41d61956f54
[2023-06-10T02:16:36.892+0000] {warnings.py:110} WARNING - /home/***/.local/lib/python3.7/site-packages/***/utils/context.py:204: AirflowContextDeprecationWarning: Accessing 'execution_date' from the template is deprecated and will be removed in a future version. Please use 'data_interval_start' or 'logical_date' instead.
  warnings.warn(_create_deprecation_warning(key, self._deprecation_replacements[key]))

[2023-06-10T02:16:36.923+0000] {taskinstance.py:1592} INFO - Exporting the following env vars:
AIRFLOW_CTX_DAG_OWNER=admin
AIRFLOW_CTX_DAG_ID=fhv_taxi_data
AIRFLOW_CTX_TASK_ID=download_dataset_task
AIRFLOW_CTX_EXECUTION_DATE=2021-10-02T07:00:00+00:00
AIRFLOW_CTX_TRY_NUMBER=1
AIRFLOW_CTX_DAG_RUN_ID=scheduled__2021-10-02T07:00:00+00:00
[2023-06-10T02:16:36.924+0000] {subprocess.py:63} INFO - Tmp dir root location: 
 /tmp
[2023-06-10T02:16:36.925+0000] {subprocess.py:75} INFO - Running command: ['/bin/bash', '-c', 'curl -sSLf https://github.com/DataTalksClub/nyc-tlc-data/releases/tag/fhv/fhv_tripdata_2021-10.csv.gz > /opt/***/fhv_tripdata_2021-10.csv.gz']
[2023-06-10T02:16:36.935+0000] {subprocess.py:86} INFO - Output:
[2023-06-10T02:16:37.573+0000] {subprocess.py:97} INFO - Command exited with return code 0
[2023-06-10T02:16:37.596+0000] {taskinstance.py:1406} INFO - Marking task as SUCCESS. dag_id=fhv_taxi_data, task_id=download_dataset_task, execution_date=20211002T070000, start_date=20230610T021636, end_date=20230610T021637
[2023-06-10T02:16:37.639+0000] {local_task_job.py:164} INFO - Task exited with return code 0
[2023-06-10T02:16:37.666+0000] {local_task_job.py:273} INFO - 0 downstream tasks scheduled from follow-on schedule check
[2023-06-11T01:47:36.484+0000] {taskinstance.py:1165} INFO - Dependencies all met for <TaskInstance: fhv_taxi_data.download_dataset_task scheduled__2021-10-02T07:00:00+00:00 [queued]>
[2023-06-11T01:47:36.490+0000] {taskinstance.py:1165} INFO - Dependencies all met for <TaskInstance: fhv_taxi_data.download_dataset_task scheduled__2021-10-02T07:00:00+00:00 [queued]>
[2023-06-11T01:47:36.491+0000] {taskinstance.py:1362} INFO - 
--------------------------------------------------------------------------------
[2023-06-11T01:47:36.491+0000] {taskinstance.py:1363} INFO - Starting attempt 1 of 2
[2023-06-11T01:47:36.492+0000] {taskinstance.py:1364} INFO - 
--------------------------------------------------------------------------------
[2023-06-11T01:47:36.499+0000] {taskinstance.py:1383} INFO - Executing <Task(BashOperator): download_dataset_task> on 2021-10-02 07:00:00+00:00
[2023-06-11T01:47:36.503+0000] {standard_task_runner.py:54} INFO - Started process 7798 to run task
[2023-06-11T01:47:36.507+0000] {standard_task_runner.py:82} INFO - Running: ['***', 'tasks', 'run', 'fhv_taxi_data', 'download_dataset_task', 'scheduled__2021-10-02T07:00:00+00:00', '--job-id', '787', '--raw', '--subdir', 'DAGS_FOLDER/data_ingestion_gcs_multiFile_v02.py', '--cfg-path', '/tmp/tmpovkhurnl']
[2023-06-11T01:47:36.508+0000] {standard_task_runner.py:83} INFO - Job 787: Subtask download_dataset_task
[2023-06-11T01:47:36.509+0000] {dagbag.py:525} INFO - Filling up the DagBag from /opt/***/dags/data_ingestion_gcs_multiFile_v02.py
[2023-06-11T01:47:36.567+0000] {data_ingestion_gcs_multiFile_v02.py:20} INFO - dtc_data_lake_dtc-dezc-001 is the bucket.
[2023-06-11T01:47:36.582+0000] {warnings.py:110} WARNING - /home/***/.local/lib/python3.7/site-packages/***/configuration.py:545: DeprecationWarning: The sql_alchemy_conn option in [core] has been moved to the sql_alchemy_conn option in [database] - the old setting has been used, but please update your config.
  option = self._get_environment_variables(deprecated_key, deprecated_section, key, section)

[2023-06-11T01:47:36.622+0000] {task_command.py:384} INFO - Running <TaskInstance: fhv_taxi_data.download_dataset_task scheduled__2021-10-02T07:00:00+00:00 [running]> on host f41d61956f54
[2023-06-11T01:47:36.645+0000] {warnings.py:110} WARNING - /home/***/.local/lib/python3.7/site-packages/***/utils/context.py:204: AirflowContextDeprecationWarning: Accessing 'execution_date' from the template is deprecated and will be removed in a future version. Please use 'data_interval_start' or 'logical_date' instead.
  warnings.warn(_create_deprecation_warning(key, self._deprecation_replacements[key]))

[2023-06-11T01:47:36.672+0000] {taskinstance.py:1592} INFO - Exporting the following env vars:
AIRFLOW_CTX_DAG_OWNER=admin
AIRFLOW_CTX_DAG_ID=fhv_taxi_data
AIRFLOW_CTX_TASK_ID=download_dataset_task
AIRFLOW_CTX_EXECUTION_DATE=2021-10-02T07:00:00+00:00
AIRFLOW_CTX_TRY_NUMBER=1
AIRFLOW_CTX_DAG_RUN_ID=scheduled__2021-10-02T07:00:00+00:00
[2023-06-11T01:47:36.673+0000] {subprocess.py:63} INFO - Tmp dir root location: 
 /tmp
[2023-06-11T01:47:36.674+0000] {subprocess.py:75} INFO - Running command: ['/bin/bash', '-c', 'curl -sSLf https://github.com/DataTalksClub/nyc-tlc-data/releases/download/fhv/fhv_tripdata_2021-10.csv.gz > /opt/***/fhv_tripdata_2021-10.csv.gz']
[2023-06-11T01:47:36.684+0000] {subprocess.py:86} INFO - Output:
[2023-06-11T01:47:36.960+0000] {subprocess.py:93} INFO - curl: (22) The requested URL returned error: 404
[2023-06-11T01:47:36.966+0000] {subprocess.py:97} INFO - Command exited with return code 22
[2023-06-11T01:47:36.990+0000] {taskinstance.py:1851} ERROR - Task failed with exception
Traceback (most recent call last):
  File "/home/airflow/.local/lib/python3.7/site-packages/airflow/operators/bash.py", line 197, in execute
    f'Bash command failed. The command returned a non-zero exit code {result.exit_code}.'
airflow.exceptions.AirflowException: Bash command failed. The command returned a non-zero exit code 22.
[2023-06-11T01:47:36.996+0000] {taskinstance.py:1406} INFO - Marking task as UP_FOR_RETRY. dag_id=fhv_taxi_data, task_id=download_dataset_task, execution_date=20211002T070000, start_date=20230611T014736, end_date=20230611T014736
[2023-06-11T01:47:37.011+0000] {standard_task_runner.py:107} ERROR - Failed to execute job 787 for task download_dataset_task (Bash command failed. The command returned a non-zero exit code 22.; 7798)
[2023-06-11T01:47:37.052+0000] {local_task_job.py:164} INFO - Task exited with return code 1
[2023-06-11T01:47:37.072+0000] {local_task_job.py:273} INFO - 0 downstream tasks scheduled from follow-on schedule check
