[2023-06-07T00:00:08.131+0000] {taskinstance.py:1165} INFO - Dependencies all met for <TaskInstance: data_ingestion_gcs_dag.local_to_gcs_task scheduled__2023-06-06T00:00:00+00:00 [queued]>
[2023-06-07T00:00:08.139+0000] {taskinstance.py:1165} INFO - Dependencies all met for <TaskInstance: data_ingestion_gcs_dag.local_to_gcs_task scheduled__2023-06-06T00:00:00+00:00 [queued]>
[2023-06-07T00:00:08.139+0000] {taskinstance.py:1362} INFO - 
--------------------------------------------------------------------------------
[2023-06-07T00:00:08.140+0000] {taskinstance.py:1363} INFO - Starting attempt 1 of 2
[2023-06-07T00:00:08.141+0000] {taskinstance.py:1364} INFO - 
--------------------------------------------------------------------------------
[2023-06-07T00:00:08.149+0000] {taskinstance.py:1383} INFO - Executing <Task(PythonOperator): local_to_gcs_task> on 2023-06-06 00:00:00+00:00
[2023-06-07T00:00:08.154+0000] {standard_task_runner.py:54} INFO - Started process 4599 to run task
[2023-06-07T00:00:08.158+0000] {standard_task_runner.py:82} INFO - Running: ['***', 'tasks', 'run', 'data_ingestion_gcs_dag', 'local_to_gcs_task', 'scheduled__2023-06-06T00:00:00+00:00', '--job-id', '19', '--raw', '--subdir', 'DAGS_FOLDER/data_ingestion_gcs.py', '--cfg-path', '/tmp/tmp5jfn4zsd']
[2023-06-07T00:00:08.166+0000] {standard_task_runner.py:83} INFO - Job 19: Subtask local_to_gcs_task
[2023-06-07T00:00:08.167+0000] {dagbag.py:525} INFO - Filling up the DagBag from /opt/***/dags/data_ingestion_gcs.py
[2023-06-07T00:00:08.184+0000] {data_ingestion_gcs.py:24} INFO - Dataset file is yellow_tripdata_2021-01.csv.gz, url is https://github.com/DataTalksClub/nyc-tlc-data/releases/download/yellow/yellow_tripdata_2021-01.csv.gz, local_home is /opt/***, parquet file is yellow_tripdata_2021-01.parquet
[2023-06-07T00:00:08.185+0000] {data_ingestion_gcs.py:32} INFO - dtc_data_lake_dtc-dezc-001 is the bucket,  dtc-dezc is the project name, dtc-dezc-001 is the project id, trips_data_all is the bigquery dataset.
[2023-06-07T00:00:08.203+0000] {warnings.py:110} WARNING - /home/***/.local/lib/python3.7/site-packages/***/configuration.py:545: DeprecationWarning: The sql_alchemy_conn option in [core] has been moved to the sql_alchemy_conn option in [database] - the old setting has been used, but please update your config.
  option = self._get_environment_variables(deprecated_key, deprecated_section, key, section)

[2023-06-07T00:00:08.258+0000] {task_command.py:384} INFO - Running <TaskInstance: data_ingestion_gcs_dag.local_to_gcs_task scheduled__2023-06-06T00:00:00+00:00 [running]> on host 1d8c795fd30d
[2023-06-07T00:00:08.321+0000] {taskinstance.py:1592} INFO - Exporting the following env vars:
AIRFLOW_CTX_DAG_OWNER=admin
AIRFLOW_CTX_DAG_ID=data_ingestion_gcs_dag
AIRFLOW_CTX_TASK_ID=local_to_gcs_task
AIRFLOW_CTX_EXECUTION_DATE=2023-06-06T00:00:00+00:00
AIRFLOW_CTX_TRY_NUMBER=1
AIRFLOW_CTX_DAG_RUN_ID=scheduled__2023-06-06T00:00:00+00:00
[2023-06-07T00:00:09.679+0000] {data_ingestion_gcs.py:73} INFO - Blob is <Blob: dtc_data_lake_dtc-dezc-001, raw/yellow_tripdata_2021-01.parquet, None>
[2023-06-07T00:00:29.825+0000] {python.py:177} INFO - Done. Returned value was: None
[2023-06-07T00:00:29.876+0000] {taskinstance.py:1406} INFO - Marking task as SUCCESS. dag_id=data_ingestion_gcs_dag, task_id=local_to_gcs_task, execution_date=20230606T000000, start_date=20230607T000008, end_date=20230607T000029
[2023-06-07T00:00:29.962+0000] {local_task_job.py:164} INFO - Task exited with return code 0
[2023-06-07T00:00:29.989+0000] {local_task_job.py:273} INFO - 1 downstream tasks scheduled from follow-on schedule check
