[2023-06-10T02:11:28.593+0000] {taskinstance.py:1165} INFO - Dependencies all met for <TaskInstance: fhv_taxi_data.download_dataset_task scheduled__2021-07-02T07:00:00+00:00 [queued]>
[2023-06-10T02:11:28.605+0000] {taskinstance.py:1165} INFO - Dependencies all met for <TaskInstance: fhv_taxi_data.download_dataset_task scheduled__2021-07-02T07:00:00+00:00 [queued]>
[2023-06-10T02:11:28.605+0000] {taskinstance.py:1362} INFO - 
--------------------------------------------------------------------------------
[2023-06-10T02:11:28.606+0000] {taskinstance.py:1363} INFO - Starting attempt 1 of 2
[2023-06-10T02:11:28.606+0000] {taskinstance.py:1364} INFO - 
--------------------------------------------------------------------------------
[2023-06-10T02:11:28.613+0000] {taskinstance.py:1383} INFO - Executing <Task(BashOperator): download_dataset_task> on 2021-07-02 07:00:00+00:00
[2023-06-10T02:11:28.618+0000] {standard_task_runner.py:54} INFO - Started process 4312 to run task
[2023-06-10T02:11:28.628+0000] {standard_task_runner.py:82} INFO - Running: ['***', 'tasks', 'run', 'fhv_taxi_data', 'download_dataset_task', 'scheduled__2021-07-02T07:00:00+00:00', '--job-id', '209', '--raw', '--subdir', 'DAGS_FOLDER/data_ingestion_gcs_multiFile_v02.py', '--cfg-path', '/tmp/tmp1i9r2lg0']
[2023-06-10T02:11:28.630+0000] {standard_task_runner.py:83} INFO - Job 209: Subtask download_dataset_task
[2023-06-10T02:11:28.632+0000] {dagbag.py:525} INFO - Filling up the DagBag from /opt/***/dags/data_ingestion_gcs_multiFile_v02.py
[2023-06-10T02:11:28.726+0000] {data_ingestion_gcs_multiFile_v02.py:20} INFO - dtc_data_lake_dtc-dezc-001 is the bucket.
[2023-06-10T02:11:28.758+0000] {warnings.py:110} WARNING - /home/***/.local/lib/python3.7/site-packages/***/configuration.py:545: DeprecationWarning: The sql_alchemy_conn option in [core] has been moved to the sql_alchemy_conn option in [database] - the old setting has been used, but please update your config.
  option = self._get_environment_variables(deprecated_key, deprecated_section, key, section)

[2023-06-10T02:11:28.813+0000] {task_command.py:384} INFO - Running <TaskInstance: fhv_taxi_data.download_dataset_task scheduled__2021-07-02T07:00:00+00:00 [running]> on host f41d61956f54
[2023-06-10T02:11:28.837+0000] {warnings.py:110} WARNING - /home/***/.local/lib/python3.7/site-packages/***/utils/context.py:204: AirflowContextDeprecationWarning: Accessing 'execution_date' from the template is deprecated and will be removed in a future version. Please use 'data_interval_start' or 'logical_date' instead.
  warnings.warn(_create_deprecation_warning(key, self._deprecation_replacements[key]))

[2023-06-10T02:11:28.877+0000] {taskinstance.py:1592} INFO - Exporting the following env vars:
AIRFLOW_CTX_DAG_OWNER=admin
AIRFLOW_CTX_DAG_ID=fhv_taxi_data
AIRFLOW_CTX_TASK_ID=download_dataset_task
AIRFLOW_CTX_EXECUTION_DATE=2021-07-02T07:00:00+00:00
AIRFLOW_CTX_TRY_NUMBER=1
AIRFLOW_CTX_DAG_RUN_ID=scheduled__2021-07-02T07:00:00+00:00
[2023-06-10T02:11:28.878+0000] {subprocess.py:63} INFO - Tmp dir root location: 
 /tmp
[2023-06-10T02:11:28.879+0000] {subprocess.py:75} INFO - Running command: ['/bin/bash', '-c', 'curl -sSLf https://github.com/DataTalksClub/nyc-tlc-data/releases/tag/fhv/fhv_tripdata_2021-07.csv.gz > /opt/***/fhv_tripdata_2021-07.csv.gz']
[2023-06-10T02:11:28.892+0000] {subprocess.py:86} INFO - Output:
[2023-06-10T02:11:29.546+0000] {subprocess.py:97} INFO - Command exited with return code 0
[2023-06-10T02:11:29.576+0000] {taskinstance.py:1406} INFO - Marking task as SUCCESS. dag_id=fhv_taxi_data, task_id=download_dataset_task, execution_date=20210702T070000, start_date=20230610T021128, end_date=20230610T021129
[2023-06-10T02:11:29.642+0000] {local_task_job.py:164} INFO - Task exited with return code 0
[2023-06-10T02:11:29.672+0000] {local_task_job.py:273} INFO - 1 downstream tasks scheduled from follow-on schedule check
[2023-06-11T01:47:06.348+0000] {taskinstance.py:1165} INFO - Dependencies all met for <TaskInstance: fhv_taxi_data.download_dataset_task scheduled__2021-07-02T07:00:00+00:00 [queued]>
[2023-06-11T01:47:06.355+0000] {taskinstance.py:1165} INFO - Dependencies all met for <TaskInstance: fhv_taxi_data.download_dataset_task scheduled__2021-07-02T07:00:00+00:00 [queued]>
[2023-06-11T01:47:06.356+0000] {taskinstance.py:1362} INFO - 
--------------------------------------------------------------------------------
[2023-06-11T01:47:06.356+0000] {taskinstance.py:1363} INFO - Starting attempt 1 of 2
[2023-06-11T01:47:06.357+0000] {taskinstance.py:1364} INFO - 
--------------------------------------------------------------------------------
[2023-06-11T01:47:06.365+0000] {taskinstance.py:1383} INFO - Executing <Task(BashOperator): download_dataset_task> on 2021-07-02 07:00:00+00:00
[2023-06-11T01:47:06.371+0000] {standard_task_runner.py:54} INFO - Started process 7714 to run task
[2023-06-11T01:47:06.376+0000] {standard_task_runner.py:82} INFO - Running: ['***', 'tasks', 'run', 'fhv_taxi_data', 'download_dataset_task', 'scheduled__2021-07-02T07:00:00+00:00', '--job-id', '774', '--raw', '--subdir', 'DAGS_FOLDER/data_ingestion_gcs_multiFile_v02.py', '--cfg-path', '/tmp/tmpr79o9jvw']
[2023-06-11T01:47:06.378+0000] {standard_task_runner.py:83} INFO - Job 774: Subtask download_dataset_task
[2023-06-11T01:47:06.379+0000] {dagbag.py:525} INFO - Filling up the DagBag from /opt/***/dags/data_ingestion_gcs_multiFile_v02.py
[2023-06-11T01:47:06.444+0000] {data_ingestion_gcs_multiFile_v02.py:20} INFO - dtc_data_lake_dtc-dezc-001 is the bucket.
[2023-06-11T01:47:06.461+0000] {warnings.py:110} WARNING - /home/***/.local/lib/python3.7/site-packages/***/configuration.py:545: DeprecationWarning: The sql_alchemy_conn option in [core] has been moved to the sql_alchemy_conn option in [database] - the old setting has been used, but please update your config.
  option = self._get_environment_variables(deprecated_key, deprecated_section, key, section)

[2023-06-11T01:47:06.511+0000] {task_command.py:384} INFO - Running <TaskInstance: fhv_taxi_data.download_dataset_task scheduled__2021-07-02T07:00:00+00:00 [running]> on host f41d61956f54
[2023-06-11T01:47:06.537+0000] {warnings.py:110} WARNING - /home/***/.local/lib/python3.7/site-packages/***/utils/context.py:204: AirflowContextDeprecationWarning: Accessing 'execution_date' from the template is deprecated and will be removed in a future version. Please use 'data_interval_start' or 'logical_date' instead.
  warnings.warn(_create_deprecation_warning(key, self._deprecation_replacements[key]))

[2023-06-11T01:47:06.572+0000] {taskinstance.py:1592} INFO - Exporting the following env vars:
AIRFLOW_CTX_DAG_OWNER=admin
AIRFLOW_CTX_DAG_ID=fhv_taxi_data
AIRFLOW_CTX_TASK_ID=download_dataset_task
AIRFLOW_CTX_EXECUTION_DATE=2021-07-02T07:00:00+00:00
AIRFLOW_CTX_TRY_NUMBER=1
AIRFLOW_CTX_DAG_RUN_ID=scheduled__2021-07-02T07:00:00+00:00
[2023-06-11T01:47:06.573+0000] {subprocess.py:63} INFO - Tmp dir root location: 
 /tmp
[2023-06-11T01:47:06.574+0000] {subprocess.py:75} INFO - Running command: ['/bin/bash', '-c', 'curl -sSLf https://github.com/DataTalksClub/nyc-tlc-data/releases/download/fhv/fhv_tripdata_2021-07.csv.gz > /opt/***/fhv_tripdata_2021-07.csv.gz']
[2023-06-11T01:47:06.586+0000] {subprocess.py:86} INFO - Output:
[2023-06-11T01:47:08.535+0000] {subprocess.py:97} INFO - Command exited with return code 0
[2023-06-11T01:47:08.563+0000] {taskinstance.py:1406} INFO - Marking task as SUCCESS. dag_id=fhv_taxi_data, task_id=download_dataset_task, execution_date=20210702T070000, start_date=20230611T014706, end_date=20230611T014708
[2023-06-11T01:47:08.612+0000] {local_task_job.py:164} INFO - Task exited with return code 0
[2023-06-11T01:47:08.635+0000] {local_task_job.py:273} INFO - 1 downstream tasks scheduled from follow-on schedule check
